#
# A fatal error has been detected by the Java Runtime Environment:
#
#  EXCEPTION_ACCESS_VIOLATION (0xc0000005) at pc=0x00007ffd1fedc1c4, pid=16648, tid=22792
#
# JRE version: OpenJDK Runtime Environment (19.0.1+10) (build 19.0.1+10-21)
# Java VM: OpenJDK 64-Bit Server VM (19.0.1+10-21, mixed mode, sharing, tiered, compressed oops, compressed class ptrs, g1 gc, windows-amd64)
# Problematic frame:
# C  [cyjagent.dll+0xc1c4]
#
# No core dump will be written. Minidumps are not enabled by default on client versions of Windows
#
# If you would like to submit a bug report, please visit:
#   https://bugreport.java.com/bugreport/crash.jsp
# The crash happened outside the Java Virtual Machine in native code.
# See problematic frame for where to report the bug.
#

---------------  S U M M A R Y ------------

Command Line: -javaagent:C:\Program Files (x86)\JetBrains\IntelliJ IDEA Community Edition 2022.1.1\lib\idea_rt.jar=62779:C:\Program Files (x86)\JetBrains\IntelliJ IDEA Community Edition 2022.1.1\bin -Dfile.encoding=UTF-8 -agentpath:C:\Program Files\Palo Alto Networks\Traps\cyjagent.dll leetCode.Easy.EQ069SqrtxSecondAttempt

Host: 12th Gen Intel(R) Core(TM) i5-1235U, 12 cores, 15G,  Windows 10 , 64 bit Build 19041 (10.0.19041.2546)
Time: Wed Apr  5 14:59:56 2023 Turkey Standard Time elapsed time: 0.100225 seconds (0d 0h 0m 0s)

---------------  T H R E A D  ---------------

Current thread (0x0000027bc55c93b0):  JavaThread "Monitor Ctrl-Break" daemon [_thread_in_native, id=22792, stack(0x000000aaa2e00000,0x000000aaa2f00000)]

Stack: [0x000000aaa2e00000,0x000000aaa2f00000],  sp=0x000000aaa2efe1f0,  free space=1016k
Native frames: (J=compiled Java code, j=interpreted, Vv=VM code, C=native code)
C  [cyjagent.dll+0xc1c4]

Java frames: (J=compiled Java code, j=interpreted, Vv=VM code)
j  java.net.InetAddress.<clinit>()V+79 java.base@19.0.1
v  ~StubRoutines::call_stub 0x0000027bac6b100e
j  java.net.InetSocketAddress.<init>(Ljava/lang/String;I)V+15 java.base@19.0.1
j  java.net.Socket.<init>(Ljava/lang/String;I)V+11 java.base@19.0.1
j  com.intellij.rt.execution.application.AppMainV2$1.run()V+10
v  ~StubRoutines::call_stub 0x0000027bac6b100e

siginfo: EXCEPTION_ACCESS_VIOLATION (0xc0000005), reading address 0x0000000000000000


Registers:
RAX=0x0000000000000000, RBX=0x0000027bc55c9690, RCX=0x0000000000000000, RDX=0x0000027b9b88e390
RSP=0x000000aaa2efe1f0, RBP=0x0000027ba516f8d0, RSI=0x0000000000000000, RDI=0x0000027b9b8afa60
R8 =0x000000aaa2efe068, R9 =0x0000027ba516f8d0, R10=0x0000000000000000, R11=0x0000000000000246
R12=0x0000027b9b8afa60, R13=0x0000000000000000, R14=0x0000027bc55c93b0, R15=0x0000000000000000
RIP=0x00007ffd1fedc1c4, EFLAGS=0x0000000000010202


Register to memory mapping:

RIP=0x00007ffd1fedc1c4 cyjagent.dll
RAX=0x0 is NULL
RBX=0x0000027bc55c9690 points into unknown readable memory: 0x00007ffc96c4f9a0 | a0 f9 c4 96 fc 7f 00 00
RCX=0x0 is NULL
RDX=0x0000027b9b88e390 points into unknown readable memory: 0x0000027bc55c93b0 | b0 93 5c c5 7b 02 00 00
RSP=0x000000aaa2efe1f0 is pointing into the stack for thread: 0x0000027bc55c93b0
RBP=0x0000027ba516f8d0 points into unknown readable memory: 0x0000027ba5070750 | 50 07 07 a5 7b 02 00 00
RSI=0x0 is NULL
RDI=0x0000027b9b8afa60 points into unknown readable memory: 0x6974752f6176616a | 6a 61 76 61 2f 75 74 69
R8 =0x000000aaa2efe068 is pointing into the stack for thread: 0x0000027bc55c93b0
R9 =0x0000027ba516f8d0 points into unknown readable memory: 0x0000027ba5070750 | 50 07 07 a5 7b 02 00 00
R10=0x0 is NULL
R11=0x0000000000000246 is an unknown value
R12=0x0000027b9b8afa60 points into unknown readable memory: 0x6974752f6176616a | 6a 61 76 61 2f 75 74 69
R13=0x0 is NULL
R14=0x0000027bc55c93b0 is a thread
R15=0x0 is NULL


Top of Stack: (sp=0x000000aaa2efe1f0)
0x000000aaa2efe1f0:   0000027b9b8afa60 0000027bc55c9690
0x000000aaa2efe200:   0000000000000000 00007ffc968c53ce
0x000000aaa2efe210:   0000000000000000 00007ffc96558040
0x000000aaa2efe220:   0000000800538d38 0000027ba516f8d0
0x000000aaa2efe230:   000000000000002a 000000aaa2efe410
0x000000aaa2efe240:   0000027b9b8937b0 0000000000000000
0x000000aaa2efe250:   000000aaa2efe448 00007ffc9667f06e
0x000000aaa2efe260:   0000027b9b8937b0 0000000000000000
0x000000aaa2efe270:   000000aaa2efe410 0000000000000000
0x000000aaa2efe280:   0000027b9b8afa60 0000000000000000
0x000000aaa2efe290:   0000027b00002a5a 0000027b9b8acfd0
0x000000aaa2efe2a0:   000000aaa2efe398 000000aaa2efe2b8
0x000000aaa2efe2b0:   0000000000000000 0000000000000000
0x000000aaa2efe2c0:   0000000000000000 00007ffd2017fead
0x000000aaa2efe2d0:   0000027bc55a3980 0000027b9b8acfc0
0x000000aaa2efe2e0:   0000027b9b8afa90 0000027b9b8b4fa8 

Instructions: (pc=0x00007ffd1fedc1c4)
0x00007ffd1fedc0c4:   00 00 03 72 2d 44 8b ce 48 8d 05 3d e0 01 00 ba
0x00007ffd1fedc0d4:   2f 00 00 00 4e 8b 0c c8 48 8b 89 b0 02 00 00 4c
0x00007ffd1fedc0e4:   8d 05 56 df 01 00 e8 51 50 ff ff 48 8b 0d ea 38
0x00007ffd1fedc0f4:   02 00 48 3b cb 74 68 f6 81 bc 02 00 00 10 74 5f
0x00007ffd1fedc104:   80 b9 b9 02 00 00 02 72 56 4c 8b 8c 24 90 00 00
0x00007ffd1fedc114:   00 4c 8d 05 24 df 01 00 48 8b 89 b0 02 00 00 ba
0x00007ffd1fedc124:   31 00 00 00 e8 13 50 ff ff eb 34 49 8b 0f 4c 8b
0x00007ffd1fedc134:   c3 48 8b d6 e8 d3 63 00 00 48 8b 84 24 b0 00 00
0x00007ffd1fedc144:   00 89 18 48 8b 0d 6a 4c 02 00 4c 8b c6 33 d2 ff
0x00007ffd1fedc154:   15 87 50 01 00 eb 08 a8 02 75 04 c6 47 40 01 b8
0x00007ffd1fedc164:   ff ff ff ff f0 0f c1 47 10 4c 8b b4 24 88 00 00
0x00007ffd1fedc174:   00 83 f8 01 75 42 48 8b 4f 18 48 81 c1 70 01 00
0x00007ffd1fedc184:   00 ff 15 1d 51 01 00 48 8b 0f 48 8b 47 08 48 89
0x00007ffd1fedc194:   08 48 89 41 08 48 8b 4f 18 48 81 c1 70 01 00 00
0x00007ffd1fedc1a4:   ff 15 06 51 01 00 48 8b 0d 07 4c 02 00 4c 8b c7
0x00007ffd1fedc1b4:   33 d2 ff 15 24 50 01 00 48 8b 4d 20 48 8b 55 10
0x00007ffd1fedc1c4:   48 8b 01 48 8b 80 08 01 00 00 ff 15 0c 51 01 00
0x00007ffd1fedc1d4:   85 c0 74 40 48 8b 0d 01 38 02 00 48 8d 15 fa 37
0x00007ffd1fedc1e4:   02 00 48 3b ca 74 2d f6 81 bc 02 00 00 10 74 24
0x00007ffd1fedc1f4:   80 b9 b9 02 00 00 03 72 1b 48 8b 89 b0 02 00 00
0x00007ffd1fedc204:   4c 8d 05 35 de 01 00 ba 15 00 00 00 44 8b c8 e8
0x00007ffd1fedc214:   68 4e ff ff 48 8b 6c 24 78 48 8b b4 24 80 00 00
0x00007ffd1fedc224:   00 48 83 c4 50 41 5f 5f 5b c3 cc cc 40 57 48 83
0x00007ffd1fedc234:   ec 30 f6 81 78 01 00 00 04 48 8b f9 0f 85 87 02
0x00007ffd1fedc244:   00 00 48 89 5c 24 40 45 33 c9 48 89 6c 24 48 33
0x00007ffd1fedc254:   d2 48 89 74 24 50 48 8b 71 20 45 8d 41 32 48 8b
0x00007ffd1fedc264:   ce 48 8b 06 48 8b 40 08 ff 15 6e 50 01 00 48 8d
0x00007ffd1fedc274:   2d 67 37 02 00 85 c0 74 37 48 8b 0d 5c 37 02 00
0x00007ffd1fedc284:   48 3b cd 74 2b f6 81 bc 02 00 00 10 74 22 80 b9
0x00007ffd1fedc294:   b9 02 00 00 02 72 19 48 8b 89 b0 02 00 00 ba 11
0x00007ffd1fedc2a4:   00 00 00 89 44 24 20 44 8d 4a 21 e8 7c dc ff ff
0x00007ffd1fedc2b4:   48 8b 06 45 33 c9 33 d2 48 8b ce 48 8b 40 08 45 


Stack slot to memory mapping:
stack at sp + 0 slots: 0x0000027b9b8afa60 points into unknown readable memory: 0x6974752f6176616a | 6a 61 76 61 2f 75 74 69
stack at sp + 1 slots: 0x0000027bc55c9690 points into unknown readable memory: 0x00007ffc96c4f9a0 | a0 f9 c4 96 fc 7f 00 00
stack at sp + 2 slots: 0x0 is NULL
stack at sp + 3 slots: 0x00007ffc968c53ce jvm.dll
stack at sp + 4 slots: 0x0 is NULL
stack at sp + 5 slots: 0x00007ffc96558040 jvm.dll
stack at sp + 6 slots: 0x0000000800538d38 is pointing into metadata
stack at sp + 7 slots: 0x0000027ba516f8d0 points into unknown readable memory: 0x0000027ba5070750 | 50 07 07 a5 7b 02 00 00


---------------  P R O C E S S  ---------------

Threads class SMR info:
_java_thread_list=0x0000027bc0f47d70, length=12, elements={
0x0000027bc0f47e10, 0x0000027bc0f48c00, 0x0000027bc0f49c70, 0x0000027bc54050a0,
0x0000027bc5405720, 0x0000027bc5406190, 0x0000027bc540ae10, 0x0000027bc540bc80,
0x0000027bc540e600, 0x0000027bc54adcc0, 0x0000027bc55c93b0, 0x0000027bc55c98f0
}

Java Threads: ( => current thread )
  0x0000027bc0f47e10 JavaThread "Reference Handler" daemon [_thread_blocked, id=11860, stack(0x000000aaa2400000,0x000000aaa2500000)]
  0x0000027bc0f48c00 JavaThread "Finalizer" daemon [_thread_blocked, id=25560, stack(0x000000aaa2500000,0x000000aaa2600000)]
  0x0000027bc0f49c70 JavaThread "Signal Dispatcher" daemon [_thread_blocked, id=7544, stack(0x000000aaa2600000,0x000000aaa2700000)]
  0x0000027bc54050a0 JavaThread "Attach Listener" daemon [_thread_blocked, id=26908, stack(0x000000aaa2700000,0x000000aaa2800000)]
  0x0000027bc5405720 JavaThread "Service Thread" daemon [_thread_blocked, id=24560, stack(0x000000aaa2800000,0x000000aaa2900000)]
  0x0000027bc5406190 JavaThread "Monitor Deflation Thread" daemon [_thread_blocked, id=19996, stack(0x000000aaa2900000,0x000000aaa2a00000)]
  0x0000027bc540ae10 JavaThread "C2 CompilerThread0" daemon [_thread_blocked, id=8676, stack(0x000000aaa2a00000,0x000000aaa2b00000)]
  0x0000027bc540bc80 JavaThread "C1 CompilerThread0" daemon [_thread_blocked, id=24480, stack(0x000000aaa2b00000,0x000000aaa2c00000)]
  0x0000027bc540e600 JavaThread "Sweeper thread" daemon [_thread_blocked, id=21316, stack(0x000000aaa2c00000,0x000000aaa2d00000)]
  0x0000027bc54adcc0 JavaThread "Common-Cleaner" daemon [_thread_blocked, id=7268, stack(0x000000aaa2d00000,0x000000aaa2e00000)]
=>0x0000027bc55c93b0 JavaThread "Monitor Ctrl-Break" daemon [_thread_in_native, id=22792, stack(0x000000aaa2e00000,0x000000aaa2f00000)]
  0x0000027bc55c98f0 JavaThread "Notification Thread" daemon [_thread_blocked, id=21876, stack(0x000000aaa2f00000,0x000000aaa3000000)]

Other Threads:
  0x0000027bc0f2f2d0 VMThread "VM Thread" [stack: 0x000000aaa2300000,0x000000aaa2400000] [id=28144] _threads_hazard_ptr=0x0000027bc0f47d70
  0x0000027b9b913df0 WorkerThread "GC Thread#0" [stack: 0x000000aaa1e00000,0x000000aaa1f00000] [id=13412]
  0x0000027b9b924a00 ConcurrentGCThread "G1 Main Marker" terminated
  0x0000027b9b925430 WorkerThread "G1 Conc#0" [stack: 0x000000aaa2000000,0x000000aaa2100000] [id=12532]
  0x0000027bc0ddaa40 ConcurrentGCThread "G1 Refine#0" terminated
  0x0000027bc0ddc590 ConcurrentGCThread "G1 Service" terminated

Threads with active compile tasks:

VM state: at safepoint (normal execution)

VM Mutex/Monitor currently owned by a thread:  ([mutex/lock_event])
[0x0000027b9b8a2090] Threads_lock - owner thread: 0x0000027bc0f2f2d0
[0x0000027b9b8a10d0] Heap_lock - owner thread: 0x0000027b9b8a5550

Heap address: 0x0000000704e00000, size: 4018 MB, Compressed Oops mode: Zero based, Oop shift amount: 3

CDS archive(s) mapped at: [0x0000000800000000-0x0000000800c30000-0x0000000800c30000), size 12779520, SharedBaseAddress: 0x0000000800000000, ArchiveRelocationMode: 0.
Compressed class space mapped at: 0x0000000801000000-0x0000000841000000, reserved size: 1073741824
Narrow klass base: 0x0000000800000000, Narrow klass shift: 0, Narrow klass range: 0x100000000

GC Precious Log:
 CardTable entry size: 512
 Card Set container configuration: InlinePtr #cards 4 size 8 Array Of Cards #cards 16 size 48 Howl #buckets 8 coarsen threshold 3686 Howl Bitmap #cards 512 size 80 coarsen threshold 460 Card regions per heap region 1 cards per card region 4096
 CPUs: 12 total, 12 available
 Memory: 16068M
 Large Page Support: Disabled
 NUMA Support: Disabled
 Compressed Oops: Enabled (Zero based)
 Heap Region Size: 2M
 Heap Min Capacity: 8M
 Heap Initial Capacity: 252M
 Heap Max Capacity: 4018M
 Pre-touch: Disabled
 Parallel Workers: 10
 Concurrent Workers: 3
 Concurrent Refinement Workers: 10
 Periodic GC: Disabled

Heap:
 garbage-first heap   total 258048K, used 2048K [0x0000000704e00000, 0x0000000800000000)
  region size 2048K, 2 young (4096K), 0 survivors (0K)
 Metaspace       used 534K, committed 704K, reserved 1114112K
  class space    used 28K, committed 128K, reserved 1048576K

Heap Regions: E=young(eden), S=young(survivor), O=old, HS=humongous(starts), HC=humongous(continues), CS=collection set, F=free, OA=open archive, CA=closed archive, TAMS=top-at-mark-start (previous, next)
|   0|0x0000000704e00000, 0x0000000704e00000, 0x0000000705000000|  0%| F|  |TAMS 0x0000000704e00000, 0x0000000704e00000| Untracked 
|   1|0x0000000705000000, 0x0000000705000000, 0x0000000705200000|  0%| F|  |TAMS 0x0000000705000000, 0x0000000705000000| Untracked 
|   2|0x0000000705200000, 0x0000000705200000, 0x0000000705400000|  0%| F|  |TAMS 0x0000000705200000, 0x0000000705200000| Untracked 
|   3|0x0000000705400000, 0x0000000705400000, 0x0000000705600000|  0%| F|  |TAMS 0x0000000705400000, 0x0000000705400000| Untracked 
|   4|0x0000000705600000, 0x0000000705600000, 0x0000000705800000|  0%| F|  |TAMS 0x0000000705600000, 0x0000000705600000| Untracked 
|   5|0x0000000705800000, 0x0000000705800000, 0x0000000705a00000|  0%| F|  |TAMS 0x0000000705800000, 0x0000000705800000| Untracked 
|   6|0x0000000705a00000, 0x0000000705a00000, 0x0000000705c00000|  0%| F|  |TAMS 0x0000000705a00000, 0x0000000705a00000| Untracked 
|   7|0x0000000705c00000, 0x0000000705c00000, 0x0000000705e00000|  0%| F|  |TAMS 0x0000000705c00000, 0x0000000705c00000| Untracked 
|   8|0x0000000705e00000, 0x0000000705e00000, 0x0000000706000000|  0%| F|  |TAMS 0x0000000705e00000, 0x0000000705e00000| Untracked 
|   9|0x0000000706000000, 0x0000000706000000, 0x0000000706200000|  0%| F|  |TAMS 0x0000000706000000, 0x0000000706000000| Untracked 
|  10|0x0000000706200000, 0x0000000706200000, 0x0000000706400000|  0%| F|  |TAMS 0x0000000706200000, 0x0000000706200000| Untracked 
|  11|0x0000000706400000, 0x0000000706400000, 0x0000000706600000|  0%| F|  |TAMS 0x0000000706400000, 0x0000000706400000| Untracked 
|  12|0x0000000706600000, 0x0000000706600000, 0x0000000706800000|  0%| F|  |TAMS 0x0000000706600000, 0x0000000706600000| Untracked 
|  13|0x0000000706800000, 0x0000000706800000, 0x0000000706a00000|  0%| F|  |TAMS 0x0000000706800000, 0x0000000706800000| Untracked 
|  14|0x0000000706a00000, 0x0000000706a00000, 0x0000000706c00000|  0%| F|  |TAMS 0x0000000706a00000, 0x0000000706a00000| Untracked 
|  15|0x0000000706c00000, 0x0000000706c00000, 0x0000000706e00000|  0%| F|  |TAMS 0x0000000706c00000, 0x0000000706c00000| Untracked 
|  16|0x0000000706e00000, 0x0000000706e00000, 0x0000000707000000|  0%| F|  |TAMS 0x0000000706e00000, 0x0000000706e00000| Untracked 
|  17|0x0000000707000000, 0x0000000707000000, 0x0000000707200000|  0%| F|  |TAMS 0x0000000707000000, 0x0000000707000000| Untracked 
|  18|0x0000000707200000, 0x0000000707200000, 0x0000000707400000|  0%| F|  |TAMS 0x0000000707200000, 0x0000000707200000| Untracked 
|  19|0x0000000707400000, 0x0000000707400000, 0x0000000707600000|  0%| F|  |TAMS 0x0000000707400000, 0x0000000707400000| Untracked 
|  20|0x0000000707600000, 0x0000000707600000, 0x0000000707800000|  0%| F|  |TAMS 0x0000000707600000, 0x0000000707600000| Untracked 
|  21|0x0000000707800000, 0x0000000707800000, 0x0000000707a00000|  0%| F|  |TAMS 0x0000000707800000, 0x0000000707800000| Untracked 
|  22|0x0000000707a00000, 0x0000000707a00000, 0x0000000707c00000|  0%| F|  |TAMS 0x0000000707a00000, 0x0000000707a00000| Untracked 
|  23|0x0000000707c00000, 0x0000000707c00000, 0x0000000707e00000|  0%| F|  |TAMS 0x0000000707c00000, 0x0000000707c00000| Untracked 
|  24|0x0000000707e00000, 0x0000000707e00000, 0x0000000708000000|  0%| F|  |TAMS 0x0000000707e00000, 0x0000000707e00000| Untracked 
|  25|0x0000000708000000, 0x0000000708000000, 0x0000000708200000|  0%| F|  |TAMS 0x0000000708000000, 0x0000000708000000| Untracked 
|  26|0x0000000708200000, 0x0000000708200000, 0x0000000708400000|  0%| F|  |TAMS 0x0000000708200000, 0x0000000708200000| Untracked 
|  27|0x0000000708400000, 0x0000000708400000, 0x0000000708600000|  0%| F|  |TAMS 0x0000000708400000, 0x0000000708400000| Untracked 
|  28|0x0000000708600000, 0x0000000708600000, 0x0000000708800000|  0%| F|  |TAMS 0x0000000708600000, 0x0000000708600000| Untracked 
|  29|0x0000000708800000, 0x0000000708800000, 0x0000000708a00000|  0%| F|  |TAMS 0x0000000708800000, 0x0000000708800000| Untracked 
|  30|0x0000000708a00000, 0x0000000708a00000, 0x0000000708c00000|  0%| F|  |TAMS 0x0000000708a00000, 0x0000000708a00000| Untracked 
|  31|0x0000000708c00000, 0x0000000708c00000, 0x0000000708e00000|  0%| F|  |TAMS 0x0000000708c00000, 0x0000000708c00000| Untracked 
|  32|0x0000000708e00000, 0x0000000708e00000, 0x0000000709000000|  0%| F|  |TAMS 0x0000000708e00000, 0x0000000708e00000| Untracked 
|  33|0x0000000709000000, 0x0000000709000000, 0x0000000709200000|  0%| F|  |TAMS 0x0000000709000000, 0x0000000709000000| Untracked 
|  34|0x0000000709200000, 0x0000000709200000, 0x0000000709400000|  0%| F|  |TAMS 0x0000000709200000, 0x0000000709200000| Untracked 
|  35|0x0000000709400000, 0x0000000709400000, 0x0000000709600000|  0%| F|  |TAMS 0x0000000709400000, 0x0000000709400000| Untracked 
|  36|0x0000000709600000, 0x0000000709600000, 0x0000000709800000|  0%| F|  |TAMS 0x0000000709600000, 0x0000000709600000| Untracked 
|  37|0x0000000709800000, 0x0000000709800000, 0x0000000709a00000|  0%| F|  |TAMS 0x0000000709800000, 0x0000000709800000| Untracked 
|  38|0x0000000709a00000, 0x0000000709a00000, 0x0000000709c00000|  0%| F|  |TAMS 0x0000000709a00000, 0x0000000709a00000| Untracked 
|  39|0x0000000709c00000, 0x0000000709c00000, 0x0000000709e00000|  0%| F|  |TAMS 0x0000000709c00000, 0x0000000709c00000| Untracked 
|  40|0x0000000709e00000, 0x0000000709e00000, 0x000000070a000000|  0%| F|  |TAMS 0x0000000709e00000, 0x0000000709e00000| Untracked 
|  41|0x000000070a000000, 0x000000070a000000, 0x000000070a200000|  0%| F|  |TAMS 0x000000070a000000, 0x000000070a000000| Untracked 
|  42|0x000000070a200000, 0x000000070a200000, 0x000000070a400000|  0%| F|  |TAMS 0x000000070a200000, 0x000000070a200000| Untracked 
|  43|0x000000070a400000, 0x000000070a400000, 0x000000070a600000|  0%| F|  |TAMS 0x000000070a400000, 0x000000070a400000| Untracked 
|  44|0x000000070a600000, 0x000000070a600000, 0x000000070a800000|  0%| F|  |TAMS 0x000000070a600000, 0x000000070a600000| Untracked 
|  45|0x000000070a800000, 0x000000070a800000, 0x000000070aa00000|  0%| F|  |TAMS 0x000000070a800000, 0x000000070a800000| Untracked 
|  46|0x000000070aa00000, 0x000000070aa00000, 0x000000070ac00000|  0%| F|  |TAMS 0x000000070aa00000, 0x000000070aa00000| Untracked 
|  47|0x000000070ac00000, 0x000000070ac00000, 0x000000070ae00000|  0%| F|  |TAMS 0x000000070ac00000, 0x000000070ac00000| Untracked 
|  48|0x000000070ae00000, 0x000000070ae00000, 0x000000070b000000|  0%| F|  |TAMS 0x000000070ae00000, 0x000000070ae00000| Untracked 
|  49|0x000000070b000000, 0x000000070b000000, 0x000000070b200000|  0%| F|  |TAMS 0x000000070b000000, 0x000000070b000000| Untracked 
|  50|0x000000070b200000, 0x000000070b200000, 0x000000070b400000|  0%| F|  |TAMS 0x000000070b200000, 0x000000070b200000| Untracked 
|  51|0x000000070b400000, 0x000000070b400000, 0x000000070b600000|  0%| F|  |TAMS 0x000000070b400000, 0x000000070b400000| Untracked 
|  52|0x000000070b600000, 0x000000070b600000, 0x000000070b800000|  0%| F|  |TAMS 0x000000070b600000, 0x000000070b600000| Untracked 
|  53|0x000000070b800000, 0x000000070b800000, 0x000000070ba00000|  0%| F|  |TAMS 0x000000070b800000, 0x000000070b800000| Untracked 
|  54|0x000000070ba00000, 0x000000070ba00000, 0x000000070bc00000|  0%| F|  |TAMS 0x000000070ba00000, 0x000000070ba00000| Untracked 
|  55|0x000000070bc00000, 0x000000070bc00000, 0x000000070be00000|  0%| F|  |TAMS 0x000000070bc00000, 0x000000070bc00000| Untracked 
|  56|0x000000070be00000, 0x000000070be00000, 0x000000070c000000|  0%| F|  |TAMS 0x000000070be00000, 0x000000070be00000| Untracked 
|  57|0x000000070c000000, 0x000000070c000000, 0x000000070c200000|  0%| F|  |TAMS 0x000000070c000000, 0x000000070c000000| Untracked 
|  58|0x000000070c200000, 0x000000070c200000, 0x000000070c400000|  0%| F|  |TAMS 0x000000070c200000, 0x000000070c200000| Untracked 
|  59|0x000000070c400000, 0x000000070c400000, 0x000000070c600000|  0%| F|  |TAMS 0x000000070c400000, 0x000000070c400000| Untracked 
|  60|0x000000070c600000, 0x000000070c600000, 0x000000070c800000|  0%| F|  |TAMS 0x000000070c600000, 0x000000070c600000| Untracked 
|  61|0x000000070c800000, 0x000000070c800000, 0x000000070ca00000|  0%| F|  |TAMS 0x000000070c800000, 0x000000070c800000| Untracked 
|  62|0x000000070ca00000, 0x000000070ca00000, 0x000000070cc00000|  0%| F|  |TAMS 0x000000070ca00000, 0x000000070ca00000| Untracked 
|  63|0x000000070cc00000, 0x000000070cc00000, 0x000000070ce00000|  0%| F|  |TAMS 0x000000070cc00000, 0x000000070cc00000| Untracked 
|  64|0x000000070ce00000, 0x000000070ce00000, 0x000000070d000000|  0%| F|  |TAMS 0x000000070ce00000, 0x000000070ce00000| Untracked 
|  65|0x000000070d000000, 0x000000070d000000, 0x000000070d200000|  0%| F|  |TAMS 0x000000070d000000, 0x000000070d000000| Untracked 
|  66|0x000000070d200000, 0x000000070d200000, 0x000000070d400000|  0%| F|  |TAMS 0x000000070d200000, 0x000000070d200000| Untracked 
|  67|0x000000070d400000, 0x000000070d400000, 0x000000070d600000|  0%| F|  |TAMS 0x000000070d400000, 0x000000070d400000| Untracked 
|  68|0x000000070d600000, 0x000000070d600000, 0x000000070d800000|  0%| F|  |TAMS 0x000000070d600000, 0x000000070d600000| Untracked 
|  69|0x000000070d800000, 0x000000070d800000, 0x000000070da00000|  0%| F|  |TAMS 0x000000070d800000, 0x000000070d800000| Untracked 
|  70|0x000000070da00000, 0x000000070da00000, 0x000000070dc00000|  0%| F|  |TAMS 0x000000070da00000, 0x000000070da00000| Untracked 
|  71|0x000000070dc00000, 0x000000070dc00000, 0x000000070de00000|  0%| F|  |TAMS 0x000000070dc00000, 0x000000070dc00000| Untracked 
|  72|0x000000070de00000, 0x000000070de00000, 0x000000070e000000|  0%| F|  |TAMS 0x000000070de00000, 0x000000070de00000| Untracked 
|  73|0x000000070e000000, 0x000000070e000000, 0x000000070e200000|  0%| F|  |TAMS 0x000000070e000000, 0x000000070e000000| Untracked 
|  74|0x000000070e200000, 0x000000070e200000, 0x000000070e400000|  0%| F|  |TAMS 0x000000070e200000, 0x000000070e200000| Untracked 
|  75|0x000000070e400000, 0x000000070e400000, 0x000000070e600000|  0%| F|  |TAMS 0x000000070e400000, 0x000000070e400000| Untracked 
|  76|0x000000070e600000, 0x000000070e600000, 0x000000070e800000|  0%| F|  |TAMS 0x000000070e600000, 0x000000070e600000| Untracked 
|  77|0x000000070e800000, 0x000000070e800000, 0x000000070ea00000|  0%| F|  |TAMS 0x000000070e800000, 0x000000070e800000| Untracked 
|  78|0x000000070ea00000, 0x000000070ea00000, 0x000000070ec00000|  0%| F|  |TAMS 0x000000070ea00000, 0x000000070ea00000| Untracked 
|  79|0x000000070ec00000, 0x000000070ec00000, 0x000000070ee00000|  0%| F|  |TAMS 0x000000070ec00000, 0x000000070ec00000| Untracked 
|  80|0x000000070ee00000, 0x000000070ee00000, 0x000000070f000000|  0%| F|  |TAMS 0x000000070ee00000, 0x000000070ee00000| Untracked 
|  81|0x000000070f000000, 0x000000070f000000, 0x000000070f200000|  0%| F|  |TAMS 0x000000070f000000, 0x000000070f000000| Untracked 
|  82|0x000000070f200000, 0x000000070f200000, 0x000000070f400000|  0%| F|  |TAMS 0x000000070f200000, 0x000000070f200000| Untracked 
|  83|0x000000070f400000, 0x000000070f400000, 0x000000070f600000|  0%| F|  |TAMS 0x000000070f400000, 0x000000070f400000| Untracked 
|  84|0x000000070f600000, 0x000000070f600000, 0x000000070f800000|  0%| F|  |TAMS 0x000000070f600000, 0x000000070f600000| Untracked 
|  85|0x000000070f800000, 0x000000070f800000, 0x000000070fa00000|  0%| F|  |TAMS 0x000000070f800000, 0x000000070f800000| Untracked 
|  86|0x000000070fa00000, 0x000000070fa00000, 0x000000070fc00000|  0%| F|  |TAMS 0x000000070fa00000, 0x000000070fa00000| Untracked 
|  87|0x000000070fc00000, 0x000000070fc00000, 0x000000070fe00000|  0%| F|  |TAMS 0x000000070fc00000, 0x000000070fc00000| Untracked 
|  88|0x000000070fe00000, 0x000000070fe00000, 0x0000000710000000|  0%| F|  |TAMS 0x000000070fe00000, 0x000000070fe00000| Untracked 
|  89|0x0000000710000000, 0x0000000710000000, 0x0000000710200000|  0%| F|  |TAMS 0x0000000710000000, 0x0000000710000000| Untracked 
|  90|0x0000000710200000, 0x0000000710200000, 0x0000000710400000|  0%| F|  |TAMS 0x0000000710200000, 0x0000000710200000| Untracked 
|  91|0x0000000710400000, 0x0000000710400000, 0x0000000710600000|  0%| F|  |TAMS 0x0000000710400000, 0x0000000710400000| Untracked 
|  92|0x0000000710600000, 0x0000000710600000, 0x0000000710800000|  0%| F|  |TAMS 0x0000000710600000, 0x0000000710600000| Untracked 
|  93|0x0000000710800000, 0x0000000710800000, 0x0000000710a00000|  0%| F|  |TAMS 0x0000000710800000, 0x0000000710800000| Untracked 
|  94|0x0000000710a00000, 0x0000000710a00000, 0x0000000710c00000|  0%| F|  |TAMS 0x0000000710a00000, 0x0000000710a00000| Untracked 
|  95|0x0000000710c00000, 0x0000000710c00000, 0x0000000710e00000|  0%| F|  |TAMS 0x0000000710c00000, 0x0000000710c00000| Untracked 
|  96|0x0000000710e00000, 0x0000000710e00000, 0x0000000711000000|  0%| F|  |TAMS 0x0000000710e00000, 0x0000000710e00000| Untracked 
|  97|0x0000000711000000, 0x0000000711000000, 0x0000000711200000|  0%| F|  |TAMS 0x0000000711000000, 0x0000000711000000| Untracked 
|  98|0x0000000711200000, 0x0000000711200000, 0x0000000711400000|  0%| F|  |TAMS 0x0000000711200000, 0x0000000711200000| Untracked 
|  99|0x0000000711400000, 0x0000000711400000, 0x0000000711600000|  0%| F|  |TAMS 0x0000000711400000, 0x0000000711400000| Untracked 
| 100|0x0000000711600000, 0x0000000711600000, 0x0000000711800000|  0%| F|  |TAMS 0x0000000711600000, 0x0000000711600000| Untracked 
| 101|0x0000000711800000, 0x0000000711800000, 0x0000000711a00000|  0%| F|  |TAMS 0x0000000711800000, 0x0000000711800000| Untracked 
| 102|0x0000000711a00000, 0x0000000711a00000, 0x0000000711c00000|  0%| F|  |TAMS 0x0000000711a00000, 0x0000000711a00000| Untracked 
| 103|0x0000000711c00000, 0x0000000711c00000, 0x0000000711e00000|  0%| F|  |TAMS 0x0000000711c00000, 0x0000000711c00000| Untracked 
| 104|0x0000000711e00000, 0x0000000711e00000, 0x0000000712000000|  0%| F|  |TAMS 0x0000000711e00000, 0x0000000711e00000| Untracked 
| 105|0x0000000712000000, 0x0000000712000000, 0x0000000712200000|  0%| F|  |TAMS 0x0000000712000000, 0x0000000712000000| Untracked 
| 106|0x0000000712200000, 0x0000000712200000, 0x0000000712400000|  0%| F|  |TAMS 0x0000000712200000, 0x0000000712200000| Untracked 
| 107|0x0000000712400000, 0x0000000712400000, 0x0000000712600000|  0%| F|  |TAMS 0x0000000712400000, 0x0000000712400000| Untracked 
| 108|0x0000000712600000, 0x0000000712600000, 0x0000000712800000|  0%| F|  |TAMS 0x0000000712600000, 0x0000000712600000| Untracked 
| 109|0x0000000712800000, 0x0000000712800000, 0x0000000712a00000|  0%| F|  |TAMS 0x0000000712800000, 0x0000000712800000| Untracked 
| 110|0x0000000712a00000, 0x0000000712a00000, 0x0000000712c00000|  0%| F|  |TAMS 0x0000000712a00000, 0x0000000712a00000| Untracked 
| 111|0x0000000712c00000, 0x0000000712c00000, 0x0000000712e00000|  0%| F|  |TAMS 0x0000000712c00000, 0x0000000712c00000| Untracked 
| 112|0x0000000712e00000, 0x0000000712e00000, 0x0000000713000000|  0%| F|  |TAMS 0x0000000712e00000, 0x0000000712e00000| Untracked 
| 113|0x0000000713000000, 0x0000000713000000, 0x0000000713200000|  0%| F|  |TAMS 0x0000000713000000, 0x0000000713000000| Untracked 
| 114|0x0000000713200000, 0x0000000713200000, 0x0000000713400000|  0%| F|  |TAMS 0x0000000713200000, 0x0000000713200000| Untracked 
| 115|0x0000000713400000, 0x0000000713400000, 0x0000000713600000|  0%| F|  |TAMS 0x0000000713400000, 0x0000000713400000| Untracked 
| 116|0x0000000713600000, 0x0000000713600000, 0x0000000713800000|  0%| F|  |TAMS 0x0000000713600000, 0x0000000713600000| Untracked 
| 117|0x0000000713800000, 0x0000000713800000, 0x0000000713a00000|  0%| F|  |TAMS 0x0000000713800000, 0x0000000713800000| Untracked 
| 118|0x0000000713a00000, 0x0000000713a00000, 0x0000000713c00000|  0%| F|  |TAMS 0x0000000713a00000, 0x0000000713a00000| Untracked 
| 119|0x0000000713c00000, 0x0000000713c00000, 0x0000000713e00000|  0%| F|  |TAMS 0x0000000713c00000, 0x0000000713c00000| Untracked 
| 120|0x0000000713e00000, 0x0000000713e00000, 0x0000000714000000|  0%| F|  |TAMS 0x0000000713e00000, 0x0000000713e00000| Untracked 
| 121|0x0000000714000000, 0x0000000714000000, 0x0000000714200000|  0%| F|  |TAMS 0x0000000714000000, 0x0000000714000000| Untracked 
| 122|0x0000000714200000, 0x0000000714200000, 0x0000000714400000|  0%| F|  |TAMS 0x0000000714200000, 0x0000000714200000| Untracked 
| 123|0x0000000714400000, 0x0000000714400000, 0x0000000714600000|  0%| F|  |TAMS 0x0000000714400000, 0x0000000714400000| Untracked 
| 124|0x0000000714600000, 0x0000000714800000, 0x0000000714800000|100%| E|  |TAMS 0x0000000714600000, 0x0000000714600000| Complete 
| 125|0x0000000714800000, 0x0000000714a00000, 0x0000000714a00000|100%| E|CS|TAMS 0x0000000714800000, 0x0000000714800000| Complete 

Card table byte_map: [0x0000027bb55e0000,0x0000027bb5dc0000] _byte_map_base: 0x0000027bb1db9000

Marking Bits (Prev, Next): (CMBitMap*) 0x0000027b9b914420, (CMBitMap*) 0x0000027b9b914460
 Prev Bits: [0x0000027bb65a0000, 0x0000027bba468000)
 Next Bits: [0x0000027bba470000, 0x0000027bbe338000)

Polling page: 0x0000027b9b250000

Metaspace:

Usage:
  Non-class:    505.80 KB used.
      Class:     28.80 KB used.
       Both:    534.60 KB used.

Virtual space:
  Non-class space:       64.00 MB reserved,     576.00 KB ( <1%) committed,  1 nodes.
      Class space:        1.00 GB reserved,     128.00 KB ( <1%) committed,  1 nodes.
             Both:        1.06 GB reserved,     704.00 KB ( <1%) committed. 

Chunk freelists:
   Non-Class:  3.97 MB
       Class:  3.73 MB
        Both:  7.70 MB

MaxMetaspaceSize: unlimited
CompressedClassSpaceSize: 1.00 GB
Initial GC threshold: 21.00 MB
Current GC threshold: 21.00 MB
CDS: on
MetaspaceReclaimPolicy: balanced
 - commit_granule_bytes: 65536.
 - commit_granule_words: 8192.
 - virtual_space_node_default_size: 8388608.
 - enlarge_chunks_in_place: 1.
 - new_chunks_are_fully_committed: 0.
 - uncommit_free_chunks: 1.
 - use_allocation_guard: 0.


Internal statistics:

num_allocs_failed_limit: 0.
num_arena_births: 22.
num_arena_deaths: 0.
num_vsnodes_births: 2.
num_vsnodes_deaths: 0.
num_space_committed: 11.
num_space_uncommitted: 0.
num_chunks_returned_to_freelist: 0.
num_chunks_taken_from_freelist: 27.
num_chunk_merges: 0.
num_chunk_splits: 16.
num_chunks_enlarged: 10.
num_inconsistent_stats: 0.

CodeHeap 'non-profiled nmethods': size=120000Kb used=69Kb max_used=69Kb free=119930Kb
 bounds [0x0000027bacc50000, 0x0000027bacec0000, 0x0000027bb4180000]
CodeHeap 'profiled nmethods': size=120000Kb used=183Kb max_used=183Kb free=119816Kb
 bounds [0x0000027ba5180000, 0x0000027ba53f0000, 0x0000027bac6b0000]
CodeHeap 'non-nmethods': size=5760Kb used=1198Kb max_used=1201Kb free=4561Kb
 bounds [0x0000027bac6b0000, 0x0000027bac920000, 0x0000027bacc50000]
 total_blobs=583 nmethods=188 adapters=306
 compilation: enabled
              stopped_count=0, restarted_count=0
 full_count=0

Compilation events (20 events):
Event: 0.087 Thread 0x0000027bc540bc80  174       3       jdk.internal.org.objectweb.asm.SymbolTable::put (150 bytes)
Event: 0.087 Thread 0x0000027bc540bc80 nmethod 174 0x0000027ba51a9890 code [0x0000027ba51a9a80, 0x0000027ba51aa358]
Event: 0.087 Thread 0x0000027bc540bc80  180       3       jdk.internal.org.objectweb.asm.ByteVector::putShort (52 bytes)
Event: 0.087 Thread 0x0000027bc540bc80 nmethod 180 0x0000027ba51aa610 code [0x0000027ba51aa7c0, 0x0000027ba51aa9c8]
Event: 0.087 Thread 0x0000027bc540bc80  177       1       java.lang.invoke.MethodType$ConcurrentWeakInternSet$WeakEntry::hashCode (5 bytes)
Event: 0.087 Thread 0x0000027bc540bc80 nmethod 177 0x0000027bacc60b90 code [0x0000027bacc60d20, 0x0000027bacc60dd8]
Event: 0.087 Thread 0x0000027bc540bc80  181       1       java.lang.invoke.MethodTypeForm::parameterSlotCount (5 bytes)
Event: 0.087 Thread 0x0000027bc540bc80 nmethod 181 0x0000027bacc60e90 code [0x0000027bacc61020, 0x0000027bacc610d8]
Event: 0.087 Thread 0x0000027bc540bc80  182       3       java.lang.invoke.LambdaForm$BasicType::basicType (187 bytes)
Event: 0.087 Thread 0x0000027bc540bc80 nmethod 182 0x0000027ba51aab10 code [0x0000027ba51aada0, 0x0000027ba51ab858]
Event: 0.087 Thread 0x0000027bc540bc80  183       3       java.lang.invoke.LambdaForm$BasicType::basicType (8 bytes)
Event: 0.087 Thread 0x0000027bc540bc80 nmethod 183 0x0000027ba51abb10 code [0x0000027ba51abce0, 0x0000027ba51abf18]
Event: 0.087 Thread 0x0000027bc540bc80  184       3       sun.invoke.util.Wrapper::basicTypeChar (18 bytes)
Event: 0.087 Thread 0x0000027bc540bc80 nmethod 184 0x0000027ba51ac090 code [0x0000027ba51ac240, 0x0000027ba51ac428]
Event: 0.089 Thread 0x0000027bc540bc80  187       3       java.lang.StringLatin1::newString (24 bytes)
Event: 0.089 Thread 0x0000027bc540bc80 nmethod 187 0x0000027ba51ac510 code [0x0000027ba51ac6e0, 0x0000027ba51aca08]
Event: 0.092 Thread 0x0000027bc540bc80  188       3       java.lang.String::charAt (25 bytes)
Event: 0.092 Thread 0x0000027bc540bc80 nmethod 188 0x0000027ba51acb10 code [0x0000027ba51acd00, 0x0000027ba51ad258]
Event: 0.092 Thread 0x0000027bc540bc80  189       3       java.lang.invoke.MethodType::methodType (69 bytes)
Event: 0.093 Thread 0x0000027bc540bc80 nmethod 189 0x0000027ba51ad510 code [0x0000027ba51ad720, 0x0000027ba51adc18]

GC Heap History (0 events):
No events

Dll operation events (8 events):
Event: 0.012 Loaded shared library C:\Users\osayli\.jdks\openjdk-19.0.1\bin\java.dll
Event: 0.020 Loaded shared library C:\Users\osayli\.jdks\openjdk-19.0.1\bin\jsvml.dll
Event: 0.068 Loaded shared library C:\Users\osayli\.jdks\openjdk-19.0.1\bin\zip.dll
Event: 0.071 Loaded shared library C:\Users\osayli\.jdks\openjdk-19.0.1\bin\instrument.dll
Event: 0.077 Loaded shared library C:\Users\osayli\.jdks\openjdk-19.0.1\bin\net.dll
Event: 0.080 Loaded shared library C:\Users\osayli\.jdks\openjdk-19.0.1\bin\nio.dll
Event: 0.084 Loaded shared library C:\Users\osayli\.jdks\openjdk-19.0.1\bin\zip.dll
Event: 0.090 Loaded shared library C:\Program Files (x86)\JetBrains\IntelliJ IDEA Community Edition 2022.1.1\bin\breakgen64.dll

Deoptimization events (4 events):
Event: 0.092 Thread 0x0000027b9b8a5550 Uncommon trap: trap_request=0xffffff45 fr.pc=0x0000027bacc609c8 relative=0x00000000000000a8
Event: 0.092 Thread 0x0000027b9b8a5550 Uncommon trap: reason=unstable_if action=reinterpret pc=0x0000027bacc609c8 method=java.lang.String.isLatin1()Z @ 10 c2
Event: 0.092 Thread 0x0000027b9b8a5550 DEOPT PACKING pc=0x0000027bacc609c8 sp=0x000000aaa1dfec90
Event: 0.092 Thread 0x0000027b9b8a5550 DEOPT UNPACKING pc=0x0000027bac716da3 sp=0x000000aaa1dfebd0 mode 2

Classes loaded (20 events):
Event: 0.085 Loading class java/lang/invoke/BoundMethodHandle$Species_LL
Event: 0.086 Loading class java/lang/invoke/BoundMethodHandle$Species_LL done
Event: 0.086 Loading class java/lang/invoke/BoundMethodHandle$Species_LLL
Event: 0.086 Loading class java/lang/invoke/BoundMethodHandle$Species_LLL done
Event: 0.088 Loading class java/lang/reflect/InvocationTargetException
Event: 0.088 Loading class java/lang/reflect/InvocationTargetException done
Event: 0.090 Loading class java/io/Reader
Event: 0.090 Loading class java/io/Reader done
Event: 0.090 Loading class java/io/InputStreamReader
Event: 0.090 Loading class java/io/InputStreamReader done
Event: 0.091 Loading class java/net/Socket
Event: 0.091 Loading class jdk/internal/vm/PostVMInitHook
Event: 0.091 Loading class jdk/internal/vm/PostVMInitHook done
Event: 0.091 Loading class java/net/Socket done
Event: 0.092 Loading class jdk/internal/loader/URLClassPath$FileLoader$1
Event: 0.092 Loading class jdk/internal/loader/URLClassPath$FileLoader$1 done
Event: 0.092 Loading class java/net/InetSocketAddress
Event: 0.092 Loading class java/net/SocketAddress
Event: 0.092 Loading class java/net/SocketAddress done
Event: 0.092 Loading class java/net/InetSocketAddress done

Classes unloaded (0 events):
No events

Classes redefined (0 events):
No events

Internal exceptions (2 events):
Event: 0.084 Thread 0x0000027b9b8a5550 Exception <a 'java/lang/NoSuchMethodError'{0x00000007146c4118}: 'void java.lang.invoke.DirectMethodHandle$Holder.invokeStatic(java.lang.Object, java.lang.Object, java.lang.Object)'> (0x00000007146c4118) 
thrown [s\open\src\hotspot\share\interpreter\linkResolver.cpp, line 774]
Event: 0.087 Thread 0x0000027b9b8a5550 Exception <a 'java/lang/NoSuchMethodError'{0x00000007146dc710}: 'java.lang.Object java.lang.invoke.Invokers$Holder.invokeExact_MT(java.lang.Object, java.lang.Object, java.lang.Object, java.lang.Object, java.lang.Object)'> (0x00000007146dc710) 
thrown [s\open\src\hotspot\share\interpreter\linkResolver.cpp, line 774]

VM Operations (0 events):
No events

Events (16 events):
Event: 0.020 Thread 0x0000027b9b8a5550 Thread added: 0x0000027b9b8a5550
Event: 0.033 Thread 0x0000027bc0f47e10 Thread added: 0x0000027bc0f47e10
Event: 0.033 Thread 0x0000027bc0f48c00 Thread added: 0x0000027bc0f48c00
Event: 0.034 Thread 0x0000027bc0f49c70 Thread added: 0x0000027bc0f49c70
Event: 0.034 Thread 0x0000027bc54050a0 Thread added: 0x0000027bc54050a0
Event: 0.034 Thread 0x0000027bc5405720 Thread added: 0x0000027bc5405720
Event: 0.034 Thread 0x0000027bc5406190 Thread added: 0x0000027bc5406190
Event: 0.034 Thread 0x0000027bc540ae10 Thread added: 0x0000027bc540ae10
Event: 0.034 Thread 0x0000027bc540bc80 Thread added: 0x0000027bc540bc80
Event: 0.034 Thread 0x0000027bc540e600 Thread added: 0x0000027bc540e600
Event: 0.053 Thread 0x0000027bc54adcc0 Thread added: 0x0000027bc54adcc0
Event: 0.091 Thread 0x0000027bc55c93b0 Thread added: 0x0000027bc55c93b0
Event: 0.091 Thread 0x0000027bc55c98f0 Thread added: 0x0000027bc55c98f0
Event: 0.093 Thread 0x0000027b9b8a5550 Thread exited: 0x0000027b9b8a5550
Event: 0.093 Thread 0x0000027b9b8a5550 Thread added: 0x0000027b9b8a5550
Event: 0.093 Thread 0x0000027b9b8a5550 Thread exited: 0x0000027b9b8a5550


Dynamic libraries:
0x00007ff706d50000 - 0x00007ff706d5e000 	C:\Users\osayli\.jdks\openjdk-19.0.1\bin\java.exe
0x00007ffd206b0000 - 0x00007ffd208a8000 	C:\WINDOWS\SYSTEM32\ntdll.dll
0x00007ffd20400000 - 0x00007ffd204bf000 	C:\WINDOWS\System32\KERNEL32.DLL
0x00007ffd20120000 - 0x00007ffd203f2000 	C:\WINDOWS\System32\KERNELBASE.dll
0x000000007d440000 - 0x000000007d47b000 	C:\WINDOWS\System32\cyinjct.dll
0x00007ffd1ffa0000 - 0x00007ffd1ffac000 	C:\WINDOWS\System32\ntnativeapi.dll
0x00007ffd18b20000 - 0x00007ffd18b37000 	C:\Users\osayli\.jdks\openjdk-19.0.1\bin\jli.dll
0x0000027b9b380000 - 0x0000027b9b521000 	C:\WINDOWS\System32\USER32.dll
0x00007ffd1dfb0000 - 0x00007ffd1dfd2000 	C:\WINDOWS\System32\win32u.dll
0x00007ffd1e660000 - 0x00007ffd1e68b000 	C:\WINDOWS\System32\GDI32.dll
0x00007ffd1dea0000 - 0x00007ffd1dfaf000 	C:\WINDOWS\System32\gdi32full.dll
0x00007ffd1de00000 - 0x00007ffd1de9d000 	C:\WINDOWS\System32\msvcp_win.dll
0x0000027b9b530000 - 0x0000027b9b630000 	C:\WINDOWS\System32\ucrtbase.dll
0x00007ffd18b00000 - 0x00007ffd18b1b000 	C:\Users\osayli\.jdks\openjdk-19.0.1\bin\VCRUNTIME140.dll
0x00007ffd1d340000 - 0x00007ffd1d5da000 	C:\WINDOWS\WinSxS\amd64_microsoft.windows.common-controls_6595b64144ccf1df_6.0.19041.1110_none_60b5254171f9507e\COMCTL32.dll
0x00007ffd1fb70000 - 0x00007ffd1fc0e000 	C:\WINDOWS\System32\msvcrt.dll
0x00007ffd1ff80000 - 0x00007ffd1ff9e000 	C:\WINDOWS\System32\cyvera.dll
0x00007ffd1ff10000 - 0x00007ffd1ff7b000 	C:\WINDOWS\System32\cyvrtrap.dll
0x00007ffd1ec30000 - 0x00007ffd1ec60000 	C:\WINDOWS\System32\IMM32.DLL
0x00007ffd1d690000 - 0x00007ffd1d69c000 	C:\Users\osayli\.jdks\openjdk-19.0.1\bin\vcruntime140_1.dll
0x00007ffd0d360000 - 0x00007ffd0d3ee000 	C:\Users\osayli\.jdks\openjdk-19.0.1\bin\msvcp140.dll
0x00007ffc960f0000 - 0x00007ffc96db0000 	C:\Users\osayli\.jdks\openjdk-19.0.1\bin\server\jvm.dll
0x00007ffd1fa60000 - 0x00007ffd1fb0e000 	C:\WINDOWS\System32\ADVAPI32.dll
0x00007ffd1ec60000 - 0x00007ffd1ecfc000 	C:\WINDOWS\System32\sechost.dll
0x00007ffd1fff0000 - 0x00007ffd20114000 	C:\WINDOWS\System32\RPCRT4.dll
0x00007ffd1d6b0000 - 0x00007ffd1d6b9000 	C:\WINDOWS\SYSTEM32\WSOCK32.dll
0x00007ffd1e8e0000 - 0x00007ffd1e94b000 	C:\WINDOWS\System32\WS2_32.dll
0x00007ffd11800000 - 0x00007ffd11827000 	C:\WINDOWS\SYSTEM32\WINMM.dll
0x00007ffd1b870000 - 0x00007ffd1b87a000 	C:\WINDOWS\SYSTEM32\VERSION.dll
0x00007ffd1b880000 - 0x00007ffd1b892000 	C:\WINDOWS\SYSTEM32\kernel.appcore.dll
0x00007ffd18c00000 - 0x00007ffd18c0a000 	C:\Users\osayli\.jdks\openjdk-19.0.1\bin\jimage.dll
0x00007ffd1d710000 - 0x00007ffd1d8f4000 	C:\WINDOWS\SYSTEM32\DBGHELP.DLL
0x00007ffd1d600000 - 0x00007ffd1d635000 	C:\WINDOWS\SYSTEM32\dbgcore.DLL
0x00007ffd1e110000 - 0x00007ffd1e192000 	C:\WINDOWS\System32\bcryptPrimitives.dll
0x00007ffd187b0000 - 0x00007ffd187be000 	C:\Users\osayli\.jdks\openjdk-19.0.1\bin\instrument.dll
0x00007ffd18800000 - 0x00007ffd18826000 	C:\Users\osayli\.jdks\openjdk-19.0.1\bin\java.dll
0x00007ffd1fed0000 - 0x00007ffd1ff07000 	C:\Program Files\Palo Alto Networks\Traps\cyjagent.dll
0x00007ffd0d1b0000 - 0x00007ffd0d287000 	C:\Users\osayli\.jdks\openjdk-19.0.1\bin\jsvml.dll
0x00007ffd1ed90000 - 0x00007ffd1f4d5000 	C:\WINDOWS\System32\SHELL32.dll
0x00007ffd1acf0000 - 0x00007ffd1b482000 	C:\WINDOWS\SYSTEM32\windows.storage.dll
0x00007ffd1e300000 - 0x00007ffd1e655000 	C:\WINDOWS\System32\combase.dll
0x00007ffd1cf90000 - 0x00007ffd1cfc0000 	C:\WINDOWS\SYSTEM32\Wldp.dll
0x00007ffd1e830000 - 0x00007ffd1e8dd000 	C:\WINDOWS\System32\SHCORE.dll
0x00007ffd1fa00000 - 0x00007ffd1fa55000 	C:\WINDOWS\System32\shlwapi.dll
0x00007ffd1dbd0000 - 0x00007ffd1dbef000 	C:\WINDOWS\SYSTEM32\profapi.dll
0x00007ffd186f0000 - 0x00007ffd18708000 	C:\Users\osayli\.jdks\openjdk-19.0.1\bin\zip.dll
0x00007ffd187e0000 - 0x00007ffd187f3000 	C:\Users\osayli\.jdks\openjdk-19.0.1\bin\net.dll
0x00007ffd1c610000 - 0x00007ffd1c71a000 	C:\WINDOWS\SYSTEM32\WINHTTP.dll
0x00007ffd1ccd0000 - 0x00007ffd1cd3a000 	C:\WINDOWS\system32\mswsock.dll
0x00007ffd187c0000 - 0x00007ffd187d6000 	C:\Users\osayli\.jdks\openjdk-19.0.1\bin\nio.dll
0x00007ffd185a0000 - 0x00007ffd185ba000 	C:\Program Files (x86)\JetBrains\IntelliJ IDEA Community Edition 2022.1.1\bin\breakgen64.dll

dbghelp: loaded successfully - version: 4.0.5 - missing functions: none
symbol engine: initialized successfully - sym options: 0x614 - pdb path: .;C:\Users\osayli\.jdks\openjdk-19.0.1\bin;C:\WINDOWS\SYSTEM32;C:\WINDOWS\WinSxS\amd64_microsoft.windows.common-controls_6595b64144ccf1df_6.0.19041.1110_none_60b5254171f9507e;C:\Users\osayli\.jdks\openjdk-19.0.1\bin\server;C:\Program Files\Palo Alto Networks\Traps;C:\Program Files (x86)\JetBrains\IntelliJ IDEA Community Edition 2022.1.1\bin

VM Arguments:
jvm_args: -javaagent:C:\Program Files (x86)\JetBrains\IntelliJ IDEA Community Edition 2022.1.1\lib\idea_rt.jar=62779:C:\Program Files (x86)\JetBrains\IntelliJ IDEA Community Edition 2022.1.1\bin -Dfile.encoding=UTF-8 -agentpath:C:\Program Files\Palo Alto Networks\Traps\cyjagent.dll 
java_command: leetCode.Easy.EQ069SqrtxSecondAttempt
java_class_path (initial): C:\Users\osayli\IdeaProjects\InterviewCodeChallenges\out\production\InterviewCodeChallenges
Launcher Type: SUN_STANDARD

[Global flags]
     intx CICompilerCount                          = 4                                         {product} {ergonomic}
     uint ConcGCThreads                            = 3                                         {product} {ergonomic}
     uint G1ConcRefinementThreads                  = 10                                        {product} {ergonomic}
   size_t G1HeapRegionSize                         = 2097152                                   {product} {ergonomic}
    uintx GCDrainStackTargetSize                   = 64                                        {product} {ergonomic}
   size_t InitialHeapSize                          = 264241152                                 {product} {ergonomic}
   size_t MarkStackSize                            = 4194304                                   {product} {ergonomic}
   size_t MaxHeapSize                              = 4213178368                                {product} {ergonomic}
   size_t MaxNewSize                               = 2527068160                                {product} {ergonomic}
   size_t MinHeapDeltaBytes                        = 2097152                                   {product} {ergonomic}
   size_t MinHeapSize                              = 8388608                                   {product} {ergonomic}
    uintx NonNMethodCodeHeapSize                   = 5839372                                {pd product} {ergonomic}
    uintx NonProfiledCodeHeapSize                  = 122909434                              {pd product} {ergonomic}
    uintx ProfiledCodeHeapSize                     = 122909434                              {pd product} {ergonomic}
    uintx ReservedCodeCacheSize                    = 251658240                              {pd product} {ergonomic}
     bool SegmentedCodeCache                       = true                                      {product} {ergonomic}
   size_t SoftMaxHeapSize                          = 4213178368                             {manageable} {ergonomic}
     bool UseCompressedClassPointers               = true                           {product lp64_product} {ergonomic}
     bool UseCompressedOops                        = true                           {product lp64_product} {ergonomic}
     bool UseG1GC                                  = true                                      {product} {ergonomic}
     bool UseLargePagesIndividualAllocation        = false                                  {pd product} {ergonomic}

Logging:
Log output configuration:
 #0: stdout all=warning uptime,level,tags foldmultilines=false
 #1: stderr all=off uptime,level,tags foldmultilines=false

Environment Variables:
PATH=C:\WINDOWS\system32;C:\WINDOWS;C:\WINDOWS\System32\Wbem;C:\WINDOWS\System32\WindowsPowerShell\v1.0\;C:\WINDOWS\System32\OpenSSH\;C:\Program Files\dotnet\;C:\Program Files (x86)\Pulse Secure\VC142.CRT\X64\;C:\Program Files (x86)\Pulse Secure\VC142.CRT\X86\;C:\Program Files (x86)\Common Files\Pulse Secure\TNC Client Plugin\;C:\Program Files\Microsoft SQL Server\150\Tools\Binn\;C:\Program Files\Microsoft SQL Server\Client SDK\ODBC\170\Tools\Binn\;C:\Program Files\nodejs\;C:\Program Files\Git\cmd;C:\Program Files (x86)\Microsoft SQL Server\150\DTS\Binn\;C:\Program Files\Azure Data Studio\bin;C:\Program Files (x86)\Microsoft VS Code\bin;C:\Program Files (x86)\Microsoft SQL Server\160\DTS\Binn\;C:\Users\osayli\AppData\Local\Microsoft\WindowsApps;;C:\Users\osayli\AppData\Local\Programs\Microsoft VS Code\bin;C:\Users\osayli\.dotnet\tools
USERNAME=osayli
OS=Windows_NT
PROCESSOR_IDENTIFIER=Intel64 Family 6 Model 154 Stepping 4, GenuineIntel
TMP=C:\Users\osayli\AppData\Local\Temp
TEMP=C:\Users\osayli\AppData\Local\Temp



---------------  S Y S T E M  ---------------

OS:
 Windows 10 , 64 bit Build 19041 (10.0.19041.2546)
OS uptime: 0 days 6:04 hours
Hyper-V role detected

CPU: total 12 (initial active 12) (6 cores per cpu, 2 threads per core) family 6 model 154 stepping 4 microcode 0x41b, cx8, cmov, fxsr, ht, mmx, 3dnowpref, sse, sse2, sse3, ssse3, sse4.1, sse4.2, popcnt, lzcnt, tsc, tscinvbit, avx, avx2, aes, erms, clmul, bmi1, bmi2, adx, sha, fma, vzeroupper, clflush, clflushopt, clwb, hv, rdtscp, rdpid, fsrm

Memory: 4k page, system-wide physical 16068M (3583M free)
TotalPageFile size 24772M (AvailPageFile size 5379M)
current process WorkingSet (physical memory assigned to process): 35M, peak: 35M
current process commit charge ("private bytes"): 346M, peak: 347M

vm_info: OpenJDK 64-Bit Server VM (19.0.1+10-21) for windows-amd64 JRE (19.0.1+10-21), built on 2022-09-14T12:45:06Z by "mach5one" with MS VC++ 17.1 (VS2022)

END.
