#
# A fatal error has been detected by the Java Runtime Environment:
#
#  EXCEPTION_ACCESS_VIOLATION (0xc0000005) at pc=0x00007fff0a61c164, pid=18596, tid=16976
#
# JRE version: OpenJDK Runtime Environment (19.0.1+10) (build 19.0.1+10-21)
# Java VM: OpenJDK 64-Bit Server VM (19.0.1+10-21, mixed mode, sharing, tiered, compressed oops, compressed class ptrs, g1 gc, windows-amd64)
# Problematic frame:
# C  [cyjagent.dll+0xc164]
#
# No core dump will be written. Minidumps are not enabled by default on client versions of Windows
#
# If you would like to submit a bug report, please visit:
#   https://bugreport.java.com/bugreport/crash.jsp
# The crash happened outside the Java Virtual Machine in native code.
# See problematic frame for where to report the bug.
#

---------------  S U M M A R Y ------------

Command Line: -javaagent:C:\Program Files (x86)\JetBrains\IntelliJ IDEA Community Edition 2022.1.1\lib\idea_rt.jar=61190:C:\Program Files (x86)\JetBrains\IntelliJ IDEA Community Edition 2022.1.1\bin -Dfile.encoding=UTF-8 -agentpath:C:\Program Files\Palo Alto Networks\Traps\cyjagent.dll leetCode.Medium.MQ028FindTheIndexOfTheFirstOccurrenceInAString

Host: 12th Gen Intel(R) Core(TM) i5-1235U, 12 cores, 15G,  Windows 10 , 64 bit Build 19041 (10.0.19041.2364)
Time: Mon Feb 20 10:15:10 2023 Turkey Standard Time elapsed time: 0.119357 seconds (0d 0h 0m 0s)

---------------  T H R E A D  ---------------

Current thread (0x0000020ea85fb4c0):  JavaThread "Monitor Ctrl-Break" daemon [_thread_in_native, id=16976, stack(0x000000c1d0a00000,0x000000c1d0b00000)]

Stack: [0x000000c1d0a00000,0x000000c1d0b00000],  sp=0x000000c1d0afd8a0,  free space=1014k
Native frames: (J=compiled Java code, j=interpreted, Vv=VM code, C=native code)
C  [cyjagent.dll+0xc164]

Java frames: (J=compiled Java code, j=interpreted, Vv=VM code)
j  java.util.concurrent.ConcurrentSkipListSet.<init>()V+5 java.base@19.0.1
j  java.net.InetAddress.<clinit>()V+83 java.base@19.0.1
v  ~StubRoutines::call_stub 0x0000020e8fcc100e
j  java.net.InetSocketAddress.<init>(Ljava/lang/String;I)V+15 java.base@19.0.1
j  java.net.Socket.<init>(Ljava/lang/String;I)V+11 java.base@19.0.1
j  com.intellij.rt.execution.application.AppMainV2$1.run()V+10
v  ~StubRoutines::call_stub 0x0000020e8fcc100e

siginfo: EXCEPTION_ACCESS_VIOLATION (0xc0000005), reading address 0x0000000000000000


Registers:
RAX=0x0000000000000000, RBX=0x0000020ea85fb7a0, RCX=0x0000000000000000, RDX=0x0000020e8083ef80
RSP=0x000000c1d0afd8a0, RBP=0x0000020e8025f8d0, RSI=0x0000000000000000, RDI=0x0000020ea865e8c8
R8 =0x000000c1d0afd718, R9 =0x0000020e8025f8d0, R10=0x0000000000000000, R11=0x0000000000000246
R12=0x0000020ea865e8c8, R13=0x0000000000000000, R14=0x0000020ea85fb4c0, R15=0x0000000000000000
RIP=0x00007fff0a61c164, EFLAGS=0x0000000000010202


Register to memory mapping:

RIP=0x00007fff0a61c164 cyjagent.dll
RAX=0x0 is NULL
RBX=0x0000020ea85fb7a0 points into unknown readable memory: 0x00007ffe7e49f9a0 | a0 f9 49 7e fe 7f 00 00
RCX=0x0 is NULL
RDX=0x0000020e8083ef80 points into unknown readable memory: 0x0000020ea85fb4c0 | c0 b4 5f a8 0e 02 00 00
RSP=0x000000c1d0afd8a0 is pointing into the stack for thread: 0x0000020ea85fb4c0
RBP=0x0000020e8025f8d0 points into unknown readable memory: 0x0000020e80160750 | 50 07 16 80 0e 02 00 00
RSI=0x0 is NULL
RDI=0x0000020ea865e8c8 points into unknown readable memory: 0x6974752f6176616a | 6a 61 76 61 2f 75 74 69
R8 =0x000000c1d0afd718 is pointing into the stack for thread: 0x0000020ea85fb4c0
R9 =0x0000020e8025f8d0 points into unknown readable memory: 0x0000020e80160750 | 50 07 16 80 0e 02 00 00
R10=0x0 is NULL
R11=0x0000000000000246 is an unknown value
R12=0x0000020ea865e8c8 points into unknown readable memory: 0x6974752f6176616a | 6a 61 76 61 2f 75 74 69
R13=0x0 is NULL
R14=0x0000020ea85fb4c0 is a thread
R15=0x0 is NULL


Top of Stack: (sp=0x000000c1d0afd8a0)
0x000000c1d0afd8a0:   0000020ea865e8c8 0000020ea85fb7a0
0x000000c1d0afd8b0:   0000000000000000 00007ffe7e1153ce
0x000000c1d0afd8c0:   0000000000000000 00007ffe7dda8040
0x000000c1d0afd8d0:   00000008004db218 0000020e8025f8d0
0x000000c1d0afd8e0:   0000000000000016 000000c1d0afdac0
0x000000c1d0afd8f0:   0000020e80836540 0000000000000000
0x000000c1d0afd900:   000000c1d0afdaf8 00007ffe7decf06e
0x000000c1d0afd910:   0000020e80836540 0000000000000000
0x000000c1d0afd920:   000000c1d0afdac0 0000000000000000
0x000000c1d0afd930:   0000020ea865e8c8 0000000000000000
0x000000c1d0afd940:   0000020e00000655 0000020ea865e240
0x000000c1d0afd950:   000000c1d0afda48 000000c1d0afd968
0x000000c1d0afd960:   0000000000000000 0000000000000000
0x000000c1d0afd970:   0000000000000000 00007fff0a8bfead
0x000000c1d0afd980:   0000020ea85f57b0 0000020ea865e230
0x000000c1d0afd990:   0000020ea865e8e0 0000020ea8666218 

Instructions: (pc=0x00007fff0a61c164)
0x00007fff0a61c064:   00 00 03 72 2d 44 8b ce 48 8d 05 9d e0 01 00 ba
0x00007fff0a61c074:   2f 00 00 00 4e 8b 0c c8 48 8b 89 90 02 00 00 4c
0x00007fff0a61c084:   8d 05 b6 df 01 00 e8 b1 50 ff ff 48 8b 0d 4a 39
0x00007fff0a61c094:   02 00 48 3b cb 74 68 f6 81 9c 02 00 00 10 74 5f
0x00007fff0a61c0a4:   80 b9 99 02 00 00 02 72 56 4c 8b 8c 24 90 00 00
0x00007fff0a61c0b4:   00 4c 8d 05 84 df 01 00 48 8b 89 90 02 00 00 ba
0x00007fff0a61c0c4:   31 00 00 00 e8 73 50 ff ff eb 34 49 8b 0f 4c 8b
0x00007fff0a61c0d4:   c3 48 8b d6 e8 d3 63 00 00 48 8b 84 24 b0 00 00
0x00007fff0a61c0e4:   00 89 18 48 8b 0d ca 4c 02 00 4c 8b c6 33 d2 ff
0x00007fff0a61c0f4:   15 e7 50 01 00 eb 08 a8 02 75 04 c6 47 40 01 b8
0x00007fff0a61c104:   ff ff ff ff f0 0f c1 47 10 4c 8b b4 24 88 00 00
0x00007fff0a61c114:   00 83 f8 01 75 42 48 8b 4f 18 48 81 c1 70 01 00
0x00007fff0a61c124:   00 ff 15 7d 51 01 00 48 8b 0f 48 8b 47 08 48 89
0x00007fff0a61c134:   08 48 89 41 08 48 8b 4f 18 48 81 c1 70 01 00 00
0x00007fff0a61c144:   ff 15 66 51 01 00 48 8b 0d 67 4c 02 00 4c 8b c7
0x00007fff0a61c154:   33 d2 ff 15 84 50 01 00 48 8b 4d 20 48 8b 55 10
0x00007fff0a61c164:   48 8b 01 48 8b 80 08 01 00 00 ff 15 6c 51 01 00
0x00007fff0a61c174:   85 c0 74 40 48 8b 0d 61 38 02 00 48 8d 15 5a 38
0x00007fff0a61c184:   02 00 48 3b ca 74 2d f6 81 9c 02 00 00 10 74 24
0x00007fff0a61c194:   80 b9 99 02 00 00 03 72 1b 48 8b 89 90 02 00 00
0x00007fff0a61c1a4:   4c 8d 05 95 de 01 00 ba 15 00 00 00 44 8b c8 e8
0x00007fff0a61c1b4:   c8 4e ff ff 48 8b 6c 24 78 48 8b b4 24 80 00 00
0x00007fff0a61c1c4:   00 48 83 c4 50 41 5f 5f 5b c3 cc cc 40 57 48 83
0x00007fff0a61c1d4:   ec 30 f6 81 78 01 00 00 04 48 8b f9 0f 85 87 02
0x00007fff0a61c1e4:   00 00 48 89 5c 24 40 45 33 c9 48 89 6c 24 48 33
0x00007fff0a61c1f4:   d2 48 89 74 24 50 48 8b 71 20 45 8d 41 32 48 8b
0x00007fff0a61c204:   ce 48 8b 06 48 8b 40 08 ff 15 ce 50 01 00 48 8d
0x00007fff0a61c214:   2d c7 37 02 00 85 c0 74 37 48 8b 0d bc 37 02 00
0x00007fff0a61c224:   48 3b cd 74 2b f6 81 9c 02 00 00 10 74 22 80 b9
0x00007fff0a61c234:   99 02 00 00 02 72 19 48 8b 89 90 02 00 00 ba 11
0x00007fff0a61c244:   00 00 00 89 44 24 20 44 8d 4a 21 e8 7c dc ff ff
0x00007fff0a61c254:   48 8b 06 45 33 c9 33 d2 48 8b ce 48 8b 40 08 45 


Stack slot to memory mapping:
stack at sp + 0 slots: 0x0000020ea865e8c8 points into unknown readable memory: 0x6974752f6176616a | 6a 61 76 61 2f 75 74 69
stack at sp + 1 slots: 0x0000020ea85fb7a0 points into unknown readable memory: 0x00007ffe7e49f9a0 | a0 f9 49 7e fe 7f 00 00
stack at sp + 2 slots: 0x0 is NULL
stack at sp + 3 slots: 0x00007ffe7e1153ce jvm.dll
stack at sp + 4 slots: 0x0 is NULL
stack at sp + 5 slots: 0x00007ffe7dda8040 jvm.dll
stack at sp + 6 slots: 0x00000008004db218 is pointing into metadata
stack at sp + 7 slots: 0x0000020e8025f8d0 points into unknown readable memory: 0x0000020e80160750 | 50 07 16 80 0e 02 00 00


---------------  P R O C E S S  ---------------

Threads class SMR info:
_java_thread_list=0x0000020ea85d2180, length=12, elements={
0x0000020ea8410940, 0x0000020ea8411630, 0x0000020ea84166b0, 0x0000020ea841c3e0,
0x0000020ea841cf90, 0x0000020ea8425a10, 0x0000020ea8429cb0, 0x0000020ea842d640,
0x0000020ea842ffc0, 0x0000020ea3b66550, 0x0000020ea85fb4c0, 0x0000020ea85fbe10
}

Java Threads: ( => current thread )
  0x0000020ea8410940 JavaThread "Reference Handler" daemon [_thread_blocked, id=13896, stack(0x000000c1d0000000,0x000000c1d0100000)]
  0x0000020ea8411630 JavaThread "Finalizer" daemon [_thread_blocked, id=18956, stack(0x000000c1d0100000,0x000000c1d0200000)]
  0x0000020ea84166b0 JavaThread "Signal Dispatcher" daemon [_thread_blocked, id=14600, stack(0x000000c1d0200000,0x000000c1d0300000)]
  0x0000020ea841c3e0 JavaThread "Attach Listener" daemon [_thread_blocked, id=12428, stack(0x000000c1d0300000,0x000000c1d0400000)]
  0x0000020ea841cf90 JavaThread "Service Thread" daemon [_thread_blocked, id=8584, stack(0x000000c1d0400000,0x000000c1d0500000)]
  0x0000020ea8425a10 JavaThread "Monitor Deflation Thread" daemon [_thread_blocked, id=12444, stack(0x000000c1d0500000,0x000000c1d0600000)]
  0x0000020ea8429cb0 JavaThread "C2 CompilerThread0" daemon [_thread_blocked, id=5992, stack(0x000000c1d0600000,0x000000c1d0700000)]
  0x0000020ea842d640 JavaThread "C1 CompilerThread0" daemon [_thread_blocked, id=16724, stack(0x000000c1d0700000,0x000000c1d0800000)]
  0x0000020ea842ffc0 JavaThread "Sweeper thread" daemon [_thread_blocked, id=16568, stack(0x000000c1d0800000,0x000000c1d0900000)]
  0x0000020ea3b66550 JavaThread "Common-Cleaner" daemon [_thread_blocked, id=7520, stack(0x000000c1d0900000,0x000000c1d0a00000)]
=>0x0000020ea85fb4c0 JavaThread "Monitor Ctrl-Break" daemon [_thread_in_native, id=16976, stack(0x000000c1d0a00000,0x000000c1d0b00000)]
  0x0000020ea85fbe10 JavaThread "Notification Thread" daemon [_thread_blocked, id=3876, stack(0x000000c1d0b00000,0x000000c1d0c00000)]

Other Threads:
  0x0000020ea3b88390 VMThread "VM Thread" [stack: 0x000000c1cff00000,0x000000c1d0000000] [id=18504] _threads_hazard_ptr=0x0000020ea85d2180
  0x0000020e808c4b10 WorkerThread "GC Thread#0" [stack: 0x000000c1cfa00000,0x000000c1cfb00000] [id=3208]
  0x0000020e808d5490 ConcurrentGCThread "G1 Main Marker" terminated
  0x0000020e808d5f70 WorkerThread "G1 Conc#0" [stack: 0x000000c1cfc00000,0x000000c1cfd00000] [id=13748]
  0x0000020e808feb20 ConcurrentGCThread "G1 Refine#0" terminated
  0x0000020ea3a346e0 ConcurrentGCThread "G1 Service" terminated

Threads with active compile tasks:

VM state: at safepoint (normal execution)

VM Mutex/Monitor currently owned by a thread:  ([mutex/lock_event])
[0x0000020e80853250] Threads_lock - owner thread: 0x0000020ea3b88390
[0x0000020e80853490] Heap_lock - owner thread: 0x0000020e80856560

Heap address: 0x0000000704e00000, size: 4018 MB, Compressed Oops mode: Zero based, Oop shift amount: 3

CDS archive(s) mapped at: [0x0000000800000000-0x0000000800c30000-0x0000000800c30000), size 12779520, SharedBaseAddress: 0x0000000800000000, ArchiveRelocationMode: 0.
Compressed class space mapped at: 0x0000000801000000-0x0000000841000000, reserved size: 1073741824
Narrow klass base: 0x0000000800000000, Narrow klass shift: 0, Narrow klass range: 0x100000000

GC Precious Log:
 CardTable entry size: 512
 Card Set container configuration: InlinePtr #cards 4 size 8 Array Of Cards #cards 16 size 48 Howl #buckets 8 coarsen threshold 3686 Howl Bitmap #cards 512 size 80 coarsen threshold 460 Card regions per heap region 1 cards per card region 4096
 CPUs: 12 total, 12 available
 Memory: 16068M
 Large Page Support: Disabled
 NUMA Support: Disabled
 Compressed Oops: Enabled (Zero based)
 Heap Region Size: 2M
 Heap Min Capacity: 8M
 Heap Initial Capacity: 252M
 Heap Max Capacity: 4018M
 Pre-touch: Disabled
 Parallel Workers: 10
 Concurrent Workers: 3
 Concurrent Refinement Workers: 10
 Periodic GC: Disabled

Heap:
 garbage-first heap   total 258048K, used 2048K [0x0000000704e00000, 0x0000000800000000)
  region size 2048K, 2 young (4096K), 0 survivors (0K)
 Metaspace       used 538K, committed 704K, reserved 1114112K
  class space    used 28K, committed 128K, reserved 1048576K

Heap Regions: E=young(eden), S=young(survivor), O=old, HS=humongous(starts), HC=humongous(continues), CS=collection set, F=free, OA=open archive, CA=closed archive, TAMS=top-at-mark-start (previous, next)
|   0|0x0000000704e00000, 0x0000000704e00000, 0x0000000705000000|  0%| F|  |TAMS 0x0000000704e00000, 0x0000000704e00000| Untracked 
|   1|0x0000000705000000, 0x0000000705000000, 0x0000000705200000|  0%| F|  |TAMS 0x0000000705000000, 0x0000000705000000| Untracked 
|   2|0x0000000705200000, 0x0000000705200000, 0x0000000705400000|  0%| F|  |TAMS 0x0000000705200000, 0x0000000705200000| Untracked 
|   3|0x0000000705400000, 0x0000000705400000, 0x0000000705600000|  0%| F|  |TAMS 0x0000000705400000, 0x0000000705400000| Untracked 
|   4|0x0000000705600000, 0x0000000705600000, 0x0000000705800000|  0%| F|  |TAMS 0x0000000705600000, 0x0000000705600000| Untracked 
|   5|0x0000000705800000, 0x0000000705800000, 0x0000000705a00000|  0%| F|  |TAMS 0x0000000705800000, 0x0000000705800000| Untracked 
|   6|0x0000000705a00000, 0x0000000705a00000, 0x0000000705c00000|  0%| F|  |TAMS 0x0000000705a00000, 0x0000000705a00000| Untracked 
|   7|0x0000000705c00000, 0x0000000705c00000, 0x0000000705e00000|  0%| F|  |TAMS 0x0000000705c00000, 0x0000000705c00000| Untracked 
|   8|0x0000000705e00000, 0x0000000705e00000, 0x0000000706000000|  0%| F|  |TAMS 0x0000000705e00000, 0x0000000705e00000| Untracked 
|   9|0x0000000706000000, 0x0000000706000000, 0x0000000706200000|  0%| F|  |TAMS 0x0000000706000000, 0x0000000706000000| Untracked 
|  10|0x0000000706200000, 0x0000000706200000, 0x0000000706400000|  0%| F|  |TAMS 0x0000000706200000, 0x0000000706200000| Untracked 
|  11|0x0000000706400000, 0x0000000706400000, 0x0000000706600000|  0%| F|  |TAMS 0x0000000706400000, 0x0000000706400000| Untracked 
|  12|0x0000000706600000, 0x0000000706600000, 0x0000000706800000|  0%| F|  |TAMS 0x0000000706600000, 0x0000000706600000| Untracked 
|  13|0x0000000706800000, 0x0000000706800000, 0x0000000706a00000|  0%| F|  |TAMS 0x0000000706800000, 0x0000000706800000| Untracked 
|  14|0x0000000706a00000, 0x0000000706a00000, 0x0000000706c00000|  0%| F|  |TAMS 0x0000000706a00000, 0x0000000706a00000| Untracked 
|  15|0x0000000706c00000, 0x0000000706c00000, 0x0000000706e00000|  0%| F|  |TAMS 0x0000000706c00000, 0x0000000706c00000| Untracked 
|  16|0x0000000706e00000, 0x0000000706e00000, 0x0000000707000000|  0%| F|  |TAMS 0x0000000706e00000, 0x0000000706e00000| Untracked 
|  17|0x0000000707000000, 0x0000000707000000, 0x0000000707200000|  0%| F|  |TAMS 0x0000000707000000, 0x0000000707000000| Untracked 
|  18|0x0000000707200000, 0x0000000707200000, 0x0000000707400000|  0%| F|  |TAMS 0x0000000707200000, 0x0000000707200000| Untracked 
|  19|0x0000000707400000, 0x0000000707400000, 0x0000000707600000|  0%| F|  |TAMS 0x0000000707400000, 0x0000000707400000| Untracked 
|  20|0x0000000707600000, 0x0000000707600000, 0x0000000707800000|  0%| F|  |TAMS 0x0000000707600000, 0x0000000707600000| Untracked 
|  21|0x0000000707800000, 0x0000000707800000, 0x0000000707a00000|  0%| F|  |TAMS 0x0000000707800000, 0x0000000707800000| Untracked 
|  22|0x0000000707a00000, 0x0000000707a00000, 0x0000000707c00000|  0%| F|  |TAMS 0x0000000707a00000, 0x0000000707a00000| Untracked 
|  23|0x0000000707c00000, 0x0000000707c00000, 0x0000000707e00000|  0%| F|  |TAMS 0x0000000707c00000, 0x0000000707c00000| Untracked 
|  24|0x0000000707e00000, 0x0000000707e00000, 0x0000000708000000|  0%| F|  |TAMS 0x0000000707e00000, 0x0000000707e00000| Untracked 
|  25|0x0000000708000000, 0x0000000708000000, 0x0000000708200000|  0%| F|  |TAMS 0x0000000708000000, 0x0000000708000000| Untracked 
|  26|0x0000000708200000, 0x0000000708200000, 0x0000000708400000|  0%| F|  |TAMS 0x0000000708200000, 0x0000000708200000| Untracked 
|  27|0x0000000708400000, 0x0000000708400000, 0x0000000708600000|  0%| F|  |TAMS 0x0000000708400000, 0x0000000708400000| Untracked 
|  28|0x0000000708600000, 0x0000000708600000, 0x0000000708800000|  0%| F|  |TAMS 0x0000000708600000, 0x0000000708600000| Untracked 
|  29|0x0000000708800000, 0x0000000708800000, 0x0000000708a00000|  0%| F|  |TAMS 0x0000000708800000, 0x0000000708800000| Untracked 
|  30|0x0000000708a00000, 0x0000000708a00000, 0x0000000708c00000|  0%| F|  |TAMS 0x0000000708a00000, 0x0000000708a00000| Untracked 
|  31|0x0000000708c00000, 0x0000000708c00000, 0x0000000708e00000|  0%| F|  |TAMS 0x0000000708c00000, 0x0000000708c00000| Untracked 
|  32|0x0000000708e00000, 0x0000000708e00000, 0x0000000709000000|  0%| F|  |TAMS 0x0000000708e00000, 0x0000000708e00000| Untracked 
|  33|0x0000000709000000, 0x0000000709000000, 0x0000000709200000|  0%| F|  |TAMS 0x0000000709000000, 0x0000000709000000| Untracked 
|  34|0x0000000709200000, 0x0000000709200000, 0x0000000709400000|  0%| F|  |TAMS 0x0000000709200000, 0x0000000709200000| Untracked 
|  35|0x0000000709400000, 0x0000000709400000, 0x0000000709600000|  0%| F|  |TAMS 0x0000000709400000, 0x0000000709400000| Untracked 
|  36|0x0000000709600000, 0x0000000709600000, 0x0000000709800000|  0%| F|  |TAMS 0x0000000709600000, 0x0000000709600000| Untracked 
|  37|0x0000000709800000, 0x0000000709800000, 0x0000000709a00000|  0%| F|  |TAMS 0x0000000709800000, 0x0000000709800000| Untracked 
|  38|0x0000000709a00000, 0x0000000709a00000, 0x0000000709c00000|  0%| F|  |TAMS 0x0000000709a00000, 0x0000000709a00000| Untracked 
|  39|0x0000000709c00000, 0x0000000709c00000, 0x0000000709e00000|  0%| F|  |TAMS 0x0000000709c00000, 0x0000000709c00000| Untracked 
|  40|0x0000000709e00000, 0x0000000709e00000, 0x000000070a000000|  0%| F|  |TAMS 0x0000000709e00000, 0x0000000709e00000| Untracked 
|  41|0x000000070a000000, 0x000000070a000000, 0x000000070a200000|  0%| F|  |TAMS 0x000000070a000000, 0x000000070a000000| Untracked 
|  42|0x000000070a200000, 0x000000070a200000, 0x000000070a400000|  0%| F|  |TAMS 0x000000070a200000, 0x000000070a200000| Untracked 
|  43|0x000000070a400000, 0x000000070a400000, 0x000000070a600000|  0%| F|  |TAMS 0x000000070a400000, 0x000000070a400000| Untracked 
|  44|0x000000070a600000, 0x000000070a600000, 0x000000070a800000|  0%| F|  |TAMS 0x000000070a600000, 0x000000070a600000| Untracked 
|  45|0x000000070a800000, 0x000000070a800000, 0x000000070aa00000|  0%| F|  |TAMS 0x000000070a800000, 0x000000070a800000| Untracked 
|  46|0x000000070aa00000, 0x000000070aa00000, 0x000000070ac00000|  0%| F|  |TAMS 0x000000070aa00000, 0x000000070aa00000| Untracked 
|  47|0x000000070ac00000, 0x000000070ac00000, 0x000000070ae00000|  0%| F|  |TAMS 0x000000070ac00000, 0x000000070ac00000| Untracked 
|  48|0x000000070ae00000, 0x000000070ae00000, 0x000000070b000000|  0%| F|  |TAMS 0x000000070ae00000, 0x000000070ae00000| Untracked 
|  49|0x000000070b000000, 0x000000070b000000, 0x000000070b200000|  0%| F|  |TAMS 0x000000070b000000, 0x000000070b000000| Untracked 
|  50|0x000000070b200000, 0x000000070b200000, 0x000000070b400000|  0%| F|  |TAMS 0x000000070b200000, 0x000000070b200000| Untracked 
|  51|0x000000070b400000, 0x000000070b400000, 0x000000070b600000|  0%| F|  |TAMS 0x000000070b400000, 0x000000070b400000| Untracked 
|  52|0x000000070b600000, 0x000000070b600000, 0x000000070b800000|  0%| F|  |TAMS 0x000000070b600000, 0x000000070b600000| Untracked 
|  53|0x000000070b800000, 0x000000070b800000, 0x000000070ba00000|  0%| F|  |TAMS 0x000000070b800000, 0x000000070b800000| Untracked 
|  54|0x000000070ba00000, 0x000000070ba00000, 0x000000070bc00000|  0%| F|  |TAMS 0x000000070ba00000, 0x000000070ba00000| Untracked 
|  55|0x000000070bc00000, 0x000000070bc00000, 0x000000070be00000|  0%| F|  |TAMS 0x000000070bc00000, 0x000000070bc00000| Untracked 
|  56|0x000000070be00000, 0x000000070be00000, 0x000000070c000000|  0%| F|  |TAMS 0x000000070be00000, 0x000000070be00000| Untracked 
|  57|0x000000070c000000, 0x000000070c000000, 0x000000070c200000|  0%| F|  |TAMS 0x000000070c000000, 0x000000070c000000| Untracked 
|  58|0x000000070c200000, 0x000000070c200000, 0x000000070c400000|  0%| F|  |TAMS 0x000000070c200000, 0x000000070c200000| Untracked 
|  59|0x000000070c400000, 0x000000070c400000, 0x000000070c600000|  0%| F|  |TAMS 0x000000070c400000, 0x000000070c400000| Untracked 
|  60|0x000000070c600000, 0x000000070c600000, 0x000000070c800000|  0%| F|  |TAMS 0x000000070c600000, 0x000000070c600000| Untracked 
|  61|0x000000070c800000, 0x000000070c800000, 0x000000070ca00000|  0%| F|  |TAMS 0x000000070c800000, 0x000000070c800000| Untracked 
|  62|0x000000070ca00000, 0x000000070ca00000, 0x000000070cc00000|  0%| F|  |TAMS 0x000000070ca00000, 0x000000070ca00000| Untracked 
|  63|0x000000070cc00000, 0x000000070cc00000, 0x000000070ce00000|  0%| F|  |TAMS 0x000000070cc00000, 0x000000070cc00000| Untracked 
|  64|0x000000070ce00000, 0x000000070ce00000, 0x000000070d000000|  0%| F|  |TAMS 0x000000070ce00000, 0x000000070ce00000| Untracked 
|  65|0x000000070d000000, 0x000000070d000000, 0x000000070d200000|  0%| F|  |TAMS 0x000000070d000000, 0x000000070d000000| Untracked 
|  66|0x000000070d200000, 0x000000070d200000, 0x000000070d400000|  0%| F|  |TAMS 0x000000070d200000, 0x000000070d200000| Untracked 
|  67|0x000000070d400000, 0x000000070d400000, 0x000000070d600000|  0%| F|  |TAMS 0x000000070d400000, 0x000000070d400000| Untracked 
|  68|0x000000070d600000, 0x000000070d600000, 0x000000070d800000|  0%| F|  |TAMS 0x000000070d600000, 0x000000070d600000| Untracked 
|  69|0x000000070d800000, 0x000000070d800000, 0x000000070da00000|  0%| F|  |TAMS 0x000000070d800000, 0x000000070d800000| Untracked 
|  70|0x000000070da00000, 0x000000070da00000, 0x000000070dc00000|  0%| F|  |TAMS 0x000000070da00000, 0x000000070da00000| Untracked 
|  71|0x000000070dc00000, 0x000000070dc00000, 0x000000070de00000|  0%| F|  |TAMS 0x000000070dc00000, 0x000000070dc00000| Untracked 
|  72|0x000000070de00000, 0x000000070de00000, 0x000000070e000000|  0%| F|  |TAMS 0x000000070de00000, 0x000000070de00000| Untracked 
|  73|0x000000070e000000, 0x000000070e000000, 0x000000070e200000|  0%| F|  |TAMS 0x000000070e000000, 0x000000070e000000| Untracked 
|  74|0x000000070e200000, 0x000000070e200000, 0x000000070e400000|  0%| F|  |TAMS 0x000000070e200000, 0x000000070e200000| Untracked 
|  75|0x000000070e400000, 0x000000070e400000, 0x000000070e600000|  0%| F|  |TAMS 0x000000070e400000, 0x000000070e400000| Untracked 
|  76|0x000000070e600000, 0x000000070e600000, 0x000000070e800000|  0%| F|  |TAMS 0x000000070e600000, 0x000000070e600000| Untracked 
|  77|0x000000070e800000, 0x000000070e800000, 0x000000070ea00000|  0%| F|  |TAMS 0x000000070e800000, 0x000000070e800000| Untracked 
|  78|0x000000070ea00000, 0x000000070ea00000, 0x000000070ec00000|  0%| F|  |TAMS 0x000000070ea00000, 0x000000070ea00000| Untracked 
|  79|0x000000070ec00000, 0x000000070ec00000, 0x000000070ee00000|  0%| F|  |TAMS 0x000000070ec00000, 0x000000070ec00000| Untracked 
|  80|0x000000070ee00000, 0x000000070ee00000, 0x000000070f000000|  0%| F|  |TAMS 0x000000070ee00000, 0x000000070ee00000| Untracked 
|  81|0x000000070f000000, 0x000000070f000000, 0x000000070f200000|  0%| F|  |TAMS 0x000000070f000000, 0x000000070f000000| Untracked 
|  82|0x000000070f200000, 0x000000070f200000, 0x000000070f400000|  0%| F|  |TAMS 0x000000070f200000, 0x000000070f200000| Untracked 
|  83|0x000000070f400000, 0x000000070f400000, 0x000000070f600000|  0%| F|  |TAMS 0x000000070f400000, 0x000000070f400000| Untracked 
|  84|0x000000070f600000, 0x000000070f600000, 0x000000070f800000|  0%| F|  |TAMS 0x000000070f600000, 0x000000070f600000| Untracked 
|  85|0x000000070f800000, 0x000000070f800000, 0x000000070fa00000|  0%| F|  |TAMS 0x000000070f800000, 0x000000070f800000| Untracked 
|  86|0x000000070fa00000, 0x000000070fa00000, 0x000000070fc00000|  0%| F|  |TAMS 0x000000070fa00000, 0x000000070fa00000| Untracked 
|  87|0x000000070fc00000, 0x000000070fc00000, 0x000000070fe00000|  0%| F|  |TAMS 0x000000070fc00000, 0x000000070fc00000| Untracked 
|  88|0x000000070fe00000, 0x000000070fe00000, 0x0000000710000000|  0%| F|  |TAMS 0x000000070fe00000, 0x000000070fe00000| Untracked 
|  89|0x0000000710000000, 0x0000000710000000, 0x0000000710200000|  0%| F|  |TAMS 0x0000000710000000, 0x0000000710000000| Untracked 
|  90|0x0000000710200000, 0x0000000710200000, 0x0000000710400000|  0%| F|  |TAMS 0x0000000710200000, 0x0000000710200000| Untracked 
|  91|0x0000000710400000, 0x0000000710400000, 0x0000000710600000|  0%| F|  |TAMS 0x0000000710400000, 0x0000000710400000| Untracked 
|  92|0x0000000710600000, 0x0000000710600000, 0x0000000710800000|  0%| F|  |TAMS 0x0000000710600000, 0x0000000710600000| Untracked 
|  93|0x0000000710800000, 0x0000000710800000, 0x0000000710a00000|  0%| F|  |TAMS 0x0000000710800000, 0x0000000710800000| Untracked 
|  94|0x0000000710a00000, 0x0000000710a00000, 0x0000000710c00000|  0%| F|  |TAMS 0x0000000710a00000, 0x0000000710a00000| Untracked 
|  95|0x0000000710c00000, 0x0000000710c00000, 0x0000000710e00000|  0%| F|  |TAMS 0x0000000710c00000, 0x0000000710c00000| Untracked 
|  96|0x0000000710e00000, 0x0000000710e00000, 0x0000000711000000|  0%| F|  |TAMS 0x0000000710e00000, 0x0000000710e00000| Untracked 
|  97|0x0000000711000000, 0x0000000711000000, 0x0000000711200000|  0%| F|  |TAMS 0x0000000711000000, 0x0000000711000000| Untracked 
|  98|0x0000000711200000, 0x0000000711200000, 0x0000000711400000|  0%| F|  |TAMS 0x0000000711200000, 0x0000000711200000| Untracked 
|  99|0x0000000711400000, 0x0000000711400000, 0x0000000711600000|  0%| F|  |TAMS 0x0000000711400000, 0x0000000711400000| Untracked 
| 100|0x0000000711600000, 0x0000000711600000, 0x0000000711800000|  0%| F|  |TAMS 0x0000000711600000, 0x0000000711600000| Untracked 
| 101|0x0000000711800000, 0x0000000711800000, 0x0000000711a00000|  0%| F|  |TAMS 0x0000000711800000, 0x0000000711800000| Untracked 
| 102|0x0000000711a00000, 0x0000000711a00000, 0x0000000711c00000|  0%| F|  |TAMS 0x0000000711a00000, 0x0000000711a00000| Untracked 
| 103|0x0000000711c00000, 0x0000000711c00000, 0x0000000711e00000|  0%| F|  |TAMS 0x0000000711c00000, 0x0000000711c00000| Untracked 
| 104|0x0000000711e00000, 0x0000000711e00000, 0x0000000712000000|  0%| F|  |TAMS 0x0000000711e00000, 0x0000000711e00000| Untracked 
| 105|0x0000000712000000, 0x0000000712000000, 0x0000000712200000|  0%| F|  |TAMS 0x0000000712000000, 0x0000000712000000| Untracked 
| 106|0x0000000712200000, 0x0000000712200000, 0x0000000712400000|  0%| F|  |TAMS 0x0000000712200000, 0x0000000712200000| Untracked 
| 107|0x0000000712400000, 0x0000000712400000, 0x0000000712600000|  0%| F|  |TAMS 0x0000000712400000, 0x0000000712400000| Untracked 
| 108|0x0000000712600000, 0x0000000712600000, 0x0000000712800000|  0%| F|  |TAMS 0x0000000712600000, 0x0000000712600000| Untracked 
| 109|0x0000000712800000, 0x0000000712800000, 0x0000000712a00000|  0%| F|  |TAMS 0x0000000712800000, 0x0000000712800000| Untracked 
| 110|0x0000000712a00000, 0x0000000712a00000, 0x0000000712c00000|  0%| F|  |TAMS 0x0000000712a00000, 0x0000000712a00000| Untracked 
| 111|0x0000000712c00000, 0x0000000712c00000, 0x0000000712e00000|  0%| F|  |TAMS 0x0000000712c00000, 0x0000000712c00000| Untracked 
| 112|0x0000000712e00000, 0x0000000712e00000, 0x0000000713000000|  0%| F|  |TAMS 0x0000000712e00000, 0x0000000712e00000| Untracked 
| 113|0x0000000713000000, 0x0000000713000000, 0x0000000713200000|  0%| F|  |TAMS 0x0000000713000000, 0x0000000713000000| Untracked 
| 114|0x0000000713200000, 0x0000000713200000, 0x0000000713400000|  0%| F|  |TAMS 0x0000000713200000, 0x0000000713200000| Untracked 
| 115|0x0000000713400000, 0x0000000713400000, 0x0000000713600000|  0%| F|  |TAMS 0x0000000713400000, 0x0000000713400000| Untracked 
| 116|0x0000000713600000, 0x0000000713600000, 0x0000000713800000|  0%| F|  |TAMS 0x0000000713600000, 0x0000000713600000| Untracked 
| 117|0x0000000713800000, 0x0000000713800000, 0x0000000713a00000|  0%| F|  |TAMS 0x0000000713800000, 0x0000000713800000| Untracked 
| 118|0x0000000713a00000, 0x0000000713a00000, 0x0000000713c00000|  0%| F|  |TAMS 0x0000000713a00000, 0x0000000713a00000| Untracked 
| 119|0x0000000713c00000, 0x0000000713c00000, 0x0000000713e00000|  0%| F|  |TAMS 0x0000000713c00000, 0x0000000713c00000| Untracked 
| 120|0x0000000713e00000, 0x0000000713e00000, 0x0000000714000000|  0%| F|  |TAMS 0x0000000713e00000, 0x0000000713e00000| Untracked 
| 121|0x0000000714000000, 0x0000000714000000, 0x0000000714200000|  0%| F|  |TAMS 0x0000000714000000, 0x0000000714000000| Untracked 
| 122|0x0000000714200000, 0x0000000714200000, 0x0000000714400000|  0%| F|  |TAMS 0x0000000714200000, 0x0000000714200000| Untracked 
| 123|0x0000000714400000, 0x0000000714400000, 0x0000000714600000|  0%| F|  |TAMS 0x0000000714400000, 0x0000000714400000| Untracked 
| 124|0x0000000714600000, 0x0000000714800000, 0x0000000714800000|100%| E|  |TAMS 0x0000000714600000, 0x0000000714600000| Complete 
| 125|0x0000000714800000, 0x0000000714a00000, 0x0000000714a00000|100%| E|CS|TAMS 0x0000000714800000, 0x0000000714800000| Complete 

Card table byte_map: [0x0000020e986e0000,0x0000020e98ec0000] _byte_map_base: 0x0000020e94eb9000

Marking Bits (Prev, Next): (CMBitMap*) 0x0000020e808c5050, (CMBitMap*) 0x0000020e808c5090
 Prev Bits: [0x0000020e996a0000, 0x0000020e9d568000)
 Next Bits: [0x0000020e9d570000, 0x0000020ea1438000)

Polling page: 0x0000020e80000000

Metaspace:

Usage:
  Non-class:    509.20 KB used.
      Class:     28.80 KB used.
       Both:    538.00 KB used.

Virtual space:
  Non-class space:       64.00 MB reserved,     576.00 KB ( <1%) committed,  1 nodes.
      Class space:        1.00 GB reserved,     128.00 KB ( <1%) committed,  1 nodes.
             Both:        1.06 GB reserved,     704.00 KB ( <1%) committed. 

Chunk freelists:
   Non-Class:  3.97 MB
       Class:  3.73 MB
        Both:  7.70 MB

MaxMetaspaceSize: unlimited
CompressedClassSpaceSize: 1.00 GB
Initial GC threshold: 21.00 MB
Current GC threshold: 21.00 MB
CDS: on
MetaspaceReclaimPolicy: balanced
 - commit_granule_bytes: 65536.
 - commit_granule_words: 8192.
 - virtual_space_node_default_size: 8388608.
 - enlarge_chunks_in_place: 1.
 - new_chunks_are_fully_committed: 0.
 - uncommit_free_chunks: 1.
 - use_allocation_guard: 0.


Internal statistics:

num_allocs_failed_limit: 0.
num_arena_births: 22.
num_arena_deaths: 0.
num_vsnodes_births: 2.
num_vsnodes_deaths: 0.
num_space_committed: 11.
num_space_uncommitted: 0.
num_chunks_returned_to_freelist: 0.
num_chunks_taken_from_freelist: 27.
num_chunk_merges: 0.
num_chunk_splits: 16.
num_chunks_enlarged: 10.
num_inconsistent_stats: 0.

CodeHeap 'non-profiled nmethods': size=120000Kb used=71Kb max_used=71Kb free=119928Kb
 bounds [0x0000020e90260000, 0x0000020e904d0000, 0x0000020e97790000]
CodeHeap 'profiled nmethods': size=120000Kb used=209Kb max_used=209Kb free=119790Kb
 bounds [0x0000020e88790000, 0x0000020e88a00000, 0x0000020e8fcc0000]
CodeHeap 'non-nmethods': size=5760Kb used=1199Kb max_used=1202Kb free=4560Kb
 bounds [0x0000020e8fcc0000, 0x0000020e8ff30000, 0x0000020e90260000]
 total_blobs=600 nmethods=205 adapters=306
 compilation: enabled
              stopped_count=0, restarted_count=0
 full_count=0

Compilation events (20 events):
Event: 0.102 Thread 0x0000020ea842d640 nmethod 191 0x0000020e887c0f90 code [0x0000020e887c1140, 0x0000020e887c1268]
Event: 0.102 Thread 0x0000020ea842d640  193       3       jdk.internal.org.objectweb.asm.Symbol::<init> (38 bytes)
Event: 0.102 Thread 0x0000020ea8429cb0 nmethod 190 0x0000020e90270d90 code [0x0000020e90270f20, 0x0000020e90271018]
Event: 0.102 Thread 0x0000020ea842d640 nmethod 193 0x0000020e887c1310 code [0x0000020e887c14c0, 0x0000020e887c1778]
Event: 0.102 Thread 0x0000020ea842d640  197       3       jdk.internal.org.objectweb.asm.ByteVector::putByte (39 bytes)
Event: 0.102 Thread 0x0000020ea842d640 nmethod 197 0x0000020e887c1890 code [0x0000020e887c1a40, 0x0000020e887c1c28]
Event: 0.102 Thread 0x0000020ea842d640  198       3       jdk.internal.org.objectweb.asm.SymbolTable::put (150 bytes)
Event: 0.102 Thread 0x0000020ea842d640 nmethod 198 0x0000020e887c1d90 code [0x0000020e887c1f80, 0x0000020e887c2858]
Event: 0.102 Thread 0x0000020ea842d640  199       1       java.lang.invoke.MethodTypeForm::parameterSlotCount (5 bytes)
Event: 0.102 Thread 0x0000020ea842d640 nmethod 199 0x0000020e90271790 code [0x0000020e90271920, 0x0000020e902719d8]
Event: 0.102 Thread 0x0000020ea842d640  195       1       java.lang.invoke.MethodType$ConcurrentWeakInternSet$WeakEntry::hashCode (5 bytes)
Event: 0.102 Thread 0x0000020ea842d640 nmethod 195 0x0000020e90271a90 code [0x0000020e90271c20, 0x0000020e90271cd8]
Event: 0.107 Thread 0x0000020ea842d640  202       3       java.lang.StringLatin1::newString (24 bytes)
Event: 0.107 Thread 0x0000020ea842d640 nmethod 202 0x0000020e887c2b10 code [0x0000020e887c2ce0, 0x0000020e887c3008]
Event: 0.110 Thread 0x0000020ea842d640  203       3       java.lang.String::charAt (25 bytes)
Event: 0.110 Thread 0x0000020ea842d640 nmethod 203 0x0000020e887c3110 code [0x0000020e887c3300, 0x0000020e887c3858]
Event: 0.110 Thread 0x0000020ea842d640  204       3       java.lang.invoke.MethodType::methodType (69 bytes)
Event: 0.110 Thread 0x0000020ea842d640 nmethod 204 0x0000020e887c3b10 code [0x0000020e887c3d20, 0x0000020e887c4218]
Event: 0.111 Thread 0x0000020ea842d640  205       3       java.lang.System::getSecurityManager (12 bytes)
Event: 0.111 Thread 0x0000020ea842d640 nmethod 205 0x0000020e887c4390 code [0x0000020e887c4540, 0x0000020e887c46b8]

GC Heap History (0 events):
No events

Dll operation events (8 events):
Event: 0.014 Loaded shared library C:\Users\osayli\.jdks\openjdk-19.0.1\bin\java.dll
Event: 0.021 Loaded shared library C:\Users\osayli\.jdks\openjdk-19.0.1\bin\jsvml.dll
Event: 0.080 Loaded shared library C:\Users\osayli\.jdks\openjdk-19.0.1\bin\zip.dll
Event: 0.083 Loaded shared library C:\Users\osayli\.jdks\openjdk-19.0.1\bin\instrument.dll
Event: 0.091 Loaded shared library C:\Users\osayli\.jdks\openjdk-19.0.1\bin\net.dll
Event: 0.094 Loaded shared library C:\Users\osayli\.jdks\openjdk-19.0.1\bin\nio.dll
Event: 0.098 Loaded shared library C:\Users\osayli\.jdks\openjdk-19.0.1\bin\zip.dll
Event: 0.107 Loaded shared library C:\Program Files (x86)\JetBrains\IntelliJ IDEA Community Edition 2022.1.1\bin\breakgen64.dll

Deoptimization events (4 events):
Event: 0.109 Thread 0x0000020e80856560 Uncommon trap: trap_request=0xffffff45 fr.pc=0x0000020e90270fc8 relative=0x00000000000000a8
Event: 0.109 Thread 0x0000020e80856560 Uncommon trap: reason=unstable_if action=reinterpret pc=0x0000020e90270fc8 method=java.lang.String.isLatin1()Z @ 10 c2
Event: 0.110 Thread 0x0000020e80856560 DEOPT PACKING pc=0x0000020e90270fc8 sp=0x000000c1cf9ff040
Event: 0.110 Thread 0x0000020e80856560 DEOPT UNPACKING pc=0x0000020e8fd26da3 sp=0x000000c1cf9fef80 mode 2

Classes loaded (20 events):
Event: 0.100 Loading class java/lang/invoke/BoundMethodHandle$Species_LL
Event: 0.101 Loading class java/lang/invoke/BoundMethodHandle$Species_LL done
Event: 0.101 Loading class java/lang/invoke/BoundMethodHandle$Species_LLL
Event: 0.101 Loading class java/lang/invoke/BoundMethodHandle$Species_LLL done
Event: 0.103 Loading class java/lang/reflect/InvocationTargetException
Event: 0.103 Loading class java/lang/reflect/InvocationTargetException done
Event: 0.107 Loading class java/io/Reader
Event: 0.107 Loading class java/io/Reader done
Event: 0.107 Loading class java/io/InputStreamReader
Event: 0.107 Loading class java/io/InputStreamReader done
Event: 0.108 Loading class java/net/Socket
Event: 0.109 Loading class jdk/internal/vm/PostVMInitHook
Event: 0.109 Loading class jdk/internal/vm/PostVMInitHook done
Event: 0.109 Loading class java/net/Socket done
Event: 0.110 Loading class jdk/internal/loader/URLClassPath$FileLoader$1
Event: 0.110 Loading class jdk/internal/loader/URLClassPath$FileLoader$1 done
Event: 0.110 Loading class java/net/InetSocketAddress
Event: 0.110 Loading class java/net/SocketAddress
Event: 0.110 Loading class java/net/SocketAddress done
Event: 0.110 Loading class java/net/InetSocketAddress done

Classes unloaded (0 events):
No events

Classes redefined (0 events):
No events

Internal exceptions (2 events):
Event: 0.099 Thread 0x0000020e80856560 Exception <a 'java/lang/NoSuchMethodError'{0x00000007146c40a0}: 'void java.lang.invoke.DirectMethodHandle$Holder.invokeStatic(java.lang.Object, java.lang.Object, java.lang.Object)'> (0x00000007146c40a0) 
thrown [s\open\src\hotspot\share\interpreter\linkResolver.cpp, line 774]
Event: 0.102 Thread 0x0000020e80856560 Exception <a 'java/lang/NoSuchMethodError'{0x00000007146dc698}: 'java.lang.Object java.lang.invoke.Invokers$Holder.invokeExact_MT(java.lang.Object, java.lang.Object, java.lang.Object, java.lang.Object, java.lang.Object)'> (0x00000007146dc698) 
thrown [s\open\src\hotspot\share\interpreter\linkResolver.cpp, line 774]

VM Operations (2 events):
Event: 0.066 Executing VM operation: HandshakeAllThreads
Event: 0.067 Executing VM operation: HandshakeAllThreads done

Events (16 events):
Event: 0.021 Thread 0x0000020e80856560 Thread added: 0x0000020e80856560
Event: 0.038 Thread 0x0000020ea8410940 Thread added: 0x0000020ea8410940
Event: 0.038 Thread 0x0000020ea8411630 Thread added: 0x0000020ea8411630
Event: 0.039 Thread 0x0000020ea84166b0 Thread added: 0x0000020ea84166b0
Event: 0.039 Thread 0x0000020ea841c3e0 Thread added: 0x0000020ea841c3e0
Event: 0.039 Thread 0x0000020ea841cf90 Thread added: 0x0000020ea841cf90
Event: 0.039 Thread 0x0000020ea8425a10 Thread added: 0x0000020ea8425a10
Event: 0.039 Thread 0x0000020ea8429cb0 Thread added: 0x0000020ea8429cb0
Event: 0.039 Thread 0x0000020ea842d640 Thread added: 0x0000020ea842d640
Event: 0.039 Thread 0x0000020ea842ffc0 Thread added: 0x0000020ea842ffc0
Event: 0.059 Thread 0x0000020ea3b66550 Thread added: 0x0000020ea3b66550
Event: 0.107 Thread 0x0000020ea85fb4c0 Thread added: 0x0000020ea85fb4c0
Event: 0.109 Thread 0x0000020ea85fbe10 Thread added: 0x0000020ea85fbe10
Event: 0.111 Thread 0x0000020e80856560 Thread exited: 0x0000020e80856560
Event: 0.111 Thread 0x0000020e80856560 Thread added: 0x0000020e80856560
Event: 0.112 Thread 0x0000020e80856560 Thread exited: 0x0000020e80856560


Dynamic libraries:
0x00007ff632b90000 - 0x00007ff632b9e000 	C:\Users\osayli\.jdks\openjdk-19.0.1\bin\java.exe
0x00007fff0adf0000 - 0x00007fff0afe8000 	C:\WINDOWS\SYSTEM32\ntdll.dll
0x00007fff0ab40000 - 0x00007fff0abff000 	C:\WINDOWS\System32\KERNEL32.DLL
0x00007fff0a860000 - 0x00007fff0ab32000 	C:\WINDOWS\System32\KERNELBASE.dll
0x000000004e1b0000 - 0x000000004e1eb000 	C:\WINDOWS\System32\cyinjct.dll
0x00007fff0a6e0000 - 0x00007fff0a6ec000 	C:\WINDOWS\System32\ntnativeapi.dll
0x00007fff02d20000 - 0x00007fff02d37000 	C:\Users\osayli\.jdks\openjdk-19.0.1\bin\jli.dll
0x0000020efe2d0000 - 0x0000020efe471000 	C:\WINDOWS\System32\USER32.dll
0x00007fff083c0000 - 0x00007fff083e2000 	C:\WINDOWS\System32\win32u.dll
0x00007fff09600000 - 0x00007fff0962b000 	C:\WINDOWS\System32\GDI32.dll
0x00007fff085f0000 - 0x00007fff086ff000 	C:\WINDOWS\System32\gdi32full.dll
0x00007fff08990000 - 0x00007fff08a2d000 	C:\WINDOWS\System32\msvcp_win.dll
0x0000020efe480000 - 0x0000020efe580000 	C:\WINDOWS\System32\ucrtbase.dll
0x00007ffef3fc0000 - 0x00007ffef3fdb000 	C:\Users\osayli\.jdks\openjdk-19.0.1\bin\VCRUNTIME140.dll
0x00007fff078d0000 - 0x00007fff07b6a000 	C:\WINDOWS\WinSxS\amd64_microsoft.windows.common-controls_6595b64144ccf1df_6.0.19041.1110_none_60b5254171f9507e\COMCTL32.dll
0x00007fff09560000 - 0x00007fff095fe000 	C:\WINDOWS\System32\msvcrt.dll
0x00007fff0a6c0000 - 0x00007fff0a6de000 	C:\WINDOWS\System32\cyvera.dll
0x00007fff0a650000 - 0x00007fff0a6b8000 	C:\WINDOWS\System32\cyvrtrap.dll
0x00007fff08e30000 - 0x00007fff08e62000 	C:\WINDOWS\System32\IMM32.DLL
0x00007fff02c20000 - 0x00007fff02c2c000 	C:\Users\osayli\.jdks\openjdk-19.0.1\bin\vcruntime140_1.dll
0x00007ffeceb90000 - 0x00007ffecec1e000 	C:\Users\osayli\.jdks\openjdk-19.0.1\bin\msvcp140.dll
0x00007ffe7d940000 - 0x00007ffe7e600000 	C:\Users\osayli\.jdks\openjdk-19.0.1\bin\server\jvm.dll
0x00007fff094b0000 - 0x00007fff0955e000 	C:\WINDOWS\System32\ADVAPI32.dll
0x00007fff09ca0000 - 0x00007fff09d3c000 	C:\WINDOWS\System32\sechost.dll
0x00007fff0a730000 - 0x00007fff0a855000 	C:\WINDOWS\System32\RPCRT4.dll
0x00007ffeb6210000 - 0x00007ffeb6219000 	C:\WINDOWS\SYSTEM32\WSOCK32.dll
0x00007fff0a580000 - 0x00007fff0a5eb000 	C:\WINDOWS\System32\WS2_32.dll
0x00007ffefad70000 - 0x00007ffefad97000 	C:\WINDOWS\SYSTEM32\WINMM.dll
0x00007fff05f30000 - 0x00007fff05f3a000 	C:\WINDOWS\SYSTEM32\VERSION.dll
0x00007fff05cf0000 - 0x00007fff05d02000 	C:\WINDOWS\SYSTEM32\kernel.appcore.dll
0x00007ffefe700000 - 0x00007ffefe70a000 	C:\Users\osayli\.jdks\openjdk-19.0.1\bin\jimage.dll
0x00007fff07dd0000 - 0x00007fff07fb4000 	C:\WINDOWS\SYSTEM32\DBGHELP.DLL
0x00007fff07d10000 - 0x00007fff07d45000 	C:\WINDOWS\SYSTEM32\dbgcore.DLL
0x00007fff08900000 - 0x00007fff08982000 	C:\WINDOWS\System32\bcryptPrimitives.dll
0x00007ffef0550000 - 0x00007ffef055e000 	C:\Users\osayli\.jdks\openjdk-19.0.1\bin\instrument.dll
0x00007ffeddce0000 - 0x00007ffeddd06000 	C:\Users\osayli\.jdks\openjdk-19.0.1\bin\java.dll
0x00007fff0a610000 - 0x00007fff0a647000 	C:\Program Files\Palo Alto Networks\Traps\cyjagent.dll
0x00007ffeb84a0000 - 0x00007ffeb8577000 	C:\Users\osayli\.jdks\openjdk-19.0.1\bin\jsvml.dll
0x00007fff09d40000 - 0x00007fff0a484000 	C:\WINDOWS\System32\SHELL32.dll
0x00007fff054f0000 - 0x00007fff05c82000 	C:\WINDOWS\SYSTEM32\windows.storage.dll
0x00007fff09700000 - 0x00007fff09a55000 	C:\WINDOWS\System32\combase.dll
0x00007fff075e0000 - 0x00007fff07610000 	C:\WINDOWS\SYSTEM32\Wldp.dll
0x00007fff08af0000 - 0x00007fff08b9d000 	C:\WINDOWS\System32\SHCORE.dll
0x00007fff08a90000 - 0x00007fff08ae5000 	C:\WINDOWS\System32\shlwapi.dll
0x00007fff08300000 - 0x00007fff0831f000 	C:\WINDOWS\SYSTEM32\profapi.dll
0x00007ffee9a20000 - 0x00007ffee9a38000 	C:\Users\osayli\.jdks\openjdk-19.0.1\bin\zip.dll
0x00007ffef3fa0000 - 0x00007ffef3fb3000 	C:\Users\osayli\.jdks\openjdk-19.0.1\bin\net.dll
0x00007fff06cd0000 - 0x00007fff06ddc000 	C:\WINDOWS\SYSTEM32\WINHTTP.dll
0x00007fff073a0000 - 0x00007fff0740a000 	C:\WINDOWS\system32\mswsock.dll
0x00007ffeefc60000 - 0x00007ffeefc76000 	C:\Users\osayli\.jdks\openjdk-19.0.1\bin\nio.dll
0x00007ffed8880000 - 0x00007ffed889a000 	C:\Program Files (x86)\JetBrains\IntelliJ IDEA Community Edition 2022.1.1\bin\breakgen64.dll

dbghelp: loaded successfully - version: 4.0.5 - missing functions: none
symbol engine: initialized successfully - sym options: 0x614 - pdb path: .;C:\Users\osayli\.jdks\openjdk-19.0.1\bin;C:\WINDOWS\SYSTEM32;C:\WINDOWS\WinSxS\amd64_microsoft.windows.common-controls_6595b64144ccf1df_6.0.19041.1110_none_60b5254171f9507e;C:\Users\osayli\.jdks\openjdk-19.0.1\bin\server;C:\Program Files\Palo Alto Networks\Traps;C:\Program Files (x86)\JetBrains\IntelliJ IDEA Community Edition 2022.1.1\bin

VM Arguments:
jvm_args: -javaagent:C:\Program Files (x86)\JetBrains\IntelliJ IDEA Community Edition 2022.1.1\lib\idea_rt.jar=61190:C:\Program Files (x86)\JetBrains\IntelliJ IDEA Community Edition 2022.1.1\bin -Dfile.encoding=UTF-8 -agentpath:C:\Program Files\Palo Alto Networks\Traps\cyjagent.dll 
java_command: leetCode.Medium.MQ028FindTheIndexOfTheFirstOccurrenceInAString
java_class_path (initial): C:\Users\osayli\IdeaProjects\InterviewCodeChallenges\out\production\InterviewCodeChallenges
Launcher Type: SUN_STANDARD

[Global flags]
     intx CICompilerCount                          = 4                                         {product} {ergonomic}
     uint ConcGCThreads                            = 3                                         {product} {ergonomic}
     uint G1ConcRefinementThreads                  = 10                                        {product} {ergonomic}
   size_t G1HeapRegionSize                         = 2097152                                   {product} {ergonomic}
    uintx GCDrainStackTargetSize                   = 64                                        {product} {ergonomic}
   size_t InitialHeapSize                          = 264241152                                 {product} {ergonomic}
   size_t MarkStackSize                            = 4194304                                   {product} {ergonomic}
   size_t MaxHeapSize                              = 4213178368                                {product} {ergonomic}
   size_t MaxNewSize                               = 2527068160                                {product} {ergonomic}
   size_t MinHeapDeltaBytes                        = 2097152                                   {product} {ergonomic}
   size_t MinHeapSize                              = 8388608                                   {product} {ergonomic}
    uintx NonNMethodCodeHeapSize                   = 5839372                                {pd product} {ergonomic}
    uintx NonProfiledCodeHeapSize                  = 122909434                              {pd product} {ergonomic}
    uintx ProfiledCodeHeapSize                     = 122909434                              {pd product} {ergonomic}
    uintx ReservedCodeCacheSize                    = 251658240                              {pd product} {ergonomic}
     bool SegmentedCodeCache                       = true                                      {product} {ergonomic}
   size_t SoftMaxHeapSize                          = 4213178368                             {manageable} {ergonomic}
     bool UseCompressedClassPointers               = true                           {product lp64_product} {ergonomic}
     bool UseCompressedOops                        = true                           {product lp64_product} {ergonomic}
     bool UseG1GC                                  = true                                      {product} {ergonomic}
     bool UseLargePagesIndividualAllocation        = false                                  {pd product} {ergonomic}

Logging:
Log output configuration:
 #0: stdout all=warning uptime,level,tags foldmultilines=false
 #1: stderr all=off uptime,level,tags foldmultilines=false

Environment Variables:
PATH=C:\WINDOWS\system32;C:\WINDOWS;C:\WINDOWS\System32\Wbem;C:\WINDOWS\System32\WindowsPowerShell\v1.0\;C:\WINDOWS\System32\OpenSSH\;C:\Program Files\dotnet\;C:\Program Files (x86)\Pulse Secure\VC142.CRT\X64\;C:\Program Files (x86)\Pulse Secure\VC142.CRT\X86\;C:\Program Files (x86)\Common Files\Pulse Secure\TNC Client Plugin\;C:\Program Files\Microsoft SQL Server\150\Tools\Binn\;C:\Program Files\Microsoft SQL Server\Client SDK\ODBC\170\Tools\Binn\;C:\Program Files\nodejs\;C:\Program Files\Git\cmd;C:\Program Files (x86)\Microsoft SQL Server\150\DTS\Binn\;C:\Program Files\Azure Data Studio\bin;C:\Users\osayli\AppData\Local\Microsoft\WindowsApps;;C:\Users\osayli\AppData\Local\Programs\Microsoft VS Code\bin;C:\Users\osayli\.dotnet\tools
USERNAME=osayli
OS=Windows_NT
PROCESSOR_IDENTIFIER=Intel64 Family 6 Model 154 Stepping 4, GenuineIntel
TMP=C:\Users\osayli\AppData\Local\Temp
TEMP=C:\Users\osayli\AppData\Local\Temp



---------------  S Y S T E M  ---------------

OS:
 Windows 10 , 64 bit Build 19041 (10.0.19041.2364)
OS uptime: 0 days 0:55 hours
Hyper-V role detected

CPU: total 12 (initial active 12) (6 cores per cpu, 2 threads per core) family 6 model 154 stepping 4 microcode 0x41b, cx8, cmov, fxsr, ht, mmx, 3dnowpref, sse, sse2, sse3, ssse3, sse4.1, sse4.2, popcnt, lzcnt, tsc, tscinvbit, avx, avx2, aes, erms, clmul, bmi1, bmi2, adx, sha, fma, vzeroupper, clflush, clflushopt, clwb, hv, rdtscp, rdpid, fsrm

Memory: 4k page, system-wide physical 16068M (3974M free)
TotalPageFile size 22468M (AvailPageFile size 8036M)
current process WorkingSet (physical memory assigned to process): 35M, peak: 35M
current process commit charge ("private bytes"): 346M, peak: 347M

vm_info: OpenJDK 64-Bit Server VM (19.0.1+10-21) for windows-amd64 JRE (19.0.1+10-21), built on 2022-09-14T12:45:06Z by "mach5one" with MS VC++ 17.1 (VS2022)

END.
