#
# A fatal error has been detected by the Java Runtime Environment:
#
#  EXCEPTION_ACCESS_VIOLATION (0xc0000005) at pc=0x00007fffc7fbc164, pid=14912, tid=17028
#
# JRE version: OpenJDK Runtime Environment (19.0.1+10) (build 19.0.1+10-21)
# Java VM: OpenJDK 64-Bit Server VM (19.0.1+10-21, mixed mode, sharing, tiered, compressed oops, compressed class ptrs, g1 gc, windows-amd64)
# Problematic frame:
# C  [cyjagent.dll+0xc164]
#
# No core dump will be written. Minidumps are not enabled by default on client versions of Windows
#
# If you would like to submit a bug report, please visit:
#   https://bugreport.java.com/bugreport/crash.jsp
# The crash happened outside the Java Virtual Machine in native code.
# See problematic frame for where to report the bug.
#

---------------  S U M M A R Y ------------

Command Line: -javaagent:C:\Program Files (x86)\JetBrains\IntelliJ IDEA Community Edition 2022.1.1\lib\idea_rt.jar=54051:C:\Program Files (x86)\JetBrains\IntelliJ IDEA Community Edition 2022.1.1\bin -Dfile.encoding=UTF-8 -agentpath:C:\Program Files\Palo Alto Networks\Traps\cyjagent.dll leetCode.Easy.EQ27RemoveElement

Host: 12th Gen Intel(R) Core(TM) i5-1235U, 12 cores, 15G,  Windows 10 , 64 bit Build 19041 (10.0.19041.2364)
Time: Mon Dec 19 17:34:48 2022 Turkey Standard Time elapsed time: 0.132651 seconds (0d 0h 0m 0s)

---------------  T H R E A D  ---------------

Current thread (0x000001977b2d6940):  JavaThread "Monitor Ctrl-Break" daemon [_thread_in_native, id=17028, stack(0x00000084f4c00000,0x00000084f4d00000)]

Stack: [0x00000084f4c00000,0x00000084f4d00000],  sp=0x00000084f4cfdca0,  free space=1015k
Native frames: (J=compiled Java code, j=interpreted, Vv=VM code, C=native code)
C  [cyjagent.dll+0xc164]

Java frames: (J=compiled Java code, j=interpreted, Vv=VM code)
j  java.net.InetAddress.<clinit>()V+95 java.base@19.0.1
v  ~StubRoutines::call_stub 0x00000197669a100e
j  java.net.InetSocketAddress.<init>(Ljava/lang/String;I)V+15 java.base@19.0.1
j  java.net.Socket.<init>(Ljava/lang/String;I)V+11 java.base@19.0.1
j  com.intellij.rt.execution.application.AppMainV2$1.run()V+10
v  ~StubRoutines::call_stub 0x00000197669a100e

siginfo: EXCEPTION_ACCESS_VIOLATION (0xc0000005), reading address 0x0000000000000000


Registers:
RAX=0x0000000000000000, RBX=0x000001977b2d6c20, RCX=0x0000000000000000, RDX=0x000001975548dc50
RSP=0x00000084f4cfdca0, RBP=0x000001975f45f8d0, RSI=0x0000000000000000, RDI=0x000001977b327fc0
R8 =0x00000084f4cfdb18, R9 =0x000001975f45f8d0, R10=0x0000000000000000, R11=0x0000000000000246
R12=0x000001977b327fc0, R13=0x0000000000000000, R14=0x000001977b2d6940, R15=0x0000000000000000
RIP=0x00007fffc7fbc164, EFLAGS=0x0000000000010202


Register to memory mapping:

RIP=0x00007fffc7fbc164 cyjagent.dll
RAX=0x0 is NULL
RBX=0x000001977b2d6c20 points into unknown readable memory: 0x00007fff7162f9a0 | a0 f9 62 71 ff 7f 00 00
RCX=0x0 is NULL
RDX=0x000001975548dc50 points into unknown readable memory: 0x000001977b2d6940 | 40 69 2d 7b 97 01 00 00
RSP=0x00000084f4cfdca0 is pointing into the stack for thread: 0x000001977b2d6940
RBP=0x000001975f45f8d0 points into unknown readable memory: 0x000001975f360750 | 50 07 36 5f 97 01 00 00
RSI=0x0 is NULL
RDI=0x000001977b327fc0 points into unknown readable memory: 0x74656e2f6176616a | 6a 61 76 61 2f 6e 65 74
R8 =0x00000084f4cfdb18 is pointing into the stack for thread: 0x000001977b2d6940
R9 =0x000001975f45f8d0 points into unknown readable memory: 0x000001975f360750 | 50 07 36 5f 97 01 00 00
R10=0x0 is NULL
R11=0x0000000000000246 is an unknown value
R12=0x000001977b327fc0 points into unknown readable memory: 0x74656e2f6176616a | 6a 61 76 61 2f 6e 65 74
R13=0x0 is NULL
R14=0x000001977b2d6940 is a thread
R15=0x0 is NULL


Top of Stack: (sp=0x00000084f4cfdca0)
0x00000084f4cfdca0:   000001977b327fc0 000001977b2d6c20
0x00000084f4cfdcb0:   000001977b4936d0 000001977b3169c0
0x00000084f4cfdcc0:   0000000000000000 00007fff70f38040
0x00000084f4cfdcd0:   00000008005385b0 000001975f45f8d0
0x00000084f4cfdce0:   0000000000000018 0000000000000000
0x00000084f4cfdcf0:   000001975548c930 0000000000000000
0x00000084f4cfdd00:   00000084f4cfdef8 00007fff7105f06e
0x00000084f4cfdd10:   000001975548c930 0000000000000000
0x00000084f4cfdd20:   00000084f4cfdec0 0000000000000000
0x00000084f4cfdd30:   000001977b327fc0 0000000000000000
0x00000084f4cfdd40:   000001970000034a 000001977b316a10
0x00000084f4cfdd50:   00000084f4cfde48 00000084f4cfdd68
0x00000084f4cfdd60:   0000000000000000 0000000000000000
0x00000084f4cfdd70:   0000000000000000 00000000dd42d030
0x00000084f4cfdd80:   000001977b4936d0 000001977b327fb0
0x00000084f4cfdd90:   000001977b327fe0 000001977b32ff98 

Instructions: (pc=0x00007fffc7fbc164)
0x00007fffc7fbc064:   00 00 03 72 2d 44 8b ce 48 8d 05 9d e0 01 00 ba
0x00007fffc7fbc074:   2f 00 00 00 4e 8b 0c c8 48 8b 89 90 02 00 00 4c
0x00007fffc7fbc084:   8d 05 b6 df 01 00 e8 b1 50 ff ff 48 8b 0d 4a 39
0x00007fffc7fbc094:   02 00 48 3b cb 74 68 f6 81 9c 02 00 00 10 74 5f
0x00007fffc7fbc0a4:   80 b9 99 02 00 00 02 72 56 4c 8b 8c 24 90 00 00
0x00007fffc7fbc0b4:   00 4c 8d 05 84 df 01 00 48 8b 89 90 02 00 00 ba
0x00007fffc7fbc0c4:   31 00 00 00 e8 73 50 ff ff eb 34 49 8b 0f 4c 8b
0x00007fffc7fbc0d4:   c3 48 8b d6 e8 d3 63 00 00 48 8b 84 24 b0 00 00
0x00007fffc7fbc0e4:   00 89 18 48 8b 0d ca 4c 02 00 4c 8b c6 33 d2 ff
0x00007fffc7fbc0f4:   15 e7 50 01 00 eb 08 a8 02 75 04 c6 47 40 01 b8
0x00007fffc7fbc104:   ff ff ff ff f0 0f c1 47 10 4c 8b b4 24 88 00 00
0x00007fffc7fbc114:   00 83 f8 01 75 42 48 8b 4f 18 48 81 c1 70 01 00
0x00007fffc7fbc124:   00 ff 15 7d 51 01 00 48 8b 0f 48 8b 47 08 48 89
0x00007fffc7fbc134:   08 48 89 41 08 48 8b 4f 18 48 81 c1 70 01 00 00
0x00007fffc7fbc144:   ff 15 66 51 01 00 48 8b 0d 67 4c 02 00 4c 8b c7
0x00007fffc7fbc154:   33 d2 ff 15 84 50 01 00 48 8b 4d 20 48 8b 55 10
0x00007fffc7fbc164:   48 8b 01 48 8b 80 08 01 00 00 ff 15 6c 51 01 00
0x00007fffc7fbc174:   85 c0 74 40 48 8b 0d 61 38 02 00 48 8d 15 5a 38
0x00007fffc7fbc184:   02 00 48 3b ca 74 2d f6 81 9c 02 00 00 10 74 24
0x00007fffc7fbc194:   80 b9 99 02 00 00 03 72 1b 48 8b 89 90 02 00 00
0x00007fffc7fbc1a4:   4c 8d 05 95 de 01 00 ba 15 00 00 00 44 8b c8 e8
0x00007fffc7fbc1b4:   c8 4e ff ff 48 8b 6c 24 78 48 8b b4 24 80 00 00
0x00007fffc7fbc1c4:   00 48 83 c4 50 41 5f 5f 5b c3 cc cc 40 57 48 83
0x00007fffc7fbc1d4:   ec 30 f6 81 78 01 00 00 04 48 8b f9 0f 85 87 02
0x00007fffc7fbc1e4:   00 00 48 89 5c 24 40 45 33 c9 48 89 6c 24 48 33
0x00007fffc7fbc1f4:   d2 48 89 74 24 50 48 8b 71 20 45 8d 41 32 48 8b
0x00007fffc7fbc204:   ce 48 8b 06 48 8b 40 08 ff 15 ce 50 01 00 48 8d
0x00007fffc7fbc214:   2d c7 37 02 00 85 c0 74 37 48 8b 0d bc 37 02 00
0x00007fffc7fbc224:   48 3b cd 74 2b f6 81 9c 02 00 00 10 74 22 80 b9
0x00007fffc7fbc234:   99 02 00 00 02 72 19 48 8b 89 90 02 00 00 ba 11
0x00007fffc7fbc244:   00 00 00 89 44 24 20 44 8d 4a 21 e8 7c dc ff ff
0x00007fffc7fbc254:   48 8b 06 45 33 c9 33 d2 48 8b ce 48 8b 40 08 45 


Stack slot to memory mapping:
stack at sp + 0 slots: 0x000001977b327fc0 points into unknown readable memory: 0x74656e2f6176616a | 6a 61 76 61 2f 6e 65 74
stack at sp + 1 slots: 0x000001977b2d6c20 points into unknown readable memory: 0x00007fff7162f9a0 | a0 f9 62 71 ff 7f 00 00
stack at sp + 2 slots: 0x000001977b4936d0 points into unknown readable memory: 0x00007fff00000002 | 02 00 00 00 ff 7f 00 00
stack at sp + 3 slots: 0x000001977b3169c0 points into unknown readable memory: 0x000001977b327fb0 | b0 7f 32 7b 97 01 00 00
stack at sp + 4 slots: 0x0 is NULL
stack at sp + 5 slots: 0x00007fff70f38040 jvm.dll
stack at sp + 6 slots: 0x00000008005385b0 is pointing into metadata
stack at sp + 7 slots: 0x000001975f45f8d0 points into unknown readable memory: 0x000001975f360750 | 50 07 36 5f 97 01 00 00


---------------  P R O C E S S  ---------------

Threads class SMR info:
_java_thread_list=0x000001977b501210, length=12, elements={
0x000001977b295c00, 0x000001977b2969f0, 0x000001977b298ed0, 0x000001977b29cd90,
0x000001977b29dad0, 0x000001977b2a3240, 0x000001977b2afa70, 0x000001977b2d3160,
0x000001977b2d7e80, 0x000001977b2d83d0, 0x000001977b2d6940, 0x000001977b2d8920
}

Java Threads: ( => current thread )
  0x000001977b295c00 JavaThread "Reference Handler" daemon [_thread_blocked, id=20104, stack(0x00000084f4200000,0x00000084f4300000)]
  0x000001977b2969f0 JavaThread "Finalizer" daemon [_thread_blocked, id=9872, stack(0x00000084f4300000,0x00000084f4400000)]
  0x000001977b298ed0 JavaThread "Signal Dispatcher" daemon [_thread_blocked, id=8616, stack(0x00000084f4400000,0x00000084f4500000)]
  0x000001977b29cd90 JavaThread "Attach Listener" daemon [_thread_blocked, id=11412, stack(0x00000084f4500000,0x00000084f4600000)]
  0x000001977b29dad0 JavaThread "Service Thread" daemon [_thread_blocked, id=6044, stack(0x00000084f4600000,0x00000084f4700000)]
  0x000001977b2a3240 JavaThread "Monitor Deflation Thread" daemon [_thread_blocked, id=15728, stack(0x00000084f4700000,0x00000084f4800000)]
  0x000001977b2afa70 JavaThread "C2 CompilerThread0" daemon [_thread_blocked, id=19608, stack(0x00000084f4800000,0x00000084f4900000)]
  0x000001977b2d3160 JavaThread "C1 CompilerThread0" daemon [_thread_blocked, id=19640, stack(0x00000084f4900000,0x00000084f4a00000)]
  0x000001977b2d7e80 JavaThread "Sweeper thread" daemon [_thread_blocked, id=4052, stack(0x00000084f4a00000,0x00000084f4b00000)]
  0x000001977b2d83d0 JavaThread "Common-Cleaner" daemon [_thread_blocked, id=16928, stack(0x00000084f4b00000,0x00000084f4c00000)]
=>0x000001977b2d6940 JavaThread "Monitor Ctrl-Break" daemon [_thread_in_native, id=17028, stack(0x00000084f4c00000,0x00000084f4d00000)]
  0x000001977b2d8920 JavaThread "Notification Thread" daemon [_thread_blocked, id=17328, stack(0x00000084f4d00000,0x00000084f4e00000)]

Other Threads:
  0x000001977b27e0f0 VMThread "VM Thread" [stack: 0x00000084f4100000,0x00000084f4200000] [id=4736] _threads_hazard_ptr=0x000001977b501210
  0x0000019755b23420 WorkerThread "GC Thread#0" [stack: 0x00000084f3c00000,0x00000084f3d00000] [id=4016]
  0x0000019755b34030 ConcurrentGCThread "G1 Main Marker" terminated
  0x0000019755b35a70 WorkerThread "G1 Conc#0" [stack: 0x00000084f3e00000,0x00000084f3f00000] [id=9224]
  0x000001977af08ce0 ConcurrentGCThread "G1 Refine#0" terminated
  0x000001977af09820 ConcurrentGCThread "G1 Service" terminated

Threads with active compile tasks:

VM state: at safepoint (normal execution)

VM Mutex/Monitor currently owned by a thread:  ([mutex/lock_event])
[0x0000019755ab06a0] Threads_lock - owner thread: 0x000001977b27e0f0
[0x0000019755ab0d60] Heap_lock - owner thread: 0x000001977b2d63f0

Heap address: 0x0000000704e00000, size: 4018 MB, Compressed Oops mode: Zero based, Oop shift amount: 3

CDS archive(s) mapped at: [0x0000000800000000-0x0000000800c30000-0x0000000800c30000), size 12779520, SharedBaseAddress: 0x0000000800000000, ArchiveRelocationMode: 0.
Compressed class space mapped at: 0x0000000801000000-0x0000000841000000, reserved size: 1073741824
Narrow klass base: 0x0000000800000000, Narrow klass shift: 0, Narrow klass range: 0x100000000

GC Precious Log:
 CardTable entry size: 512
 Card Set container configuration: InlinePtr #cards 4 size 8 Array Of Cards #cards 16 size 48 Howl #buckets 8 coarsen threshold 3686 Howl Bitmap #cards 512 size 80 coarsen threshold 460 Card regions per heap region 1 cards per card region 4096
 CPUs: 12 total, 12 available
 Memory: 16068M
 Large Page Support: Disabled
 NUMA Support: Disabled
 Compressed Oops: Enabled (Zero based)
 Heap Region Size: 2M
 Heap Min Capacity: 8M
 Heap Initial Capacity: 252M
 Heap Max Capacity: 4018M
 Pre-touch: Disabled
 Parallel Workers: 10
 Concurrent Workers: 3
 Concurrent Refinement Workers: 10
 Periodic GC: Disabled

Heap:
 garbage-first heap   total 258048K, used 2048K [0x0000000704e00000, 0x0000000800000000)
  region size 2048K, 2 young (4096K), 0 survivors (0K)
 Metaspace       used 575K, committed 768K, reserved 1114112K
  class space    used 29K, committed 128K, reserved 1048576K

Heap Regions: E=young(eden), S=young(survivor), O=old, HS=humongous(starts), HC=humongous(continues), CS=collection set, F=free, OA=open archive, CA=closed archive, TAMS=top-at-mark-start (previous, next)
|   0|0x0000000704e00000, 0x0000000704e00000, 0x0000000705000000|  0%| F|  |TAMS 0x0000000704e00000, 0x0000000704e00000| Untracked 
|   1|0x0000000705000000, 0x0000000705000000, 0x0000000705200000|  0%| F|  |TAMS 0x0000000705000000, 0x0000000705000000| Untracked 
|   2|0x0000000705200000, 0x0000000705200000, 0x0000000705400000|  0%| F|  |TAMS 0x0000000705200000, 0x0000000705200000| Untracked 
|   3|0x0000000705400000, 0x0000000705400000, 0x0000000705600000|  0%| F|  |TAMS 0x0000000705400000, 0x0000000705400000| Untracked 
|   4|0x0000000705600000, 0x0000000705600000, 0x0000000705800000|  0%| F|  |TAMS 0x0000000705600000, 0x0000000705600000| Untracked 
|   5|0x0000000705800000, 0x0000000705800000, 0x0000000705a00000|  0%| F|  |TAMS 0x0000000705800000, 0x0000000705800000| Untracked 
|   6|0x0000000705a00000, 0x0000000705a00000, 0x0000000705c00000|  0%| F|  |TAMS 0x0000000705a00000, 0x0000000705a00000| Untracked 
|   7|0x0000000705c00000, 0x0000000705c00000, 0x0000000705e00000|  0%| F|  |TAMS 0x0000000705c00000, 0x0000000705c00000| Untracked 
|   8|0x0000000705e00000, 0x0000000705e00000, 0x0000000706000000|  0%| F|  |TAMS 0x0000000705e00000, 0x0000000705e00000| Untracked 
|   9|0x0000000706000000, 0x0000000706000000, 0x0000000706200000|  0%| F|  |TAMS 0x0000000706000000, 0x0000000706000000| Untracked 
|  10|0x0000000706200000, 0x0000000706200000, 0x0000000706400000|  0%| F|  |TAMS 0x0000000706200000, 0x0000000706200000| Untracked 
|  11|0x0000000706400000, 0x0000000706400000, 0x0000000706600000|  0%| F|  |TAMS 0x0000000706400000, 0x0000000706400000| Untracked 
|  12|0x0000000706600000, 0x0000000706600000, 0x0000000706800000|  0%| F|  |TAMS 0x0000000706600000, 0x0000000706600000| Untracked 
|  13|0x0000000706800000, 0x0000000706800000, 0x0000000706a00000|  0%| F|  |TAMS 0x0000000706800000, 0x0000000706800000| Untracked 
|  14|0x0000000706a00000, 0x0000000706a00000, 0x0000000706c00000|  0%| F|  |TAMS 0x0000000706a00000, 0x0000000706a00000| Untracked 
|  15|0x0000000706c00000, 0x0000000706c00000, 0x0000000706e00000|  0%| F|  |TAMS 0x0000000706c00000, 0x0000000706c00000| Untracked 
|  16|0x0000000706e00000, 0x0000000706e00000, 0x0000000707000000|  0%| F|  |TAMS 0x0000000706e00000, 0x0000000706e00000| Untracked 
|  17|0x0000000707000000, 0x0000000707000000, 0x0000000707200000|  0%| F|  |TAMS 0x0000000707000000, 0x0000000707000000| Untracked 
|  18|0x0000000707200000, 0x0000000707200000, 0x0000000707400000|  0%| F|  |TAMS 0x0000000707200000, 0x0000000707200000| Untracked 
|  19|0x0000000707400000, 0x0000000707400000, 0x0000000707600000|  0%| F|  |TAMS 0x0000000707400000, 0x0000000707400000| Untracked 
|  20|0x0000000707600000, 0x0000000707600000, 0x0000000707800000|  0%| F|  |TAMS 0x0000000707600000, 0x0000000707600000| Untracked 
|  21|0x0000000707800000, 0x0000000707800000, 0x0000000707a00000|  0%| F|  |TAMS 0x0000000707800000, 0x0000000707800000| Untracked 
|  22|0x0000000707a00000, 0x0000000707a00000, 0x0000000707c00000|  0%| F|  |TAMS 0x0000000707a00000, 0x0000000707a00000| Untracked 
|  23|0x0000000707c00000, 0x0000000707c00000, 0x0000000707e00000|  0%| F|  |TAMS 0x0000000707c00000, 0x0000000707c00000| Untracked 
|  24|0x0000000707e00000, 0x0000000707e00000, 0x0000000708000000|  0%| F|  |TAMS 0x0000000707e00000, 0x0000000707e00000| Untracked 
|  25|0x0000000708000000, 0x0000000708000000, 0x0000000708200000|  0%| F|  |TAMS 0x0000000708000000, 0x0000000708000000| Untracked 
|  26|0x0000000708200000, 0x0000000708200000, 0x0000000708400000|  0%| F|  |TAMS 0x0000000708200000, 0x0000000708200000| Untracked 
|  27|0x0000000708400000, 0x0000000708400000, 0x0000000708600000|  0%| F|  |TAMS 0x0000000708400000, 0x0000000708400000| Untracked 
|  28|0x0000000708600000, 0x0000000708600000, 0x0000000708800000|  0%| F|  |TAMS 0x0000000708600000, 0x0000000708600000| Untracked 
|  29|0x0000000708800000, 0x0000000708800000, 0x0000000708a00000|  0%| F|  |TAMS 0x0000000708800000, 0x0000000708800000| Untracked 
|  30|0x0000000708a00000, 0x0000000708a00000, 0x0000000708c00000|  0%| F|  |TAMS 0x0000000708a00000, 0x0000000708a00000| Untracked 
|  31|0x0000000708c00000, 0x0000000708c00000, 0x0000000708e00000|  0%| F|  |TAMS 0x0000000708c00000, 0x0000000708c00000| Untracked 
|  32|0x0000000708e00000, 0x0000000708e00000, 0x0000000709000000|  0%| F|  |TAMS 0x0000000708e00000, 0x0000000708e00000| Untracked 
|  33|0x0000000709000000, 0x0000000709000000, 0x0000000709200000|  0%| F|  |TAMS 0x0000000709000000, 0x0000000709000000| Untracked 
|  34|0x0000000709200000, 0x0000000709200000, 0x0000000709400000|  0%| F|  |TAMS 0x0000000709200000, 0x0000000709200000| Untracked 
|  35|0x0000000709400000, 0x0000000709400000, 0x0000000709600000|  0%| F|  |TAMS 0x0000000709400000, 0x0000000709400000| Untracked 
|  36|0x0000000709600000, 0x0000000709600000, 0x0000000709800000|  0%| F|  |TAMS 0x0000000709600000, 0x0000000709600000| Untracked 
|  37|0x0000000709800000, 0x0000000709800000, 0x0000000709a00000|  0%| F|  |TAMS 0x0000000709800000, 0x0000000709800000| Untracked 
|  38|0x0000000709a00000, 0x0000000709a00000, 0x0000000709c00000|  0%| F|  |TAMS 0x0000000709a00000, 0x0000000709a00000| Untracked 
|  39|0x0000000709c00000, 0x0000000709c00000, 0x0000000709e00000|  0%| F|  |TAMS 0x0000000709c00000, 0x0000000709c00000| Untracked 
|  40|0x0000000709e00000, 0x0000000709e00000, 0x000000070a000000|  0%| F|  |TAMS 0x0000000709e00000, 0x0000000709e00000| Untracked 
|  41|0x000000070a000000, 0x000000070a000000, 0x000000070a200000|  0%| F|  |TAMS 0x000000070a000000, 0x000000070a000000| Untracked 
|  42|0x000000070a200000, 0x000000070a200000, 0x000000070a400000|  0%| F|  |TAMS 0x000000070a200000, 0x000000070a200000| Untracked 
|  43|0x000000070a400000, 0x000000070a400000, 0x000000070a600000|  0%| F|  |TAMS 0x000000070a400000, 0x000000070a400000| Untracked 
|  44|0x000000070a600000, 0x000000070a600000, 0x000000070a800000|  0%| F|  |TAMS 0x000000070a600000, 0x000000070a600000| Untracked 
|  45|0x000000070a800000, 0x000000070a800000, 0x000000070aa00000|  0%| F|  |TAMS 0x000000070a800000, 0x000000070a800000| Untracked 
|  46|0x000000070aa00000, 0x000000070aa00000, 0x000000070ac00000|  0%| F|  |TAMS 0x000000070aa00000, 0x000000070aa00000| Untracked 
|  47|0x000000070ac00000, 0x000000070ac00000, 0x000000070ae00000|  0%| F|  |TAMS 0x000000070ac00000, 0x000000070ac00000| Untracked 
|  48|0x000000070ae00000, 0x000000070ae00000, 0x000000070b000000|  0%| F|  |TAMS 0x000000070ae00000, 0x000000070ae00000| Untracked 
|  49|0x000000070b000000, 0x000000070b000000, 0x000000070b200000|  0%| F|  |TAMS 0x000000070b000000, 0x000000070b000000| Untracked 
|  50|0x000000070b200000, 0x000000070b200000, 0x000000070b400000|  0%| F|  |TAMS 0x000000070b200000, 0x000000070b200000| Untracked 
|  51|0x000000070b400000, 0x000000070b400000, 0x000000070b600000|  0%| F|  |TAMS 0x000000070b400000, 0x000000070b400000| Untracked 
|  52|0x000000070b600000, 0x000000070b600000, 0x000000070b800000|  0%| F|  |TAMS 0x000000070b600000, 0x000000070b600000| Untracked 
|  53|0x000000070b800000, 0x000000070b800000, 0x000000070ba00000|  0%| F|  |TAMS 0x000000070b800000, 0x000000070b800000| Untracked 
|  54|0x000000070ba00000, 0x000000070ba00000, 0x000000070bc00000|  0%| F|  |TAMS 0x000000070ba00000, 0x000000070ba00000| Untracked 
|  55|0x000000070bc00000, 0x000000070bc00000, 0x000000070be00000|  0%| F|  |TAMS 0x000000070bc00000, 0x000000070bc00000| Untracked 
|  56|0x000000070be00000, 0x000000070be00000, 0x000000070c000000|  0%| F|  |TAMS 0x000000070be00000, 0x000000070be00000| Untracked 
|  57|0x000000070c000000, 0x000000070c000000, 0x000000070c200000|  0%| F|  |TAMS 0x000000070c000000, 0x000000070c000000| Untracked 
|  58|0x000000070c200000, 0x000000070c200000, 0x000000070c400000|  0%| F|  |TAMS 0x000000070c200000, 0x000000070c200000| Untracked 
|  59|0x000000070c400000, 0x000000070c400000, 0x000000070c600000|  0%| F|  |TAMS 0x000000070c400000, 0x000000070c400000| Untracked 
|  60|0x000000070c600000, 0x000000070c600000, 0x000000070c800000|  0%| F|  |TAMS 0x000000070c600000, 0x000000070c600000| Untracked 
|  61|0x000000070c800000, 0x000000070c800000, 0x000000070ca00000|  0%| F|  |TAMS 0x000000070c800000, 0x000000070c800000| Untracked 
|  62|0x000000070ca00000, 0x000000070ca00000, 0x000000070cc00000|  0%| F|  |TAMS 0x000000070ca00000, 0x000000070ca00000| Untracked 
|  63|0x000000070cc00000, 0x000000070cc00000, 0x000000070ce00000|  0%| F|  |TAMS 0x000000070cc00000, 0x000000070cc00000| Untracked 
|  64|0x000000070ce00000, 0x000000070ce00000, 0x000000070d000000|  0%| F|  |TAMS 0x000000070ce00000, 0x000000070ce00000| Untracked 
|  65|0x000000070d000000, 0x000000070d000000, 0x000000070d200000|  0%| F|  |TAMS 0x000000070d000000, 0x000000070d000000| Untracked 
|  66|0x000000070d200000, 0x000000070d200000, 0x000000070d400000|  0%| F|  |TAMS 0x000000070d200000, 0x000000070d200000| Untracked 
|  67|0x000000070d400000, 0x000000070d400000, 0x000000070d600000|  0%| F|  |TAMS 0x000000070d400000, 0x000000070d400000| Untracked 
|  68|0x000000070d600000, 0x000000070d600000, 0x000000070d800000|  0%| F|  |TAMS 0x000000070d600000, 0x000000070d600000| Untracked 
|  69|0x000000070d800000, 0x000000070d800000, 0x000000070da00000|  0%| F|  |TAMS 0x000000070d800000, 0x000000070d800000| Untracked 
|  70|0x000000070da00000, 0x000000070da00000, 0x000000070dc00000|  0%| F|  |TAMS 0x000000070da00000, 0x000000070da00000| Untracked 
|  71|0x000000070dc00000, 0x000000070dc00000, 0x000000070de00000|  0%| F|  |TAMS 0x000000070dc00000, 0x000000070dc00000| Untracked 
|  72|0x000000070de00000, 0x000000070de00000, 0x000000070e000000|  0%| F|  |TAMS 0x000000070de00000, 0x000000070de00000| Untracked 
|  73|0x000000070e000000, 0x000000070e000000, 0x000000070e200000|  0%| F|  |TAMS 0x000000070e000000, 0x000000070e000000| Untracked 
|  74|0x000000070e200000, 0x000000070e200000, 0x000000070e400000|  0%| F|  |TAMS 0x000000070e200000, 0x000000070e200000| Untracked 
|  75|0x000000070e400000, 0x000000070e400000, 0x000000070e600000|  0%| F|  |TAMS 0x000000070e400000, 0x000000070e400000| Untracked 
|  76|0x000000070e600000, 0x000000070e600000, 0x000000070e800000|  0%| F|  |TAMS 0x000000070e600000, 0x000000070e600000| Untracked 
|  77|0x000000070e800000, 0x000000070e800000, 0x000000070ea00000|  0%| F|  |TAMS 0x000000070e800000, 0x000000070e800000| Untracked 
|  78|0x000000070ea00000, 0x000000070ea00000, 0x000000070ec00000|  0%| F|  |TAMS 0x000000070ea00000, 0x000000070ea00000| Untracked 
|  79|0x000000070ec00000, 0x000000070ec00000, 0x000000070ee00000|  0%| F|  |TAMS 0x000000070ec00000, 0x000000070ec00000| Untracked 
|  80|0x000000070ee00000, 0x000000070ee00000, 0x000000070f000000|  0%| F|  |TAMS 0x000000070ee00000, 0x000000070ee00000| Untracked 
|  81|0x000000070f000000, 0x000000070f000000, 0x000000070f200000|  0%| F|  |TAMS 0x000000070f000000, 0x000000070f000000| Untracked 
|  82|0x000000070f200000, 0x000000070f200000, 0x000000070f400000|  0%| F|  |TAMS 0x000000070f200000, 0x000000070f200000| Untracked 
|  83|0x000000070f400000, 0x000000070f400000, 0x000000070f600000|  0%| F|  |TAMS 0x000000070f400000, 0x000000070f400000| Untracked 
|  84|0x000000070f600000, 0x000000070f600000, 0x000000070f800000|  0%| F|  |TAMS 0x000000070f600000, 0x000000070f600000| Untracked 
|  85|0x000000070f800000, 0x000000070f800000, 0x000000070fa00000|  0%| F|  |TAMS 0x000000070f800000, 0x000000070f800000| Untracked 
|  86|0x000000070fa00000, 0x000000070fa00000, 0x000000070fc00000|  0%| F|  |TAMS 0x000000070fa00000, 0x000000070fa00000| Untracked 
|  87|0x000000070fc00000, 0x000000070fc00000, 0x000000070fe00000|  0%| F|  |TAMS 0x000000070fc00000, 0x000000070fc00000| Untracked 
|  88|0x000000070fe00000, 0x000000070fe00000, 0x0000000710000000|  0%| F|  |TAMS 0x000000070fe00000, 0x000000070fe00000| Untracked 
|  89|0x0000000710000000, 0x0000000710000000, 0x0000000710200000|  0%| F|  |TAMS 0x0000000710000000, 0x0000000710000000| Untracked 
|  90|0x0000000710200000, 0x0000000710200000, 0x0000000710400000|  0%| F|  |TAMS 0x0000000710200000, 0x0000000710200000| Untracked 
|  91|0x0000000710400000, 0x0000000710400000, 0x0000000710600000|  0%| F|  |TAMS 0x0000000710400000, 0x0000000710400000| Untracked 
|  92|0x0000000710600000, 0x0000000710600000, 0x0000000710800000|  0%| F|  |TAMS 0x0000000710600000, 0x0000000710600000| Untracked 
|  93|0x0000000710800000, 0x0000000710800000, 0x0000000710a00000|  0%| F|  |TAMS 0x0000000710800000, 0x0000000710800000| Untracked 
|  94|0x0000000710a00000, 0x0000000710a00000, 0x0000000710c00000|  0%| F|  |TAMS 0x0000000710a00000, 0x0000000710a00000| Untracked 
|  95|0x0000000710c00000, 0x0000000710c00000, 0x0000000710e00000|  0%| F|  |TAMS 0x0000000710c00000, 0x0000000710c00000| Untracked 
|  96|0x0000000710e00000, 0x0000000710e00000, 0x0000000711000000|  0%| F|  |TAMS 0x0000000710e00000, 0x0000000710e00000| Untracked 
|  97|0x0000000711000000, 0x0000000711000000, 0x0000000711200000|  0%| F|  |TAMS 0x0000000711000000, 0x0000000711000000| Untracked 
|  98|0x0000000711200000, 0x0000000711200000, 0x0000000711400000|  0%| F|  |TAMS 0x0000000711200000, 0x0000000711200000| Untracked 
|  99|0x0000000711400000, 0x0000000711400000, 0x0000000711600000|  0%| F|  |TAMS 0x0000000711400000, 0x0000000711400000| Untracked 
| 100|0x0000000711600000, 0x0000000711600000, 0x0000000711800000|  0%| F|  |TAMS 0x0000000711600000, 0x0000000711600000| Untracked 
| 101|0x0000000711800000, 0x0000000711800000, 0x0000000711a00000|  0%| F|  |TAMS 0x0000000711800000, 0x0000000711800000| Untracked 
| 102|0x0000000711a00000, 0x0000000711a00000, 0x0000000711c00000|  0%| F|  |TAMS 0x0000000711a00000, 0x0000000711a00000| Untracked 
| 103|0x0000000711c00000, 0x0000000711c00000, 0x0000000711e00000|  0%| F|  |TAMS 0x0000000711c00000, 0x0000000711c00000| Untracked 
| 104|0x0000000711e00000, 0x0000000711e00000, 0x0000000712000000|  0%| F|  |TAMS 0x0000000711e00000, 0x0000000711e00000| Untracked 
| 105|0x0000000712000000, 0x0000000712000000, 0x0000000712200000|  0%| F|  |TAMS 0x0000000712000000, 0x0000000712000000| Untracked 
| 106|0x0000000712200000, 0x0000000712200000, 0x0000000712400000|  0%| F|  |TAMS 0x0000000712200000, 0x0000000712200000| Untracked 
| 107|0x0000000712400000, 0x0000000712400000, 0x0000000712600000|  0%| F|  |TAMS 0x0000000712400000, 0x0000000712400000| Untracked 
| 108|0x0000000712600000, 0x0000000712600000, 0x0000000712800000|  0%| F|  |TAMS 0x0000000712600000, 0x0000000712600000| Untracked 
| 109|0x0000000712800000, 0x0000000712800000, 0x0000000712a00000|  0%| F|  |TAMS 0x0000000712800000, 0x0000000712800000| Untracked 
| 110|0x0000000712a00000, 0x0000000712a00000, 0x0000000712c00000|  0%| F|  |TAMS 0x0000000712a00000, 0x0000000712a00000| Untracked 
| 111|0x0000000712c00000, 0x0000000712c00000, 0x0000000712e00000|  0%| F|  |TAMS 0x0000000712c00000, 0x0000000712c00000| Untracked 
| 112|0x0000000712e00000, 0x0000000712e00000, 0x0000000713000000|  0%| F|  |TAMS 0x0000000712e00000, 0x0000000712e00000| Untracked 
| 113|0x0000000713000000, 0x0000000713000000, 0x0000000713200000|  0%| F|  |TAMS 0x0000000713000000, 0x0000000713000000| Untracked 
| 114|0x0000000713200000, 0x0000000713200000, 0x0000000713400000|  0%| F|  |TAMS 0x0000000713200000, 0x0000000713200000| Untracked 
| 115|0x0000000713400000, 0x0000000713400000, 0x0000000713600000|  0%| F|  |TAMS 0x0000000713400000, 0x0000000713400000| Untracked 
| 116|0x0000000713600000, 0x0000000713600000, 0x0000000713800000|  0%| F|  |TAMS 0x0000000713600000, 0x0000000713600000| Untracked 
| 117|0x0000000713800000, 0x0000000713800000, 0x0000000713a00000|  0%| F|  |TAMS 0x0000000713800000, 0x0000000713800000| Untracked 
| 118|0x0000000713a00000, 0x0000000713a00000, 0x0000000713c00000|  0%| F|  |TAMS 0x0000000713a00000, 0x0000000713a00000| Untracked 
| 119|0x0000000713c00000, 0x0000000713c00000, 0x0000000713e00000|  0%| F|  |TAMS 0x0000000713c00000, 0x0000000713c00000| Untracked 
| 120|0x0000000713e00000, 0x0000000713e00000, 0x0000000714000000|  0%| F|  |TAMS 0x0000000713e00000, 0x0000000713e00000| Untracked 
| 121|0x0000000714000000, 0x0000000714000000, 0x0000000714200000|  0%| F|  |TAMS 0x0000000714000000, 0x0000000714000000| Untracked 
| 122|0x0000000714200000, 0x0000000714200000, 0x0000000714400000|  0%| F|  |TAMS 0x0000000714200000, 0x0000000714200000| Untracked 
| 123|0x0000000714400000, 0x0000000714400000, 0x0000000714600000|  0%| F|  |TAMS 0x0000000714400000, 0x0000000714400000| Untracked 
| 124|0x0000000714600000, 0x0000000714800000, 0x0000000714800000|100%| E|  |TAMS 0x0000000714600000, 0x0000000714600000| Complete 
| 125|0x0000000714800000, 0x0000000714a00000, 0x0000000714a00000|100%| E|CS|TAMS 0x0000000714800000, 0x0000000714800000| Complete 

Card table byte_map: [0x000001976f7e0000,0x000001976ffc0000] _byte_map_base: 0x000001976bfb9000

Marking Bits (Prev, Next): (CMBitMap*) 0x0000019755b23a50, (CMBitMap*) 0x0000019755b23a90
 Prev Bits: [0x00000197707a0000, 0x0000019774668000)
 Next Bits: [0x0000019774670000, 0x0000019778538000)

Polling page: 0x00000197559c0000

Metaspace:

Usage:
  Non-class:    546.69 KB used.
      Class:     29.29 KB used.
       Both:    575.98 KB used.

Virtual space:
  Non-class space:       64.00 MB reserved,     640.00 KB ( <1%) committed,  1 nodes.
      Class space:        1.00 GB reserved,     128.00 KB ( <1%) committed,  1 nodes.
             Both:        1.06 GB reserved,     768.00 KB ( <1%) committed. 

Chunk freelists:
   Non-Class:  3.97 MB
       Class:  3.73 MB
        Both:  7.70 MB

MaxMetaspaceSize: unlimited
CompressedClassSpaceSize: 1.00 GB
Initial GC threshold: 21.00 MB
Current GC threshold: 21.00 MB
CDS: on
MetaspaceReclaimPolicy: balanced
 - commit_granule_bytes: 65536.
 - commit_granule_words: 8192.
 - virtual_space_node_default_size: 8388608.
 - enlarge_chunks_in_place: 1.
 - new_chunks_are_fully_committed: 0.
 - uncommit_free_chunks: 1.
 - use_allocation_guard: 0.


Internal statistics:

num_allocs_failed_limit: 0.
num_arena_births: 22.
num_arena_deaths: 0.
num_vsnodes_births: 2.
num_vsnodes_deaths: 0.
num_space_committed: 12.
num_space_uncommitted: 0.
num_chunks_returned_to_freelist: 0.
num_chunks_taken_from_freelist: 27.
num_chunk_merges: 0.
num_chunk_splits: 16.
num_chunks_enlarged: 10.
num_inconsistent_stats: 0.

CodeHeap 'non-profiled nmethods': size=120000Kb used=69Kb max_used=69Kb free=119930Kb
 bounds [0x0000019766f40000, 0x00000197671b0000, 0x000001976e470000]
CodeHeap 'profiled nmethods': size=120000Kb used=214Kb max_used=214Kb free=119785Kb
 bounds [0x000001975f470000, 0x000001975f6e0000, 0x00000197669a0000]
CodeHeap 'non-nmethods': size=5760Kb used=1203Kb max_used=1203Kb free=4556Kb
 bounds [0x00000197669a0000, 0x0000019766c10000, 0x0000019766f40000]
 total_blobs=607 nmethods=207 adapters=311
 compilation: enabled
              stopped_count=0, restarted_count=0
 full_count=0

Compilation events (20 events):
Event: 0.114 Thread 0x000001977b2d3160  198       3       jdk.internal.org.objectweb.asm.SymbolTable$Entry::<init> (17 bytes)
Event: 0.114 Thread 0x000001977b2d3160 nmethod 198 0x000001975f4a1d10 code [0x000001975f4a1ec0, 0x000001975f4a2048]
Event: 0.114 Thread 0x000001977b2d3160  196       1       java.lang.invoke.MethodType$ConcurrentWeakInternSet$WeakEntry::hashCode (5 bytes)
Event: 0.114 Thread 0x000001977b2d3160 nmethod 196 0x0000019766f50b90 code [0x0000019766f50d20, 0x0000019766f50dd8]
Event: 0.114 Thread 0x000001977b2d3160  199       3       jdk.internal.org.objectweb.asm.ByteVector::putByte (39 bytes)
Event: 0.114 Thread 0x000001977b2d3160 nmethod 199 0x000001975f4a2110 code [0x000001975f4a22c0, 0x000001975f4a24a8]
Event: 0.114 Thread 0x000001977b2d3160  200       3       jdk.internal.org.objectweb.asm.ByteVector::putShort (52 bytes)
Event: 0.115 Thread 0x000001977b2d3160 nmethod 200 0x000001975f4a2610 code [0x000001975f4a27c0, 0x000001975f4a29c8]
Event: 0.115 Thread 0x000001977b2d3160  201       3       jdk.internal.org.objectweb.asm.SymbolTable::addConstantUtf8 (98 bytes)
Event: 0.115 Thread 0x000001977b2d3160 nmethod 201 0x000001975f4a2b10 code [0x000001975f4a2d40, 0x000001975f4a3358]
Event: 0.115 Thread 0x000001977b2d3160  202       3       jdk.internal.org.objectweb.asm.SymbolTable::put (150 bytes)
Event: 0.115 Thread 0x000001977b2d3160 nmethod 202 0x000001975f4a3690 code [0x000001975f4a3880, 0x000001975f4a4158]
Event: 0.115 Thread 0x000001977b2d3160  203       1       java.lang.invoke.MethodTypeForm::parameterSlotCount (5 bytes)
Event: 0.115 Thread 0x000001977b2d3160 nmethod 203 0x0000019766f51490 code [0x0000019766f51620, 0x0000019766f516d8]
Event: 0.121 Thread 0x000001977b2d3160  206       3       java.lang.String::charAt (25 bytes)
Event: 0.122 Thread 0x000001977b2d3160 nmethod 206 0x000001975f4a4410 code [0x000001975f4a4600, 0x000001975f4a4b58]
Event: 0.122 Thread 0x000001977b2d3160  207       3       java.lang.invoke.MethodType::methodType (69 bytes)
Event: 0.122 Thread 0x000001977b2d3160 nmethod 207 0x000001975f4a4e10 code [0x000001975f4a5020, 0x000001975f4a5518]
Event: 0.122 Thread 0x000001977b2d3160  208       3       java.lang.System::getSecurityManager (12 bytes)
Event: 0.122 Thread 0x000001977b2d3160 nmethod 208 0x000001975f4a5690 code [0x000001975f4a5840, 0x000001975f4a59b8]

GC Heap History (0 events):
No events

Dll operation events (8 events):
Event: 0.010 Loaded shared library C:\Users\osayli\.jdks\openjdk-19.0.1\bin\java.dll
Event: 0.017 Loaded shared library C:\Users\osayli\.jdks\openjdk-19.0.1\bin\jsvml.dll
Event: 0.087 Loaded shared library C:\Users\osayli\.jdks\openjdk-19.0.1\bin\zip.dll
Event: 0.091 Loaded shared library C:\Users\osayli\.jdks\openjdk-19.0.1\bin\instrument.dll
Event: 0.101 Loaded shared library C:\Users\osayli\.jdks\openjdk-19.0.1\bin\net.dll
Event: 0.104 Loaded shared library C:\Users\osayli\.jdks\openjdk-19.0.1\bin\nio.dll
Event: 0.109 Loaded shared library C:\Users\osayli\.jdks\openjdk-19.0.1\bin\zip.dll
Event: 0.119 Loaded shared library C:\Program Files (x86)\JetBrains\IntelliJ IDEA Community Edition 2022.1.1\bin\breakgen64.dll

Deoptimization events (4 events):
Event: 0.121 Thread 0x0000019755ab50d0 Uncommon trap: trap_request=0xffffff45 fr.pc=0x0000019766f503c8 relative=0x00000000000000a8
Event: 0.121 Thread 0x0000019755ab50d0 Uncommon trap: reason=unstable_if action=reinterpret pc=0x0000019766f503c8 method=java.lang.String.isLatin1()Z @ 10 c2
Event: 0.121 Thread 0x0000019755ab50d0 DEOPT PACKING pc=0x0000019766f503c8 sp=0x00000084f3bfebb0
Event: 0.121 Thread 0x0000019755ab50d0 DEOPT UNPACKING pc=0x0000019766a06da3 sp=0x00000084f3bfeaf0 mode 2

Classes loaded (20 events):
Event: 0.113 Loading class java/lang/invoke/BoundMethodHandle$Species_LLL
Event: 0.114 Loading class java/lang/invoke/BoundMethodHandle$Species_LLL done
Event: 0.116 Loading class java/lang/reflect/InvocationTargetException
Event: 0.116 Loading class java/lang/reflect/InvocationTargetException done
Event: 0.119 Loading class java/io/Reader
Event: 0.119 Loading class java/io/Reader done
Event: 0.119 Loading class java/io/InputStreamReader
Event: 0.119 Loading class java/io/InputStreamReader done
Event: 0.120 Loading class java/net/Socket
Event: 0.121 Loading class jdk/internal/vm/PostVMInitHook
Event: 0.121 Loading class jdk/internal/vm/PostVMInitHook done
Event: 0.121 Loading class java/net/Socket done
Event: 0.122 Loading class jdk/internal/loader/URLClassPath$FileLoader$1
Event: 0.122 Loading class jdk/internal/loader/URLClassPath$FileLoader$1 done
Event: 0.122 Loading class java/net/InetSocketAddress
Event: 0.122 Loading class java/net/SocketAddress
Event: 0.122 Loading class java/net/SocketAddress done
Event: 0.122 Loading class java/net/InetSocketAddress done
Event: 0.123 Loading class java/util/DualPivotQuicksort
Event: 0.123 Loading class java/util/DualPivotQuicksort done

Classes unloaded (0 events):
No events

Classes redefined (0 events):
No events

Internal exceptions (2 events):
Event: 0.111 Thread 0x0000019755ab50d0 Exception <a 'java/lang/NoSuchMethodError'{0x00000007146c3d30}: 'void java.lang.invoke.DirectMethodHandle$Holder.invokeStatic(java.lang.Object, java.lang.Object, java.lang.Object)'> (0x00000007146c3d30) 
thrown [s\open\src\hotspot\share\interpreter\linkResolver.cpp, line 774]
Event: 0.115 Thread 0x0000019755ab50d0 Exception <a 'java/lang/NoSuchMethodError'{0x00000007146dc328}: 'java.lang.Object java.lang.invoke.Invokers$Holder.invokeExact_MT(java.lang.Object, java.lang.Object, java.lang.Object, java.lang.Object, java.lang.Object)'> (0x00000007146dc328) 
thrown [s\open\src\hotspot\share\interpreter\linkResolver.cpp, line 774]

VM Operations (4 events):
Event: 0.071 Executing VM operation: HandshakeAllThreads
Event: 0.071 Executing VM operation: HandshakeAllThreads done
Event: 0.124 Executing VM operation: HandshakeAllThreads
Event: 0.124 Executing VM operation: HandshakeAllThreads done

Events (16 events):
Event: 0.018 Thread 0x0000019755ab50d0 Thread added: 0x0000019755ab50d0
Event: 0.038 Thread 0x000001977b295c00 Thread added: 0x000001977b295c00
Event: 0.039 Thread 0x000001977b2969f0 Thread added: 0x000001977b2969f0
Event: 0.040 Thread 0x000001977b298ed0 Thread added: 0x000001977b298ed0
Event: 0.040 Thread 0x000001977b29cd90 Thread added: 0x000001977b29cd90
Event: 0.040 Thread 0x000001977b29dad0 Thread added: 0x000001977b29dad0
Event: 0.040 Thread 0x000001977b2a3240 Thread added: 0x000001977b2a3240
Event: 0.040 Thread 0x000001977b2afa70 Thread added: 0x000001977b2afa70
Event: 0.040 Thread 0x000001977b2d3160 Thread added: 0x000001977b2d3160
Event: 0.040 Thread 0x000001977b2d7e80 Thread added: 0x000001977b2d7e80
Event: 0.064 Thread 0x000001977b2d83d0 Thread added: 0x000001977b2d83d0
Event: 0.120 Thread 0x000001977b2d6940 Thread added: 0x000001977b2d6940
Event: 0.121 Thread 0x000001977b2d8920 Thread added: 0x000001977b2d8920
Event: 0.124 Thread 0x0000019755ab50d0 Thread exited: 0x0000019755ab50d0
Event: 0.124 Thread 0x000001977b2d63f0 Thread added: 0x000001977b2d63f0
Event: 0.124 Thread 0x000001977b2d63f0 Thread exited: 0x000001977b2d63f0


Dynamic libraries:
0x00007ff672490000 - 0x00007ff67249e000 	C:\Users\osayli\.jdks\openjdk-19.0.1\bin\java.exe
0x00007fffc8790000 - 0x00007fffc8988000 	C:\WINDOWS\SYSTEM32\ntdll.dll
0x00007fffc84e0000 - 0x00007fffc859f000 	C:\WINDOWS\System32\KERNEL32.DLL
0x00007fffc8200000 - 0x00007fffc84d2000 	C:\WINDOWS\System32\KERNELBASE.dll
0x000000005d2b0000 - 0x000000005d2eb000 	C:\WINDOWS\System32\cyinjct.dll
0x00007fffc8080000 - 0x00007fffc808c000 	C:\WINDOWS\System32\ntnativeapi.dll
0x00007fffc0450000 - 0x00007fffc0467000 	C:\Users\osayli\.jdks\openjdk-19.0.1\bin\jli.dll
0x00000197555d0000 - 0x0000019755771000 	C:\WINDOWS\System32\USER32.dll
0x00007fffc6290000 - 0x00007fffc62b2000 	C:\WINDOWS\System32\win32u.dll
0x00007fffc6700000 - 0x00007fffc672b000 	C:\WINDOWS\System32\GDI32.dll
0x00007fffc5fd0000 - 0x00007fffc60df000 	C:\WINDOWS\System32\gdi32full.dll
0x00007fffc5f30000 - 0x00007fffc5fcd000 	C:\WINDOWS\System32\msvcp_win.dll
0x0000019755780000 - 0x0000019755880000 	C:\WINDOWS\System32\ucrtbase.dll
0x00007fffbf7c0000 - 0x00007fffbf7db000 	C:\Users\osayli\.jdks\openjdk-19.0.1\bin\VCRUNTIME140.dll
0x00007fff99360000 - 0x00007fff995fa000 	C:\WINDOWS\WinSxS\amd64_microsoft.windows.common-controls_6595b64144ccf1df_6.0.19041.1110_none_60b5254171f9507e\COMCTL32.dll
0x00007fffc7780000 - 0x00007fffc781e000 	C:\WINDOWS\System32\msvcrt.dll
0x00007fffc8060000 - 0x00007fffc807e000 	C:\WINDOWS\System32\cyvera.dll
0x00007fffc7ff0000 - 0x00007fffc8058000 	C:\WINDOWS\System32\cyvrtrap.dll
0x00007fffc7720000 - 0x00007fffc7752000 	C:\WINDOWS\System32\IMM32.DLL
0x00007fffc0430000 - 0x00007fffc043c000 	C:\Users\osayli\.jdks\openjdk-19.0.1\bin\vcruntime140_1.dll
0x00007fffbf6f0000 - 0x00007fffbf77e000 	C:\Users\osayli\.jdks\openjdk-19.0.1\bin\msvcp140.dll
0x00007fff70ad0000 - 0x00007fff71790000 	C:\Users\osayli\.jdks\openjdk-19.0.1\bin\server\jvm.dll
0x00007fffc7f00000 - 0x00007fffc7fae000 	C:\WINDOWS\System32\ADVAPI32.dll
0x00007fffc6f90000 - 0x00007fffc702c000 	C:\WINDOWS\System32\sechost.dll
0x00007fffc80d0000 - 0x00007fffc81f5000 	C:\WINDOWS\System32\RPCRT4.dll
0x00007fff90a90000 - 0x00007fff90a99000 	C:\WINDOWS\SYSTEM32\WSOCK32.dll
0x00007fffc7500000 - 0x00007fffc756b000 	C:\WINDOWS\System32\WS2_32.dll
0x00007fffbdee0000 - 0x00007fffbdf07000 	C:\WINDOWS\SYSTEM32\WINMM.dll
0x00007fffbed80000 - 0x00007fffbed8a000 	C:\WINDOWS\SYSTEM32\VERSION.dll
0x00007fffc4840000 - 0x00007fffc4852000 	C:\WINDOWS\SYSTEM32\kernel.appcore.dll
0x00007fffc03b0000 - 0x00007fffc03ba000 	C:\Users\osayli\.jdks\openjdk-19.0.1\bin\jimage.dll
0x00007fffbe4a0000 - 0x00007fffbe684000 	C:\WINDOWS\SYSTEM32\DBGHELP.DLL
0x00007fffbc8f0000 - 0x00007fffbc925000 	C:\WINDOWS\SYSTEM32\dbgcore.DLL
0x00007fffc6340000 - 0x00007fffc63c2000 	C:\WINDOWS\System32\bcryptPrimitives.dll
0x00007fffbe8b0000 - 0x00007fffbe8be000 	C:\Users\osayli\.jdks\openjdk-19.0.1\bin\instrument.dll
0x00007fffbe880000 - 0x00007fffbe8a6000 	C:\Users\osayli\.jdks\openjdk-19.0.1\bin\java.dll
0x00007fffc7fb0000 - 0x00007fffc7fe7000 	C:\Program Files\Palo Alto Networks\Traps\cyjagent.dll
0x00007fffb88b0000 - 0x00007fffb8987000 	C:\Users\osayli\.jdks\openjdk-19.0.1\bin\jsvml.dll
0x00007fffc6790000 - 0x00007fffc6ed4000 	C:\WINDOWS\System32\SHELL32.dll
0x00007fffc3be0000 - 0x00007fffc4372000 	C:\WINDOWS\SYSTEM32\windows.storage.dll
0x00007fffc70f0000 - 0x00007fffc7445000 	C:\WINDOWS\System32\combase.dll
0x00007fffc55f0000 - 0x00007fffc5620000 	C:\WINDOWS\SYSTEM32\Wldp.dll
0x00007fffc6650000 - 0x00007fffc66fd000 	C:\WINDOWS\System32\SHCORE.dll
0x00007fffc6730000 - 0x00007fffc6785000 	C:\WINDOWS\System32\shlwapi.dll
0x00007fffc5ca0000 - 0x00007fffc5cbf000 	C:\WINDOWS\SYSTEM32\profapi.dll
0x00007fffbe7c0000 - 0x00007fffbe7d8000 	C:\Users\osayli\.jdks\openjdk-19.0.1\bin\zip.dll
0x00007fffbbd70000 - 0x00007fffbbd83000 	C:\Users\osayli\.jdks\openjdk-19.0.1\bin\net.dll
0x00007fffc4ca0000 - 0x00007fffc4dac000 	C:\WINDOWS\SYSTEM32\WINHTTP.dll
0x00007fffc53e0000 - 0x00007fffc544a000 	C:\WINDOWS\system32\mswsock.dll
0x00007fffbbd20000 - 0x00007fffbbd36000 	C:\Users\osayli\.jdks\openjdk-19.0.1\bin\nio.dll
0x00007fffb8d00000 - 0x00007fffb8d1a000 	C:\Program Files (x86)\JetBrains\IntelliJ IDEA Community Edition 2022.1.1\bin\breakgen64.dll

dbghelp: loaded successfully - version: 4.0.5 - missing functions: none
symbol engine: initialized successfully - sym options: 0x614 - pdb path: .;C:\Users\osayli\.jdks\openjdk-19.0.1\bin;C:\WINDOWS\SYSTEM32;C:\WINDOWS\WinSxS\amd64_microsoft.windows.common-controls_6595b64144ccf1df_6.0.19041.1110_none_60b5254171f9507e;C:\Users\osayli\.jdks\openjdk-19.0.1\bin\server;C:\Program Files\Palo Alto Networks\Traps;C:\Program Files (x86)\JetBrains\IntelliJ IDEA Community Edition 2022.1.1\bin

VM Arguments:
jvm_args: -javaagent:C:\Program Files (x86)\JetBrains\IntelliJ IDEA Community Edition 2022.1.1\lib\idea_rt.jar=54051:C:\Program Files (x86)\JetBrains\IntelliJ IDEA Community Edition 2022.1.1\bin -Dfile.encoding=UTF-8 -agentpath:C:\Program Files\Palo Alto Networks\Traps\cyjagent.dll 
java_command: leetCode.Easy.EQ27RemoveElement
java_class_path (initial): C:\Users\osayli\IdeaProjects\InterviewCodeChallenges\out\production\InterviewCodeChallenges
Launcher Type: SUN_STANDARD

[Global flags]
     intx CICompilerCount                          = 4                                         {product} {ergonomic}
     uint ConcGCThreads                            = 3                                         {product} {ergonomic}
     uint G1ConcRefinementThreads                  = 10                                        {product} {ergonomic}
   size_t G1HeapRegionSize                         = 2097152                                   {product} {ergonomic}
    uintx GCDrainStackTargetSize                   = 64                                        {product} {ergonomic}
   size_t InitialHeapSize                          = 264241152                                 {product} {ergonomic}
   size_t MarkStackSize                            = 4194304                                   {product} {ergonomic}
   size_t MaxHeapSize                              = 4213178368                                {product} {ergonomic}
   size_t MaxNewSize                               = 2527068160                                {product} {ergonomic}
   size_t MinHeapDeltaBytes                        = 2097152                                   {product} {ergonomic}
   size_t MinHeapSize                              = 8388608                                   {product} {ergonomic}
    uintx NonNMethodCodeHeapSize                   = 5839372                                {pd product} {ergonomic}
    uintx NonProfiledCodeHeapSize                  = 122909434                              {pd product} {ergonomic}
    uintx ProfiledCodeHeapSize                     = 122909434                              {pd product} {ergonomic}
    uintx ReservedCodeCacheSize                    = 251658240                              {pd product} {ergonomic}
     bool SegmentedCodeCache                       = true                                      {product} {ergonomic}
   size_t SoftMaxHeapSize                          = 4213178368                             {manageable} {ergonomic}
     bool UseCompressedClassPointers               = true                           {product lp64_product} {ergonomic}
     bool UseCompressedOops                        = true                           {product lp64_product} {ergonomic}
     bool UseG1GC                                  = true                                      {product} {ergonomic}
     bool UseLargePagesIndividualAllocation        = false                                  {pd product} {ergonomic}

Logging:
Log output configuration:
 #0: stdout all=warning uptime,level,tags foldmultilines=false
 #1: stderr all=off uptime,level,tags foldmultilines=false

Environment Variables:
PATH=C:\WINDOWS\system32;C:\WINDOWS;C:\WINDOWS\System32\Wbem;C:\WINDOWS\System32\WindowsPowerShell\v1.0\;C:\WINDOWS\System32\OpenSSH\;C:\Program Files\dotnet\;C:\Program Files (x86)\Pulse Secure\VC142.CRT\X64\;C:\Program Files (x86)\Pulse Secure\VC142.CRT\X86\;C:\Program Files (x86)\Common Files\Pulse Secure\TNC Client Plugin\;C:\Program Files\Microsoft SQL Server\150\Tools\Binn\;C:\Program Files\Microsoft SQL Server\Client SDK\ODBC\170\Tools\Binn\;C:\Program Files\Git\cmd;C:\Users\osayli\AppData\Local\Microsoft\WindowsApps;
USERNAME=osayli
OS=Windows_NT
PROCESSOR_IDENTIFIER=Intel64 Family 6 Model 154 Stepping 4, GenuineIntel
TMP=C:\Users\osayli\AppData\Local\Temp
TEMP=C:\Users\osayli\AppData\Local\Temp



---------------  S Y S T E M  ---------------

OS:
 Windows 10 , 64 bit Build 19041 (10.0.19041.2364)
OS uptime: 2 days 5:39 hours
Hyper-V role detected

CPU: total 12 (initial active 12) (6 cores per cpu, 2 threads per core) family 6 model 154 stepping 4 microcode 0x41b, cx8, cmov, fxsr, ht, mmx, 3dnowpref, sse, sse2, sse3, ssse3, sse4.1, sse4.2, popcnt, lzcnt, tsc, tscinvbit, avx, avx2, aes, erms, clmul, bmi1, bmi2, adx, sha, fma, vzeroupper, clflush, clflushopt, clwb, hv, rdtscp, rdpid, fsrm

Memory: 4k page, system-wide physical 16068M (2342M free)
TotalPageFile size 32452M (AvailPageFile size 13904M)
current process WorkingSet (physical memory assigned to process): 35M, peak: 35M
current process commit charge ("private bytes"): 346M, peak: 347M

vm_info: OpenJDK 64-Bit Server VM (19.0.1+10-21) for windows-amd64 JRE (19.0.1+10-21), built on 2022-09-14T12:45:06Z by "mach5one" with MS VC++ 17.1 (VS2022)

END.
