#
# A fatal error has been detected by the Java Runtime Environment:
#
#  EXCEPTION_ACCESS_VIOLATION (0xc0000005) at pc=0x00007ff876d5c164, pid=12192, tid=7896
#
# JRE version: OpenJDK Runtime Environment (19.0.1+10) (build 19.0.1+10-21)
# Java VM: OpenJDK 64-Bit Server VM (19.0.1+10-21, mixed mode, sharing, tiered, compressed oops, compressed class ptrs, g1 gc, windows-amd64)
# Problematic frame:
# C  [cyjagent.dll+0xc164]
#
# No core dump will be written. Minidumps are not enabled by default on client versions of Windows
#
# If you would like to submit a bug report, please visit:
#   https://bugreport.java.com/bugreport/crash.jsp
# The crash happened outside the Java Virtual Machine in native code.
# See problematic frame for where to report the bug.
#

---------------  S U M M A R Y ------------

Command Line: -javaagent:C:\Program Files (x86)\JetBrains\IntelliJ IDEA Community Edition 2022.1.1\lib\idea_rt.jar=50595:C:\Program Files (x86)\JetBrains\IntelliJ IDEA Community Edition 2022.1.1\bin -Dfile.encoding=UTF-8 -agentpath:C:\Program Files\Palo Alto Networks\Traps\cyjagent.dll leetCode.Easy.EQ746MinCostClimbingStairs

Host: 12th Gen Intel(R) Core(TM) i5-1235U, 12 cores, 15G,  Windows 10 , 64 bit Build 19041 (10.0.19041.2364)
Time: Sun Jan  8 12:52:12 2023 Turkey Standard Time elapsed time: 0.138990 seconds (0d 0h 0m 0s)

---------------  T H R E A D  ---------------

Current thread (0x000001621ee197b0):  JavaThread "Monitor Ctrl-Break" daemon [_thread_in_native, id=7896, stack(0x0000000101500000,0x0000000101600000)]

Stack: [0x0000000101500000,0x0000000101600000],  sp=0x00000001015fdae0,  free space=1014k
Native frames: (J=compiled Java code, j=interpreted, Vv=VM code, C=native code)
C  [cyjagent.dll+0xc164]

Java frames: (J=compiled Java code, j=interpreted, Vv=VM code)
j  java.util.concurrent.ConcurrentSkipListSet.<init>()V+5 java.base@19.0.1
j  java.net.InetAddress.<clinit>()V+83 java.base@19.0.1
v  ~StubRoutines::call_stub 0x000001620753100e
j  java.net.InetSocketAddress.<init>(Ljava/lang/String;I)V+15 java.base@19.0.1
j  java.net.Socket.<init>(Ljava/lang/String;I)V+11 java.base@19.0.1
j  com.intellij.rt.execution.application.AppMainV2$1.run()V+10
v  ~StubRoutines::call_stub 0x000001620753100e

siginfo: EXCEPTION_ACCESS_VIOLATION (0xc0000005), reading address 0x0000000000000000


Registers:
RAX=0x0000000000000000, RBX=0x000001621ee19a90, RCX=0x0000000000000000, RDX=0x00000162752f2330
RSP=0x00000001015fdae0, RBP=0x000001627ebbf8d0, RSI=0x0000000000000000, RDI=0x000001621ed8b5c0
R8 =0x00000001015fd958, R9 =0x000001627ebbf8d0, R10=0x0000000000000000, R11=0x0000000000000246
R12=0x000001621ed8b5c0, R13=0x0000000000000000, R14=0x000001621ee197b0, R15=0x0000000000000000
RIP=0x00007ff876d5c164, EFLAGS=0x0000000000010202


Register to memory mapping:

RIP=0x00007ff876d5c164 cyjagent.dll
RAX=0x0 is NULL
RBX=0x000001621ee19a90 points into unknown readable memory: 0x00007ff82730f9a0 | a0 f9 30 27 f8 7f 00 00
RCX=0x0 is NULL
RDX=0x00000162752f2330 points into unknown readable memory: 0x000001621ee197b0 | b0 97 e1 1e 62 01 00 00
RSP=0x00000001015fdae0 is pointing into the stack for thread: 0x000001621ee197b0
RBP=0x000001627ebbf8d0 points into unknown readable memory: 0x000001627eac0750 | 50 07 ac 7e 62 01 00 00
RSI=0x0 is NULL
RDI=0x000001621ed8b5c0 points into unknown readable memory: 0x6974752f6176616a | 6a 61 76 61 2f 75 74 69
R8 =0x00000001015fd958 is pointing into the stack for thread: 0x000001621ee197b0
R9 =0x000001627ebbf8d0 points into unknown readable memory: 0x000001627eac0750 | 50 07 ac 7e 62 01 00 00
R10=0x0 is NULL
R11=0x0000000000000246 is an unknown value
R12=0x000001621ed8b5c0 points into unknown readable memory: 0x6974752f6176616a | 6a 61 76 61 2f 75 74 69
R13=0x0 is NULL
R14=0x000001621ee197b0 is a thread
R15=0x0 is NULL


Top of Stack: (sp=0x00000001015fdae0)
0x00000001015fdae0:   000001621ed8b5c0 000001621ee19a90
0x00000001015fdaf0:   0000000000000000 00007ff826f853ce
0x00000001015fdb00:   0000000000000000 00007ff826c18040
0x00000001015fdb10:   000000080057ce98 000001627ebbf8d0
0x00000001015fdb20:   000000000000002b 00000001015fdd00
0x00000001015fdb30:   00000162752f78b0 0000000000000000
0x00000001015fdb40:   00000001015fdd38 00007ff826d3f06e
0x00000001015fdb50:   00000162752f78b0 0000000000000000
0x00000001015fdb60:   00000001015fdd00 0000000000000000
0x00000001015fdb70:   000001621ed8b5c0 0000000000000000
0x00000001015fdb80:   00000162000009fc 000001621ed8ab90
0x00000001015fdb90:   00000001015fdc88 00000001015fdba8
0x00000001015fdba0:   0000000000000000 0000000000000000
0x00000001015fdbb0:   0000000000000000 00007ff876fffead
0x00000001015fdbc0:   000001621ef020c0 000001621ed8ab80
0x00000001015fdbd0:   000001621ed8b5f0 000001621ed92b68 

Instructions: (pc=0x00007ff876d5c164)
0x00007ff876d5c064:   00 00 03 72 2d 44 8b ce 48 8d 05 9d e0 01 00 ba
0x00007ff876d5c074:   2f 00 00 00 4e 8b 0c c8 48 8b 89 90 02 00 00 4c
0x00007ff876d5c084:   8d 05 b6 df 01 00 e8 b1 50 ff ff 48 8b 0d 4a 39
0x00007ff876d5c094:   02 00 48 3b cb 74 68 f6 81 9c 02 00 00 10 74 5f
0x00007ff876d5c0a4:   80 b9 99 02 00 00 02 72 56 4c 8b 8c 24 90 00 00
0x00007ff876d5c0b4:   00 4c 8d 05 84 df 01 00 48 8b 89 90 02 00 00 ba
0x00007ff876d5c0c4:   31 00 00 00 e8 73 50 ff ff eb 34 49 8b 0f 4c 8b
0x00007ff876d5c0d4:   c3 48 8b d6 e8 d3 63 00 00 48 8b 84 24 b0 00 00
0x00007ff876d5c0e4:   00 89 18 48 8b 0d ca 4c 02 00 4c 8b c6 33 d2 ff
0x00007ff876d5c0f4:   15 e7 50 01 00 eb 08 a8 02 75 04 c6 47 40 01 b8
0x00007ff876d5c104:   ff ff ff ff f0 0f c1 47 10 4c 8b b4 24 88 00 00
0x00007ff876d5c114:   00 83 f8 01 75 42 48 8b 4f 18 48 81 c1 70 01 00
0x00007ff876d5c124:   00 ff 15 7d 51 01 00 48 8b 0f 48 8b 47 08 48 89
0x00007ff876d5c134:   08 48 89 41 08 48 8b 4f 18 48 81 c1 70 01 00 00
0x00007ff876d5c144:   ff 15 66 51 01 00 48 8b 0d 67 4c 02 00 4c 8b c7
0x00007ff876d5c154:   33 d2 ff 15 84 50 01 00 48 8b 4d 20 48 8b 55 10
0x00007ff876d5c164:   48 8b 01 48 8b 80 08 01 00 00 ff 15 6c 51 01 00
0x00007ff876d5c174:   85 c0 74 40 48 8b 0d 61 38 02 00 48 8d 15 5a 38
0x00007ff876d5c184:   02 00 48 3b ca 74 2d f6 81 9c 02 00 00 10 74 24
0x00007ff876d5c194:   80 b9 99 02 00 00 03 72 1b 48 8b 89 90 02 00 00
0x00007ff876d5c1a4:   4c 8d 05 95 de 01 00 ba 15 00 00 00 44 8b c8 e8
0x00007ff876d5c1b4:   c8 4e ff ff 48 8b 6c 24 78 48 8b b4 24 80 00 00
0x00007ff876d5c1c4:   00 48 83 c4 50 41 5f 5f 5b c3 cc cc 40 57 48 83
0x00007ff876d5c1d4:   ec 30 f6 81 78 01 00 00 04 48 8b f9 0f 85 87 02
0x00007ff876d5c1e4:   00 00 48 89 5c 24 40 45 33 c9 48 89 6c 24 48 33
0x00007ff876d5c1f4:   d2 48 89 74 24 50 48 8b 71 20 45 8d 41 32 48 8b
0x00007ff876d5c204:   ce 48 8b 06 48 8b 40 08 ff 15 ce 50 01 00 48 8d
0x00007ff876d5c214:   2d c7 37 02 00 85 c0 74 37 48 8b 0d bc 37 02 00
0x00007ff876d5c224:   48 3b cd 74 2b f6 81 9c 02 00 00 10 74 22 80 b9
0x00007ff876d5c234:   99 02 00 00 02 72 19 48 8b 89 90 02 00 00 ba 11
0x00007ff876d5c244:   00 00 00 89 44 24 20 44 8d 4a 21 e8 7c dc ff ff
0x00007ff876d5c254:   48 8b 06 45 33 c9 33 d2 48 8b ce 48 8b 40 08 45 


Stack slot to memory mapping:
stack at sp + 0 slots: 0x000001621ed8b5c0 points into unknown readable memory: 0x6974752f6176616a | 6a 61 76 61 2f 75 74 69
stack at sp + 1 slots: 0x000001621ee19a90 points into unknown readable memory: 0x00007ff82730f9a0 | a0 f9 30 27 f8 7f 00 00
stack at sp + 2 slots: 0x0 is NULL
stack at sp + 3 slots: 0x00007ff826f853ce jvm.dll
stack at sp + 4 slots: 0x0 is NULL
stack at sp + 5 slots: 0x00007ff826c18040 jvm.dll
stack at sp + 6 slots: 0x000000080057ce98 is pointing into metadata
stack at sp + 7 slots: 0x000001627ebbf8d0 points into unknown readable memory: 0x000001627eac0750 | 50 07 ac 7e 62 01 00 00


---------------  P R O C E S S  ---------------

Threads class SMR info:
_java_thread_list=0x000001621eefb7e0, length=11, elements={
0x000001621aa54d60, 0x000001621aa55cf0, 0x000001621ed03320, 0x000001621ed03c50,
0x000001621ed08730, 0x000001621ed29680, 0x000001621ed2a2d0, 0x000001621ed35c70,
0x000001621ee1acf0, 0x000001621ee197b0, 0x000001621ee18d10
}

Java Threads: ( => current thread )
  0x000001621aa54d60 JavaThread "Reference Handler" daemon [_thread_blocked, id=15872, stack(0x0000000100b00000,0x0000000100c00000)]
  0x000001621aa55cf0 JavaThread "Finalizer" daemon [_thread_blocked, id=17876, stack(0x0000000100c00000,0x0000000100d00000)]
  0x000001621ed03320 JavaThread "Attach Listener" daemon [_thread_blocked, id=2072, stack(0x0000000100e00000,0x0000000100f00000)]
  0x000001621ed03c50 JavaThread "Service Thread" daemon [_thread_blocked, id=15148, stack(0x0000000100f00000,0x0000000101000000)]
  0x000001621ed08730 JavaThread "Monitor Deflation Thread" daemon [_thread_blocked, id=6268, stack(0x0000000101000000,0x0000000101100000)]
  0x000001621ed29680 JavaThread "C2 CompilerThread0" daemon [_thread_blocked, id=16832, stack(0x0000000101100000,0x0000000101200000)]
  0x000001621ed2a2d0 JavaThread "C1 CompilerThread0" daemon [_thread_blocked, id=1460, stack(0x0000000101200000,0x0000000101300000)]
  0x000001621ed35c70 JavaThread "Sweeper thread" daemon [_thread_blocked, id=13460, stack(0x0000000101300000,0x0000000101400000)]
  0x000001621ee1acf0 JavaThread "Common-Cleaner" daemon [_thread_blocked, id=9648, stack(0x0000000101400000,0x0000000101500000)]
=>0x000001621ee197b0 JavaThread "Monitor Ctrl-Break" daemon [_thread_in_native, id=7896, stack(0x0000000101500000,0x0000000101600000)]
  0x000001621ee18d10 JavaThread "Notification Thread" daemon [_thread_blocked, id=10584, stack(0x0000000101600000,0x0000000101700000)]

Other Threads:
  0x000001621aa3cad0 VMThread "VM Thread" [stack: 0x0000000100a00000,0x0000000100b00000] [id=18140] _threads_hazard_ptr=0x000001621eefb7e0
  0x0000016275379f70 WorkerThread "GC Thread#0" [stack: 0x0000000100500000,0x0000000100600000] [id=4984]
  0x0000016274d5dea0 ConcurrentGCThread "G1 Main Marker" terminated
  0x0000016274d5ea70 WorkerThread "G1 Conc#0" [stack: 0x0000000100700000,0x0000000100800000] [id=6640]
  0x000001621a8eb090 ConcurrentGCThread "G1 Refine#0" terminated
  0x000001621a8ebbd0 ConcurrentGCThread "G1 Service" terminated

Threads with active compile tasks:

VM state: at safepoint (normal execution)

VM Mutex/Monitor currently owned by a thread:  ([mutex/lock_event])
[0x0000016275305770] Threads_lock - owner thread: 0x000001621aa3cad0
[0x0000016275305140] Heap_lock - owner thread: 0x000001621ee19260

Heap address: 0x0000000704e00000, size: 4018 MB, Compressed Oops mode: Zero based, Oop shift amount: 3

CDS archive(s) mapped at: [0x0000000800000000-0x0000000800c30000-0x0000000800c30000), size 12779520, SharedBaseAddress: 0x0000000800000000, ArchiveRelocationMode: 0.
Compressed class space mapped at: 0x0000000801000000-0x0000000841000000, reserved size: 1073741824
Narrow klass base: 0x0000000800000000, Narrow klass shift: 0, Narrow klass range: 0x100000000

GC Precious Log:
 CardTable entry size: 512
 Card Set container configuration: InlinePtr #cards 4 size 8 Array Of Cards #cards 16 size 48 Howl #buckets 8 coarsen threshold 3686 Howl Bitmap #cards 512 size 80 coarsen threshold 460 Card regions per heap region 1 cards per card region 4096
 CPUs: 12 total, 12 available
 Memory: 16068M
 Large Page Support: Disabled
 NUMA Support: Disabled
 Compressed Oops: Enabled (Zero based)
 Heap Region Size: 2M
 Heap Min Capacity: 8M
 Heap Initial Capacity: 252M
 Heap Max Capacity: 4018M
 Pre-touch: Disabled
 Parallel Workers: 10
 Concurrent Workers: 3
 Concurrent Refinement Workers: 10
 Periodic GC: Disabled

Heap:
 garbage-first heap   total 258048K, used 2048K [0x0000000704e00000, 0x0000000800000000)
  region size 2048K, 2 young (4096K), 0 survivors (0K)
 Metaspace       used 535K, committed 704K, reserved 1114112K
  class space    used 28K, committed 128K, reserved 1048576K

Heap Regions: E=young(eden), S=young(survivor), O=old, HS=humongous(starts), HC=humongous(continues), CS=collection set, F=free, OA=open archive, CA=closed archive, TAMS=top-at-mark-start (previous, next)
|   0|0x0000000704e00000, 0x0000000704e00000, 0x0000000705000000|  0%| F|  |TAMS 0x0000000704e00000, 0x0000000704e00000| Untracked 
|   1|0x0000000705000000, 0x0000000705000000, 0x0000000705200000|  0%| F|  |TAMS 0x0000000705000000, 0x0000000705000000| Untracked 
|   2|0x0000000705200000, 0x0000000705200000, 0x0000000705400000|  0%| F|  |TAMS 0x0000000705200000, 0x0000000705200000| Untracked 
|   3|0x0000000705400000, 0x0000000705400000, 0x0000000705600000|  0%| F|  |TAMS 0x0000000705400000, 0x0000000705400000| Untracked 
|   4|0x0000000705600000, 0x0000000705600000, 0x0000000705800000|  0%| F|  |TAMS 0x0000000705600000, 0x0000000705600000| Untracked 
|   5|0x0000000705800000, 0x0000000705800000, 0x0000000705a00000|  0%| F|  |TAMS 0x0000000705800000, 0x0000000705800000| Untracked 
|   6|0x0000000705a00000, 0x0000000705a00000, 0x0000000705c00000|  0%| F|  |TAMS 0x0000000705a00000, 0x0000000705a00000| Untracked 
|   7|0x0000000705c00000, 0x0000000705c00000, 0x0000000705e00000|  0%| F|  |TAMS 0x0000000705c00000, 0x0000000705c00000| Untracked 
|   8|0x0000000705e00000, 0x0000000705e00000, 0x0000000706000000|  0%| F|  |TAMS 0x0000000705e00000, 0x0000000705e00000| Untracked 
|   9|0x0000000706000000, 0x0000000706000000, 0x0000000706200000|  0%| F|  |TAMS 0x0000000706000000, 0x0000000706000000| Untracked 
|  10|0x0000000706200000, 0x0000000706200000, 0x0000000706400000|  0%| F|  |TAMS 0x0000000706200000, 0x0000000706200000| Untracked 
|  11|0x0000000706400000, 0x0000000706400000, 0x0000000706600000|  0%| F|  |TAMS 0x0000000706400000, 0x0000000706400000| Untracked 
|  12|0x0000000706600000, 0x0000000706600000, 0x0000000706800000|  0%| F|  |TAMS 0x0000000706600000, 0x0000000706600000| Untracked 
|  13|0x0000000706800000, 0x0000000706800000, 0x0000000706a00000|  0%| F|  |TAMS 0x0000000706800000, 0x0000000706800000| Untracked 
|  14|0x0000000706a00000, 0x0000000706a00000, 0x0000000706c00000|  0%| F|  |TAMS 0x0000000706a00000, 0x0000000706a00000| Untracked 
|  15|0x0000000706c00000, 0x0000000706c00000, 0x0000000706e00000|  0%| F|  |TAMS 0x0000000706c00000, 0x0000000706c00000| Untracked 
|  16|0x0000000706e00000, 0x0000000706e00000, 0x0000000707000000|  0%| F|  |TAMS 0x0000000706e00000, 0x0000000706e00000| Untracked 
|  17|0x0000000707000000, 0x0000000707000000, 0x0000000707200000|  0%| F|  |TAMS 0x0000000707000000, 0x0000000707000000| Untracked 
|  18|0x0000000707200000, 0x0000000707200000, 0x0000000707400000|  0%| F|  |TAMS 0x0000000707200000, 0x0000000707200000| Untracked 
|  19|0x0000000707400000, 0x0000000707400000, 0x0000000707600000|  0%| F|  |TAMS 0x0000000707400000, 0x0000000707400000| Untracked 
|  20|0x0000000707600000, 0x0000000707600000, 0x0000000707800000|  0%| F|  |TAMS 0x0000000707600000, 0x0000000707600000| Untracked 
|  21|0x0000000707800000, 0x0000000707800000, 0x0000000707a00000|  0%| F|  |TAMS 0x0000000707800000, 0x0000000707800000| Untracked 
|  22|0x0000000707a00000, 0x0000000707a00000, 0x0000000707c00000|  0%| F|  |TAMS 0x0000000707a00000, 0x0000000707a00000| Untracked 
|  23|0x0000000707c00000, 0x0000000707c00000, 0x0000000707e00000|  0%| F|  |TAMS 0x0000000707c00000, 0x0000000707c00000| Untracked 
|  24|0x0000000707e00000, 0x0000000707e00000, 0x0000000708000000|  0%| F|  |TAMS 0x0000000707e00000, 0x0000000707e00000| Untracked 
|  25|0x0000000708000000, 0x0000000708000000, 0x0000000708200000|  0%| F|  |TAMS 0x0000000708000000, 0x0000000708000000| Untracked 
|  26|0x0000000708200000, 0x0000000708200000, 0x0000000708400000|  0%| F|  |TAMS 0x0000000708200000, 0x0000000708200000| Untracked 
|  27|0x0000000708400000, 0x0000000708400000, 0x0000000708600000|  0%| F|  |TAMS 0x0000000708400000, 0x0000000708400000| Untracked 
|  28|0x0000000708600000, 0x0000000708600000, 0x0000000708800000|  0%| F|  |TAMS 0x0000000708600000, 0x0000000708600000| Untracked 
|  29|0x0000000708800000, 0x0000000708800000, 0x0000000708a00000|  0%| F|  |TAMS 0x0000000708800000, 0x0000000708800000| Untracked 
|  30|0x0000000708a00000, 0x0000000708a00000, 0x0000000708c00000|  0%| F|  |TAMS 0x0000000708a00000, 0x0000000708a00000| Untracked 
|  31|0x0000000708c00000, 0x0000000708c00000, 0x0000000708e00000|  0%| F|  |TAMS 0x0000000708c00000, 0x0000000708c00000| Untracked 
|  32|0x0000000708e00000, 0x0000000708e00000, 0x0000000709000000|  0%| F|  |TAMS 0x0000000708e00000, 0x0000000708e00000| Untracked 
|  33|0x0000000709000000, 0x0000000709000000, 0x0000000709200000|  0%| F|  |TAMS 0x0000000709000000, 0x0000000709000000| Untracked 
|  34|0x0000000709200000, 0x0000000709200000, 0x0000000709400000|  0%| F|  |TAMS 0x0000000709200000, 0x0000000709200000| Untracked 
|  35|0x0000000709400000, 0x0000000709400000, 0x0000000709600000|  0%| F|  |TAMS 0x0000000709400000, 0x0000000709400000| Untracked 
|  36|0x0000000709600000, 0x0000000709600000, 0x0000000709800000|  0%| F|  |TAMS 0x0000000709600000, 0x0000000709600000| Untracked 
|  37|0x0000000709800000, 0x0000000709800000, 0x0000000709a00000|  0%| F|  |TAMS 0x0000000709800000, 0x0000000709800000| Untracked 
|  38|0x0000000709a00000, 0x0000000709a00000, 0x0000000709c00000|  0%| F|  |TAMS 0x0000000709a00000, 0x0000000709a00000| Untracked 
|  39|0x0000000709c00000, 0x0000000709c00000, 0x0000000709e00000|  0%| F|  |TAMS 0x0000000709c00000, 0x0000000709c00000| Untracked 
|  40|0x0000000709e00000, 0x0000000709e00000, 0x000000070a000000|  0%| F|  |TAMS 0x0000000709e00000, 0x0000000709e00000| Untracked 
|  41|0x000000070a000000, 0x000000070a000000, 0x000000070a200000|  0%| F|  |TAMS 0x000000070a000000, 0x000000070a000000| Untracked 
|  42|0x000000070a200000, 0x000000070a200000, 0x000000070a400000|  0%| F|  |TAMS 0x000000070a200000, 0x000000070a200000| Untracked 
|  43|0x000000070a400000, 0x000000070a400000, 0x000000070a600000|  0%| F|  |TAMS 0x000000070a400000, 0x000000070a400000| Untracked 
|  44|0x000000070a600000, 0x000000070a600000, 0x000000070a800000|  0%| F|  |TAMS 0x000000070a600000, 0x000000070a600000| Untracked 
|  45|0x000000070a800000, 0x000000070a800000, 0x000000070aa00000|  0%| F|  |TAMS 0x000000070a800000, 0x000000070a800000| Untracked 
|  46|0x000000070aa00000, 0x000000070aa00000, 0x000000070ac00000|  0%| F|  |TAMS 0x000000070aa00000, 0x000000070aa00000| Untracked 
|  47|0x000000070ac00000, 0x000000070ac00000, 0x000000070ae00000|  0%| F|  |TAMS 0x000000070ac00000, 0x000000070ac00000| Untracked 
|  48|0x000000070ae00000, 0x000000070ae00000, 0x000000070b000000|  0%| F|  |TAMS 0x000000070ae00000, 0x000000070ae00000| Untracked 
|  49|0x000000070b000000, 0x000000070b000000, 0x000000070b200000|  0%| F|  |TAMS 0x000000070b000000, 0x000000070b000000| Untracked 
|  50|0x000000070b200000, 0x000000070b200000, 0x000000070b400000|  0%| F|  |TAMS 0x000000070b200000, 0x000000070b200000| Untracked 
|  51|0x000000070b400000, 0x000000070b400000, 0x000000070b600000|  0%| F|  |TAMS 0x000000070b400000, 0x000000070b400000| Untracked 
|  52|0x000000070b600000, 0x000000070b600000, 0x000000070b800000|  0%| F|  |TAMS 0x000000070b600000, 0x000000070b600000| Untracked 
|  53|0x000000070b800000, 0x000000070b800000, 0x000000070ba00000|  0%| F|  |TAMS 0x000000070b800000, 0x000000070b800000| Untracked 
|  54|0x000000070ba00000, 0x000000070ba00000, 0x000000070bc00000|  0%| F|  |TAMS 0x000000070ba00000, 0x000000070ba00000| Untracked 
|  55|0x000000070bc00000, 0x000000070bc00000, 0x000000070be00000|  0%| F|  |TAMS 0x000000070bc00000, 0x000000070bc00000| Untracked 
|  56|0x000000070be00000, 0x000000070be00000, 0x000000070c000000|  0%| F|  |TAMS 0x000000070be00000, 0x000000070be00000| Untracked 
|  57|0x000000070c000000, 0x000000070c000000, 0x000000070c200000|  0%| F|  |TAMS 0x000000070c000000, 0x000000070c000000| Untracked 
|  58|0x000000070c200000, 0x000000070c200000, 0x000000070c400000|  0%| F|  |TAMS 0x000000070c200000, 0x000000070c200000| Untracked 
|  59|0x000000070c400000, 0x000000070c400000, 0x000000070c600000|  0%| F|  |TAMS 0x000000070c400000, 0x000000070c400000| Untracked 
|  60|0x000000070c600000, 0x000000070c600000, 0x000000070c800000|  0%| F|  |TAMS 0x000000070c600000, 0x000000070c600000| Untracked 
|  61|0x000000070c800000, 0x000000070c800000, 0x000000070ca00000|  0%| F|  |TAMS 0x000000070c800000, 0x000000070c800000| Untracked 
|  62|0x000000070ca00000, 0x000000070ca00000, 0x000000070cc00000|  0%| F|  |TAMS 0x000000070ca00000, 0x000000070ca00000| Untracked 
|  63|0x000000070cc00000, 0x000000070cc00000, 0x000000070ce00000|  0%| F|  |TAMS 0x000000070cc00000, 0x000000070cc00000| Untracked 
|  64|0x000000070ce00000, 0x000000070ce00000, 0x000000070d000000|  0%| F|  |TAMS 0x000000070ce00000, 0x000000070ce00000| Untracked 
|  65|0x000000070d000000, 0x000000070d000000, 0x000000070d200000|  0%| F|  |TAMS 0x000000070d000000, 0x000000070d000000| Untracked 
|  66|0x000000070d200000, 0x000000070d200000, 0x000000070d400000|  0%| F|  |TAMS 0x000000070d200000, 0x000000070d200000| Untracked 
|  67|0x000000070d400000, 0x000000070d400000, 0x000000070d600000|  0%| F|  |TAMS 0x000000070d400000, 0x000000070d400000| Untracked 
|  68|0x000000070d600000, 0x000000070d600000, 0x000000070d800000|  0%| F|  |TAMS 0x000000070d600000, 0x000000070d600000| Untracked 
|  69|0x000000070d800000, 0x000000070d800000, 0x000000070da00000|  0%| F|  |TAMS 0x000000070d800000, 0x000000070d800000| Untracked 
|  70|0x000000070da00000, 0x000000070da00000, 0x000000070dc00000|  0%| F|  |TAMS 0x000000070da00000, 0x000000070da00000| Untracked 
|  71|0x000000070dc00000, 0x000000070dc00000, 0x000000070de00000|  0%| F|  |TAMS 0x000000070dc00000, 0x000000070dc00000| Untracked 
|  72|0x000000070de00000, 0x000000070de00000, 0x000000070e000000|  0%| F|  |TAMS 0x000000070de00000, 0x000000070de00000| Untracked 
|  73|0x000000070e000000, 0x000000070e000000, 0x000000070e200000|  0%| F|  |TAMS 0x000000070e000000, 0x000000070e000000| Untracked 
|  74|0x000000070e200000, 0x000000070e200000, 0x000000070e400000|  0%| F|  |TAMS 0x000000070e200000, 0x000000070e200000| Untracked 
|  75|0x000000070e400000, 0x000000070e400000, 0x000000070e600000|  0%| F|  |TAMS 0x000000070e400000, 0x000000070e400000| Untracked 
|  76|0x000000070e600000, 0x000000070e600000, 0x000000070e800000|  0%| F|  |TAMS 0x000000070e600000, 0x000000070e600000| Untracked 
|  77|0x000000070e800000, 0x000000070e800000, 0x000000070ea00000|  0%| F|  |TAMS 0x000000070e800000, 0x000000070e800000| Untracked 
|  78|0x000000070ea00000, 0x000000070ea00000, 0x000000070ec00000|  0%| F|  |TAMS 0x000000070ea00000, 0x000000070ea00000| Untracked 
|  79|0x000000070ec00000, 0x000000070ec00000, 0x000000070ee00000|  0%| F|  |TAMS 0x000000070ec00000, 0x000000070ec00000| Untracked 
|  80|0x000000070ee00000, 0x000000070ee00000, 0x000000070f000000|  0%| F|  |TAMS 0x000000070ee00000, 0x000000070ee00000| Untracked 
|  81|0x000000070f000000, 0x000000070f000000, 0x000000070f200000|  0%| F|  |TAMS 0x000000070f000000, 0x000000070f000000| Untracked 
|  82|0x000000070f200000, 0x000000070f200000, 0x000000070f400000|  0%| F|  |TAMS 0x000000070f200000, 0x000000070f200000| Untracked 
|  83|0x000000070f400000, 0x000000070f400000, 0x000000070f600000|  0%| F|  |TAMS 0x000000070f400000, 0x000000070f400000| Untracked 
|  84|0x000000070f600000, 0x000000070f600000, 0x000000070f800000|  0%| F|  |TAMS 0x000000070f600000, 0x000000070f600000| Untracked 
|  85|0x000000070f800000, 0x000000070f800000, 0x000000070fa00000|  0%| F|  |TAMS 0x000000070f800000, 0x000000070f800000| Untracked 
|  86|0x000000070fa00000, 0x000000070fa00000, 0x000000070fc00000|  0%| F|  |TAMS 0x000000070fa00000, 0x000000070fa00000| Untracked 
|  87|0x000000070fc00000, 0x000000070fc00000, 0x000000070fe00000|  0%| F|  |TAMS 0x000000070fc00000, 0x000000070fc00000| Untracked 
|  88|0x000000070fe00000, 0x000000070fe00000, 0x0000000710000000|  0%| F|  |TAMS 0x000000070fe00000, 0x000000070fe00000| Untracked 
|  89|0x0000000710000000, 0x0000000710000000, 0x0000000710200000|  0%| F|  |TAMS 0x0000000710000000, 0x0000000710000000| Untracked 
|  90|0x0000000710200000, 0x0000000710200000, 0x0000000710400000|  0%| F|  |TAMS 0x0000000710200000, 0x0000000710200000| Untracked 
|  91|0x0000000710400000, 0x0000000710400000, 0x0000000710600000|  0%| F|  |TAMS 0x0000000710400000, 0x0000000710400000| Untracked 
|  92|0x0000000710600000, 0x0000000710600000, 0x0000000710800000|  0%| F|  |TAMS 0x0000000710600000, 0x0000000710600000| Untracked 
|  93|0x0000000710800000, 0x0000000710800000, 0x0000000710a00000|  0%| F|  |TAMS 0x0000000710800000, 0x0000000710800000| Untracked 
|  94|0x0000000710a00000, 0x0000000710a00000, 0x0000000710c00000|  0%| F|  |TAMS 0x0000000710a00000, 0x0000000710a00000| Untracked 
|  95|0x0000000710c00000, 0x0000000710c00000, 0x0000000710e00000|  0%| F|  |TAMS 0x0000000710c00000, 0x0000000710c00000| Untracked 
|  96|0x0000000710e00000, 0x0000000710e00000, 0x0000000711000000|  0%| F|  |TAMS 0x0000000710e00000, 0x0000000710e00000| Untracked 
|  97|0x0000000711000000, 0x0000000711000000, 0x0000000711200000|  0%| F|  |TAMS 0x0000000711000000, 0x0000000711000000| Untracked 
|  98|0x0000000711200000, 0x0000000711200000, 0x0000000711400000|  0%| F|  |TAMS 0x0000000711200000, 0x0000000711200000| Untracked 
|  99|0x0000000711400000, 0x0000000711400000, 0x0000000711600000|  0%| F|  |TAMS 0x0000000711400000, 0x0000000711400000| Untracked 
| 100|0x0000000711600000, 0x0000000711600000, 0x0000000711800000|  0%| F|  |TAMS 0x0000000711600000, 0x0000000711600000| Untracked 
| 101|0x0000000711800000, 0x0000000711800000, 0x0000000711a00000|  0%| F|  |TAMS 0x0000000711800000, 0x0000000711800000| Untracked 
| 102|0x0000000711a00000, 0x0000000711a00000, 0x0000000711c00000|  0%| F|  |TAMS 0x0000000711a00000, 0x0000000711a00000| Untracked 
| 103|0x0000000711c00000, 0x0000000711c00000, 0x0000000711e00000|  0%| F|  |TAMS 0x0000000711c00000, 0x0000000711c00000| Untracked 
| 104|0x0000000711e00000, 0x0000000711e00000, 0x0000000712000000|  0%| F|  |TAMS 0x0000000711e00000, 0x0000000711e00000| Untracked 
| 105|0x0000000712000000, 0x0000000712000000, 0x0000000712200000|  0%| F|  |TAMS 0x0000000712000000, 0x0000000712000000| Untracked 
| 106|0x0000000712200000, 0x0000000712200000, 0x0000000712400000|  0%| F|  |TAMS 0x0000000712200000, 0x0000000712200000| Untracked 
| 107|0x0000000712400000, 0x0000000712400000, 0x0000000712600000|  0%| F|  |TAMS 0x0000000712400000, 0x0000000712400000| Untracked 
| 108|0x0000000712600000, 0x0000000712600000, 0x0000000712800000|  0%| F|  |TAMS 0x0000000712600000, 0x0000000712600000| Untracked 
| 109|0x0000000712800000, 0x0000000712800000, 0x0000000712a00000|  0%| F|  |TAMS 0x0000000712800000, 0x0000000712800000| Untracked 
| 110|0x0000000712a00000, 0x0000000712a00000, 0x0000000712c00000|  0%| F|  |TAMS 0x0000000712a00000, 0x0000000712a00000| Untracked 
| 111|0x0000000712c00000, 0x0000000712c00000, 0x0000000712e00000|  0%| F|  |TAMS 0x0000000712c00000, 0x0000000712c00000| Untracked 
| 112|0x0000000712e00000, 0x0000000712e00000, 0x0000000713000000|  0%| F|  |TAMS 0x0000000712e00000, 0x0000000712e00000| Untracked 
| 113|0x0000000713000000, 0x0000000713000000, 0x0000000713200000|  0%| F|  |TAMS 0x0000000713000000, 0x0000000713000000| Untracked 
| 114|0x0000000713200000, 0x0000000713200000, 0x0000000713400000|  0%| F|  |TAMS 0x0000000713200000, 0x0000000713200000| Untracked 
| 115|0x0000000713400000, 0x0000000713400000, 0x0000000713600000|  0%| F|  |TAMS 0x0000000713400000, 0x0000000713400000| Untracked 
| 116|0x0000000713600000, 0x0000000713600000, 0x0000000713800000|  0%| F|  |TAMS 0x0000000713600000, 0x0000000713600000| Untracked 
| 117|0x0000000713800000, 0x0000000713800000, 0x0000000713a00000|  0%| F|  |TAMS 0x0000000713800000, 0x0000000713800000| Untracked 
| 118|0x0000000713a00000, 0x0000000713a00000, 0x0000000713c00000|  0%| F|  |TAMS 0x0000000713a00000, 0x0000000713a00000| Untracked 
| 119|0x0000000713c00000, 0x0000000713c00000, 0x0000000713e00000|  0%| F|  |TAMS 0x0000000713c00000, 0x0000000713c00000| Untracked 
| 120|0x0000000713e00000, 0x0000000713e00000, 0x0000000714000000|  0%| F|  |TAMS 0x0000000713e00000, 0x0000000713e00000| Untracked 
| 121|0x0000000714000000, 0x0000000714000000, 0x0000000714200000|  0%| F|  |TAMS 0x0000000714000000, 0x0000000714000000| Untracked 
| 122|0x0000000714200000, 0x0000000714200000, 0x0000000714400000|  0%| F|  |TAMS 0x0000000714200000, 0x0000000714200000| Untracked 
| 123|0x0000000714400000, 0x0000000714400000, 0x0000000714600000|  0%| F|  |TAMS 0x0000000714400000, 0x0000000714400000| Untracked 
| 124|0x0000000714600000, 0x0000000714800000, 0x0000000714800000|100%| E|  |TAMS 0x0000000714600000, 0x0000000714600000| Complete 
| 125|0x0000000714800000, 0x0000000714a00000, 0x0000000714a00000|100%| E|CS|TAMS 0x0000000714800000, 0x0000000714800000| Complete 

Card table byte_map: [0x000001620f7e0000,0x000001620ffc0000] _byte_map_base: 0x000001620bfb9000

Marking Bits (Prev, Next): (CMBitMap*) 0x000001627537a5a0, (CMBitMap*) 0x000001627537a5e0
 Prev Bits: [0x00000162107a0000, 0x0000016214668000)
 Next Bits: [0x0000016214670000, 0x0000016218538000)

Polling page: 0x0000016274c50000

Metaspace:

Usage:
  Non-class:    506.85 KB used.
      Class:     28.80 KB used.
       Both:    535.66 KB used.

Virtual space:
  Non-class space:       64.00 MB reserved,     576.00 KB ( <1%) committed,  1 nodes.
      Class space:        1.00 GB reserved,     128.00 KB ( <1%) committed,  1 nodes.
             Both:        1.06 GB reserved,     704.00 KB ( <1%) committed. 

Chunk freelists:
   Non-Class:  3.97 MB
       Class:  3.73 MB
        Both:  7.70 MB

MaxMetaspaceSize: unlimited
CompressedClassSpaceSize: 1.00 GB
Initial GC threshold: 21.00 MB
Current GC threshold: 21.00 MB
CDS: on
MetaspaceReclaimPolicy: balanced
 - commit_granule_bytes: 65536.
 - commit_granule_words: 8192.
 - virtual_space_node_default_size: 8388608.
 - enlarge_chunks_in_place: 1.
 - new_chunks_are_fully_committed: 0.
 - uncommit_free_chunks: 1.
 - use_allocation_guard: 0.


Internal statistics:

num_allocs_failed_limit: 0.
num_arena_births: 22.
num_arena_deaths: 0.
num_vsnodes_births: 2.
num_vsnodes_deaths: 0.
num_space_committed: 11.
num_space_uncommitted: 0.
num_chunks_returned_to_freelist: 0.
num_chunks_taken_from_freelist: 27.
num_chunk_merges: 0.
num_chunk_splits: 16.
num_chunks_enlarged: 10.
num_inconsistent_stats: 0.

CodeHeap 'non-profiled nmethods': size=120000Kb used=69Kb max_used=69Kb free=119930Kb
 bounds [0x0000016207ad0000, 0x0000016207d40000, 0x000001620f000000]
CodeHeap 'profiled nmethods': size=120000Kb used=196Kb max_used=196Kb free=119803Kb
 bounds [0x0000016200000000, 0x0000016200270000, 0x0000016207530000]
CodeHeap 'non-nmethods': size=5760Kb used=1199Kb max_used=1201Kb free=4560Kb
 bounds [0x0000016207530000, 0x00000162077a0000, 0x0000016207ad0000]
 total_blobs=588 nmethods=193 adapters=306
 compilation: enabled
              stopped_count=0, restarted_count=0
 full_count=0

Compilation events (20 events):
Event: 0.123 Thread 0x000001621ed2a2d0  180       3       jdk.internal.org.objectweb.asm.SymbolTable::get (13 bytes)
Event: 0.123 Thread 0x000001621ed2a2d0 nmethod 180 0x000001620002dd90 code [0x000001620002df20, 0x000001620002e078]
Event: 0.123 Thread 0x000001621ed2a2d0  182       1       java.lang.invoke.MethodType$ConcurrentWeakInternSet$WeakEntry::hashCode (5 bytes)
Event: 0.123 Thread 0x000001621ed2a2d0 nmethod 182 0x0000016207ae0890 code [0x0000016207ae0a20, 0x0000016207ae0ad8]
Event: 0.123 Thread 0x000001621ed2a2d0  184       3       jdk.internal.org.objectweb.asm.ByteVector::putByte (39 bytes)
Event: 0.123 Thread 0x000001621ed2a2d0 nmethod 184 0x000001620002e190 code [0x000001620002e340, 0x000001620002e528]
Event: 0.123 Thread 0x000001621ed2a2d0  185       3       jdk.internal.org.objectweb.asm.ByteVector::putShort (52 bytes)
Event: 0.123 Thread 0x000001621ed2a2d0 nmethod 185 0x000001620002e690 code [0x000001620002e840, 0x000001620002ea48]
Event: 0.123 Thread 0x000001621ed2a2d0  186       3       jdk.internal.org.objectweb.asm.SymbolTable::addConstantUtf8 (98 bytes)
Event: 0.124 Thread 0x000001621ed2a2d0 nmethod 186 0x000001620002eb90 code [0x000001620002edc0, 0x000001620002f3d8]
Event: 0.124 Thread 0x000001621ed2a2d0  187       3       java.lang.Math::max (11 bytes)
Event: 0.124 Thread 0x000001621ed2a2d0 nmethod 187 0x000001620002f710 code [0x000001620002f8a0, 0x000001620002f9d8]
Event: 0.124 Thread 0x000001621ed2a2d0  188       1       java.lang.invoke.MethodTypeForm::parameterSlotCount (5 bytes)
Event: 0.124 Thread 0x000001621ed2a2d0 nmethod 188 0x0000016207ae1190 code [0x0000016207ae1320, 0x0000016207ae13d8]
Event: 0.129 Thread 0x000001621ed2a2d0  191       3       java.lang.String::charAt (25 bytes)
Event: 0.129 Thread 0x000001621ed2a2d0 nmethod 191 0x000001620002fa90 code [0x000001620002fc80, 0x00000162000301d8]
Event: 0.129 Thread 0x000001621ed2a2d0  192       3       java.lang.invoke.MethodType::methodType (69 bytes)
Event: 0.129 Thread 0x000001621ed2a2d0 nmethod 192 0x0000016200030490 code [0x00000162000306a0, 0x0000016200030b98]
Event: 0.129 Thread 0x000001621ed2a2d0  193       3       java.lang.System::getSecurityManager (12 bytes)
Event: 0.129 Thread 0x000001621ed2a2d0 nmethod 193 0x0000016200030d10 code [0x0000016200030ec0, 0x0000016200031038]

GC Heap History (0 events):
No events

Dll operation events (8 events):
Event: 0.018 Loaded shared library C:\Users\osayli\.jdks\openjdk-19.0.1\bin\java.dll
Event: 0.029 Loaded shared library C:\Users\osayli\.jdks\openjdk-19.0.1\bin\jsvml.dll
Event: 0.096 Loaded shared library C:\Users\osayli\.jdks\openjdk-19.0.1\bin\zip.dll
Event: 0.099 Loaded shared library C:\Users\osayli\.jdks\openjdk-19.0.1\bin\instrument.dll
Event: 0.110 Loaded shared library C:\Users\osayli\.jdks\openjdk-19.0.1\bin\net.dll
Event: 0.114 Loaded shared library C:\Users\osayli\.jdks\openjdk-19.0.1\bin\nio.dll
Event: 0.119 Loaded shared library C:\Users\osayli\.jdks\openjdk-19.0.1\bin\zip.dll
Event: 0.127 Loaded shared library C:\Program Files (x86)\JetBrains\IntelliJ IDEA Community Edition 2022.1.1\bin\breakgen64.dll

Deoptimization events (4 events):
Event: 0.128 Thread 0x000001627530bcc0 Uncommon trap: trap_request=0xffffff45 fr.pc=0x0000016207ae00c8 relative=0x00000000000000a8
Event: 0.128 Thread 0x000001627530bcc0 Uncommon trap: reason=unstable_if action=reinterpret pc=0x0000016207ae00c8 method=java.lang.String.isLatin1()Z @ 10 c2
Event: 0.128 Thread 0x000001627530bcc0 DEOPT PACKING pc=0x0000016207ae00c8 sp=0x00000001004ff040
Event: 0.128 Thread 0x000001627530bcc0 DEOPT UNPACKING pc=0x0000016207596da3 sp=0x00000001004fef80 mode 2

Classes loaded (20 events):
Event: 0.121 Loading class java/lang/invoke/BoundMethodHandle$Species_LL
Event: 0.121 Loading class java/lang/invoke/BoundMethodHandle$Species_LL done
Event: 0.122 Loading class java/lang/invoke/BoundMethodHandle$Species_LLL
Event: 0.122 Loading class java/lang/invoke/BoundMethodHandle$Species_LLL done
Event: 0.124 Loading class java/lang/reflect/InvocationTargetException
Event: 0.124 Loading class java/lang/reflect/InvocationTargetException done
Event: 0.127 Loading class java/io/Reader
Event: 0.127 Loading class java/io/Reader done
Event: 0.127 Loading class java/io/InputStreamReader
Event: 0.127 Loading class java/io/InputStreamReader done
Event: 0.128 Loading class java/net/Socket
Event: 0.128 Loading class jdk/internal/vm/PostVMInitHook
Event: 0.128 Loading class jdk/internal/vm/PostVMInitHook done
Event: 0.128 Loading class java/net/Socket done
Event: 0.129 Loading class jdk/internal/loader/URLClassPath$FileLoader$1
Event: 0.129 Loading class jdk/internal/loader/URLClassPath$FileLoader$1 done
Event: 0.129 Loading class java/net/InetSocketAddress
Event: 0.129 Loading class java/net/SocketAddress
Event: 0.129 Loading class java/net/SocketAddress done
Event: 0.129 Loading class java/net/InetSocketAddress done

Classes unloaded (0 events):
No events

Classes redefined (0 events):
No events

Internal exceptions (2 events):
Event: 0.120 Thread 0x000001627530bcc0 Exception <a 'java/lang/NoSuchMethodError'{0x00000007146c3ea8}: 'void java.lang.invoke.DirectMethodHandle$Holder.invokeStatic(java.lang.Object, java.lang.Object, java.lang.Object)'> (0x00000007146c3ea8) 
thrown [s\open\src\hotspot\share\interpreter\linkResolver.cpp, line 774]
Event: 0.124 Thread 0x000001627530bcc0 Exception <a 'java/lang/NoSuchMethodError'{0x00000007146dc4a0}: 'java.lang.Object java.lang.invoke.Invokers$Holder.invokeExact_MT(java.lang.Object, java.lang.Object, java.lang.Object, java.lang.Object, java.lang.Object)'> (0x00000007146dc4a0) 
thrown [s\open\src\hotspot\share\interpreter\linkResolver.cpp, line 774]

VM Operations (2 events):
Event: 0.083 Executing VM operation: HandshakeAllThreads
Event: 0.083 Executing VM operation: HandshakeAllThreads done

Events (17 events):
Event: 0.029 Thread 0x000001627530bcc0 Thread added: 0x000001627530bcc0
Event: 0.049 Thread 0x000001621aa54d60 Thread added: 0x000001621aa54d60
Event: 0.049 Thread 0x000001621aa55cf0 Thread added: 0x000001621aa55cf0
Event: 0.050 Thread 0x000001621aa572c0 Thread added: 0x000001621aa572c0
Event: 0.050 Thread 0x000001621ed03320 Thread added: 0x000001621ed03320
Event: 0.050 Thread 0x000001621ed03c50 Thread added: 0x000001621ed03c50
Event: 0.050 Thread 0x000001621ed08730 Thread added: 0x000001621ed08730
Event: 0.050 Thread 0x000001621ed29680 Thread added: 0x000001621ed29680
Event: 0.050 Thread 0x000001621ed2a2d0 Thread added: 0x000001621ed2a2d0
Event: 0.051 Thread 0x000001621ed35c70 Thread added: 0x000001621ed35c70
Event: 0.075 Thread 0x000001621ee1acf0 Thread added: 0x000001621ee1acf0
Event: 0.127 Thread 0x000001621ee197b0 Thread added: 0x000001621ee197b0
Event: 0.128 Thread 0x000001621ee18d10 Thread added: 0x000001621ee18d10
Event: 0.130 Thread 0x000001627530bcc0 Thread exited: 0x000001627530bcc0
Event: 0.130 Thread 0x000001621ee19260 Thread added: 0x000001621ee19260
Event: 0.130 Thread 0x000001621ee19260 Thread exited: 0x000001621ee19260
Event: 0.130 Thread 0x000001621aa572c0 Thread exited: 0x000001621aa572c0


Dynamic libraries:
0x00007ff6f1ed0000 - 0x00007ff6f1ede000 	C:\Users\osayli\.jdks\openjdk-19.0.1\bin\java.exe
0x00007ff877530000 - 0x00007ff877728000 	C:\WINDOWS\SYSTEM32\ntdll.dll
0x00007ff877280000 - 0x00007ff87733f000 	C:\WINDOWS\System32\KERNEL32.DLL
0x00007ff876fa0000 - 0x00007ff877272000 	C:\WINDOWS\System32\KERNELBASE.dll
0x00000000615c0000 - 0x00000000615fb000 	C:\WINDOWS\System32\cyinjct.dll
0x00007ff876e20000 - 0x00007ff876e2c000 	C:\WINDOWS\System32\ntnativeapi.dll
0x00007ff86f710000 - 0x00007ff86f727000 	C:\Users\osayli\.jdks\openjdk-19.0.1\bin\jli.dll
0x0000016274dd0000 - 0x0000016274f71000 	C:\WINDOWS\System32\USER32.dll
0x00007ff874fb0000 - 0x00007ff874fd2000 	C:\WINDOWS\System32\win32u.dll
0x00007ff8754d0000 - 0x00007ff8754fb000 	C:\WINDOWS\System32\GDI32.dll
0x00007ff875060000 - 0x00007ff87516f000 	C:\WINDOWS\System32\gdi32full.dll
0x00007ff874e10000 - 0x00007ff874ead000 	C:\WINDOWS\System32\msvcp_win.dll
0x0000016274f80000 - 0x0000016275080000 	C:\WINDOWS\System32\ucrtbase.dll
0x00007ff86c960000 - 0x00007ff86c97b000 	C:\Users\osayli\.jdks\openjdk-19.0.1\bin\VCRUNTIME140.dll
0x00007ff874010000 - 0x00007ff8742aa000 	C:\WINDOWS\WinSxS\amd64_microsoft.windows.common-controls_6595b64144ccf1df_6.0.19041.1110_none_60b5254171f9507e\COMCTL32.dll
0x00007ff8758d0000 - 0x00007ff87596e000 	C:\WINDOWS\System32\msvcrt.dll
0x00007ff876e00000 - 0x00007ff876e1e000 	C:\WINDOWS\System32\cyvera.dll
0x00007ff876d90000 - 0x00007ff876df8000 	C:\WINDOWS\System32\cyvrtrap.dll
0x00007ff875690000 - 0x00007ff8756c2000 	C:\WINDOWS\System32\IMM32.DLL
0x00007ff86f810000 - 0x00007ff86f81c000 	C:\Users\osayli\.jdks\openjdk-19.0.1\bin\vcruntime140_1.dll
0x00007ff85ca50000 - 0x00007ff85cade000 	C:\Users\osayli\.jdks\openjdk-19.0.1\bin\msvcp140.dll
0x00007ff8267b0000 - 0x00007ff827470000 	C:\Users\osayli\.jdks\openjdk-19.0.1\bin\server\jvm.dll
0x00007ff876090000 - 0x00007ff87613e000 	C:\WINDOWS\System32\ADVAPI32.dll
0x00007ff8756d0000 - 0x00007ff87576c000 	C:\WINDOWS\System32\sechost.dll
0x00007ff876e70000 - 0x00007ff876f95000 	C:\WINDOWS\System32\RPCRT4.dll
0x00007ff8228e0000 - 0x00007ff8228e9000 	C:\WINDOWS\SYSTEM32\WSOCK32.dll
0x00007ff875fa0000 - 0x00007ff87600b000 	C:\WINDOWS\System32\WS2_32.dll
0x00007ff869c70000 - 0x00007ff869c97000 	C:\WINDOWS\SYSTEM32\WINMM.dll
0x00007ff8726c0000 - 0x00007ff8726ca000 	C:\WINDOWS\SYSTEM32\VERSION.dll
0x00007ff872700000 - 0x00007ff872712000 	C:\WINDOWS\SYSTEM32\kernel.appcore.dll
0x00007ff86da60000 - 0x00007ff86da6a000 	C:\Users\osayli\.jdks\openjdk-19.0.1\bin\jimage.dll
0x00007ff874510000 - 0x00007ff8746f4000 	C:\WINDOWS\SYSTEM32\DBGHELP.DLL
0x00007ff874450000 - 0x00007ff874485000 	C:\WINDOWS\SYSTEM32\dbgcore.DLL
0x00007ff874b00000 - 0x00007ff874b82000 	C:\WINDOWS\System32\bcryptPrimitives.dll
0x00007ff86c950000 - 0x00007ff86c95e000 	C:\Users\osayli\.jdks\openjdk-19.0.1\bin\instrument.dll
0x00007ff86b8a0000 - 0x00007ff86b8c6000 	C:\Users\osayli\.jdks\openjdk-19.0.1\bin\java.dll
0x00007ff876d50000 - 0x00007ff876d87000 	C:\Program Files\Palo Alto Networks\Traps\cyjagent.dll
0x00007ff85c970000 - 0x00007ff85ca47000 	C:\Users\osayli\.jdks\openjdk-19.0.1\bin\jsvml.dll
0x00007ff876580000 - 0x00007ff876cc4000 	C:\WINDOWS\System32\SHELL32.dll
0x00007ff871b60000 - 0x00007ff8722f2000 	C:\WINDOWS\SYSTEM32\windows.storage.dll
0x00007ff875170000 - 0x00007ff8754c5000 	C:\WINDOWS\System32\combase.dll
0x00007ff873d00000 - 0x00007ff873d30000 	C:\WINDOWS\SYSTEM32\Wldp.dll
0x00007ff876140000 - 0x00007ff8761ed000 	C:\WINDOWS\System32\SHCORE.dll
0x00007ff8757e0000 - 0x00007ff875835000 	C:\WINDOWS\System32\shlwapi.dll
0x00007ff874a40000 - 0x00007ff874a5f000 	C:\WINDOWS\SYSTEM32\profapi.dll
0x00007ff861100000 - 0x00007ff861118000 	C:\Users\osayli\.jdks\openjdk-19.0.1\bin\zip.dll
0x00007ff86c8c0000 - 0x00007ff86c8d3000 	C:\Users\osayli\.jdks\openjdk-19.0.1\bin\net.dll
0x00007ff873410000 - 0x00007ff87351c000 	C:\WINDOWS\SYSTEM32\WINHTTP.dll
0x00007ff873af0000 - 0x00007ff873b5a000 	C:\WINDOWS\system32\mswsock.dll
0x00007ff86b9a0000 - 0x00007ff86b9b6000 	C:\Users\osayli\.jdks\openjdk-19.0.1\bin\nio.dll
0x00007ff8610e0000 - 0x00007ff8610fa000 	C:\Program Files (x86)\JetBrains\IntelliJ IDEA Community Edition 2022.1.1\bin\breakgen64.dll

dbghelp: loaded successfully - version: 4.0.5 - missing functions: none
symbol engine: initialized successfully - sym options: 0x614 - pdb path: .;C:\Users\osayli\.jdks\openjdk-19.0.1\bin;C:\WINDOWS\SYSTEM32;C:\WINDOWS\WinSxS\amd64_microsoft.windows.common-controls_6595b64144ccf1df_6.0.19041.1110_none_60b5254171f9507e;C:\Users\osayli\.jdks\openjdk-19.0.1\bin\server;C:\Program Files\Palo Alto Networks\Traps;C:\Program Files (x86)\JetBrains\IntelliJ IDEA Community Edition 2022.1.1\bin

VM Arguments:
jvm_args: -javaagent:C:\Program Files (x86)\JetBrains\IntelliJ IDEA Community Edition 2022.1.1\lib\idea_rt.jar=50595:C:\Program Files (x86)\JetBrains\IntelliJ IDEA Community Edition 2022.1.1\bin -Dfile.encoding=UTF-8 -agentpath:C:\Program Files\Palo Alto Networks\Traps\cyjagent.dll 
java_command: leetCode.Easy.EQ746MinCostClimbingStairs
java_class_path (initial): C:\Users\osayli\IdeaProjects\InterviewCodeChallenges\out\production\InterviewCodeChallenges
Launcher Type: SUN_STANDARD

[Global flags]
     intx CICompilerCount                          = 4                                         {product} {ergonomic}
     uint ConcGCThreads                            = 3                                         {product} {ergonomic}
     uint G1ConcRefinementThreads                  = 10                                        {product} {ergonomic}
   size_t G1HeapRegionSize                         = 2097152                                   {product} {ergonomic}
    uintx GCDrainStackTargetSize                   = 64                                        {product} {ergonomic}
   size_t InitialHeapSize                          = 264241152                                 {product} {ergonomic}
   size_t MarkStackSize                            = 4194304                                   {product} {ergonomic}
   size_t MaxHeapSize                              = 4213178368                                {product} {ergonomic}
   size_t MaxNewSize                               = 2527068160                                {product} {ergonomic}
   size_t MinHeapDeltaBytes                        = 2097152                                   {product} {ergonomic}
   size_t MinHeapSize                              = 8388608                                   {product} {ergonomic}
    uintx NonNMethodCodeHeapSize                   = 5839372                                {pd product} {ergonomic}
    uintx NonProfiledCodeHeapSize                  = 122909434                              {pd product} {ergonomic}
    uintx ProfiledCodeHeapSize                     = 122909434                              {pd product} {ergonomic}
    uintx ReservedCodeCacheSize                    = 251658240                              {pd product} {ergonomic}
     bool SegmentedCodeCache                       = true                                      {product} {ergonomic}
   size_t SoftMaxHeapSize                          = 4213178368                             {manageable} {ergonomic}
     bool UseCompressedClassPointers               = true                           {product lp64_product} {ergonomic}
     bool UseCompressedOops                        = true                           {product lp64_product} {ergonomic}
     bool UseG1GC                                  = true                                      {product} {ergonomic}
     bool UseLargePagesIndividualAllocation        = false                                  {pd product} {ergonomic}

Logging:
Log output configuration:
 #0: stdout all=warning uptime,level,tags foldmultilines=false
 #1: stderr all=off uptime,level,tags foldmultilines=false

Environment Variables:
PATH=C:\WINDOWS\system32;C:\WINDOWS;C:\WINDOWS\System32\Wbem;C:\WINDOWS\System32\WindowsPowerShell\v1.0\;C:\WINDOWS\System32\OpenSSH\;C:\Program Files\dotnet\;C:\Program Files (x86)\Pulse Secure\VC142.CRT\X64\;C:\Program Files (x86)\Pulse Secure\VC142.CRT\X86\;C:\Program Files (x86)\Common Files\Pulse Secure\TNC Client Plugin\;C:\Program Files\Microsoft SQL Server\150\Tools\Binn\;C:\Program Files\Microsoft SQL Server\Client SDK\ODBC\170\Tools\Binn\;C:\Program Files\Git\cmd;C:\Program Files\nodejs\;C:\Users\osayli\AppData\Local\Microsoft\WindowsApps;;C:\Users\osayli\AppData\Local\Programs\Microsoft VS Code\bin;C:\Users\osayli\.dotnet\tools
USERNAME=osayli
OS=Windows_NT
PROCESSOR_IDENTIFIER=Intel64 Family 6 Model 154 Stepping 4, GenuineIntel
TMP=C:\Users\osayli\AppData\Local\Temp
TEMP=C:\Users\osayli\AppData\Local\Temp



---------------  S Y S T E M  ---------------

OS:
 Windows 10 , 64 bit Build 19041 (10.0.19041.2364)
OS uptime: 0 days 1:17 hours
Hyper-V role detected

CPU: total 12 (initial active 12) (6 cores per cpu, 2 threads per core) family 6 model 154 stepping 4 microcode 0x41b, cx8, cmov, fxsr, ht, mmx, 3dnowpref, sse, sse2, sse3, ssse3, sse4.1, sse4.2, popcnt, lzcnt, tsc, tscinvbit, avx, avx2, aes, erms, clmul, bmi1, bmi2, adx, sha, fma, vzeroupper, clflush, clflushopt, clwb, hv, rdtscp, rdpid, fsrm

Memory: 4k page, system-wide physical 16068M (7219M free)
TotalPageFile size 19396M (AvailPageFile size 7646M)
current process WorkingSet (physical memory assigned to process): 35M, peak: 35M
current process commit charge ("private bytes"): 346M, peak: 347M

vm_info: OpenJDK 64-Bit Server VM (19.0.1+10-21) for windows-amd64 JRE (19.0.1+10-21), built on 2022-09-14T12:45:06Z by "mach5one" with MS VC++ 17.1 (VS2022)

END.
