#
# A fatal error has been detected by the Java Runtime Environment:
#
#  EXCEPTION_ACCESS_VIOLATION (0xc0000005) at pc=0x00007ffc4763c164, pid=2996, tid=16988
#
# JRE version: OpenJDK Runtime Environment (19.0.1+10) (build 19.0.1+10-21)
# Java VM: OpenJDK 64-Bit Server VM (19.0.1+10-21, mixed mode, sharing, tiered, compressed oops, compressed class ptrs, g1 gc, windows-amd64)
# Problematic frame:
# C  [cyjagent.dll+0xc164]
#
# No core dump will be written. Minidumps are not enabled by default on client versions of Windows
#
# If you would like to submit a bug report, please visit:
#   https://bugreport.java.com/bugreport/crash.jsp
# The crash happened outside the Java Virtual Machine in native code.
# See problematic frame for where to report the bug.
#

---------------  S U M M A R Y ------------

Command Line: -javaagent:C:\Program Files (x86)\JetBrains\IntelliJ IDEA Community Edition 2022.1.1\lib\idea_rt.jar=52325:C:\Program Files (x86)\JetBrains\IntelliJ IDEA Community Edition 2022.1.1\bin -Dfile.encoding=UTF-8 -agentpath:C:\Program Files\Palo Alto Networks\Traps\cyjagent.dll leetCode.Hard.HQ2306NamingACompany

Host: 12th Gen Intel(R) Core(TM) i5-1235U, 12 cores, 15G,  Windows 10 , 64 bit Build 19041 (10.0.19041.2364)
Time: Thu Feb  9 15:18:47 2023 Turkey Standard Time elapsed time: 0.121352 seconds (0d 0h 0m 0s)

---------------  T H R E A D  ---------------

Current thread (0x000001ee635e7a70):  JavaThread "Monitor Ctrl-Break" daemon [_thread_in_native, id=16988, stack(0x000000b8bbb00000,0x000000b8bbc00000)]

Stack: [0x000000b8bbb00000,0x000000b8bbc00000],  sp=0x000000b8bbbfd540,  free space=1013k
Native frames: (J=compiled Java code, j=interpreted, Vv=VM code, C=native code)
C  [cyjagent.dll+0xc164]

Java frames: (J=compiled Java code, j=interpreted, Vv=VM code)
j  java.util.concurrent.ConcurrentSkipListMap.<clinit>()V+24 java.base@19.0.1
v  ~StubRoutines::call_stub 0x000001ee4aed100e
j  java.util.concurrent.ConcurrentSkipListSet.<init>()V+5 java.base@19.0.1
j  java.net.InetAddress.<clinit>()V+83 java.base@19.0.1
v  ~StubRoutines::call_stub 0x000001ee4aed100e
j  java.net.InetSocketAddress.<init>(Ljava/lang/String;I)V+15 java.base@19.0.1
j  java.net.Socket.<init>(Ljava/lang/String;I)V+11 java.base@19.0.1
j  com.intellij.rt.execution.application.AppMainV2$1.run()V+10
v  ~StubRoutines::call_stub 0x000001ee4aed100e

siginfo: EXCEPTION_ACCESS_VIOLATION (0xc0000005), reading address 0x0000000000000000


Registers:
RAX=0x0000000000000000, RBX=0x000001ee635e7d50, RCX=0x0000000000000000, RDX=0x000001ee3ba4e7a0
RSP=0x000000b8bbbfd540, RBP=0x000001ee3b3bf8d0, RSI=0x0000000000000000, RDI=0x000001ee6368dec0
R8 =0x000000b8bbbfd3b8, R9 =0x000001ee3b3bf8d0, R10=0x0000000000000000, R11=0x0000000000000246
R12=0x000001ee6368dec0, R13=0x0000000000000000, R14=0x000001ee635e7a70, R15=0x0000000000000000
RIP=0x00007ffc4763c164, EFLAGS=0x0000000000010202


Register to memory mapping:

RIP=0x00007ffc4763c164 cyjagent.dll
RAX=0x0 is NULL
RBX=0x000001ee635e7d50 points into unknown readable memory: 0x00007ffbf4f5f9a0 | a0 f9 f5 f4 fb 7f 00 00
RCX=0x0 is NULL
RDX=0x000001ee3ba4e7a0 points into unknown readable memory: 0x000001ee635e7a70 | 70 7a 5e 63 ee 01 00 00
RSP=0x000000b8bbbfd540 is pointing into the stack for thread: 0x000001ee635e7a70
RBP=0x000001ee3b3bf8d0 points into unknown readable memory: 0x000001ee3b2c0750 | 50 07 2c 3b ee 01 00 00
RSI=0x0 is NULL
RDI=0x000001ee6368dec0 points into unknown readable memory: 0x6974752f6176616a | 6a 61 76 61 2f 75 74 69
R8 =0x000000b8bbbfd3b8 is pointing into the stack for thread: 0x000001ee635e7a70
R9 =0x000001ee3b3bf8d0 points into unknown readable memory: 0x000001ee3b2c0750 | 50 07 2c 3b ee 01 00 00
R10=0x0 is NULL
R11=0x0000000000000246 is an unknown value
R12=0x000001ee6368dec0 points into unknown readable memory: 0x6974752f6176616a | 6a 61 76 61 2f 75 74 69
R13=0x0 is NULL
R14=0x000001ee635e7a70 is a thread
R15=0x0 is NULL


Top of Stack: (sp=0x000000b8bbbfd540)
0x000000b8bbbfd540:   000001ee6368dec0 000001ee635e7d50
0x000000b8bbbfd550:   0000000000000000 00007ffbf4bd53ce
0x000000b8bbbfd560:   0000000000000000 00007ffbf4868040
0x000000b8bbbfd570:   000000080057e260 000001ee3b3bf8d0
0x000000b8bbbfd580:   0000000000000025 000000b8bbbfd760
0x000000b8bbbfd590:   000001ee3947ed30 0000000000000000
0x000000b8bbbfd5a0:   000000b8bbbfd798 00007ffbf498f06e
0x000000b8bbbfd5b0:   000001ee3947ed30 0000000000000000
0x000000b8bbbfd5c0:   000000b8bbbfd760 0000000000000000
0x000000b8bbbfd5d0:   000001ee6368dec0 0000000000000000
0x000000b8bbbfd5e0:   000001ee00000c0d 000001ee6368d280
0x000000b8bbbfd5f0:   000000b8bbbfd6e8 000000b8bbbfd608
0x000000b8bbbfd600:   0000000000000000 0000000000000000
0x000000b8bbbfd610:   0000000000000000 00007ffc478dfead
0x000000b8bbbfd620:   000001ee636b7590 000001ee6368d270
0x000000b8bbbfd630:   000001ee6368dee8 000001ee63695258 

Instructions: (pc=0x00007ffc4763c164)
0x00007ffc4763c064:   00 00 03 72 2d 44 8b ce 48 8d 05 9d e0 01 00 ba
0x00007ffc4763c074:   2f 00 00 00 4e 8b 0c c8 48 8b 89 90 02 00 00 4c
0x00007ffc4763c084:   8d 05 b6 df 01 00 e8 b1 50 ff ff 48 8b 0d 4a 39
0x00007ffc4763c094:   02 00 48 3b cb 74 68 f6 81 9c 02 00 00 10 74 5f
0x00007ffc4763c0a4:   80 b9 99 02 00 00 02 72 56 4c 8b 8c 24 90 00 00
0x00007ffc4763c0b4:   00 4c 8d 05 84 df 01 00 48 8b 89 90 02 00 00 ba
0x00007ffc4763c0c4:   31 00 00 00 e8 73 50 ff ff eb 34 49 8b 0f 4c 8b
0x00007ffc4763c0d4:   c3 48 8b d6 e8 d3 63 00 00 48 8b 84 24 b0 00 00
0x00007ffc4763c0e4:   00 89 18 48 8b 0d ca 4c 02 00 4c 8b c6 33 d2 ff
0x00007ffc4763c0f4:   15 e7 50 01 00 eb 08 a8 02 75 04 c6 47 40 01 b8
0x00007ffc4763c104:   ff ff ff ff f0 0f c1 47 10 4c 8b b4 24 88 00 00
0x00007ffc4763c114:   00 83 f8 01 75 42 48 8b 4f 18 48 81 c1 70 01 00
0x00007ffc4763c124:   00 ff 15 7d 51 01 00 48 8b 0f 48 8b 47 08 48 89
0x00007ffc4763c134:   08 48 89 41 08 48 8b 4f 18 48 81 c1 70 01 00 00
0x00007ffc4763c144:   ff 15 66 51 01 00 48 8b 0d 67 4c 02 00 4c 8b c7
0x00007ffc4763c154:   33 d2 ff 15 84 50 01 00 48 8b 4d 20 48 8b 55 10
0x00007ffc4763c164:   48 8b 01 48 8b 80 08 01 00 00 ff 15 6c 51 01 00
0x00007ffc4763c174:   85 c0 74 40 48 8b 0d 61 38 02 00 48 8d 15 5a 38
0x00007ffc4763c184:   02 00 48 3b ca 74 2d f6 81 9c 02 00 00 10 74 24
0x00007ffc4763c194:   80 b9 99 02 00 00 03 72 1b 48 8b 89 90 02 00 00
0x00007ffc4763c1a4:   4c 8d 05 95 de 01 00 ba 15 00 00 00 44 8b c8 e8
0x00007ffc4763c1b4:   c8 4e ff ff 48 8b 6c 24 78 48 8b b4 24 80 00 00
0x00007ffc4763c1c4:   00 48 83 c4 50 41 5f 5f 5b c3 cc cc 40 57 48 83
0x00007ffc4763c1d4:   ec 30 f6 81 78 01 00 00 04 48 8b f9 0f 85 87 02
0x00007ffc4763c1e4:   00 00 48 89 5c 24 40 45 33 c9 48 89 6c 24 48 33
0x00007ffc4763c1f4:   d2 48 89 74 24 50 48 8b 71 20 45 8d 41 32 48 8b
0x00007ffc4763c204:   ce 48 8b 06 48 8b 40 08 ff 15 ce 50 01 00 48 8d
0x00007ffc4763c214:   2d c7 37 02 00 85 c0 74 37 48 8b 0d bc 37 02 00
0x00007ffc4763c224:   48 3b cd 74 2b f6 81 9c 02 00 00 10 74 22 80 b9
0x00007ffc4763c234:   99 02 00 00 02 72 19 48 8b 89 90 02 00 00 ba 11
0x00007ffc4763c244:   00 00 00 89 44 24 20 44 8d 4a 21 e8 7c dc ff ff
0x00007ffc4763c254:   48 8b 06 45 33 c9 33 d2 48 8b ce 48 8b 40 08 45 


Stack slot to memory mapping:
stack at sp + 0 slots: 0x000001ee6368dec0 points into unknown readable memory: 0x6974752f6176616a | 6a 61 76 61 2f 75 74 69
stack at sp + 1 slots: 0x000001ee635e7d50 points into unknown readable memory: 0x00007ffbf4f5f9a0 | a0 f9 f5 f4 fb 7f 00 00
stack at sp + 2 slots: 0x0 is NULL
stack at sp + 3 slots: 0x00007ffbf4bd53ce jvm.dll
stack at sp + 4 slots: 0x0 is NULL
stack at sp + 5 slots: 0x00007ffbf4868040 jvm.dll
stack at sp + 6 slots: 0x000000080057e260 is pointing into metadata
stack at sp + 7 slots: 0x000001ee3b3bf8d0 points into unknown readable memory: 0x000001ee3b2c0750 | 50 07 2c 3b ee 01 00 00


---------------  P R O C E S S  ---------------

Threads class SMR info:
_java_thread_list=0x000001ee6360bd30, length=12, elements={
0x000001ee5f1e7910, 0x000001ee5f1e8700, 0x000001ee5f1ea2d0, 0x000001ee63401090,
0x000001ee634019c0, 0x000001ee634026c0, 0x000001ee63403830, 0x000001ee63433c20,
0x000001ee634375b0, 0x000001ee63527bd0, 0x000001ee635e7a70, 0x000001ee635e7fb0
}

Java Threads: ( => current thread )
  0x000001ee5f1e7910 JavaThread "Reference Handler" daemon [_thread_blocked, id=17416, stack(0x000000b8bb100000,0x000000b8bb200000)]
  0x000001ee5f1e8700 JavaThread "Finalizer" daemon [_thread_blocked, id=6376, stack(0x000000b8bb200000,0x000000b8bb300000)]
  0x000001ee5f1ea2d0 JavaThread "Signal Dispatcher" daemon [_thread_blocked, id=5512, stack(0x000000b8bb300000,0x000000b8bb400000)]
  0x000001ee63401090 JavaThread "Attach Listener" daemon [_thread_blocked, id=3132, stack(0x000000b8bb400000,0x000000b8bb500000)]
  0x000001ee634019c0 JavaThread "Service Thread" daemon [_thread_blocked, id=19892, stack(0x000000b8bb500000,0x000000b8bb600000)]
  0x000001ee634026c0 JavaThread "Monitor Deflation Thread" daemon [_thread_blocked, id=4804, stack(0x000000b8bb600000,0x000000b8bb700000)]
  0x000001ee63403830 JavaThread "C2 CompilerThread0" daemon [_thread_blocked, id=10284, stack(0x000000b8bb700000,0x000000b8bb800000)]
  0x000001ee63433c20 JavaThread "C1 CompilerThread0" daemon [_thread_blocked, id=15376, stack(0x000000b8bb800000,0x000000b8bb900000)]
  0x000001ee634375b0 JavaThread "Sweeper thread" daemon [_thread_blocked, id=5564, stack(0x000000b8bb900000,0x000000b8bba00000)]
  0x000001ee63527bd0 JavaThread "Common-Cleaner" daemon [_thread_blocked, id=9144, stack(0x000000b8bba00000,0x000000b8bbb00000)]
=>0x000001ee635e7a70 JavaThread "Monitor Ctrl-Break" daemon [_thread_in_native, id=16988, stack(0x000000b8bbb00000,0x000000b8bbc00000)]
  0x000001ee635e7fb0 JavaThread "Notification Thread" daemon [_thread_blocked, id=11400, stack(0x000000b8bbc00000,0x000000b8bbd00000)]

Other Threads:
  0x000001ee5f1cd720 VMThread "VM Thread" [stack: 0x000000b8bb000000,0x000000b8bb100000] [id=13952] _threads_hazard_ptr=0x000001ee6360bd30
  0x000001ee3bad4820 WorkerThread "GC Thread#0" [stack: 0x000000b8bab00000,0x000000b8bac00000] [id=10024]
  0x000001ee3bae51a0 ConcurrentGCThread "G1 Main Marker" terminated
  0x000001ee3bae5c80 WorkerThread "G1 Conc#0" [stack: 0x000000b8bad00000,0x000000b8bae00000] [id=5072]
  0x000001ee5f077e80 ConcurrentGCThread "G1 Refine#0" terminated
  0x000001ee5f0798e0 ConcurrentGCThread "G1 Service" terminated

Threads with active compile tasks:

VM state: at safepoint (normal execution)

VM Mutex/Monitor currently owned by a thread:  ([mutex/lock_event])
[0x000001ee3ba625c0] Threads_lock - owner thread: 0x000001ee5f1cd720
[0x000001ee3ba626e0] Heap_lock - owner thread: 0x000001ee3ba661d0

Heap address: 0x0000000704e00000, size: 4018 MB, Compressed Oops mode: Zero based, Oop shift amount: 3

CDS archive(s) mapped at: [0x0000000800000000-0x0000000800c30000-0x0000000800c30000), size 12779520, SharedBaseAddress: 0x0000000800000000, ArchiveRelocationMode: 0.
Compressed class space mapped at: 0x0000000801000000-0x0000000841000000, reserved size: 1073741824
Narrow klass base: 0x0000000800000000, Narrow klass shift: 0, Narrow klass range: 0x100000000

GC Precious Log:
 CardTable entry size: 512
 Card Set container configuration: InlinePtr #cards 4 size 8 Array Of Cards #cards 16 size 48 Howl #buckets 8 coarsen threshold 3686 Howl Bitmap #cards 512 size 80 coarsen threshold 460 Card regions per heap region 1 cards per card region 4096
 CPUs: 12 total, 12 available
 Memory: 16068M
 Large Page Support: Disabled
 NUMA Support: Disabled
 Compressed Oops: Enabled (Zero based)
 Heap Region Size: 2M
 Heap Min Capacity: 8M
 Heap Initial Capacity: 252M
 Heap Max Capacity: 4018M
 Pre-touch: Disabled
 Parallel Workers: 10
 Concurrent Workers: 3
 Concurrent Refinement Workers: 10
 Periodic GC: Disabled

Heap:
 garbage-first heap   total 258048K, used 2048K [0x0000000704e00000, 0x0000000800000000)
  region size 2048K, 2 young (4096K), 0 survivors (0K)
 Metaspace       used 542K, committed 704K, reserved 1114112K
  class space    used 28K, committed 128K, reserved 1048576K

Heap Regions: E=young(eden), S=young(survivor), O=old, HS=humongous(starts), HC=humongous(continues), CS=collection set, F=free, OA=open archive, CA=closed archive, TAMS=top-at-mark-start (previous, next)
|   0|0x0000000704e00000, 0x0000000704e00000, 0x0000000705000000|  0%| F|  |TAMS 0x0000000704e00000, 0x0000000704e00000| Untracked 
|   1|0x0000000705000000, 0x0000000705000000, 0x0000000705200000|  0%| F|  |TAMS 0x0000000705000000, 0x0000000705000000| Untracked 
|   2|0x0000000705200000, 0x0000000705200000, 0x0000000705400000|  0%| F|  |TAMS 0x0000000705200000, 0x0000000705200000| Untracked 
|   3|0x0000000705400000, 0x0000000705400000, 0x0000000705600000|  0%| F|  |TAMS 0x0000000705400000, 0x0000000705400000| Untracked 
|   4|0x0000000705600000, 0x0000000705600000, 0x0000000705800000|  0%| F|  |TAMS 0x0000000705600000, 0x0000000705600000| Untracked 
|   5|0x0000000705800000, 0x0000000705800000, 0x0000000705a00000|  0%| F|  |TAMS 0x0000000705800000, 0x0000000705800000| Untracked 
|   6|0x0000000705a00000, 0x0000000705a00000, 0x0000000705c00000|  0%| F|  |TAMS 0x0000000705a00000, 0x0000000705a00000| Untracked 
|   7|0x0000000705c00000, 0x0000000705c00000, 0x0000000705e00000|  0%| F|  |TAMS 0x0000000705c00000, 0x0000000705c00000| Untracked 
|   8|0x0000000705e00000, 0x0000000705e00000, 0x0000000706000000|  0%| F|  |TAMS 0x0000000705e00000, 0x0000000705e00000| Untracked 
|   9|0x0000000706000000, 0x0000000706000000, 0x0000000706200000|  0%| F|  |TAMS 0x0000000706000000, 0x0000000706000000| Untracked 
|  10|0x0000000706200000, 0x0000000706200000, 0x0000000706400000|  0%| F|  |TAMS 0x0000000706200000, 0x0000000706200000| Untracked 
|  11|0x0000000706400000, 0x0000000706400000, 0x0000000706600000|  0%| F|  |TAMS 0x0000000706400000, 0x0000000706400000| Untracked 
|  12|0x0000000706600000, 0x0000000706600000, 0x0000000706800000|  0%| F|  |TAMS 0x0000000706600000, 0x0000000706600000| Untracked 
|  13|0x0000000706800000, 0x0000000706800000, 0x0000000706a00000|  0%| F|  |TAMS 0x0000000706800000, 0x0000000706800000| Untracked 
|  14|0x0000000706a00000, 0x0000000706a00000, 0x0000000706c00000|  0%| F|  |TAMS 0x0000000706a00000, 0x0000000706a00000| Untracked 
|  15|0x0000000706c00000, 0x0000000706c00000, 0x0000000706e00000|  0%| F|  |TAMS 0x0000000706c00000, 0x0000000706c00000| Untracked 
|  16|0x0000000706e00000, 0x0000000706e00000, 0x0000000707000000|  0%| F|  |TAMS 0x0000000706e00000, 0x0000000706e00000| Untracked 
|  17|0x0000000707000000, 0x0000000707000000, 0x0000000707200000|  0%| F|  |TAMS 0x0000000707000000, 0x0000000707000000| Untracked 
|  18|0x0000000707200000, 0x0000000707200000, 0x0000000707400000|  0%| F|  |TAMS 0x0000000707200000, 0x0000000707200000| Untracked 
|  19|0x0000000707400000, 0x0000000707400000, 0x0000000707600000|  0%| F|  |TAMS 0x0000000707400000, 0x0000000707400000| Untracked 
|  20|0x0000000707600000, 0x0000000707600000, 0x0000000707800000|  0%| F|  |TAMS 0x0000000707600000, 0x0000000707600000| Untracked 
|  21|0x0000000707800000, 0x0000000707800000, 0x0000000707a00000|  0%| F|  |TAMS 0x0000000707800000, 0x0000000707800000| Untracked 
|  22|0x0000000707a00000, 0x0000000707a00000, 0x0000000707c00000|  0%| F|  |TAMS 0x0000000707a00000, 0x0000000707a00000| Untracked 
|  23|0x0000000707c00000, 0x0000000707c00000, 0x0000000707e00000|  0%| F|  |TAMS 0x0000000707c00000, 0x0000000707c00000| Untracked 
|  24|0x0000000707e00000, 0x0000000707e00000, 0x0000000708000000|  0%| F|  |TAMS 0x0000000707e00000, 0x0000000707e00000| Untracked 
|  25|0x0000000708000000, 0x0000000708000000, 0x0000000708200000|  0%| F|  |TAMS 0x0000000708000000, 0x0000000708000000| Untracked 
|  26|0x0000000708200000, 0x0000000708200000, 0x0000000708400000|  0%| F|  |TAMS 0x0000000708200000, 0x0000000708200000| Untracked 
|  27|0x0000000708400000, 0x0000000708400000, 0x0000000708600000|  0%| F|  |TAMS 0x0000000708400000, 0x0000000708400000| Untracked 
|  28|0x0000000708600000, 0x0000000708600000, 0x0000000708800000|  0%| F|  |TAMS 0x0000000708600000, 0x0000000708600000| Untracked 
|  29|0x0000000708800000, 0x0000000708800000, 0x0000000708a00000|  0%| F|  |TAMS 0x0000000708800000, 0x0000000708800000| Untracked 
|  30|0x0000000708a00000, 0x0000000708a00000, 0x0000000708c00000|  0%| F|  |TAMS 0x0000000708a00000, 0x0000000708a00000| Untracked 
|  31|0x0000000708c00000, 0x0000000708c00000, 0x0000000708e00000|  0%| F|  |TAMS 0x0000000708c00000, 0x0000000708c00000| Untracked 
|  32|0x0000000708e00000, 0x0000000708e00000, 0x0000000709000000|  0%| F|  |TAMS 0x0000000708e00000, 0x0000000708e00000| Untracked 
|  33|0x0000000709000000, 0x0000000709000000, 0x0000000709200000|  0%| F|  |TAMS 0x0000000709000000, 0x0000000709000000| Untracked 
|  34|0x0000000709200000, 0x0000000709200000, 0x0000000709400000|  0%| F|  |TAMS 0x0000000709200000, 0x0000000709200000| Untracked 
|  35|0x0000000709400000, 0x0000000709400000, 0x0000000709600000|  0%| F|  |TAMS 0x0000000709400000, 0x0000000709400000| Untracked 
|  36|0x0000000709600000, 0x0000000709600000, 0x0000000709800000|  0%| F|  |TAMS 0x0000000709600000, 0x0000000709600000| Untracked 
|  37|0x0000000709800000, 0x0000000709800000, 0x0000000709a00000|  0%| F|  |TAMS 0x0000000709800000, 0x0000000709800000| Untracked 
|  38|0x0000000709a00000, 0x0000000709a00000, 0x0000000709c00000|  0%| F|  |TAMS 0x0000000709a00000, 0x0000000709a00000| Untracked 
|  39|0x0000000709c00000, 0x0000000709c00000, 0x0000000709e00000|  0%| F|  |TAMS 0x0000000709c00000, 0x0000000709c00000| Untracked 
|  40|0x0000000709e00000, 0x0000000709e00000, 0x000000070a000000|  0%| F|  |TAMS 0x0000000709e00000, 0x0000000709e00000| Untracked 
|  41|0x000000070a000000, 0x000000070a000000, 0x000000070a200000|  0%| F|  |TAMS 0x000000070a000000, 0x000000070a000000| Untracked 
|  42|0x000000070a200000, 0x000000070a200000, 0x000000070a400000|  0%| F|  |TAMS 0x000000070a200000, 0x000000070a200000| Untracked 
|  43|0x000000070a400000, 0x000000070a400000, 0x000000070a600000|  0%| F|  |TAMS 0x000000070a400000, 0x000000070a400000| Untracked 
|  44|0x000000070a600000, 0x000000070a600000, 0x000000070a800000|  0%| F|  |TAMS 0x000000070a600000, 0x000000070a600000| Untracked 
|  45|0x000000070a800000, 0x000000070a800000, 0x000000070aa00000|  0%| F|  |TAMS 0x000000070a800000, 0x000000070a800000| Untracked 
|  46|0x000000070aa00000, 0x000000070aa00000, 0x000000070ac00000|  0%| F|  |TAMS 0x000000070aa00000, 0x000000070aa00000| Untracked 
|  47|0x000000070ac00000, 0x000000070ac00000, 0x000000070ae00000|  0%| F|  |TAMS 0x000000070ac00000, 0x000000070ac00000| Untracked 
|  48|0x000000070ae00000, 0x000000070ae00000, 0x000000070b000000|  0%| F|  |TAMS 0x000000070ae00000, 0x000000070ae00000| Untracked 
|  49|0x000000070b000000, 0x000000070b000000, 0x000000070b200000|  0%| F|  |TAMS 0x000000070b000000, 0x000000070b000000| Untracked 
|  50|0x000000070b200000, 0x000000070b200000, 0x000000070b400000|  0%| F|  |TAMS 0x000000070b200000, 0x000000070b200000| Untracked 
|  51|0x000000070b400000, 0x000000070b400000, 0x000000070b600000|  0%| F|  |TAMS 0x000000070b400000, 0x000000070b400000| Untracked 
|  52|0x000000070b600000, 0x000000070b600000, 0x000000070b800000|  0%| F|  |TAMS 0x000000070b600000, 0x000000070b600000| Untracked 
|  53|0x000000070b800000, 0x000000070b800000, 0x000000070ba00000|  0%| F|  |TAMS 0x000000070b800000, 0x000000070b800000| Untracked 
|  54|0x000000070ba00000, 0x000000070ba00000, 0x000000070bc00000|  0%| F|  |TAMS 0x000000070ba00000, 0x000000070ba00000| Untracked 
|  55|0x000000070bc00000, 0x000000070bc00000, 0x000000070be00000|  0%| F|  |TAMS 0x000000070bc00000, 0x000000070bc00000| Untracked 
|  56|0x000000070be00000, 0x000000070be00000, 0x000000070c000000|  0%| F|  |TAMS 0x000000070be00000, 0x000000070be00000| Untracked 
|  57|0x000000070c000000, 0x000000070c000000, 0x000000070c200000|  0%| F|  |TAMS 0x000000070c000000, 0x000000070c000000| Untracked 
|  58|0x000000070c200000, 0x000000070c200000, 0x000000070c400000|  0%| F|  |TAMS 0x000000070c200000, 0x000000070c200000| Untracked 
|  59|0x000000070c400000, 0x000000070c400000, 0x000000070c600000|  0%| F|  |TAMS 0x000000070c400000, 0x000000070c400000| Untracked 
|  60|0x000000070c600000, 0x000000070c600000, 0x000000070c800000|  0%| F|  |TAMS 0x000000070c600000, 0x000000070c600000| Untracked 
|  61|0x000000070c800000, 0x000000070c800000, 0x000000070ca00000|  0%| F|  |TAMS 0x000000070c800000, 0x000000070c800000| Untracked 
|  62|0x000000070ca00000, 0x000000070ca00000, 0x000000070cc00000|  0%| F|  |TAMS 0x000000070ca00000, 0x000000070ca00000| Untracked 
|  63|0x000000070cc00000, 0x000000070cc00000, 0x000000070ce00000|  0%| F|  |TAMS 0x000000070cc00000, 0x000000070cc00000| Untracked 
|  64|0x000000070ce00000, 0x000000070ce00000, 0x000000070d000000|  0%| F|  |TAMS 0x000000070ce00000, 0x000000070ce00000| Untracked 
|  65|0x000000070d000000, 0x000000070d000000, 0x000000070d200000|  0%| F|  |TAMS 0x000000070d000000, 0x000000070d000000| Untracked 
|  66|0x000000070d200000, 0x000000070d200000, 0x000000070d400000|  0%| F|  |TAMS 0x000000070d200000, 0x000000070d200000| Untracked 
|  67|0x000000070d400000, 0x000000070d400000, 0x000000070d600000|  0%| F|  |TAMS 0x000000070d400000, 0x000000070d400000| Untracked 
|  68|0x000000070d600000, 0x000000070d600000, 0x000000070d800000|  0%| F|  |TAMS 0x000000070d600000, 0x000000070d600000| Untracked 
|  69|0x000000070d800000, 0x000000070d800000, 0x000000070da00000|  0%| F|  |TAMS 0x000000070d800000, 0x000000070d800000| Untracked 
|  70|0x000000070da00000, 0x000000070da00000, 0x000000070dc00000|  0%| F|  |TAMS 0x000000070da00000, 0x000000070da00000| Untracked 
|  71|0x000000070dc00000, 0x000000070dc00000, 0x000000070de00000|  0%| F|  |TAMS 0x000000070dc00000, 0x000000070dc00000| Untracked 
|  72|0x000000070de00000, 0x000000070de00000, 0x000000070e000000|  0%| F|  |TAMS 0x000000070de00000, 0x000000070de00000| Untracked 
|  73|0x000000070e000000, 0x000000070e000000, 0x000000070e200000|  0%| F|  |TAMS 0x000000070e000000, 0x000000070e000000| Untracked 
|  74|0x000000070e200000, 0x000000070e200000, 0x000000070e400000|  0%| F|  |TAMS 0x000000070e200000, 0x000000070e200000| Untracked 
|  75|0x000000070e400000, 0x000000070e400000, 0x000000070e600000|  0%| F|  |TAMS 0x000000070e400000, 0x000000070e400000| Untracked 
|  76|0x000000070e600000, 0x000000070e600000, 0x000000070e800000|  0%| F|  |TAMS 0x000000070e600000, 0x000000070e600000| Untracked 
|  77|0x000000070e800000, 0x000000070e800000, 0x000000070ea00000|  0%| F|  |TAMS 0x000000070e800000, 0x000000070e800000| Untracked 
|  78|0x000000070ea00000, 0x000000070ea00000, 0x000000070ec00000|  0%| F|  |TAMS 0x000000070ea00000, 0x000000070ea00000| Untracked 
|  79|0x000000070ec00000, 0x000000070ec00000, 0x000000070ee00000|  0%| F|  |TAMS 0x000000070ec00000, 0x000000070ec00000| Untracked 
|  80|0x000000070ee00000, 0x000000070ee00000, 0x000000070f000000|  0%| F|  |TAMS 0x000000070ee00000, 0x000000070ee00000| Untracked 
|  81|0x000000070f000000, 0x000000070f000000, 0x000000070f200000|  0%| F|  |TAMS 0x000000070f000000, 0x000000070f000000| Untracked 
|  82|0x000000070f200000, 0x000000070f200000, 0x000000070f400000|  0%| F|  |TAMS 0x000000070f200000, 0x000000070f200000| Untracked 
|  83|0x000000070f400000, 0x000000070f400000, 0x000000070f600000|  0%| F|  |TAMS 0x000000070f400000, 0x000000070f400000| Untracked 
|  84|0x000000070f600000, 0x000000070f600000, 0x000000070f800000|  0%| F|  |TAMS 0x000000070f600000, 0x000000070f600000| Untracked 
|  85|0x000000070f800000, 0x000000070f800000, 0x000000070fa00000|  0%| F|  |TAMS 0x000000070f800000, 0x000000070f800000| Untracked 
|  86|0x000000070fa00000, 0x000000070fa00000, 0x000000070fc00000|  0%| F|  |TAMS 0x000000070fa00000, 0x000000070fa00000| Untracked 
|  87|0x000000070fc00000, 0x000000070fc00000, 0x000000070fe00000|  0%| F|  |TAMS 0x000000070fc00000, 0x000000070fc00000| Untracked 
|  88|0x000000070fe00000, 0x000000070fe00000, 0x0000000710000000|  0%| F|  |TAMS 0x000000070fe00000, 0x000000070fe00000| Untracked 
|  89|0x0000000710000000, 0x0000000710000000, 0x0000000710200000|  0%| F|  |TAMS 0x0000000710000000, 0x0000000710000000| Untracked 
|  90|0x0000000710200000, 0x0000000710200000, 0x0000000710400000|  0%| F|  |TAMS 0x0000000710200000, 0x0000000710200000| Untracked 
|  91|0x0000000710400000, 0x0000000710400000, 0x0000000710600000|  0%| F|  |TAMS 0x0000000710400000, 0x0000000710400000| Untracked 
|  92|0x0000000710600000, 0x0000000710600000, 0x0000000710800000|  0%| F|  |TAMS 0x0000000710600000, 0x0000000710600000| Untracked 
|  93|0x0000000710800000, 0x0000000710800000, 0x0000000710a00000|  0%| F|  |TAMS 0x0000000710800000, 0x0000000710800000| Untracked 
|  94|0x0000000710a00000, 0x0000000710a00000, 0x0000000710c00000|  0%| F|  |TAMS 0x0000000710a00000, 0x0000000710a00000| Untracked 
|  95|0x0000000710c00000, 0x0000000710c00000, 0x0000000710e00000|  0%| F|  |TAMS 0x0000000710c00000, 0x0000000710c00000| Untracked 
|  96|0x0000000710e00000, 0x0000000710e00000, 0x0000000711000000|  0%| F|  |TAMS 0x0000000710e00000, 0x0000000710e00000| Untracked 
|  97|0x0000000711000000, 0x0000000711000000, 0x0000000711200000|  0%| F|  |TAMS 0x0000000711000000, 0x0000000711000000| Untracked 
|  98|0x0000000711200000, 0x0000000711200000, 0x0000000711400000|  0%| F|  |TAMS 0x0000000711200000, 0x0000000711200000| Untracked 
|  99|0x0000000711400000, 0x0000000711400000, 0x0000000711600000|  0%| F|  |TAMS 0x0000000711400000, 0x0000000711400000| Untracked 
| 100|0x0000000711600000, 0x0000000711600000, 0x0000000711800000|  0%| F|  |TAMS 0x0000000711600000, 0x0000000711600000| Untracked 
| 101|0x0000000711800000, 0x0000000711800000, 0x0000000711a00000|  0%| F|  |TAMS 0x0000000711800000, 0x0000000711800000| Untracked 
| 102|0x0000000711a00000, 0x0000000711a00000, 0x0000000711c00000|  0%| F|  |TAMS 0x0000000711a00000, 0x0000000711a00000| Untracked 
| 103|0x0000000711c00000, 0x0000000711c00000, 0x0000000711e00000|  0%| F|  |TAMS 0x0000000711c00000, 0x0000000711c00000| Untracked 
| 104|0x0000000711e00000, 0x0000000711e00000, 0x0000000712000000|  0%| F|  |TAMS 0x0000000711e00000, 0x0000000711e00000| Untracked 
| 105|0x0000000712000000, 0x0000000712000000, 0x0000000712200000|  0%| F|  |TAMS 0x0000000712000000, 0x0000000712000000| Untracked 
| 106|0x0000000712200000, 0x0000000712200000, 0x0000000712400000|  0%| F|  |TAMS 0x0000000712200000, 0x0000000712200000| Untracked 
| 107|0x0000000712400000, 0x0000000712400000, 0x0000000712600000|  0%| F|  |TAMS 0x0000000712400000, 0x0000000712400000| Untracked 
| 108|0x0000000712600000, 0x0000000712600000, 0x0000000712800000|  0%| F|  |TAMS 0x0000000712600000, 0x0000000712600000| Untracked 
| 109|0x0000000712800000, 0x0000000712800000, 0x0000000712a00000|  0%| F|  |TAMS 0x0000000712800000, 0x0000000712800000| Untracked 
| 110|0x0000000712a00000, 0x0000000712a00000, 0x0000000712c00000|  0%| F|  |TAMS 0x0000000712a00000, 0x0000000712a00000| Untracked 
| 111|0x0000000712c00000, 0x0000000712c00000, 0x0000000712e00000|  0%| F|  |TAMS 0x0000000712c00000, 0x0000000712c00000| Untracked 
| 112|0x0000000712e00000, 0x0000000712e00000, 0x0000000713000000|  0%| F|  |TAMS 0x0000000712e00000, 0x0000000712e00000| Untracked 
| 113|0x0000000713000000, 0x0000000713000000, 0x0000000713200000|  0%| F|  |TAMS 0x0000000713000000, 0x0000000713000000| Untracked 
| 114|0x0000000713200000, 0x0000000713200000, 0x0000000713400000|  0%| F|  |TAMS 0x0000000713200000, 0x0000000713200000| Untracked 
| 115|0x0000000713400000, 0x0000000713400000, 0x0000000713600000|  0%| F|  |TAMS 0x0000000713400000, 0x0000000713400000| Untracked 
| 116|0x0000000713600000, 0x0000000713600000, 0x0000000713800000|  0%| F|  |TAMS 0x0000000713600000, 0x0000000713600000| Untracked 
| 117|0x0000000713800000, 0x0000000713800000, 0x0000000713a00000|  0%| F|  |TAMS 0x0000000713800000, 0x0000000713800000| Untracked 
| 118|0x0000000713a00000, 0x0000000713a00000, 0x0000000713c00000|  0%| F|  |TAMS 0x0000000713a00000, 0x0000000713a00000| Untracked 
| 119|0x0000000713c00000, 0x0000000713c00000, 0x0000000713e00000|  0%| F|  |TAMS 0x0000000713c00000, 0x0000000713c00000| Untracked 
| 120|0x0000000713e00000, 0x0000000713e00000, 0x0000000714000000|  0%| F|  |TAMS 0x0000000713e00000, 0x0000000713e00000| Untracked 
| 121|0x0000000714000000, 0x0000000714000000, 0x0000000714200000|  0%| F|  |TAMS 0x0000000714000000, 0x0000000714000000| Untracked 
| 122|0x0000000714200000, 0x0000000714200000, 0x0000000714400000|  0%| F|  |TAMS 0x0000000714200000, 0x0000000714200000| Untracked 
| 123|0x0000000714400000, 0x0000000714400000, 0x0000000714600000|  0%| F|  |TAMS 0x0000000714400000, 0x0000000714400000| Untracked 
| 124|0x0000000714600000, 0x0000000714800000, 0x0000000714800000|100%| E|  |TAMS 0x0000000714600000, 0x0000000714600000| Complete 
| 125|0x0000000714800000, 0x0000000714a00000, 0x0000000714a00000|100%| E|CS|TAMS 0x0000000714800000, 0x0000000714800000| Complete 

Card table byte_map: [0x000001ee537f0000,0x000001ee53fd0000] _byte_map_base: 0x000001ee4ffc9000

Marking Bits (Prev, Next): (CMBitMap*) 0x000001ee3bad4d60, (CMBitMap*) 0x000001ee3bad4da0
 Prev Bits: [0x000001ee547b0000, 0x000001ee58678000)
 Next Bits: [0x000001ee58680000, 0x000001ee5c548000)

Polling page: 0x000001ee39830000

Metaspace:

Usage:
  Non-class:    513.48 KB used.
      Class:     28.80 KB used.
       Both:    542.28 KB used.

Virtual space:
  Non-class space:       64.00 MB reserved,     576.00 KB ( <1%) committed,  1 nodes.
      Class space:        1.00 GB reserved,     128.00 KB ( <1%) committed,  1 nodes.
             Both:        1.06 GB reserved,     704.00 KB ( <1%) committed. 

Chunk freelists:
   Non-Class:  3.97 MB
       Class:  3.73 MB
        Both:  7.70 MB

MaxMetaspaceSize: unlimited
CompressedClassSpaceSize: 1.00 GB
Initial GC threshold: 21.00 MB
Current GC threshold: 21.00 MB
CDS: on
MetaspaceReclaimPolicy: balanced
 - commit_granule_bytes: 65536.
 - commit_granule_words: 8192.
 - virtual_space_node_default_size: 8388608.
 - enlarge_chunks_in_place: 1.
 - new_chunks_are_fully_committed: 0.
 - uncommit_free_chunks: 1.
 - use_allocation_guard: 0.


Internal statistics:

num_allocs_failed_limit: 0.
num_arena_births: 22.
num_arena_deaths: 0.
num_vsnodes_births: 2.
num_vsnodes_deaths: 0.
num_space_committed: 11.
num_space_uncommitted: 0.
num_chunks_returned_to_freelist: 0.
num_chunks_taken_from_freelist: 27.
num_chunk_merges: 0.
num_chunk_splits: 16.
num_chunks_enlarged: 10.
num_inconsistent_stats: 0.

CodeHeap 'non-profiled nmethods': size=120000Kb used=71Kb max_used=71Kb free=119928Kb
 bounds [0x000001ee4b470000, 0x000001ee4b6e0000, 0x000001ee529a0000]
CodeHeap 'profiled nmethods': size=120000Kb used=206Kb max_used=206Kb free=119793Kb
 bounds [0x000001ee439a0000, 0x000001ee43c10000, 0x000001ee4aed0000]
CodeHeap 'non-nmethods': size=5760Kb used=1200Kb max_used=1202Kb free=4560Kb
 bounds [0x000001ee4aed0000, 0x000001ee4b140000, 0x000001ee4b470000]
 total_blobs=596 nmethods=201 adapters=306
 compilation: enabled
              stopped_count=0, restarted_count=0
 full_count=0

Compilation events (20 events):
Event: 0.108 Thread 0x000001ee63433c20  190       3       jdk.internal.org.objectweb.asm.ByteVector::putByte (39 bytes)
Event: 0.109 Thread 0x000001ee63433c20 nmethod 190 0x000001ee439d0190 code [0x000001ee439d0340, 0x000001ee439d0528]
Event: 0.109 Thread 0x000001ee63433c20  191       1       java.lang.invoke.MethodTypeForm::parameterSlotCount (5 bytes)
Event: 0.109 Thread 0x000001ee63433c20 nmethod 191 0x000001ee4b481190 code [0x000001ee4b481320, 0x000001ee4b4813d8]
Event: 0.109 Thread 0x000001ee63433c20  188       1       java.lang.invoke.MethodType$ConcurrentWeakInternSet$WeakEntry::hashCode (5 bytes)
Event: 0.109 Thread 0x000001ee63433c20 nmethod 188 0x000001ee4b481490 code [0x000001ee4b481620, 0x000001ee4b4816d8]
Event: 0.111 Thread 0x000001ee63433c20  194       3       java.lang.StringLatin1::newString (24 bytes)
Event: 0.111 Thread 0x000001ee63433c20 nmethod 194 0x000001ee439d0690 code [0x000001ee439d0860, 0x000001ee439d0b88]
Event: 0.113 Thread 0x000001ee63433c20  195       3       java.lang.String::charAt (25 bytes)
Event: 0.113 Thread 0x000001ee63433c20 nmethod 195 0x000001ee439d0c90 code [0x000001ee439d0e80, 0x000001ee439d13d8]
Event: 0.113 Thread 0x000001ee63433c20  196       3       java.lang.System::getSecurityManager (12 bytes)
Event: 0.113 Thread 0x000001ee63433c20 nmethod 196 0x000001ee439d1690 code [0x000001ee439d1840, 0x000001ee439d19b8]
Event: 0.113 Thread 0x000001ee63433c20  197       3       java.lang.invoke.MethodType::methodType (69 bytes)
Event: 0.114 Thread 0x000001ee63433c20 nmethod 197 0x000001ee439d1a90 code [0x000001ee439d1ca0, 0x000001ee439d2198]
Event: 0.114 Thread 0x000001ee63433c20  198       3       java.lang.invoke.MethodType::checkPtypes (76 bytes)
Event: 0.114 Thread 0x000001ee63433c20 nmethod 198 0x000001ee439d2310 code [0x000001ee439d25a0, 0x000001ee439d3068]
Event: 0.114 Thread 0x000001ee63433c20  200       3       java.lang.invoke.LambdaForm::argument (27 bytes)
Event: 0.114 Thread 0x000001ee63433c20 nmethod 200 0x000001ee439d3490 code [0x000001ee439d3660, 0x000001ee439d38c8]
Event: 0.114 Thread 0x000001ee63433c20  201       1       java.lang.invoke.MethodTypeForm::erasedType (5 bytes)
Event: 0.114 Thread 0x000001ee63433c20 nmethod 201 0x000001ee4b481a90 code [0x000001ee4b481c20, 0x000001ee4b481cf8]

GC Heap History (0 events):
No events

Dll operation events (8 events):
Event: 0.010 Loaded shared library C:\Users\osayli\.jdks\openjdk-19.0.1\bin\java.dll
Event: 0.017 Loaded shared library C:\Users\osayli\.jdks\openjdk-19.0.1\bin\jsvml.dll
Event: 0.083 Loaded shared library C:\Users\osayli\.jdks\openjdk-19.0.1\bin\zip.dll
Event: 0.086 Loaded shared library C:\Users\osayli\.jdks\openjdk-19.0.1\bin\instrument.dll
Event: 0.095 Loaded shared library C:\Users\osayli\.jdks\openjdk-19.0.1\bin\net.dll
Event: 0.100 Loaded shared library C:\Users\osayli\.jdks\openjdk-19.0.1\bin\nio.dll
Event: 0.104 Loaded shared library C:\Users\osayli\.jdks\openjdk-19.0.1\bin\zip.dll
Event: 0.111 Loaded shared library C:\Program Files (x86)\JetBrains\IntelliJ IDEA Community Edition 2022.1.1\bin\breakgen64.dll

Deoptimization events (4 events):
Event: 0.112 Thread 0x000001ee3ba661d0 Uncommon trap: trap_request=0xffffff45 fr.pc=0x000001ee4b4809c8 relative=0x00000000000000a8
Event: 0.113 Thread 0x000001ee3ba661d0 Uncommon trap: reason=unstable_if action=reinterpret pc=0x000001ee4b4809c8 method=java.lang.String.isLatin1()Z @ 10 c2
Event: 0.113 Thread 0x000001ee3ba661d0 DEOPT PACKING pc=0x000001ee4b4809c8 sp=0x000000b8baaff140
Event: 0.113 Thread 0x000001ee3ba661d0 DEOPT UNPACKING pc=0x000001ee4af36da3 sp=0x000000b8baaff080 mode 2

Classes loaded (20 events):
Event: 0.107 Loading class java/lang/invoke/BoundMethodHandle$Species_LL
Event: 0.107 Loading class java/lang/invoke/BoundMethodHandle$Species_LL done
Event: 0.108 Loading class java/lang/invoke/BoundMethodHandle$Species_LLL
Event: 0.108 Loading class java/lang/invoke/BoundMethodHandle$Species_LLL done
Event: 0.109 Loading class java/lang/reflect/InvocationTargetException
Event: 0.109 Loading class java/lang/reflect/InvocationTargetException done
Event: 0.111 Loading class java/io/Reader
Event: 0.111 Loading class java/io/Reader done
Event: 0.111 Loading class java/io/InputStreamReader
Event: 0.111 Loading class java/io/InputStreamReader done
Event: 0.112 Loading class java/net/Socket
Event: 0.112 Loading class jdk/internal/vm/PostVMInitHook
Event: 0.112 Loading class jdk/internal/vm/PostVMInitHook done
Event: 0.112 Loading class java/net/Socket done
Event: 0.113 Loading class jdk/internal/loader/URLClassPath$FileLoader$1
Event: 0.113 Loading class jdk/internal/loader/URLClassPath$FileLoader$1 done
Event: 0.113 Loading class java/net/InetSocketAddress
Event: 0.113 Loading class java/net/SocketAddress
Event: 0.113 Loading class java/net/SocketAddress done
Event: 0.113 Loading class java/net/InetSocketAddress done

Classes unloaded (0 events):
No events

Classes redefined (0 events):
No events

Internal exceptions (2 events):
Event: 0.105 Thread 0x000001ee3ba661d0 Exception <a 'java/lang/NoSuchMethodError'{0x00000007146c3fc8}: 'void java.lang.invoke.DirectMethodHandle$Holder.invokeStatic(java.lang.Object, java.lang.Object, java.lang.Object)'> (0x00000007146c3fc8) 
thrown [s\open\src\hotspot\share\interpreter\linkResolver.cpp, line 774]
Event: 0.109 Thread 0x000001ee3ba661d0 Exception <a 'java/lang/NoSuchMethodError'{0x00000007146dc5c0}: 'java.lang.Object java.lang.invoke.Invokers$Holder.invokeExact_MT(java.lang.Object, java.lang.Object, java.lang.Object, java.lang.Object, java.lang.Object)'> (0x00000007146dc5c0) 
thrown [s\open\src\hotspot\share\interpreter\linkResolver.cpp, line 774]

VM Operations (4 events):
Event: 0.072 Executing VM operation: HandshakeAllThreads
Event: 0.072 Executing VM operation: HandshakeAllThreads done
Event: 0.114 Executing VM operation: HandshakeAllThreads
Event: 0.114 Executing VM operation: HandshakeAllThreads done

Events (16 events):
Event: 0.017 Thread 0x000001ee3ba661d0 Thread added: 0x000001ee3ba661d0
Event: 0.037 Thread 0x000001ee5f1e7910 Thread added: 0x000001ee5f1e7910
Event: 0.037 Thread 0x000001ee5f1e8700 Thread added: 0x000001ee5f1e8700
Event: 0.037 Thread 0x000001ee5f1ea2d0 Thread added: 0x000001ee5f1ea2d0
Event: 0.038 Thread 0x000001ee63401090 Thread added: 0x000001ee63401090
Event: 0.038 Thread 0x000001ee634019c0 Thread added: 0x000001ee634019c0
Event: 0.038 Thread 0x000001ee634026c0 Thread added: 0x000001ee634026c0
Event: 0.038 Thread 0x000001ee63403830 Thread added: 0x000001ee63403830
Event: 0.038 Thread 0x000001ee63433c20 Thread added: 0x000001ee63433c20
Event: 0.038 Thread 0x000001ee634375b0 Thread added: 0x000001ee634375b0
Event: 0.065 Thread 0x000001ee63527bd0 Thread added: 0x000001ee63527bd0
Event: 0.111 Thread 0x000001ee635e7a70 Thread added: 0x000001ee635e7a70
Event: 0.112 Thread 0x000001ee635e7fb0 Thread added: 0x000001ee635e7fb0
Event: 0.114 Thread 0x000001ee3ba661d0 Thread exited: 0x000001ee3ba661d0
Event: 0.114 Thread 0x000001ee3ba661d0 Thread added: 0x000001ee3ba661d0
Event: 0.115 Thread 0x000001ee3ba661d0 Thread exited: 0x000001ee3ba661d0


Dynamic libraries:
0x00007ff6e51c0000 - 0x00007ff6e51ce000 	C:\Users\osayli\.jdks\openjdk-19.0.1\bin\java.exe
0x00007ffc47e10000 - 0x00007ffc48008000 	C:\WINDOWS\SYSTEM32\ntdll.dll
0x00007ffc47b60000 - 0x00007ffc47c1f000 	C:\WINDOWS\System32\KERNEL32.DLL
0x00007ffc47880000 - 0x00007ffc47b52000 	C:\WINDOWS\System32\KERNELBASE.dll
0x00000000345c0000 - 0x00000000345fb000 	C:\WINDOWS\System32\cyinjct.dll
0x00007ffc47700000 - 0x00007ffc4770c000 	C:\WINDOWS\System32\ntnativeapi.dll
0x00007ffc44d70000 - 0x00007ffc44d87000 	C:\Users\osayli\.jdks\openjdk-19.0.1\bin\jli.dll
0x000001ee394f0000 - 0x000001ee39691000 	C:\WINDOWS\System32\USER32.dll
0x00007ffc453e0000 - 0x00007ffc45402000 	C:\WINDOWS\System32\win32u.dll
0x00007ffc47030000 - 0x00007ffc4705b000 	C:\WINDOWS\System32\GDI32.dll
0x00007ffc45440000 - 0x00007ffc4554f000 	C:\WINDOWS\System32\gdi32full.dll
0x00007ffc45870000 - 0x00007ffc4590d000 	C:\WINDOWS\System32\msvcp_win.dll
0x000001ee396a0000 - 0x000001ee397a0000 	C:\WINDOWS\System32\ucrtbase.dll
0x00007ffc400c0000 - 0x00007ffc400db000 	C:\Users\osayli\.jdks\openjdk-19.0.1\bin\VCRUNTIME140.dll
0x00007ffc44a90000 - 0x00007ffc44d2a000 	C:\WINDOWS\WinSxS\amd64_microsoft.windows.common-controls_6595b64144ccf1df_6.0.19041.1110_none_60b5254171f9507e\COMCTL32.dll
0x00007ffc47180000 - 0x00007ffc4721e000 	C:\WINDOWS\System32\msvcrt.dll
0x00007ffc476e0000 - 0x00007ffc476fe000 	C:\WINDOWS\System32\cyvera.dll
0x00007ffc47670000 - 0x00007ffc476d8000 	C:\WINDOWS\System32\cyvrtrap.dll
0x00007ffc461b0000 - 0x00007ffc461e2000 	C:\WINDOWS\System32\IMM32.DLL
0x00007ffc44dd0000 - 0x00007ffc44ddc000 	C:\Users\osayli\.jdks\openjdk-19.0.1\bin\vcruntime140_1.dll
0x00007ffc2dbe0000 - 0x00007ffc2dc6e000 	C:\Users\osayli\.jdks\openjdk-19.0.1\bin\msvcp140.dll
0x00007ffbf4400000 - 0x00007ffbf50c0000 	C:\Users\osayli\.jdks\openjdk-19.0.1\bin\server\jvm.dll
0x00007ffc461f0000 - 0x00007ffc4629e000 	C:\WINDOWS\System32\ADVAPI32.dll
0x00007ffc47060000 - 0x00007ffc470fc000 	C:\WINDOWS\System32\sechost.dll
0x00007ffc47750000 - 0x00007ffc47875000 	C:\WINDOWS\System32\RPCRT4.dll
0x00007ffc3fdd0000 - 0x00007ffc3fdd9000 	C:\WINDOWS\SYSTEM32\WSOCK32.dll
0x00007ffc46f30000 - 0x00007ffc46f9b000 	C:\WINDOWS\System32\WS2_32.dll
0x00007ffc39bd0000 - 0x00007ffc39bf7000 	C:\WINDOWS\SYSTEM32\WINMM.dll
0x00007ffc42f30000 - 0x00007ffc42f3a000 	C:\WINDOWS\SYSTEM32\VERSION.dll
0x00007ffc42f40000 - 0x00007ffc42f52000 	C:\WINDOWS\SYSTEM32\kernel.appcore.dll
0x00007ffc400b0000 - 0x00007ffc400ba000 	C:\Users\osayli\.jdks\openjdk-19.0.1\bin\jimage.dll
0x00007ffc44df0000 - 0x00007ffc44fd4000 	C:\WINDOWS\SYSTEM32\DBGHELP.DLL
0x00007ffc44d30000 - 0x00007ffc44d65000 	C:\WINDOWS\SYSTEM32\dbgcore.DLL
0x00007ffc459c0000 - 0x00007ffc45a42000 	C:\WINDOWS\System32\bcryptPrimitives.dll
0x00007ffc40000000 - 0x00007ffc4000e000 	C:\Users\osayli\.jdks\openjdk-19.0.1\bin\instrument.dll
0x00007ffc40010000 - 0x00007ffc40036000 	C:\Users\osayli\.jdks\openjdk-19.0.1\bin\java.dll
0x00007ffc47630000 - 0x00007ffc47667000 	C:\Program Files\Palo Alto Networks\Traps\cyjagent.dll
0x00007ffc12460000 - 0x00007ffc12537000 	C:\Users\osayli\.jdks\openjdk-19.0.1\bin\jsvml.dll
0x00007ffc462a0000 - 0x00007ffc469e4000 	C:\WINDOWS\System32\SHELL32.dll
0x00007ffc42440000 - 0x00007ffc42bd2000 	C:\WINDOWS\SYSTEM32\windows.storage.dll
0x00007ffc47220000 - 0x00007ffc47575000 	C:\WINDOWS\System32\combase.dll
0x00007ffc445e0000 - 0x00007ffc44610000 	C:\WINDOWS\SYSTEM32\Wldp.dll
0x00007ffc47580000 - 0x00007ffc4762d000 	C:\WINDOWS\System32\SHCORE.dll
0x00007ffc45cd0000 - 0x00007ffc45d25000 	C:\WINDOWS\System32\shlwapi.dll
0x00007ffc45320000 - 0x00007ffc4533f000 	C:\WINDOWS\SYSTEM32\profapi.dll
0x00007ffc3d960000 - 0x00007ffc3d978000 	C:\Users\osayli\.jdks\openjdk-19.0.1\bin\zip.dll
0x00007ffc3d940000 - 0x00007ffc3d953000 	C:\Users\osayli\.jdks\openjdk-19.0.1\bin\net.dll
0x00007ffc43cf0000 - 0x00007ffc43dfc000 	C:\WINDOWS\SYSTEM32\WINHTTP.dll
0x00007ffc443d0000 - 0x00007ffc4443a000 	C:\WINDOWS\system32\mswsock.dll
0x00007ffc3d8b0000 - 0x00007ffc3d8c6000 	C:\Users\osayli\.jdks\openjdk-19.0.1\bin\nio.dll
0x00007ffc3d890000 - 0x00007ffc3d8aa000 	C:\Program Files (x86)\JetBrains\IntelliJ IDEA Community Edition 2022.1.1\bin\breakgen64.dll

dbghelp: loaded successfully - version: 4.0.5 - missing functions: none
symbol engine: initialized successfully - sym options: 0x614 - pdb path: .;C:\Users\osayli\.jdks\openjdk-19.0.1\bin;C:\WINDOWS\SYSTEM32;C:\WINDOWS\WinSxS\amd64_microsoft.windows.common-controls_6595b64144ccf1df_6.0.19041.1110_none_60b5254171f9507e;C:\Users\osayli\.jdks\openjdk-19.0.1\bin\server;C:\Program Files\Palo Alto Networks\Traps;C:\Program Files (x86)\JetBrains\IntelliJ IDEA Community Edition 2022.1.1\bin

VM Arguments:
jvm_args: -javaagent:C:\Program Files (x86)\JetBrains\IntelliJ IDEA Community Edition 2022.1.1\lib\idea_rt.jar=52325:C:\Program Files (x86)\JetBrains\IntelliJ IDEA Community Edition 2022.1.1\bin -Dfile.encoding=UTF-8 -agentpath:C:\Program Files\Palo Alto Networks\Traps\cyjagent.dll 
java_command: leetCode.Hard.HQ2306NamingACompany
java_class_path (initial): C:\Users\osayli\IdeaProjects\InterviewCodeChallenges\out\production\InterviewCodeChallenges
Launcher Type: SUN_STANDARD

[Global flags]
     intx CICompilerCount                          = 4                                         {product} {ergonomic}
     uint ConcGCThreads                            = 3                                         {product} {ergonomic}
     uint G1ConcRefinementThreads                  = 10                                        {product} {ergonomic}
   size_t G1HeapRegionSize                         = 2097152                                   {product} {ergonomic}
    uintx GCDrainStackTargetSize                   = 64                                        {product} {ergonomic}
   size_t InitialHeapSize                          = 264241152                                 {product} {ergonomic}
   size_t MarkStackSize                            = 4194304                                   {product} {ergonomic}
   size_t MaxHeapSize                              = 4213178368                                {product} {ergonomic}
   size_t MaxNewSize                               = 2527068160                                {product} {ergonomic}
   size_t MinHeapDeltaBytes                        = 2097152                                   {product} {ergonomic}
   size_t MinHeapSize                              = 8388608                                   {product} {ergonomic}
    uintx NonNMethodCodeHeapSize                   = 5839372                                {pd product} {ergonomic}
    uintx NonProfiledCodeHeapSize                  = 122909434                              {pd product} {ergonomic}
    uintx ProfiledCodeHeapSize                     = 122909434                              {pd product} {ergonomic}
    uintx ReservedCodeCacheSize                    = 251658240                              {pd product} {ergonomic}
     bool SegmentedCodeCache                       = true                                      {product} {ergonomic}
   size_t SoftMaxHeapSize                          = 4213178368                             {manageable} {ergonomic}
     bool UseCompressedClassPointers               = true                           {product lp64_product} {ergonomic}
     bool UseCompressedOops                        = true                           {product lp64_product} {ergonomic}
     bool UseG1GC                                  = true                                      {product} {ergonomic}
     bool UseLargePagesIndividualAllocation        = false                                  {pd product} {ergonomic}

Logging:
Log output configuration:
 #0: stdout all=warning uptime,level,tags foldmultilines=false
 #1: stderr all=off uptime,level,tags foldmultilines=false

Environment Variables:
PATH=C:\WINDOWS\system32;C:\WINDOWS;C:\WINDOWS\System32\Wbem;C:\WINDOWS\System32\WindowsPowerShell\v1.0\;C:\WINDOWS\System32\OpenSSH\;C:\Program Files\dotnet\;C:\Program Files (x86)\Pulse Secure\VC142.CRT\X64\;C:\Program Files (x86)\Pulse Secure\VC142.CRT\X86\;C:\Program Files (x86)\Common Files\Pulse Secure\TNC Client Plugin\;C:\Program Files\Microsoft SQL Server\150\Tools\Binn\;C:\Program Files\Microsoft SQL Server\Client SDK\ODBC\170\Tools\Binn\;C:\Program Files\nodejs\;C:\Program Files\Git\cmd;C:\Program Files (x86)\Microsoft SQL Server\150\DTS\Binn\;C:\Program Files\Azure Data Studio\bin;C:\Users\osayli\AppData\Local\Microsoft\WindowsApps;;C:\Users\osayli\AppData\Local\Programs\Microsoft VS Code\bin;C:\Users\osayli\.dotnet\tools
USERNAME=osayli
OS=Windows_NT
PROCESSOR_IDENTIFIER=Intel64 Family 6 Model 154 Stepping 4, GenuineIntel
TMP=C:\Users\osayli\AppData\Local\Temp
TEMP=C:\Users\osayli\AppData\Local\Temp



---------------  S Y S T E M  ---------------

OS:
 Windows 10 , 64 bit Build 19041 (10.0.19041.2364)
OS uptime: 0 days 2:16 hours
Hyper-V role detected

CPU: total 12 (initial active 12) (6 cores per cpu, 2 threads per core) family 6 model 154 stepping 4 microcode 0x41b, cx8, cmov, fxsr, ht, mmx, 3dnowpref, sse, sse2, sse3, ssse3, sse4.1, sse4.2, popcnt, lzcnt, tsc, tscinvbit, avx, avx2, aes, erms, clmul, bmi1, bmi2, adx, sha, fma, vzeroupper, clflush, clflushopt, clwb, hv, rdtscp, rdpid, fsrm

Memory: 4k page, system-wide physical 16068M (5730M free)
TotalPageFile size 21956M (AvailPageFile size 9165M)
current process WorkingSet (physical memory assigned to process): 35M, peak: 35M
current process commit charge ("private bytes"): 346M, peak: 347M

vm_info: OpenJDK 64-Bit Server VM (19.0.1+10-21) for windows-amd64 JRE (19.0.1+10-21), built on 2022-09-14T12:45:06Z by "mach5one" with MS VC++ 17.1 (VS2022)

END.
