#
# A fatal error has been detected by the Java Runtime Environment:
#
#  EXCEPTION_ACCESS_VIOLATION (0xc0000005) at pc=0x00007fff24dbc164, pid=22004, tid=20972
#
# JRE version: OpenJDK Runtime Environment (19.0.1+10) (build 19.0.1+10-21)
# Java VM: OpenJDK 64-Bit Server VM (19.0.1+10-21, mixed mode, sharing, tiered, compressed oops, compressed class ptrs, g1 gc, windows-amd64)
# Problematic frame:
# C  [cyjagent.dll+0xc164]
#
# No core dump will be written. Minidumps are not enabled by default on client versions of Windows
#
# If you would like to submit a bug report, please visit:
#   https://bugreport.java.com/bugreport/crash.jsp
# The crash happened outside the Java Virtual Machine in native code.
# See problematic frame for where to report the bug.
#

---------------  S U M M A R Y ------------

Command Line: -javaagent:C:\Program Files (x86)\JetBrains\IntelliJ IDEA Community Edition 2022.1.1\lib\idea_rt.jar=58663:C:\Program Files (x86)\JetBrains\IntelliJ IDEA Community Edition 2022.1.1\bin -Dfile.encoding=UTF-8 -agentpath:C:\Program Files\Palo Alto Networks\Traps\cyjagent.dll leetCode.Easy.EQ953VerifyingAnAlienDictionary

Host: 12th Gen Intel(R) Core(TM) i5-1235U, 12 cores, 15G,  Windows 10 , 64 bit Build 19041 (10.0.19041.2364)
Time: Thu Feb  2 13:49:31 2023 Turkey Standard Time elapsed time: 0.118563 seconds (0d 0h 0m 0s)

---------------  T H R E A D  ---------------

Current thread (0x000001df7765af60):  JavaThread "Monitor Ctrl-Break" daemon [_thread_in_native, id=20972, stack(0x000000c024f00000,0x000000c025000000)]

Stack: [0x000000c024f00000,0x000000c025000000],  sp=0x000000c024ffd8b0,  free space=1014k
Native frames: (J=compiled Java code, j=interpreted, Vv=VM code, C=native code)
C  [cyjagent.dll+0xc164]

Java frames: (J=compiled Java code, j=interpreted, Vv=VM code)
j  java.util.concurrent.ConcurrentSkipListMap.<clinit>()V+24 java.base@19.0.1
v  ~StubRoutines::call_stub 0x000001df5e71100e
j  java.util.concurrent.ConcurrentSkipListSet.<init>()V+5 java.base@19.0.1
j  java.net.InetAddress.<clinit>()V+83 java.base@19.0.1
v  ~StubRoutines::call_stub 0x000001df5e71100e
j  java.net.InetSocketAddress.<init>(Ljava/lang/String;I)V+15 java.base@19.0.1
j  java.net.Socket.<init>(Ljava/lang/String;I)V+11 java.base@19.0.1
j  com.intellij.rt.execution.application.AppMainV2$1.run()V+10
v  ~StubRoutines::call_stub 0x000001df5e71100e

siginfo: EXCEPTION_ACCESS_VIOLATION (0xc0000005), reading address 0x0000000000000000


Registers:
RAX=0x0000000000000000, RBX=0x000001df7765b240, RCX=0x0000000000000000, RDX=0x000001df4d86df70
RSP=0x000000c024ffd8b0, RBP=0x000001df571cf8d0, RSI=0x0000000000000000, RDI=0x000001df774e8fb0
R8 =0x000000c024ffd728, R9 =0x000001df571cf8d0, R10=0x0000000000000000, R11=0x0000000000000246
R12=0x000001df774e8fb0, R13=0x0000000000000000, R14=0x000001df7765af60, R15=0x0000000000000000
RIP=0x00007fff24dbc164, EFLAGS=0x0000000000010202


Register to memory mapping:

RIP=0x00007fff24dbc164 cyjagent.dll
RAX=0x0 is NULL
RBX=0x000001df7765b240 points into unknown readable memory: 0x00007ffe9005f9a0 | a0 f9 05 90 fe 7f 00 00
RCX=0x0 is NULL
RDX=0x000001df4d86df70 points into unknown readable memory: 0x000001df7765af60 | 60 af 65 77 df 01 00 00
RSP=0x000000c024ffd8b0 is pointing into the stack for thread: 0x000001df7765af60
RBP=0x000001df571cf8d0 points into unknown readable memory: 0x000001df570d0750 | 50 07 0d 57 df 01 00 00
RSI=0x0 is NULL
RDI=0x000001df774e8fb0 points into unknown readable memory: 0x6974752f6176616a | 6a 61 76 61 2f 75 74 69
R8 =0x000000c024ffd728 is pointing into the stack for thread: 0x000001df7765af60
R9 =0x000001df571cf8d0 points into unknown readable memory: 0x000001df570d0750 | 50 07 0d 57 df 01 00 00
R10=0x0 is NULL
R11=0x0000000000000246 is an unknown value
R12=0x000001df774e8fb0 points into unknown readable memory: 0x6974752f6176616a | 6a 61 76 61 2f 75 74 69
R13=0x0 is NULL
R14=0x000001df7765af60 is a thread
R15=0x0 is NULL


Top of Stack: (sp=0x000000c024ffd8b0)
0x000000c024ffd8b0:   000001df774e8fb0 000001df7765b240
0x000000c024ffd8c0:   0000000000000000 00007ffe8fcd53ce
0x000000c024ffd8d0:   0000000000000000 00007ffe8f968040
0x000000c024ffd8e0:   000000080057e260 000001df571cf8d0
0x000000c024ffd8f0:   0000000000000025 000000c024ffdad0
0x000000c024ffd900:   000001df4d875360 0000000000000000
0x000000c024ffd910:   000000c024ffdb08 00007ffe8fa8f06e
0x000000c024ffd920:   000001df4d875360 0000000000000000
0x000000c024ffd930:   000000c024ffdad0 0000000000000000
0x000000c024ffd940:   000001df774e8fb0 0000000000000000
0x000000c024ffd950:   000001df00000c0d 000001df774e8370
0x000000c024ffd960:   000000c024ffda58 000000c024ffd978
0x000000c024ffd970:   0000000000000000 0000000000000000
0x000000c024ffd980:   0000000000000000 00007fff2505fead
0x000000c024ffd990:   000001df776503d0 000001df774e8360
0x000000c024ffd9a0:   000001df774e8fd8 000001df774f0348 

Instructions: (pc=0x00007fff24dbc164)
0x00007fff24dbc064:   00 00 03 72 2d 44 8b ce 48 8d 05 9d e0 01 00 ba
0x00007fff24dbc074:   2f 00 00 00 4e 8b 0c c8 48 8b 89 90 02 00 00 4c
0x00007fff24dbc084:   8d 05 b6 df 01 00 e8 b1 50 ff ff 48 8b 0d 4a 39
0x00007fff24dbc094:   02 00 48 3b cb 74 68 f6 81 9c 02 00 00 10 74 5f
0x00007fff24dbc0a4:   80 b9 99 02 00 00 02 72 56 4c 8b 8c 24 90 00 00
0x00007fff24dbc0b4:   00 4c 8d 05 84 df 01 00 48 8b 89 90 02 00 00 ba
0x00007fff24dbc0c4:   31 00 00 00 e8 73 50 ff ff eb 34 49 8b 0f 4c 8b
0x00007fff24dbc0d4:   c3 48 8b d6 e8 d3 63 00 00 48 8b 84 24 b0 00 00
0x00007fff24dbc0e4:   00 89 18 48 8b 0d ca 4c 02 00 4c 8b c6 33 d2 ff
0x00007fff24dbc0f4:   15 e7 50 01 00 eb 08 a8 02 75 04 c6 47 40 01 b8
0x00007fff24dbc104:   ff ff ff ff f0 0f c1 47 10 4c 8b b4 24 88 00 00
0x00007fff24dbc114:   00 83 f8 01 75 42 48 8b 4f 18 48 81 c1 70 01 00
0x00007fff24dbc124:   00 ff 15 7d 51 01 00 48 8b 0f 48 8b 47 08 48 89
0x00007fff24dbc134:   08 48 89 41 08 48 8b 4f 18 48 81 c1 70 01 00 00
0x00007fff24dbc144:   ff 15 66 51 01 00 48 8b 0d 67 4c 02 00 4c 8b c7
0x00007fff24dbc154:   33 d2 ff 15 84 50 01 00 48 8b 4d 20 48 8b 55 10
0x00007fff24dbc164:   48 8b 01 48 8b 80 08 01 00 00 ff 15 6c 51 01 00
0x00007fff24dbc174:   85 c0 74 40 48 8b 0d 61 38 02 00 48 8d 15 5a 38
0x00007fff24dbc184:   02 00 48 3b ca 74 2d f6 81 9c 02 00 00 10 74 24
0x00007fff24dbc194:   80 b9 99 02 00 00 03 72 1b 48 8b 89 90 02 00 00
0x00007fff24dbc1a4:   4c 8d 05 95 de 01 00 ba 15 00 00 00 44 8b c8 e8
0x00007fff24dbc1b4:   c8 4e ff ff 48 8b 6c 24 78 48 8b b4 24 80 00 00
0x00007fff24dbc1c4:   00 48 83 c4 50 41 5f 5f 5b c3 cc cc 40 57 48 83
0x00007fff24dbc1d4:   ec 30 f6 81 78 01 00 00 04 48 8b f9 0f 85 87 02
0x00007fff24dbc1e4:   00 00 48 89 5c 24 40 45 33 c9 48 89 6c 24 48 33
0x00007fff24dbc1f4:   d2 48 89 74 24 50 48 8b 71 20 45 8d 41 32 48 8b
0x00007fff24dbc204:   ce 48 8b 06 48 8b 40 08 ff 15 ce 50 01 00 48 8d
0x00007fff24dbc214:   2d c7 37 02 00 85 c0 74 37 48 8b 0d bc 37 02 00
0x00007fff24dbc224:   48 3b cd 74 2b f6 81 9c 02 00 00 10 74 22 80 b9
0x00007fff24dbc234:   99 02 00 00 02 72 19 48 8b 89 90 02 00 00 ba 11
0x00007fff24dbc244:   00 00 00 89 44 24 20 44 8d 4a 21 e8 7c dc ff ff
0x00007fff24dbc254:   48 8b 06 45 33 c9 33 d2 48 8b ce 48 8b 40 08 45 


Stack slot to memory mapping:
stack at sp + 0 slots: 0x000001df774e8fb0 points into unknown readable memory: 0x6974752f6176616a | 6a 61 76 61 2f 75 74 69
stack at sp + 1 slots: 0x000001df7765b240 points into unknown readable memory: 0x00007ffe9005f9a0 | a0 f9 05 90 fe 7f 00 00
stack at sp + 2 slots: 0x0 is NULL
stack at sp + 3 slots: 0x00007ffe8fcd53ce jvm.dll
stack at sp + 4 slots: 0x0 is NULL
stack at sp + 5 slots: 0x00007ffe8f968040 jvm.dll
stack at sp + 6 slots: 0x000000080057e260 is pointing into metadata
stack at sp + 7 slots: 0x000001df571cf8d0 points into unknown readable memory: 0x000001df570d0750 | 50 07 0d 57 df 01 00 00


---------------  P R O C E S S  ---------------

Threads class SMR info:
_java_thread_list=0x000001df776493a0, length=12, elements={
0x000001df72f13ac0, 0x000001df72f14550, 0x000001df72f168c0, 0x000001df72f185c0,
0x000001df77402830, 0x000001df77403160, 0x000001df77408bc0, 0x000001df77409e10,
0x000001df774174f0, 0x000001df775083b0, 0x000001df7765af60, 0x000001df7765f4b0
}

Java Threads: ( => current thread )
  0x000001df72f13ac0 JavaThread "Reference Handler" daemon [_thread_blocked, id=4684, stack(0x000000c024500000,0x000000c024600000)]
  0x000001df72f14550 JavaThread "Finalizer" daemon [_thread_blocked, id=304, stack(0x000000c024600000,0x000000c024700000)]
  0x000001df72f168c0 JavaThread "Signal Dispatcher" daemon [_thread_blocked, id=22444, stack(0x000000c024700000,0x000000c024800000)]
  0x000001df72f185c0 JavaThread "Attach Listener" daemon [_thread_blocked, id=22212, stack(0x000000c024800000,0x000000c024900000)]
  0x000001df77402830 JavaThread "Service Thread" daemon [_thread_blocked, id=8828, stack(0x000000c024900000,0x000000c024a00000)]
  0x000001df77403160 JavaThread "Monitor Deflation Thread" daemon [_thread_blocked, id=22272, stack(0x000000c024a00000,0x000000c024b00000)]
  0x000001df77408bc0 JavaThread "C2 CompilerThread0" daemon [_thread_blocked, id=22180, stack(0x000000c024b00000,0x000000c024c00000)]
  0x000001df77409e10 JavaThread "C1 CompilerThread0" daemon [_thread_blocked, id=20916, stack(0x000000c024c00000,0x000000c024d00000)]
  0x000001df774174f0 JavaThread "Sweeper thread" daemon [_thread_blocked, id=16292, stack(0x000000c024d00000,0x000000c024e00000)]
  0x000001df775083b0 JavaThread "Common-Cleaner" daemon [_thread_blocked, id=15908, stack(0x000000c024e00000,0x000000c024f00000)]
=>0x000001df7765af60 JavaThread "Monitor Ctrl-Break" daemon [_thread_in_native, id=20972, stack(0x000000c024f00000,0x000000c025000000)]
  0x000001df7765f4b0 JavaThread "Notification Thread" daemon [_thread_blocked, id=20968, stack(0x000000c025000000,0x000000c025100000)]

Other Threads:
  0x000001df72efc2d0 VMThread "VM Thread" [stack: 0x000000c024400000,0x000000c024500000] [id=19064] _threads_hazard_ptr=0x000001df776493a0
  0x000001df4d8f58a0 WorkerThread "GC Thread#0" [stack: 0x000000c023f00000,0x000000c024000000] [id=21960]
  0x000001df4d9063c0 ConcurrentGCThread "G1 Main Marker" terminated
  0x000001df4d907870 WorkerThread "G1 Conc#0" [stack: 0x000000c024100000,0x000000c024200000] [id=8276]
  0x000001df72da58a0 ConcurrentGCThread "G1 Refine#0" terminated
  0x000001df72da62f0 ConcurrentGCThread "G1 Service" terminated

Threads with active compile tasks:

VM state: at safepoint (normal execution)

VM Mutex/Monitor currently owned by a thread:  ([mutex/lock_event])
[0x000001df4d883a30] Threads_lock - owner thread: 0x000001df72efc2d0
[0x000001df4d883b50] Heap_lock - owner thread: 0x000001df4d887760

Heap address: 0x0000000704e00000, size: 4018 MB, Compressed Oops mode: Zero based, Oop shift amount: 3

CDS archive(s) mapped at: [0x0000000800000000-0x0000000800c30000-0x0000000800c30000), size 12779520, SharedBaseAddress: 0x0000000800000000, ArchiveRelocationMode: 0.
Compressed class space mapped at: 0x0000000801000000-0x0000000841000000, reserved size: 1073741824
Narrow klass base: 0x0000000800000000, Narrow klass shift: 0, Narrow klass range: 0x100000000

GC Precious Log:
 CardTable entry size: 512
 Card Set container configuration: InlinePtr #cards 4 size 8 Array Of Cards #cards 16 size 48 Howl #buckets 8 coarsen threshold 3686 Howl Bitmap #cards 512 size 80 coarsen threshold 460 Card regions per heap region 1 cards per card region 4096
 CPUs: 12 total, 12 available
 Memory: 16068M
 Large Page Support: Disabled
 NUMA Support: Disabled
 Compressed Oops: Enabled (Zero based)
 Heap Region Size: 2M
 Heap Min Capacity: 8M
 Heap Initial Capacity: 252M
 Heap Max Capacity: 4018M
 Pre-touch: Disabled
 Parallel Workers: 10
 Concurrent Workers: 3
 Concurrent Refinement Workers: 10
 Periodic GC: Disabled

Heap:
 garbage-first heap   total 258048K, used 2048K [0x0000000704e00000, 0x0000000800000000)
  region size 2048K, 2 young (4096K), 0 survivors (0K)
 Metaspace       used 534K, committed 704K, reserved 1114112K
  class space    used 28K, committed 128K, reserved 1048576K

Heap Regions: E=young(eden), S=young(survivor), O=old, HS=humongous(starts), HC=humongous(continues), CS=collection set, F=free, OA=open archive, CA=closed archive, TAMS=top-at-mark-start (previous, next)
|   0|0x0000000704e00000, 0x0000000704e00000, 0x0000000705000000|  0%| F|  |TAMS 0x0000000704e00000, 0x0000000704e00000| Untracked 
|   1|0x0000000705000000, 0x0000000705000000, 0x0000000705200000|  0%| F|  |TAMS 0x0000000705000000, 0x0000000705000000| Untracked 
|   2|0x0000000705200000, 0x0000000705200000, 0x0000000705400000|  0%| F|  |TAMS 0x0000000705200000, 0x0000000705200000| Untracked 
|   3|0x0000000705400000, 0x0000000705400000, 0x0000000705600000|  0%| F|  |TAMS 0x0000000705400000, 0x0000000705400000| Untracked 
|   4|0x0000000705600000, 0x0000000705600000, 0x0000000705800000|  0%| F|  |TAMS 0x0000000705600000, 0x0000000705600000| Untracked 
|   5|0x0000000705800000, 0x0000000705800000, 0x0000000705a00000|  0%| F|  |TAMS 0x0000000705800000, 0x0000000705800000| Untracked 
|   6|0x0000000705a00000, 0x0000000705a00000, 0x0000000705c00000|  0%| F|  |TAMS 0x0000000705a00000, 0x0000000705a00000| Untracked 
|   7|0x0000000705c00000, 0x0000000705c00000, 0x0000000705e00000|  0%| F|  |TAMS 0x0000000705c00000, 0x0000000705c00000| Untracked 
|   8|0x0000000705e00000, 0x0000000705e00000, 0x0000000706000000|  0%| F|  |TAMS 0x0000000705e00000, 0x0000000705e00000| Untracked 
|   9|0x0000000706000000, 0x0000000706000000, 0x0000000706200000|  0%| F|  |TAMS 0x0000000706000000, 0x0000000706000000| Untracked 
|  10|0x0000000706200000, 0x0000000706200000, 0x0000000706400000|  0%| F|  |TAMS 0x0000000706200000, 0x0000000706200000| Untracked 
|  11|0x0000000706400000, 0x0000000706400000, 0x0000000706600000|  0%| F|  |TAMS 0x0000000706400000, 0x0000000706400000| Untracked 
|  12|0x0000000706600000, 0x0000000706600000, 0x0000000706800000|  0%| F|  |TAMS 0x0000000706600000, 0x0000000706600000| Untracked 
|  13|0x0000000706800000, 0x0000000706800000, 0x0000000706a00000|  0%| F|  |TAMS 0x0000000706800000, 0x0000000706800000| Untracked 
|  14|0x0000000706a00000, 0x0000000706a00000, 0x0000000706c00000|  0%| F|  |TAMS 0x0000000706a00000, 0x0000000706a00000| Untracked 
|  15|0x0000000706c00000, 0x0000000706c00000, 0x0000000706e00000|  0%| F|  |TAMS 0x0000000706c00000, 0x0000000706c00000| Untracked 
|  16|0x0000000706e00000, 0x0000000706e00000, 0x0000000707000000|  0%| F|  |TAMS 0x0000000706e00000, 0x0000000706e00000| Untracked 
|  17|0x0000000707000000, 0x0000000707000000, 0x0000000707200000|  0%| F|  |TAMS 0x0000000707000000, 0x0000000707000000| Untracked 
|  18|0x0000000707200000, 0x0000000707200000, 0x0000000707400000|  0%| F|  |TAMS 0x0000000707200000, 0x0000000707200000| Untracked 
|  19|0x0000000707400000, 0x0000000707400000, 0x0000000707600000|  0%| F|  |TAMS 0x0000000707400000, 0x0000000707400000| Untracked 
|  20|0x0000000707600000, 0x0000000707600000, 0x0000000707800000|  0%| F|  |TAMS 0x0000000707600000, 0x0000000707600000| Untracked 
|  21|0x0000000707800000, 0x0000000707800000, 0x0000000707a00000|  0%| F|  |TAMS 0x0000000707800000, 0x0000000707800000| Untracked 
|  22|0x0000000707a00000, 0x0000000707a00000, 0x0000000707c00000|  0%| F|  |TAMS 0x0000000707a00000, 0x0000000707a00000| Untracked 
|  23|0x0000000707c00000, 0x0000000707c00000, 0x0000000707e00000|  0%| F|  |TAMS 0x0000000707c00000, 0x0000000707c00000| Untracked 
|  24|0x0000000707e00000, 0x0000000707e00000, 0x0000000708000000|  0%| F|  |TAMS 0x0000000707e00000, 0x0000000707e00000| Untracked 
|  25|0x0000000708000000, 0x0000000708000000, 0x0000000708200000|  0%| F|  |TAMS 0x0000000708000000, 0x0000000708000000| Untracked 
|  26|0x0000000708200000, 0x0000000708200000, 0x0000000708400000|  0%| F|  |TAMS 0x0000000708200000, 0x0000000708200000| Untracked 
|  27|0x0000000708400000, 0x0000000708400000, 0x0000000708600000|  0%| F|  |TAMS 0x0000000708400000, 0x0000000708400000| Untracked 
|  28|0x0000000708600000, 0x0000000708600000, 0x0000000708800000|  0%| F|  |TAMS 0x0000000708600000, 0x0000000708600000| Untracked 
|  29|0x0000000708800000, 0x0000000708800000, 0x0000000708a00000|  0%| F|  |TAMS 0x0000000708800000, 0x0000000708800000| Untracked 
|  30|0x0000000708a00000, 0x0000000708a00000, 0x0000000708c00000|  0%| F|  |TAMS 0x0000000708a00000, 0x0000000708a00000| Untracked 
|  31|0x0000000708c00000, 0x0000000708c00000, 0x0000000708e00000|  0%| F|  |TAMS 0x0000000708c00000, 0x0000000708c00000| Untracked 
|  32|0x0000000708e00000, 0x0000000708e00000, 0x0000000709000000|  0%| F|  |TAMS 0x0000000708e00000, 0x0000000708e00000| Untracked 
|  33|0x0000000709000000, 0x0000000709000000, 0x0000000709200000|  0%| F|  |TAMS 0x0000000709000000, 0x0000000709000000| Untracked 
|  34|0x0000000709200000, 0x0000000709200000, 0x0000000709400000|  0%| F|  |TAMS 0x0000000709200000, 0x0000000709200000| Untracked 
|  35|0x0000000709400000, 0x0000000709400000, 0x0000000709600000|  0%| F|  |TAMS 0x0000000709400000, 0x0000000709400000| Untracked 
|  36|0x0000000709600000, 0x0000000709600000, 0x0000000709800000|  0%| F|  |TAMS 0x0000000709600000, 0x0000000709600000| Untracked 
|  37|0x0000000709800000, 0x0000000709800000, 0x0000000709a00000|  0%| F|  |TAMS 0x0000000709800000, 0x0000000709800000| Untracked 
|  38|0x0000000709a00000, 0x0000000709a00000, 0x0000000709c00000|  0%| F|  |TAMS 0x0000000709a00000, 0x0000000709a00000| Untracked 
|  39|0x0000000709c00000, 0x0000000709c00000, 0x0000000709e00000|  0%| F|  |TAMS 0x0000000709c00000, 0x0000000709c00000| Untracked 
|  40|0x0000000709e00000, 0x0000000709e00000, 0x000000070a000000|  0%| F|  |TAMS 0x0000000709e00000, 0x0000000709e00000| Untracked 
|  41|0x000000070a000000, 0x000000070a000000, 0x000000070a200000|  0%| F|  |TAMS 0x000000070a000000, 0x000000070a000000| Untracked 
|  42|0x000000070a200000, 0x000000070a200000, 0x000000070a400000|  0%| F|  |TAMS 0x000000070a200000, 0x000000070a200000| Untracked 
|  43|0x000000070a400000, 0x000000070a400000, 0x000000070a600000|  0%| F|  |TAMS 0x000000070a400000, 0x000000070a400000| Untracked 
|  44|0x000000070a600000, 0x000000070a600000, 0x000000070a800000|  0%| F|  |TAMS 0x000000070a600000, 0x000000070a600000| Untracked 
|  45|0x000000070a800000, 0x000000070a800000, 0x000000070aa00000|  0%| F|  |TAMS 0x000000070a800000, 0x000000070a800000| Untracked 
|  46|0x000000070aa00000, 0x000000070aa00000, 0x000000070ac00000|  0%| F|  |TAMS 0x000000070aa00000, 0x000000070aa00000| Untracked 
|  47|0x000000070ac00000, 0x000000070ac00000, 0x000000070ae00000|  0%| F|  |TAMS 0x000000070ac00000, 0x000000070ac00000| Untracked 
|  48|0x000000070ae00000, 0x000000070ae00000, 0x000000070b000000|  0%| F|  |TAMS 0x000000070ae00000, 0x000000070ae00000| Untracked 
|  49|0x000000070b000000, 0x000000070b000000, 0x000000070b200000|  0%| F|  |TAMS 0x000000070b000000, 0x000000070b000000| Untracked 
|  50|0x000000070b200000, 0x000000070b200000, 0x000000070b400000|  0%| F|  |TAMS 0x000000070b200000, 0x000000070b200000| Untracked 
|  51|0x000000070b400000, 0x000000070b400000, 0x000000070b600000|  0%| F|  |TAMS 0x000000070b400000, 0x000000070b400000| Untracked 
|  52|0x000000070b600000, 0x000000070b600000, 0x000000070b800000|  0%| F|  |TAMS 0x000000070b600000, 0x000000070b600000| Untracked 
|  53|0x000000070b800000, 0x000000070b800000, 0x000000070ba00000|  0%| F|  |TAMS 0x000000070b800000, 0x000000070b800000| Untracked 
|  54|0x000000070ba00000, 0x000000070ba00000, 0x000000070bc00000|  0%| F|  |TAMS 0x000000070ba00000, 0x000000070ba00000| Untracked 
|  55|0x000000070bc00000, 0x000000070bc00000, 0x000000070be00000|  0%| F|  |TAMS 0x000000070bc00000, 0x000000070bc00000| Untracked 
|  56|0x000000070be00000, 0x000000070be00000, 0x000000070c000000|  0%| F|  |TAMS 0x000000070be00000, 0x000000070be00000| Untracked 
|  57|0x000000070c000000, 0x000000070c000000, 0x000000070c200000|  0%| F|  |TAMS 0x000000070c000000, 0x000000070c000000| Untracked 
|  58|0x000000070c200000, 0x000000070c200000, 0x000000070c400000|  0%| F|  |TAMS 0x000000070c200000, 0x000000070c200000| Untracked 
|  59|0x000000070c400000, 0x000000070c400000, 0x000000070c600000|  0%| F|  |TAMS 0x000000070c400000, 0x000000070c400000| Untracked 
|  60|0x000000070c600000, 0x000000070c600000, 0x000000070c800000|  0%| F|  |TAMS 0x000000070c600000, 0x000000070c600000| Untracked 
|  61|0x000000070c800000, 0x000000070c800000, 0x000000070ca00000|  0%| F|  |TAMS 0x000000070c800000, 0x000000070c800000| Untracked 
|  62|0x000000070ca00000, 0x000000070ca00000, 0x000000070cc00000|  0%| F|  |TAMS 0x000000070ca00000, 0x000000070ca00000| Untracked 
|  63|0x000000070cc00000, 0x000000070cc00000, 0x000000070ce00000|  0%| F|  |TAMS 0x000000070cc00000, 0x000000070cc00000| Untracked 
|  64|0x000000070ce00000, 0x000000070ce00000, 0x000000070d000000|  0%| F|  |TAMS 0x000000070ce00000, 0x000000070ce00000| Untracked 
|  65|0x000000070d000000, 0x000000070d000000, 0x000000070d200000|  0%| F|  |TAMS 0x000000070d000000, 0x000000070d000000| Untracked 
|  66|0x000000070d200000, 0x000000070d200000, 0x000000070d400000|  0%| F|  |TAMS 0x000000070d200000, 0x000000070d200000| Untracked 
|  67|0x000000070d400000, 0x000000070d400000, 0x000000070d600000|  0%| F|  |TAMS 0x000000070d400000, 0x000000070d400000| Untracked 
|  68|0x000000070d600000, 0x000000070d600000, 0x000000070d800000|  0%| F|  |TAMS 0x000000070d600000, 0x000000070d600000| Untracked 
|  69|0x000000070d800000, 0x000000070d800000, 0x000000070da00000|  0%| F|  |TAMS 0x000000070d800000, 0x000000070d800000| Untracked 
|  70|0x000000070da00000, 0x000000070da00000, 0x000000070dc00000|  0%| F|  |TAMS 0x000000070da00000, 0x000000070da00000| Untracked 
|  71|0x000000070dc00000, 0x000000070dc00000, 0x000000070de00000|  0%| F|  |TAMS 0x000000070dc00000, 0x000000070dc00000| Untracked 
|  72|0x000000070de00000, 0x000000070de00000, 0x000000070e000000|  0%| F|  |TAMS 0x000000070de00000, 0x000000070de00000| Untracked 
|  73|0x000000070e000000, 0x000000070e000000, 0x000000070e200000|  0%| F|  |TAMS 0x000000070e000000, 0x000000070e000000| Untracked 
|  74|0x000000070e200000, 0x000000070e200000, 0x000000070e400000|  0%| F|  |TAMS 0x000000070e200000, 0x000000070e200000| Untracked 
|  75|0x000000070e400000, 0x000000070e400000, 0x000000070e600000|  0%| F|  |TAMS 0x000000070e400000, 0x000000070e400000| Untracked 
|  76|0x000000070e600000, 0x000000070e600000, 0x000000070e800000|  0%| F|  |TAMS 0x000000070e600000, 0x000000070e600000| Untracked 
|  77|0x000000070e800000, 0x000000070e800000, 0x000000070ea00000|  0%| F|  |TAMS 0x000000070e800000, 0x000000070e800000| Untracked 
|  78|0x000000070ea00000, 0x000000070ea00000, 0x000000070ec00000|  0%| F|  |TAMS 0x000000070ea00000, 0x000000070ea00000| Untracked 
|  79|0x000000070ec00000, 0x000000070ec00000, 0x000000070ee00000|  0%| F|  |TAMS 0x000000070ec00000, 0x000000070ec00000| Untracked 
|  80|0x000000070ee00000, 0x000000070ee00000, 0x000000070f000000|  0%| F|  |TAMS 0x000000070ee00000, 0x000000070ee00000| Untracked 
|  81|0x000000070f000000, 0x000000070f000000, 0x000000070f200000|  0%| F|  |TAMS 0x000000070f000000, 0x000000070f000000| Untracked 
|  82|0x000000070f200000, 0x000000070f200000, 0x000000070f400000|  0%| F|  |TAMS 0x000000070f200000, 0x000000070f200000| Untracked 
|  83|0x000000070f400000, 0x000000070f400000, 0x000000070f600000|  0%| F|  |TAMS 0x000000070f400000, 0x000000070f400000| Untracked 
|  84|0x000000070f600000, 0x000000070f600000, 0x000000070f800000|  0%| F|  |TAMS 0x000000070f600000, 0x000000070f600000| Untracked 
|  85|0x000000070f800000, 0x000000070f800000, 0x000000070fa00000|  0%| F|  |TAMS 0x000000070f800000, 0x000000070f800000| Untracked 
|  86|0x000000070fa00000, 0x000000070fa00000, 0x000000070fc00000|  0%| F|  |TAMS 0x000000070fa00000, 0x000000070fa00000| Untracked 
|  87|0x000000070fc00000, 0x000000070fc00000, 0x000000070fe00000|  0%| F|  |TAMS 0x000000070fc00000, 0x000000070fc00000| Untracked 
|  88|0x000000070fe00000, 0x000000070fe00000, 0x0000000710000000|  0%| F|  |TAMS 0x000000070fe00000, 0x000000070fe00000| Untracked 
|  89|0x0000000710000000, 0x0000000710000000, 0x0000000710200000|  0%| F|  |TAMS 0x0000000710000000, 0x0000000710000000| Untracked 
|  90|0x0000000710200000, 0x0000000710200000, 0x0000000710400000|  0%| F|  |TAMS 0x0000000710200000, 0x0000000710200000| Untracked 
|  91|0x0000000710400000, 0x0000000710400000, 0x0000000710600000|  0%| F|  |TAMS 0x0000000710400000, 0x0000000710400000| Untracked 
|  92|0x0000000710600000, 0x0000000710600000, 0x0000000710800000|  0%| F|  |TAMS 0x0000000710600000, 0x0000000710600000| Untracked 
|  93|0x0000000710800000, 0x0000000710800000, 0x0000000710a00000|  0%| F|  |TAMS 0x0000000710800000, 0x0000000710800000| Untracked 
|  94|0x0000000710a00000, 0x0000000710a00000, 0x0000000710c00000|  0%| F|  |TAMS 0x0000000710a00000, 0x0000000710a00000| Untracked 
|  95|0x0000000710c00000, 0x0000000710c00000, 0x0000000710e00000|  0%| F|  |TAMS 0x0000000710c00000, 0x0000000710c00000| Untracked 
|  96|0x0000000710e00000, 0x0000000710e00000, 0x0000000711000000|  0%| F|  |TAMS 0x0000000710e00000, 0x0000000710e00000| Untracked 
|  97|0x0000000711000000, 0x0000000711000000, 0x0000000711200000|  0%| F|  |TAMS 0x0000000711000000, 0x0000000711000000| Untracked 
|  98|0x0000000711200000, 0x0000000711200000, 0x0000000711400000|  0%| F|  |TAMS 0x0000000711200000, 0x0000000711200000| Untracked 
|  99|0x0000000711400000, 0x0000000711400000, 0x0000000711600000|  0%| F|  |TAMS 0x0000000711400000, 0x0000000711400000| Untracked 
| 100|0x0000000711600000, 0x0000000711600000, 0x0000000711800000|  0%| F|  |TAMS 0x0000000711600000, 0x0000000711600000| Untracked 
| 101|0x0000000711800000, 0x0000000711800000, 0x0000000711a00000|  0%| F|  |TAMS 0x0000000711800000, 0x0000000711800000| Untracked 
| 102|0x0000000711a00000, 0x0000000711a00000, 0x0000000711c00000|  0%| F|  |TAMS 0x0000000711a00000, 0x0000000711a00000| Untracked 
| 103|0x0000000711c00000, 0x0000000711c00000, 0x0000000711e00000|  0%| F|  |TAMS 0x0000000711c00000, 0x0000000711c00000| Untracked 
| 104|0x0000000711e00000, 0x0000000711e00000, 0x0000000712000000|  0%| F|  |TAMS 0x0000000711e00000, 0x0000000711e00000| Untracked 
| 105|0x0000000712000000, 0x0000000712000000, 0x0000000712200000|  0%| F|  |TAMS 0x0000000712000000, 0x0000000712000000| Untracked 
| 106|0x0000000712200000, 0x0000000712200000, 0x0000000712400000|  0%| F|  |TAMS 0x0000000712200000, 0x0000000712200000| Untracked 
| 107|0x0000000712400000, 0x0000000712400000, 0x0000000712600000|  0%| F|  |TAMS 0x0000000712400000, 0x0000000712400000| Untracked 
| 108|0x0000000712600000, 0x0000000712600000, 0x0000000712800000|  0%| F|  |TAMS 0x0000000712600000, 0x0000000712600000| Untracked 
| 109|0x0000000712800000, 0x0000000712800000, 0x0000000712a00000|  0%| F|  |TAMS 0x0000000712800000, 0x0000000712800000| Untracked 
| 110|0x0000000712a00000, 0x0000000712a00000, 0x0000000712c00000|  0%| F|  |TAMS 0x0000000712a00000, 0x0000000712a00000| Untracked 
| 111|0x0000000712c00000, 0x0000000712c00000, 0x0000000712e00000|  0%| F|  |TAMS 0x0000000712c00000, 0x0000000712c00000| Untracked 
| 112|0x0000000712e00000, 0x0000000712e00000, 0x0000000713000000|  0%| F|  |TAMS 0x0000000712e00000, 0x0000000712e00000| Untracked 
| 113|0x0000000713000000, 0x0000000713000000, 0x0000000713200000|  0%| F|  |TAMS 0x0000000713000000, 0x0000000713000000| Untracked 
| 114|0x0000000713200000, 0x0000000713200000, 0x0000000713400000|  0%| F|  |TAMS 0x0000000713200000, 0x0000000713200000| Untracked 
| 115|0x0000000713400000, 0x0000000713400000, 0x0000000713600000|  0%| F|  |TAMS 0x0000000713400000, 0x0000000713400000| Untracked 
| 116|0x0000000713600000, 0x0000000713600000, 0x0000000713800000|  0%| F|  |TAMS 0x0000000713600000, 0x0000000713600000| Untracked 
| 117|0x0000000713800000, 0x0000000713800000, 0x0000000713a00000|  0%| F|  |TAMS 0x0000000713800000, 0x0000000713800000| Untracked 
| 118|0x0000000713a00000, 0x0000000713a00000, 0x0000000713c00000|  0%| F|  |TAMS 0x0000000713a00000, 0x0000000713a00000| Untracked 
| 119|0x0000000713c00000, 0x0000000713c00000, 0x0000000713e00000|  0%| F|  |TAMS 0x0000000713c00000, 0x0000000713c00000| Untracked 
| 120|0x0000000713e00000, 0x0000000713e00000, 0x0000000714000000|  0%| F|  |TAMS 0x0000000713e00000, 0x0000000713e00000| Untracked 
| 121|0x0000000714000000, 0x0000000714000000, 0x0000000714200000|  0%| F|  |TAMS 0x0000000714000000, 0x0000000714000000| Untracked 
| 122|0x0000000714200000, 0x0000000714200000, 0x0000000714400000|  0%| F|  |TAMS 0x0000000714200000, 0x0000000714200000| Untracked 
| 123|0x0000000714400000, 0x0000000714400000, 0x0000000714600000|  0%| F|  |TAMS 0x0000000714400000, 0x0000000714400000| Untracked 
| 124|0x0000000714600000, 0x0000000714800000, 0x0000000714800000|100%| E|  |TAMS 0x0000000714600000, 0x0000000714600000| Complete 
| 125|0x0000000714800000, 0x0000000714a00000, 0x0000000714a00000|100%| E|CS|TAMS 0x0000000714800000, 0x0000000714800000| Complete 

Card table byte_map: [0x000001df67640000,0x000001df67e20000] _byte_map_base: 0x000001df63e19000

Marking Bits (Prev, Next): (CMBitMap*) 0x000001df4d8f5de0, (CMBitMap*) 0x000001df4d8f5e20
 Prev Bits: [0x000001df68600000, 0x000001df6c4c8000)
 Next Bits: [0x000001df6c4d0000, 0x000001df70398000)

Polling page: 0x000001df4d630000

Metaspace:

Usage:
  Non-class:    505.68 KB used.
      Class:     28.80 KB used.
       Both:    534.48 KB used.

Virtual space:
  Non-class space:       64.00 MB reserved,     576.00 KB ( <1%) committed,  1 nodes.
      Class space:        1.00 GB reserved,     128.00 KB ( <1%) committed,  1 nodes.
             Both:        1.06 GB reserved,     704.00 KB ( <1%) committed. 

Chunk freelists:
   Non-Class:  3.97 MB
       Class:  3.73 MB
        Both:  7.70 MB

MaxMetaspaceSize: unlimited
CompressedClassSpaceSize: 1.00 GB
Initial GC threshold: 21.00 MB
Current GC threshold: 21.00 MB
CDS: on
MetaspaceReclaimPolicy: balanced
 - commit_granule_bytes: 65536.
 - commit_granule_words: 8192.
 - virtual_space_node_default_size: 8388608.
 - enlarge_chunks_in_place: 1.
 - new_chunks_are_fully_committed: 0.
 - uncommit_free_chunks: 1.
 - use_allocation_guard: 0.


Internal statistics:

num_allocs_failed_limit: 0.
num_arena_births: 22.
num_arena_deaths: 0.
num_vsnodes_births: 2.
num_vsnodes_deaths: 0.
num_space_committed: 11.
num_space_uncommitted: 0.
num_chunks_returned_to_freelist: 0.
num_chunks_taken_from_freelist: 27.
num_chunk_merges: 0.
num_chunk_splits: 16.
num_chunks_enlarged: 10.
num_inconsistent_stats: 0.

CodeHeap 'non-profiled nmethods': size=120000Kb used=70Kb max_used=70Kb free=119929Kb
 bounds [0x000001df5ecb0000, 0x000001df5ef20000, 0x000001df661e0000]
CodeHeap 'profiled nmethods': size=120000Kb used=196Kb max_used=196Kb free=119803Kb
 bounds [0x000001df571e0000, 0x000001df57450000, 0x000001df5e710000]
CodeHeap 'non-nmethods': size=5760Kb used=1198Kb max_used=1212Kb free=4561Kb
 bounds [0x000001df5e710000, 0x000001df5e980000, 0x000001df5ecb0000]
 total_blobs=590 nmethods=195 adapters=306
 compilation: enabled
              stopped_count=0, restarted_count=0
 full_count=0

Compilation events (20 events):
Event: 0.102 Thread 0x000001df77409e10  181       3       jdk.internal.org.objectweb.asm.SymbolTable::hash (10 bytes)
Event: 0.102 Thread 0x000001df77409e10 nmethod 181 0x000001df5720e310 code [0x000001df5720e4c0, 0x000001df5720e5e8]
Event: 0.102 Thread 0x000001df77409e10  182       3       jdk.internal.org.objectweb.asm.Symbol::<init> (38 bytes)
Event: 0.102 Thread 0x000001df77409e10 nmethod 182 0x000001df5720e690 code [0x000001df5720e840, 0x000001df5720eaf8]
Event: 0.102 Thread 0x000001df77409e10  187       3       jdk.internal.org.objectweb.asm.SymbolTable::put (150 bytes)
Event: 0.103 Thread 0x000001df77409e10 nmethod 187 0x000001df5720ec10 code [0x000001df5720ee00, 0x000001df5720f6d8]
Event: 0.103 Thread 0x000001df77409e10  188       3       java.lang.Math::max (11 bytes)
Event: 0.103 Thread 0x000001df77409e10 nmethod 188 0x000001df5720f990 code [0x000001df5720fb20, 0x000001df5720fc58]
Event: 0.103 Thread 0x000001df77409e10  189       1       java.lang.invoke.MethodTypeForm::parameterSlotCount (5 bytes)
Event: 0.103 Thread 0x000001df77409e10 nmethod 189 0x000001df5ecc0f10 code [0x000001df5ecc10a0, 0x000001df5ecc1158]
Event: 0.103 Thread 0x000001df77409e10  185       1       java.lang.invoke.MethodType$ConcurrentWeakInternSet$WeakEntry::hashCode (5 bytes)
Event: 0.103 Thread 0x000001df77409e10 nmethod 185 0x000001df5ecc1210 code [0x000001df5ecc13a0, 0x000001df5ecc1458]
Event: 0.109 Thread 0x000001df77409e10  192       3       java.lang.invoke.MethodType::methodType (69 bytes)
Event: 0.109 Thread 0x000001df77409e10 nmethod 192 0x000001df5720fd10 code [0x000001df5720ff20, 0x000001df57210418]
Event: 0.109 Thread 0x000001df77408bc0  195       4       java.lang.StringLatin1::charAt (15 bytes)
Event: 0.109 Thread 0x000001df77409e10  194       3       java.lang.String::charAt (25 bytes)
Event: 0.110 Thread 0x000001df77409e10 nmethod 194 0x000001df57210590 code [0x000001df57210780, 0x000001df57210cd8]
Event: 0.110 Thread 0x000001df77409e10  193       3       java.lang.System::getSecurityManager (12 bytes)
Event: 0.110 Thread 0x000001df77409e10 nmethod 193 0x000001df57210f90 code [0x000001df57211140, 0x000001df572112b8]
Event: 0.110 Thread 0x000001df77408bc0 nmethod 195 0x000001df5ecc1510 code [0x000001df5ecc16a0, 0x000001df5ecc1758]

GC Heap History (0 events):
No events

Dll operation events (8 events):
Event: 0.014 Loaded shared library C:\Users\osayli\.jdks\openjdk-19.0.1\bin\java.dll
Event: 0.025 Loaded shared library C:\Users\osayli\.jdks\openjdk-19.0.1\bin\jsvml.dll
Event: 0.081 Loaded shared library C:\Users\osayli\.jdks\openjdk-19.0.1\bin\zip.dll
Event: 0.084 Loaded shared library C:\Users\osayli\.jdks\openjdk-19.0.1\bin\instrument.dll
Event: 0.093 Loaded shared library C:\Users\osayli\.jdks\openjdk-19.0.1\bin\net.dll
Event: 0.095 Loaded shared library C:\Users\osayli\.jdks\openjdk-19.0.1\bin\nio.dll
Event: 0.098 Loaded shared library C:\Users\osayli\.jdks\openjdk-19.0.1\bin\zip.dll
Event: 0.106 Loaded shared library C:\Program Files (x86)\JetBrains\IntelliJ IDEA Community Edition 2022.1.1\bin\breakgen64.dll

Deoptimization events (4 events):
Event: 0.109 Thread 0x000001df4d887760 Uncommon trap: trap_request=0xffffff45 fr.pc=0x000001df5ecc0748 relative=0x00000000000000a8
Event: 0.109 Thread 0x000001df4d887760 Uncommon trap: reason=unstable_if action=reinterpret pc=0x000001df5ecc0748 method=java.lang.String.isLatin1()Z @ 10 c2
Event: 0.109 Thread 0x000001df4d887760 DEOPT PACKING pc=0x000001df5ecc0748 sp=0x000000c023eff0d0
Event: 0.109 Thread 0x000001df4d887760 DEOPT UNPACKING pc=0x000001df5e776da3 sp=0x000000c023eff010 mode 2

Classes loaded (20 events):
Event: 0.101 Loading class java/lang/invoke/BoundMethodHandle$Species_LL
Event: 0.101 Loading class java/lang/invoke/BoundMethodHandle$Species_LL done
Event: 0.101 Loading class java/lang/invoke/BoundMethodHandle$Species_LLL
Event: 0.102 Loading class java/lang/invoke/BoundMethodHandle$Species_LLL done
Event: 0.104 Loading class java/lang/reflect/InvocationTargetException
Event: 0.104 Loading class java/lang/reflect/InvocationTargetException done
Event: 0.106 Loading class java/io/Reader
Event: 0.107 Loading class java/io/Reader done
Event: 0.107 Loading class java/io/InputStreamReader
Event: 0.107 Loading class java/io/InputStreamReader done
Event: 0.107 Loading class java/net/Socket
Event: 0.108 Loading class jdk/internal/vm/PostVMInitHook
Event: 0.108 Loading class jdk/internal/vm/PostVMInitHook done
Event: 0.108 Loading class java/net/Socket done
Event: 0.109 Loading class java/net/InetSocketAddress
Event: 0.109 Loading class jdk/internal/loader/URLClassPath$FileLoader$1
Event: 0.109 Loading class java/net/SocketAddress
Event: 0.109 Loading class java/net/SocketAddress done
Event: 0.109 Loading class jdk/internal/loader/URLClassPath$FileLoader$1 done
Event: 0.109 Loading class java/net/InetSocketAddress done

Classes unloaded (0 events):
No events

Classes redefined (0 events):
No events

Internal exceptions (2 events):
Event: 0.099 Thread 0x000001df4d887760 Exception <a 'java/lang/NoSuchMethodError'{0x00000007146c3ff8}: 'void java.lang.invoke.DirectMethodHandle$Holder.invokeStatic(java.lang.Object, java.lang.Object, java.lang.Object)'> (0x00000007146c3ff8) 
thrown [s\open\src\hotspot\share\interpreter\linkResolver.cpp, line 774]
Event: 0.103 Thread 0x000001df4d887760 Exception <a 'java/lang/NoSuchMethodError'{0x00000007146dc5f0}: 'java.lang.Object java.lang.invoke.Invokers$Holder.invokeExact_MT(java.lang.Object, java.lang.Object, java.lang.Object, java.lang.Object, java.lang.Object)'> (0x00000007146dc5f0) 
thrown [s\open\src\hotspot\share\interpreter\linkResolver.cpp, line 774]

VM Operations (4 events):
Event: 0.070 Executing VM operation: HandshakeAllThreads
Event: 0.070 Executing VM operation: HandshakeAllThreads done
Event: 0.111 Executing VM operation: HandshakeAllThreads
Event: 0.111 Executing VM operation: HandshakeAllThreads done

Events (16 events):
Event: 0.025 Thread 0x000001df4d887760 Thread added: 0x000001df4d887760
Event: 0.041 Thread 0x000001df72f13ac0 Thread added: 0x000001df72f13ac0
Event: 0.041 Thread 0x000001df72f14550 Thread added: 0x000001df72f14550
Event: 0.042 Thread 0x000001df72f168c0 Thread added: 0x000001df72f168c0
Event: 0.042 Thread 0x000001df72f185c0 Thread added: 0x000001df72f185c0
Event: 0.042 Thread 0x000001df77402830 Thread added: 0x000001df77402830
Event: 0.042 Thread 0x000001df77403160 Thread added: 0x000001df77403160
Event: 0.042 Thread 0x000001df77408bc0 Thread added: 0x000001df77408bc0
Event: 0.042 Thread 0x000001df77409e10 Thread added: 0x000001df77409e10
Event: 0.042 Thread 0x000001df774174f0 Thread added: 0x000001df774174f0
Event: 0.065 Thread 0x000001df775083b0 Thread added: 0x000001df775083b0
Event: 0.107 Thread 0x000001df7765af60 Thread added: 0x000001df7765af60
Event: 0.108 Thread 0x000001df7765f4b0 Thread added: 0x000001df7765f4b0
Event: 0.110 Thread 0x000001df4d887760 Thread exited: 0x000001df4d887760
Event: 0.111 Thread 0x000001df4d887760 Thread added: 0x000001df4d887760
Event: 0.111 Thread 0x000001df4d887760 Thread exited: 0x000001df4d887760


Dynamic libraries:
0x00007ff70f170000 - 0x00007ff70f17e000 	C:\Users\osayli\.jdks\openjdk-19.0.1\bin\java.exe
0x00007fff25590000 - 0x00007fff25788000 	C:\WINDOWS\SYSTEM32\ntdll.dll
0x00007fff252e0000 - 0x00007fff2539f000 	C:\WINDOWS\System32\KERNEL32.DLL
0x00007fff25000000 - 0x00007fff252d2000 	C:\WINDOWS\System32\KERNELBASE.dll
0x0000000016220000 - 0x000000001625b000 	C:\WINDOWS\System32\cyinjct.dll
0x00007fff24e80000 - 0x00007fff24e8c000 	C:\WINDOWS\System32\ntnativeapi.dll
0x00007fff22540000 - 0x00007fff22557000 	C:\Users\osayli\.jdks\openjdk-19.0.1\bin\jli.dll
0x000001df4d310000 - 0x000001df4d4b1000 	C:\WINDOWS\System32\USER32.dll
0x00007fff22f50000 - 0x00007fff22f72000 	C:\WINDOWS\System32\win32u.dll
0x00007fff24ab0000 - 0x00007fff24adb000 	C:\WINDOWS\System32\GDI32.dll
0x00007fff22c00000 - 0x00007fff22d0f000 	C:\WINDOWS\System32\gdi32full.dll
0x00007fff22b60000 - 0x00007fff22bfd000 	C:\WINDOWS\System32\msvcp_win.dll
0x000001df4d4c0000 - 0x000001df4d5c0000 	C:\WINDOWS\System32\ucrtbase.dll
0x00007fff1df20000 - 0x00007fff1df3b000 	C:\Users\osayli\.jdks\openjdk-19.0.1\bin\VCRUNTIME140.dll
0x00007fff22210000 - 0x00007fff224aa000 	C:\WINDOWS\WinSxS\amd64_microsoft.windows.common-controls_6595b64144ccf1df_6.0.19041.1110_none_60b5254171f9507e\COMCTL32.dll
0x00007fff24650000 - 0x00007fff246ee000 	C:\WINDOWS\System32\msvcrt.dll
0x00007fff24e60000 - 0x00007fff24e7e000 	C:\WINDOWS\System32\cyvera.dll
0x00007fff24df0000 - 0x00007fff24e58000 	C:\WINDOWS\System32\cyvrtrap.dll
0x00007fff234f0000 - 0x00007fff23522000 	C:\WINDOWS\System32\IMM32.DLL
0x00007fff22530000 - 0x00007fff2253c000 	C:\Users\osayli\.jdks\openjdk-19.0.1\bin\vcruntime140_1.dll
0x00007fff101b0000 - 0x00007fff1023e000 	C:\Users\osayli\.jdks\openjdk-19.0.1\bin\msvcp140.dll
0x00007ffe8f500000 - 0x00007ffe901c0000 	C:\Users\osayli\.jdks\openjdk-19.0.1\bin\server\jvm.dll
0x00007fff241d0000 - 0x00007fff2427e000 	C:\WINDOWS\System32\ADVAPI32.dll
0x00007fff24d10000 - 0x00007fff24dac000 	C:\WINDOWS\System32\sechost.dll
0x00007fff24ed0000 - 0x00007fff24ff5000 	C:\WINDOWS\System32\RPCRT4.dll
0x00007ffeea130000 - 0x00007ffeea139000 	C:\WINDOWS\SYSTEM32\WSOCK32.dll
0x00007fff23340000 - 0x00007fff233ab000 	C:\WINDOWS\System32\WS2_32.dll
0x00007fff17140000 - 0x00007fff17167000 	C:\WINDOWS\SYSTEM32\WINMM.dll
0x00007fff206b0000 - 0x00007fff206ba000 	C:\WINDOWS\SYSTEM32\VERSION.dll
0x00007fff206c0000 - 0x00007fff206d2000 	C:\WINDOWS\SYSTEM32\kernel.appcore.dll
0x00007fff1deb0000 - 0x00007fff1deba000 	C:\Users\osayli\.jdks\openjdk-19.0.1\bin\jimage.dll
0x00007fff225e0000 - 0x00007fff227c4000 	C:\WINDOWS\SYSTEM32\DBGHELP.DLL
0x00007fff224d0000 - 0x00007fff22505000 	C:\WINDOWS\SYSTEM32\dbgcore.DLL
0x00007fff22ec0000 - 0x00007fff22f42000 	C:\WINDOWS\System32\bcryptPrimitives.dll
0x00007fff1de70000 - 0x00007fff1de7e000 	C:\Users\osayli\.jdks\openjdk-19.0.1\bin\instrument.dll
0x00007fff1de80000 - 0x00007fff1dea6000 	C:\Users\osayli\.jdks\openjdk-19.0.1\bin\java.dll
0x00007fff24db0000 - 0x00007fff24de7000 	C:\Program Files\Palo Alto Networks\Traps\cyjagent.dll
0x00007ffee5160000 - 0x00007ffee5237000 	C:\Users\osayli\.jdks\openjdk-19.0.1\bin\jsvml.dll
0x00007fff239a0000 - 0x00007fff240e4000 	C:\WINDOWS\System32\SHELL32.dll
0x00007fff1fbc0000 - 0x00007fff20352000 	C:\WINDOWS\SYSTEM32\windows.storage.dll
0x00007fff246f0000 - 0x00007fff24a45000 	C:\WINDOWS\System32\combase.dll
0x00007fff21f20000 - 0x00007fff21f50000 	C:\WINDOWS\SYSTEM32\Wldp.dll
0x00007fff231d0000 - 0x00007fff2327d000 	C:\WINDOWS\System32\SHCORE.dll
0x00007fff24a50000 - 0x00007fff24aa5000 	C:\WINDOWS\System32\shlwapi.dll
0x00007fff22aa0000 - 0x00007fff22abf000 	C:\WINDOWS\SYSTEM32\profapi.dll
0x00007fff1d810000 - 0x00007fff1d828000 	C:\Users\osayli\.jdks\openjdk-19.0.1\bin\zip.dll
0x00007fff1d7f0000 - 0x00007fff1d803000 	C:\Users\osayli\.jdks\openjdk-19.0.1\bin\net.dll
0x00007fff214e0000 - 0x00007fff215ec000 	C:\WINDOWS\SYSTEM32\WINHTTP.dll
0x00007fff21bc0000 - 0x00007fff21c2a000 	C:\WINDOWS\system32\mswsock.dll
0x00007fff1d7d0000 - 0x00007fff1d7e6000 	C:\Users\osayli\.jdks\openjdk-19.0.1\bin\nio.dll
0x00007fff1d7b0000 - 0x00007fff1d7ca000 	C:\Program Files (x86)\JetBrains\IntelliJ IDEA Community Edition 2022.1.1\bin\breakgen64.dll

dbghelp: loaded successfully - version: 4.0.5 - missing functions: none
symbol engine: initialized successfully - sym options: 0x614 - pdb path: .;C:\Users\osayli\.jdks\openjdk-19.0.1\bin;C:\WINDOWS\SYSTEM32;C:\WINDOWS\WinSxS\amd64_microsoft.windows.common-controls_6595b64144ccf1df_6.0.19041.1110_none_60b5254171f9507e;C:\Users\osayli\.jdks\openjdk-19.0.1\bin\server;C:\Program Files\Palo Alto Networks\Traps;C:\Program Files (x86)\JetBrains\IntelliJ IDEA Community Edition 2022.1.1\bin

VM Arguments:
jvm_args: -javaagent:C:\Program Files (x86)\JetBrains\IntelliJ IDEA Community Edition 2022.1.1\lib\idea_rt.jar=58663:C:\Program Files (x86)\JetBrains\IntelliJ IDEA Community Edition 2022.1.1\bin -Dfile.encoding=UTF-8 -agentpath:C:\Program Files\Palo Alto Networks\Traps\cyjagent.dll 
java_command: leetCode.Easy.EQ953VerifyingAnAlienDictionary
java_class_path (initial): C:\Users\osayli\IdeaProjects\InterviewCodeChallenges\out\production\InterviewCodeChallenges
Launcher Type: SUN_STANDARD

[Global flags]
     intx CICompilerCount                          = 4                                         {product} {ergonomic}
     uint ConcGCThreads                            = 3                                         {product} {ergonomic}
     uint G1ConcRefinementThreads                  = 10                                        {product} {ergonomic}
   size_t G1HeapRegionSize                         = 2097152                                   {product} {ergonomic}
    uintx GCDrainStackTargetSize                   = 64                                        {product} {ergonomic}
   size_t InitialHeapSize                          = 264241152                                 {product} {ergonomic}
   size_t MarkStackSize                            = 4194304                                   {product} {ergonomic}
   size_t MaxHeapSize                              = 4213178368                                {product} {ergonomic}
   size_t MaxNewSize                               = 2527068160                                {product} {ergonomic}
   size_t MinHeapDeltaBytes                        = 2097152                                   {product} {ergonomic}
   size_t MinHeapSize                              = 8388608                                   {product} {ergonomic}
    uintx NonNMethodCodeHeapSize                   = 5839372                                {pd product} {ergonomic}
    uintx NonProfiledCodeHeapSize                  = 122909434                              {pd product} {ergonomic}
    uintx ProfiledCodeHeapSize                     = 122909434                              {pd product} {ergonomic}
    uintx ReservedCodeCacheSize                    = 251658240                              {pd product} {ergonomic}
     bool SegmentedCodeCache                       = true                                      {product} {ergonomic}
   size_t SoftMaxHeapSize                          = 4213178368                             {manageable} {ergonomic}
     bool UseCompressedClassPointers               = true                           {product lp64_product} {ergonomic}
     bool UseCompressedOops                        = true                           {product lp64_product} {ergonomic}
     bool UseG1GC                                  = true                                      {product} {ergonomic}
     bool UseLargePagesIndividualAllocation        = false                                  {pd product} {ergonomic}

Logging:
Log output configuration:
 #0: stdout all=warning uptime,level,tags foldmultilines=false
 #1: stderr all=off uptime,level,tags foldmultilines=false

Environment Variables:
PATH=C:\WINDOWS\system32;C:\WINDOWS;C:\WINDOWS\System32\Wbem;C:\WINDOWS\System32\WindowsPowerShell\v1.0\;C:\WINDOWS\System32\OpenSSH\;C:\Program Files\dotnet\;C:\Program Files (x86)\Pulse Secure\VC142.CRT\X64\;C:\Program Files (x86)\Pulse Secure\VC142.CRT\X86\;C:\Program Files (x86)\Common Files\Pulse Secure\TNC Client Plugin\;C:\Program Files\Microsoft SQL Server\150\Tools\Binn\;C:\Program Files\Microsoft SQL Server\Client SDK\ODBC\170\Tools\Binn\;C:\Program Files\nodejs\;C:\Program Files\Git\cmd;C:\Program Files (x86)\Microsoft SQL Server\150\DTS\Binn\;C:\Program Files\Azure Data Studio\bin;C:\Users\osayli\AppData\Local\Microsoft\WindowsApps;;C:\Users\osayli\AppData\Local\Programs\Microsoft VS Code\bin;C:\Users\osayli\.dotnet\tools
USERNAME=osayli
OS=Windows_NT
PROCESSOR_IDENTIFIER=Intel64 Family 6 Model 154 Stepping 4, GenuineIntel
TMP=C:\Users\osayli\AppData\Local\Temp
TEMP=C:\Users\osayli\AppData\Local\Temp



---------------  S Y S T E M  ---------------

OS:
 Windows 10 , 64 bit Build 19041 (10.0.19041.2364)
OS uptime: 0 days 5:03 hours
Hyper-V role detected

CPU: total 12 (initial active 12) (6 cores per cpu, 2 threads per core) family 6 model 154 stepping 4 microcode 0x41b, cx8, cmov, fxsr, ht, mmx, 3dnowpref, sse, sse2, sse3, ssse3, sse4.1, sse4.2, popcnt, lzcnt, tsc, tscinvbit, avx, avx2, aes, erms, clmul, bmi1, bmi2, adx, sha, fma, vzeroupper, clflush, clflushopt, clwb, hv, rdtscp, rdpid, fsrm

Memory: 4k page, system-wide physical 16068M (2750M free)
TotalPageFile size 23128M (AvailPageFile size 2985M)
current process WorkingSet (physical memory assigned to process): 35M, peak: 35M
current process commit charge ("private bytes"): 346M, peak: 347M

vm_info: OpenJDK 64-Bit Server VM (19.0.1+10-21) for windows-amd64 JRE (19.0.1+10-21), built on 2022-09-14T12:45:06Z by "mach5one" with MS VC++ 17.1 (VS2022)

END.
