#
# A fatal error has been detected by the Java Runtime Environment:
#
#  EXCEPTION_ACCESS_VIOLATION (0xc0000005) at pc=0x00007ffe8e85c164, pid=22284, tid=20660
#
# JRE version: OpenJDK Runtime Environment (19.0.1+10) (build 19.0.1+10-21)
# Java VM: OpenJDK 64-Bit Server VM (19.0.1+10-21, mixed mode, sharing, tiered, compressed oops, compressed class ptrs, g1 gc, windows-amd64)
# Problematic frame:
# C  [cyjagent.dll+0xc164]
#
# No core dump will be written. Minidumps are not enabled by default on client versions of Windows
#
# If you would like to submit a bug report, please visit:
#   https://bugreport.java.com/bugreport/crash.jsp
# The crash happened outside the Java Virtual Machine in native code.
# See problematic frame for where to report the bug.
#

---------------  S U M M A R Y ------------

Command Line: -javaagent:C:\Program Files (x86)\JetBrains\IntelliJ IDEA Community Edition 2022.1.1\lib\idea_rt.jar=58094:C:\Program Files (x86)\JetBrains\IntelliJ IDEA Community Edition 2022.1.1\bin -Dfile.encoding=UTF-8 -agentpath:C:\Program Files\Palo Alto Networks\Traps\cyjagent.dll leetCode.Easy.EQ326PowerOfThree

Host: 12th Gen Intel(R) Core(TM) i5-1235U, 12 cores, 15G,  Windows 10 , 64 bit Build 19041 (10.0.19041.2364)
Time: Tue Dec 27 12:10:14 2022 Turkey Standard Time elapsed time: 0.141649 seconds (0d 0h 0m 0s)

---------------  T H R E A D  ---------------

Current thread (0x000002cfea70dea0):  JavaThread "Monitor Ctrl-Break" daemon [_thread_in_native, id=20660, stack(0x000000f641000000,0x000000f641100000)]

Stack: [0x000000f641000000,0x000000f641100000],  sp=0x000000f6410fdd80,  free space=1015k
Native frames: (J=compiled Java code, j=interpreted, Vv=VM code, C=native code)
C  [cyjagent.dll+0xc164]

Java frames: (J=compiled Java code, j=interpreted, Vv=VM code)
j  java.net.InetAddress.<clinit>()V+79 java.base@19.0.1
v  ~StubRoutines::call_stub 0x000002cfd204100e
j  java.net.InetSocketAddress.<init>(Ljava/lang/String;I)V+15 java.base@19.0.1
j  java.net.Socket.<init>(Ljava/lang/String;I)V+11 java.base@19.0.1
j  com.intellij.rt.execution.application.AppMainV2$1.run()V+10
v  ~StubRoutines::call_stub 0x000002cfd204100e

siginfo: EXCEPTION_ACCESS_VIOLATION (0xc0000005), reading address 0x0000000000000000


Registers:
RAX=0x0000000000000000, RBX=0x000002cfea70e180, RCX=0x0000000000000000, RDX=0x000002cfc2bbc6e0
RSP=0x000000f6410fdd80, RBP=0x000002cfc260f8d0, RSI=0x0000000000000000, RDI=0x000002cfc2be01b0
R8 =0x000000f6410fdbf8, R9 =0x000002cfc260f8d0, R10=0x0000000000000000, R11=0x0000000000000246
R12=0x000002cfc2be01b0, R13=0x0000000000000000, R14=0x000002cfea70dea0, R15=0x0000000000000000
RIP=0x00007ffe8e85c164, EFLAGS=0x0000000000010202


Register to memory mapping:

RIP=0x00007ffe8e85c164 cyjagent.dll
RAX=0x0 is NULL
RBX=0x000002cfea70e180 points into unknown readable memory: 0x00007ffe3c61f9a0 | a0 f9 61 3c fe 7f 00 00
RCX=0x0 is NULL
RDX=0x000002cfc2bbc6e0 points into unknown readable memory: 0x000002cfea70dea0 | a0 de 70 ea cf 02 00 00
RSP=0x000000f6410fdd80 is pointing into the stack for thread: 0x000002cfea70dea0
RBP=0x000002cfc260f8d0 points into unknown readable memory: 0x000002cfc2510750 | 50 07 51 c2 cf 02 00 00
RSI=0x0 is NULL
RDI=0x000002cfc2be01b0 points into unknown readable memory: 0x6974752f6176616a | 6a 61 76 61 2f 75 74 69
R8 =0x000000f6410fdbf8 is pointing into the stack for thread: 0x000002cfea70dea0
R9 =0x000002cfc260f8d0 points into unknown readable memory: 0x000002cfc2510750 | 50 07 51 c2 cf 02 00 00
R10=0x0 is NULL
R11=0x0000000000000246 is an unknown value
R12=0x000002cfc2be01b0 points into unknown readable memory: 0x6974752f6176616a | 6a 61 76 61 2f 75 74 69
R13=0x0 is NULL
R14=0x000002cfea70dea0 is a thread
R15=0x0 is NULL


Top of Stack: (sp=0x000000f6410fdd80)
0x000000f6410fdd80:   000002cfc2be01b0 000002cfea70e180
0x000000f6410fdd90:   0000000000000000 00007ffe3c2953ce
0x000000f6410fdda0:   0000000000000000 00007ffe3bf28040
0x000000f6410fddb0:   0000000800538d38 000002cfc260f8d0
0x000000f6410fddc0:   000000000000002a 000000f6410fdfa0
0x000000f6410fddd0:   000002cfc060edc0 0000000000000000
0x000000f6410fdde0:   000000f6410fdfd8 00007ffe3c04f06e
0x000000f6410fddf0:   000002cfc060edc0 0000000000000000
0x000000f6410fde00:   000000f6410fdfa0 0000000000000000
0x000000f6410fde10:   000002cfc2be01b0 0000000000000000
0x000000f6410fde20:   000002cf00002a5a 000002cfc2bdd720
0x000000f6410fde30:   000000f6410fdf28 000000f6410fde48
0x000000f6410fde40:   0000000000000000 0000000000000000
0x000000f6410fde50:   0000000000000000 00007ffe8eaffead
0x000000f6410fde60:   000002cfea709c70 000002cfc2bdd710
0x000000f6410fde70:   000002cfc2be01e0 000002cfc2be56f8 

Instructions: (pc=0x00007ffe8e85c164)
0x00007ffe8e85c064:   00 00 03 72 2d 44 8b ce 48 8d 05 9d e0 01 00 ba
0x00007ffe8e85c074:   2f 00 00 00 4e 8b 0c c8 48 8b 89 90 02 00 00 4c
0x00007ffe8e85c084:   8d 05 b6 df 01 00 e8 b1 50 ff ff 48 8b 0d 4a 39
0x00007ffe8e85c094:   02 00 48 3b cb 74 68 f6 81 9c 02 00 00 10 74 5f
0x00007ffe8e85c0a4:   80 b9 99 02 00 00 02 72 56 4c 8b 8c 24 90 00 00
0x00007ffe8e85c0b4:   00 4c 8d 05 84 df 01 00 48 8b 89 90 02 00 00 ba
0x00007ffe8e85c0c4:   31 00 00 00 e8 73 50 ff ff eb 34 49 8b 0f 4c 8b
0x00007ffe8e85c0d4:   c3 48 8b d6 e8 d3 63 00 00 48 8b 84 24 b0 00 00
0x00007ffe8e85c0e4:   00 89 18 48 8b 0d ca 4c 02 00 4c 8b c6 33 d2 ff
0x00007ffe8e85c0f4:   15 e7 50 01 00 eb 08 a8 02 75 04 c6 47 40 01 b8
0x00007ffe8e85c104:   ff ff ff ff f0 0f c1 47 10 4c 8b b4 24 88 00 00
0x00007ffe8e85c114:   00 83 f8 01 75 42 48 8b 4f 18 48 81 c1 70 01 00
0x00007ffe8e85c124:   00 ff 15 7d 51 01 00 48 8b 0f 48 8b 47 08 48 89
0x00007ffe8e85c134:   08 48 89 41 08 48 8b 4f 18 48 81 c1 70 01 00 00
0x00007ffe8e85c144:   ff 15 66 51 01 00 48 8b 0d 67 4c 02 00 4c 8b c7
0x00007ffe8e85c154:   33 d2 ff 15 84 50 01 00 48 8b 4d 20 48 8b 55 10
0x00007ffe8e85c164:   48 8b 01 48 8b 80 08 01 00 00 ff 15 6c 51 01 00
0x00007ffe8e85c174:   85 c0 74 40 48 8b 0d 61 38 02 00 48 8d 15 5a 38
0x00007ffe8e85c184:   02 00 48 3b ca 74 2d f6 81 9c 02 00 00 10 74 24
0x00007ffe8e85c194:   80 b9 99 02 00 00 03 72 1b 48 8b 89 90 02 00 00
0x00007ffe8e85c1a4:   4c 8d 05 95 de 01 00 ba 15 00 00 00 44 8b c8 e8
0x00007ffe8e85c1b4:   c8 4e ff ff 48 8b 6c 24 78 48 8b b4 24 80 00 00
0x00007ffe8e85c1c4:   00 48 83 c4 50 41 5f 5f 5b c3 cc cc 40 57 48 83
0x00007ffe8e85c1d4:   ec 30 f6 81 78 01 00 00 04 48 8b f9 0f 85 87 02
0x00007ffe8e85c1e4:   00 00 48 89 5c 24 40 45 33 c9 48 89 6c 24 48 33
0x00007ffe8e85c1f4:   d2 48 89 74 24 50 48 8b 71 20 45 8d 41 32 48 8b
0x00007ffe8e85c204:   ce 48 8b 06 48 8b 40 08 ff 15 ce 50 01 00 48 8d
0x00007ffe8e85c214:   2d c7 37 02 00 85 c0 74 37 48 8b 0d bc 37 02 00
0x00007ffe8e85c224:   48 3b cd 74 2b f6 81 9c 02 00 00 10 74 22 80 b9
0x00007ffe8e85c234:   99 02 00 00 02 72 19 48 8b 89 90 02 00 00 ba 11
0x00007ffe8e85c244:   00 00 00 89 44 24 20 44 8d 4a 21 e8 7c dc ff ff
0x00007ffe8e85c254:   48 8b 06 45 33 c9 33 d2 48 8b ce 48 8b 40 08 45 


Stack slot to memory mapping:
stack at sp + 0 slots: 0x000002cfc2be01b0 points into unknown readable memory: 0x6974752f6176616a | 6a 61 76 61 2f 75 74 69
stack at sp + 1 slots: 0x000002cfea70e180 points into unknown readable memory: 0x00007ffe3c61f9a0 | a0 f9 61 3c fe 7f 00 00
stack at sp + 2 slots: 0x0 is NULL
stack at sp + 3 slots: 0x00007ffe3c2953ce jvm.dll
stack at sp + 4 slots: 0x0 is NULL
stack at sp + 5 slots: 0x00007ffe3bf28040 jvm.dll
stack at sp + 6 slots: 0x0000000800538d38 is pointing into metadata
stack at sp + 7 slots: 0x000002cfc260f8d0 points into unknown readable memory: 0x000002cfc2510750 | 50 07 51 c2 cf 02 00 00


---------------  P R O C E S S  ---------------

Threads class SMR info:
_java_thread_list=0x000002cfea6ccdc0, length=12, elements={
0x000002cfe6018970, 0x000002cfe6019760, 0x000002cfe601ab90, 0x000002cfe601d890,
0x000002cfea501480, 0x000002cfea505dc0, 0x000002cfea527040, 0x000002cfea527af0,
0x000002cfea535980, 0x000002cfea6328d0, 0x000002cfea70dea0, 0x000002cfea6d7a70
}

Java Threads: ( => current thread )
  0x000002cfe6018970 JavaThread "Reference Handler" daemon [_thread_blocked, id=15688, stack(0x000000f640600000,0x000000f640700000)]
  0x000002cfe6019760 JavaThread "Finalizer" daemon [_thread_blocked, id=21768, stack(0x000000f640700000,0x000000f640800000)]
  0x000002cfe601ab90 JavaThread "Signal Dispatcher" daemon [_thread_blocked, id=23752, stack(0x000000f640800000,0x000000f640900000)]
  0x000002cfe601d890 JavaThread "Attach Listener" daemon [_thread_blocked, id=20556, stack(0x000000f640900000,0x000000f640a00000)]
  0x000002cfea501480 JavaThread "Service Thread" daemon [_thread_blocked, id=2904, stack(0x000000f640a00000,0x000000f640b00000)]
  0x000002cfea505dc0 JavaThread "Monitor Deflation Thread" daemon [_thread_blocked, id=19480, stack(0x000000f640b00000,0x000000f640c00000)]
  0x000002cfea527040 JavaThread "C2 CompilerThread0" daemon [_thread_blocked, id=6724, stack(0x000000f640c00000,0x000000f640d00000)]
  0x000002cfea527af0 JavaThread "C1 CompilerThread0" daemon [_thread_blocked, id=23872, stack(0x000000f640d00000,0x000000f640e00000)]
  0x000002cfea535980 JavaThread "Sweeper thread" daemon [_thread_blocked, id=22348, stack(0x000000f640e00000,0x000000f640f00000)]
  0x000002cfea6328d0 JavaThread "Common-Cleaner" daemon [_thread_blocked, id=22116, stack(0x000000f640f00000,0x000000f641000000)]
=>0x000002cfea70dea0 JavaThread "Monitor Ctrl-Break" daemon [_thread_in_native, id=20660, stack(0x000000f641000000,0x000000f641100000)]
  0x000002cfea6d7a70 JavaThread "Notification Thread" daemon [_thread_blocked, id=25560, stack(0x000000f641100000,0x000000f641200000)]

Other Threads:
  0x000002cfe5ffea50 VMThread "VM Thread" [stack: 0x000000f640500000,0x000000f640600000] [id=20356] _threads_hazard_ptr=0x000002cfea6ccdc0
  0x000002cfc2c45410 WorkerThread "GC Thread#0" [stack: 0x000000f640000000,0x000000f640100000] [id=25260]
  0x000002cfc2c55e80 ConcurrentGCThread "G1 Main Marker" terminated
  0x000002cfc2c56a50 WorkerThread "G1 Conc#0" [stack: 0x000000f640200000,0x000000f640300000] [id=16284]
  0x000002cfe5eab100 ConcurrentGCThread "G1 Refine#0" terminated
  0x000002cfe5eacc50 ConcurrentGCThread "G1 Service" terminated

Threads with active compile tasks:

VM state: at safepoint (normal execution)

VM Mutex/Monitor currently owned by a thread:  ([mutex/lock_event])
[0x000002cfc2bd28f0] Threads_lock - owner thread: 0x000002cfe5ffea50
[0x000002cfc2bd3550] Heap_lock - owner thread: 0x000002cfc2bc1070

Heap address: 0x0000000704e00000, size: 4018 MB, Compressed Oops mode: Zero based, Oop shift amount: 3

CDS archive(s) mapped at: [0x0000000800000000-0x0000000800c30000-0x0000000800c30000), size 12779520, SharedBaseAddress: 0x0000000800000000, ArchiveRelocationMode: 0.
Compressed class space mapped at: 0x0000000801000000-0x0000000841000000, reserved size: 1073741824
Narrow klass base: 0x0000000800000000, Narrow klass shift: 0, Narrow klass range: 0x100000000

GC Precious Log:
 CardTable entry size: 512
 Card Set container configuration: InlinePtr #cards 4 size 8 Array Of Cards #cards 16 size 48 Howl #buckets 8 coarsen threshold 3686 Howl Bitmap #cards 512 size 80 coarsen threshold 460 Card regions per heap region 1 cards per card region 4096
 CPUs: 12 total, 12 available
 Memory: 16068M
 Large Page Support: Disabled
 NUMA Support: Disabled
 Compressed Oops: Enabled (Zero based)
 Heap Region Size: 2M
 Heap Min Capacity: 8M
 Heap Initial Capacity: 252M
 Heap Max Capacity: 4018M
 Pre-touch: Disabled
 Parallel Workers: 10
 Concurrent Workers: 3
 Concurrent Refinement Workers: 10
 Periodic GC: Disabled

Heap:
 garbage-first heap   total 258048K, used 2048K [0x0000000704e00000, 0x0000000800000000)
  region size 2048K, 2 young (4096K), 0 survivors (0K)
 Metaspace       used 546K, committed 704K, reserved 1114112K
  class space    used 28K, committed 128K, reserved 1048576K

Heap Regions: E=young(eden), S=young(survivor), O=old, HS=humongous(starts), HC=humongous(continues), CS=collection set, F=free, OA=open archive, CA=closed archive, TAMS=top-at-mark-start (previous, next)
|   0|0x0000000704e00000, 0x0000000704e00000, 0x0000000705000000|  0%| F|  |TAMS 0x0000000704e00000, 0x0000000704e00000| Untracked 
|   1|0x0000000705000000, 0x0000000705000000, 0x0000000705200000|  0%| F|  |TAMS 0x0000000705000000, 0x0000000705000000| Untracked 
|   2|0x0000000705200000, 0x0000000705200000, 0x0000000705400000|  0%| F|  |TAMS 0x0000000705200000, 0x0000000705200000| Untracked 
|   3|0x0000000705400000, 0x0000000705400000, 0x0000000705600000|  0%| F|  |TAMS 0x0000000705400000, 0x0000000705400000| Untracked 
|   4|0x0000000705600000, 0x0000000705600000, 0x0000000705800000|  0%| F|  |TAMS 0x0000000705600000, 0x0000000705600000| Untracked 
|   5|0x0000000705800000, 0x0000000705800000, 0x0000000705a00000|  0%| F|  |TAMS 0x0000000705800000, 0x0000000705800000| Untracked 
|   6|0x0000000705a00000, 0x0000000705a00000, 0x0000000705c00000|  0%| F|  |TAMS 0x0000000705a00000, 0x0000000705a00000| Untracked 
|   7|0x0000000705c00000, 0x0000000705c00000, 0x0000000705e00000|  0%| F|  |TAMS 0x0000000705c00000, 0x0000000705c00000| Untracked 
|   8|0x0000000705e00000, 0x0000000705e00000, 0x0000000706000000|  0%| F|  |TAMS 0x0000000705e00000, 0x0000000705e00000| Untracked 
|   9|0x0000000706000000, 0x0000000706000000, 0x0000000706200000|  0%| F|  |TAMS 0x0000000706000000, 0x0000000706000000| Untracked 
|  10|0x0000000706200000, 0x0000000706200000, 0x0000000706400000|  0%| F|  |TAMS 0x0000000706200000, 0x0000000706200000| Untracked 
|  11|0x0000000706400000, 0x0000000706400000, 0x0000000706600000|  0%| F|  |TAMS 0x0000000706400000, 0x0000000706400000| Untracked 
|  12|0x0000000706600000, 0x0000000706600000, 0x0000000706800000|  0%| F|  |TAMS 0x0000000706600000, 0x0000000706600000| Untracked 
|  13|0x0000000706800000, 0x0000000706800000, 0x0000000706a00000|  0%| F|  |TAMS 0x0000000706800000, 0x0000000706800000| Untracked 
|  14|0x0000000706a00000, 0x0000000706a00000, 0x0000000706c00000|  0%| F|  |TAMS 0x0000000706a00000, 0x0000000706a00000| Untracked 
|  15|0x0000000706c00000, 0x0000000706c00000, 0x0000000706e00000|  0%| F|  |TAMS 0x0000000706c00000, 0x0000000706c00000| Untracked 
|  16|0x0000000706e00000, 0x0000000706e00000, 0x0000000707000000|  0%| F|  |TAMS 0x0000000706e00000, 0x0000000706e00000| Untracked 
|  17|0x0000000707000000, 0x0000000707000000, 0x0000000707200000|  0%| F|  |TAMS 0x0000000707000000, 0x0000000707000000| Untracked 
|  18|0x0000000707200000, 0x0000000707200000, 0x0000000707400000|  0%| F|  |TAMS 0x0000000707200000, 0x0000000707200000| Untracked 
|  19|0x0000000707400000, 0x0000000707400000, 0x0000000707600000|  0%| F|  |TAMS 0x0000000707400000, 0x0000000707400000| Untracked 
|  20|0x0000000707600000, 0x0000000707600000, 0x0000000707800000|  0%| F|  |TAMS 0x0000000707600000, 0x0000000707600000| Untracked 
|  21|0x0000000707800000, 0x0000000707800000, 0x0000000707a00000|  0%| F|  |TAMS 0x0000000707800000, 0x0000000707800000| Untracked 
|  22|0x0000000707a00000, 0x0000000707a00000, 0x0000000707c00000|  0%| F|  |TAMS 0x0000000707a00000, 0x0000000707a00000| Untracked 
|  23|0x0000000707c00000, 0x0000000707c00000, 0x0000000707e00000|  0%| F|  |TAMS 0x0000000707c00000, 0x0000000707c00000| Untracked 
|  24|0x0000000707e00000, 0x0000000707e00000, 0x0000000708000000|  0%| F|  |TAMS 0x0000000707e00000, 0x0000000707e00000| Untracked 
|  25|0x0000000708000000, 0x0000000708000000, 0x0000000708200000|  0%| F|  |TAMS 0x0000000708000000, 0x0000000708000000| Untracked 
|  26|0x0000000708200000, 0x0000000708200000, 0x0000000708400000|  0%| F|  |TAMS 0x0000000708200000, 0x0000000708200000| Untracked 
|  27|0x0000000708400000, 0x0000000708400000, 0x0000000708600000|  0%| F|  |TAMS 0x0000000708400000, 0x0000000708400000| Untracked 
|  28|0x0000000708600000, 0x0000000708600000, 0x0000000708800000|  0%| F|  |TAMS 0x0000000708600000, 0x0000000708600000| Untracked 
|  29|0x0000000708800000, 0x0000000708800000, 0x0000000708a00000|  0%| F|  |TAMS 0x0000000708800000, 0x0000000708800000| Untracked 
|  30|0x0000000708a00000, 0x0000000708a00000, 0x0000000708c00000|  0%| F|  |TAMS 0x0000000708a00000, 0x0000000708a00000| Untracked 
|  31|0x0000000708c00000, 0x0000000708c00000, 0x0000000708e00000|  0%| F|  |TAMS 0x0000000708c00000, 0x0000000708c00000| Untracked 
|  32|0x0000000708e00000, 0x0000000708e00000, 0x0000000709000000|  0%| F|  |TAMS 0x0000000708e00000, 0x0000000708e00000| Untracked 
|  33|0x0000000709000000, 0x0000000709000000, 0x0000000709200000|  0%| F|  |TAMS 0x0000000709000000, 0x0000000709000000| Untracked 
|  34|0x0000000709200000, 0x0000000709200000, 0x0000000709400000|  0%| F|  |TAMS 0x0000000709200000, 0x0000000709200000| Untracked 
|  35|0x0000000709400000, 0x0000000709400000, 0x0000000709600000|  0%| F|  |TAMS 0x0000000709400000, 0x0000000709400000| Untracked 
|  36|0x0000000709600000, 0x0000000709600000, 0x0000000709800000|  0%| F|  |TAMS 0x0000000709600000, 0x0000000709600000| Untracked 
|  37|0x0000000709800000, 0x0000000709800000, 0x0000000709a00000|  0%| F|  |TAMS 0x0000000709800000, 0x0000000709800000| Untracked 
|  38|0x0000000709a00000, 0x0000000709a00000, 0x0000000709c00000|  0%| F|  |TAMS 0x0000000709a00000, 0x0000000709a00000| Untracked 
|  39|0x0000000709c00000, 0x0000000709c00000, 0x0000000709e00000|  0%| F|  |TAMS 0x0000000709c00000, 0x0000000709c00000| Untracked 
|  40|0x0000000709e00000, 0x0000000709e00000, 0x000000070a000000|  0%| F|  |TAMS 0x0000000709e00000, 0x0000000709e00000| Untracked 
|  41|0x000000070a000000, 0x000000070a000000, 0x000000070a200000|  0%| F|  |TAMS 0x000000070a000000, 0x000000070a000000| Untracked 
|  42|0x000000070a200000, 0x000000070a200000, 0x000000070a400000|  0%| F|  |TAMS 0x000000070a200000, 0x000000070a200000| Untracked 
|  43|0x000000070a400000, 0x000000070a400000, 0x000000070a600000|  0%| F|  |TAMS 0x000000070a400000, 0x000000070a400000| Untracked 
|  44|0x000000070a600000, 0x000000070a600000, 0x000000070a800000|  0%| F|  |TAMS 0x000000070a600000, 0x000000070a600000| Untracked 
|  45|0x000000070a800000, 0x000000070a800000, 0x000000070aa00000|  0%| F|  |TAMS 0x000000070a800000, 0x000000070a800000| Untracked 
|  46|0x000000070aa00000, 0x000000070aa00000, 0x000000070ac00000|  0%| F|  |TAMS 0x000000070aa00000, 0x000000070aa00000| Untracked 
|  47|0x000000070ac00000, 0x000000070ac00000, 0x000000070ae00000|  0%| F|  |TAMS 0x000000070ac00000, 0x000000070ac00000| Untracked 
|  48|0x000000070ae00000, 0x000000070ae00000, 0x000000070b000000|  0%| F|  |TAMS 0x000000070ae00000, 0x000000070ae00000| Untracked 
|  49|0x000000070b000000, 0x000000070b000000, 0x000000070b200000|  0%| F|  |TAMS 0x000000070b000000, 0x000000070b000000| Untracked 
|  50|0x000000070b200000, 0x000000070b200000, 0x000000070b400000|  0%| F|  |TAMS 0x000000070b200000, 0x000000070b200000| Untracked 
|  51|0x000000070b400000, 0x000000070b400000, 0x000000070b600000|  0%| F|  |TAMS 0x000000070b400000, 0x000000070b400000| Untracked 
|  52|0x000000070b600000, 0x000000070b600000, 0x000000070b800000|  0%| F|  |TAMS 0x000000070b600000, 0x000000070b600000| Untracked 
|  53|0x000000070b800000, 0x000000070b800000, 0x000000070ba00000|  0%| F|  |TAMS 0x000000070b800000, 0x000000070b800000| Untracked 
|  54|0x000000070ba00000, 0x000000070ba00000, 0x000000070bc00000|  0%| F|  |TAMS 0x000000070ba00000, 0x000000070ba00000| Untracked 
|  55|0x000000070bc00000, 0x000000070bc00000, 0x000000070be00000|  0%| F|  |TAMS 0x000000070bc00000, 0x000000070bc00000| Untracked 
|  56|0x000000070be00000, 0x000000070be00000, 0x000000070c000000|  0%| F|  |TAMS 0x000000070be00000, 0x000000070be00000| Untracked 
|  57|0x000000070c000000, 0x000000070c000000, 0x000000070c200000|  0%| F|  |TAMS 0x000000070c000000, 0x000000070c000000| Untracked 
|  58|0x000000070c200000, 0x000000070c200000, 0x000000070c400000|  0%| F|  |TAMS 0x000000070c200000, 0x000000070c200000| Untracked 
|  59|0x000000070c400000, 0x000000070c400000, 0x000000070c600000|  0%| F|  |TAMS 0x000000070c400000, 0x000000070c400000| Untracked 
|  60|0x000000070c600000, 0x000000070c600000, 0x000000070c800000|  0%| F|  |TAMS 0x000000070c600000, 0x000000070c600000| Untracked 
|  61|0x000000070c800000, 0x000000070c800000, 0x000000070ca00000|  0%| F|  |TAMS 0x000000070c800000, 0x000000070c800000| Untracked 
|  62|0x000000070ca00000, 0x000000070ca00000, 0x000000070cc00000|  0%| F|  |TAMS 0x000000070ca00000, 0x000000070ca00000| Untracked 
|  63|0x000000070cc00000, 0x000000070cc00000, 0x000000070ce00000|  0%| F|  |TAMS 0x000000070cc00000, 0x000000070cc00000| Untracked 
|  64|0x000000070ce00000, 0x000000070ce00000, 0x000000070d000000|  0%| F|  |TAMS 0x000000070ce00000, 0x000000070ce00000| Untracked 
|  65|0x000000070d000000, 0x000000070d000000, 0x000000070d200000|  0%| F|  |TAMS 0x000000070d000000, 0x000000070d000000| Untracked 
|  66|0x000000070d200000, 0x000000070d200000, 0x000000070d400000|  0%| F|  |TAMS 0x000000070d200000, 0x000000070d200000| Untracked 
|  67|0x000000070d400000, 0x000000070d400000, 0x000000070d600000|  0%| F|  |TAMS 0x000000070d400000, 0x000000070d400000| Untracked 
|  68|0x000000070d600000, 0x000000070d600000, 0x000000070d800000|  0%| F|  |TAMS 0x000000070d600000, 0x000000070d600000| Untracked 
|  69|0x000000070d800000, 0x000000070d800000, 0x000000070da00000|  0%| F|  |TAMS 0x000000070d800000, 0x000000070d800000| Untracked 
|  70|0x000000070da00000, 0x000000070da00000, 0x000000070dc00000|  0%| F|  |TAMS 0x000000070da00000, 0x000000070da00000| Untracked 
|  71|0x000000070dc00000, 0x000000070dc00000, 0x000000070de00000|  0%| F|  |TAMS 0x000000070dc00000, 0x000000070dc00000| Untracked 
|  72|0x000000070de00000, 0x000000070de00000, 0x000000070e000000|  0%| F|  |TAMS 0x000000070de00000, 0x000000070de00000| Untracked 
|  73|0x000000070e000000, 0x000000070e000000, 0x000000070e200000|  0%| F|  |TAMS 0x000000070e000000, 0x000000070e000000| Untracked 
|  74|0x000000070e200000, 0x000000070e200000, 0x000000070e400000|  0%| F|  |TAMS 0x000000070e200000, 0x000000070e200000| Untracked 
|  75|0x000000070e400000, 0x000000070e400000, 0x000000070e600000|  0%| F|  |TAMS 0x000000070e400000, 0x000000070e400000| Untracked 
|  76|0x000000070e600000, 0x000000070e600000, 0x000000070e800000|  0%| F|  |TAMS 0x000000070e600000, 0x000000070e600000| Untracked 
|  77|0x000000070e800000, 0x000000070e800000, 0x000000070ea00000|  0%| F|  |TAMS 0x000000070e800000, 0x000000070e800000| Untracked 
|  78|0x000000070ea00000, 0x000000070ea00000, 0x000000070ec00000|  0%| F|  |TAMS 0x000000070ea00000, 0x000000070ea00000| Untracked 
|  79|0x000000070ec00000, 0x000000070ec00000, 0x000000070ee00000|  0%| F|  |TAMS 0x000000070ec00000, 0x000000070ec00000| Untracked 
|  80|0x000000070ee00000, 0x000000070ee00000, 0x000000070f000000|  0%| F|  |TAMS 0x000000070ee00000, 0x000000070ee00000| Untracked 
|  81|0x000000070f000000, 0x000000070f000000, 0x000000070f200000|  0%| F|  |TAMS 0x000000070f000000, 0x000000070f000000| Untracked 
|  82|0x000000070f200000, 0x000000070f200000, 0x000000070f400000|  0%| F|  |TAMS 0x000000070f200000, 0x000000070f200000| Untracked 
|  83|0x000000070f400000, 0x000000070f400000, 0x000000070f600000|  0%| F|  |TAMS 0x000000070f400000, 0x000000070f400000| Untracked 
|  84|0x000000070f600000, 0x000000070f600000, 0x000000070f800000|  0%| F|  |TAMS 0x000000070f600000, 0x000000070f600000| Untracked 
|  85|0x000000070f800000, 0x000000070f800000, 0x000000070fa00000|  0%| F|  |TAMS 0x000000070f800000, 0x000000070f800000| Untracked 
|  86|0x000000070fa00000, 0x000000070fa00000, 0x000000070fc00000|  0%| F|  |TAMS 0x000000070fa00000, 0x000000070fa00000| Untracked 
|  87|0x000000070fc00000, 0x000000070fc00000, 0x000000070fe00000|  0%| F|  |TAMS 0x000000070fc00000, 0x000000070fc00000| Untracked 
|  88|0x000000070fe00000, 0x000000070fe00000, 0x0000000710000000|  0%| F|  |TAMS 0x000000070fe00000, 0x000000070fe00000| Untracked 
|  89|0x0000000710000000, 0x0000000710000000, 0x0000000710200000|  0%| F|  |TAMS 0x0000000710000000, 0x0000000710000000| Untracked 
|  90|0x0000000710200000, 0x0000000710200000, 0x0000000710400000|  0%| F|  |TAMS 0x0000000710200000, 0x0000000710200000| Untracked 
|  91|0x0000000710400000, 0x0000000710400000, 0x0000000710600000|  0%| F|  |TAMS 0x0000000710400000, 0x0000000710400000| Untracked 
|  92|0x0000000710600000, 0x0000000710600000, 0x0000000710800000|  0%| F|  |TAMS 0x0000000710600000, 0x0000000710600000| Untracked 
|  93|0x0000000710800000, 0x0000000710800000, 0x0000000710a00000|  0%| F|  |TAMS 0x0000000710800000, 0x0000000710800000| Untracked 
|  94|0x0000000710a00000, 0x0000000710a00000, 0x0000000710c00000|  0%| F|  |TAMS 0x0000000710a00000, 0x0000000710a00000| Untracked 
|  95|0x0000000710c00000, 0x0000000710c00000, 0x0000000710e00000|  0%| F|  |TAMS 0x0000000710c00000, 0x0000000710c00000| Untracked 
|  96|0x0000000710e00000, 0x0000000710e00000, 0x0000000711000000|  0%| F|  |TAMS 0x0000000710e00000, 0x0000000710e00000| Untracked 
|  97|0x0000000711000000, 0x0000000711000000, 0x0000000711200000|  0%| F|  |TAMS 0x0000000711000000, 0x0000000711000000| Untracked 
|  98|0x0000000711200000, 0x0000000711200000, 0x0000000711400000|  0%| F|  |TAMS 0x0000000711200000, 0x0000000711200000| Untracked 
|  99|0x0000000711400000, 0x0000000711400000, 0x0000000711600000|  0%| F|  |TAMS 0x0000000711400000, 0x0000000711400000| Untracked 
| 100|0x0000000711600000, 0x0000000711600000, 0x0000000711800000|  0%| F|  |TAMS 0x0000000711600000, 0x0000000711600000| Untracked 
| 101|0x0000000711800000, 0x0000000711800000, 0x0000000711a00000|  0%| F|  |TAMS 0x0000000711800000, 0x0000000711800000| Untracked 
| 102|0x0000000711a00000, 0x0000000711a00000, 0x0000000711c00000|  0%| F|  |TAMS 0x0000000711a00000, 0x0000000711a00000| Untracked 
| 103|0x0000000711c00000, 0x0000000711c00000, 0x0000000711e00000|  0%| F|  |TAMS 0x0000000711c00000, 0x0000000711c00000| Untracked 
| 104|0x0000000711e00000, 0x0000000711e00000, 0x0000000712000000|  0%| F|  |TAMS 0x0000000711e00000, 0x0000000711e00000| Untracked 
| 105|0x0000000712000000, 0x0000000712000000, 0x0000000712200000|  0%| F|  |TAMS 0x0000000712000000, 0x0000000712000000| Untracked 
| 106|0x0000000712200000, 0x0000000712200000, 0x0000000712400000|  0%| F|  |TAMS 0x0000000712200000, 0x0000000712200000| Untracked 
| 107|0x0000000712400000, 0x0000000712400000, 0x0000000712600000|  0%| F|  |TAMS 0x0000000712400000, 0x0000000712400000| Untracked 
| 108|0x0000000712600000, 0x0000000712600000, 0x0000000712800000|  0%| F|  |TAMS 0x0000000712600000, 0x0000000712600000| Untracked 
| 109|0x0000000712800000, 0x0000000712800000, 0x0000000712a00000|  0%| F|  |TAMS 0x0000000712800000, 0x0000000712800000| Untracked 
| 110|0x0000000712a00000, 0x0000000712a00000, 0x0000000712c00000|  0%| F|  |TAMS 0x0000000712a00000, 0x0000000712a00000| Untracked 
| 111|0x0000000712c00000, 0x0000000712c00000, 0x0000000712e00000|  0%| F|  |TAMS 0x0000000712c00000, 0x0000000712c00000| Untracked 
| 112|0x0000000712e00000, 0x0000000712e00000, 0x0000000713000000|  0%| F|  |TAMS 0x0000000712e00000, 0x0000000712e00000| Untracked 
| 113|0x0000000713000000, 0x0000000713000000, 0x0000000713200000|  0%| F|  |TAMS 0x0000000713000000, 0x0000000713000000| Untracked 
| 114|0x0000000713200000, 0x0000000713200000, 0x0000000713400000|  0%| F|  |TAMS 0x0000000713200000, 0x0000000713200000| Untracked 
| 115|0x0000000713400000, 0x0000000713400000, 0x0000000713600000|  0%| F|  |TAMS 0x0000000713400000, 0x0000000713400000| Untracked 
| 116|0x0000000713600000, 0x0000000713600000, 0x0000000713800000|  0%| F|  |TAMS 0x0000000713600000, 0x0000000713600000| Untracked 
| 117|0x0000000713800000, 0x0000000713800000, 0x0000000713a00000|  0%| F|  |TAMS 0x0000000713800000, 0x0000000713800000| Untracked 
| 118|0x0000000713a00000, 0x0000000713a00000, 0x0000000713c00000|  0%| F|  |TAMS 0x0000000713a00000, 0x0000000713a00000| Untracked 
| 119|0x0000000713c00000, 0x0000000713c00000, 0x0000000713e00000|  0%| F|  |TAMS 0x0000000713c00000, 0x0000000713c00000| Untracked 
| 120|0x0000000713e00000, 0x0000000713e00000, 0x0000000714000000|  0%| F|  |TAMS 0x0000000713e00000, 0x0000000713e00000| Untracked 
| 121|0x0000000714000000, 0x0000000714000000, 0x0000000714200000|  0%| F|  |TAMS 0x0000000714000000, 0x0000000714000000| Untracked 
| 122|0x0000000714200000, 0x0000000714200000, 0x0000000714400000|  0%| F|  |TAMS 0x0000000714200000, 0x0000000714200000| Untracked 
| 123|0x0000000714400000, 0x0000000714400000, 0x0000000714600000|  0%| F|  |TAMS 0x0000000714400000, 0x0000000714400000| Untracked 
| 124|0x0000000714600000, 0x0000000714800000, 0x0000000714800000|100%| E|  |TAMS 0x0000000714600000, 0x0000000714600000| Complete 
| 125|0x0000000714800000, 0x0000000714a00000, 0x0000000714a00000|100%| E|CS|TAMS 0x0000000714800000, 0x0000000714800000| Complete 

Card table byte_map: [0x000002cfda950000,0x000002cfdb130000] _byte_map_base: 0x000002cfd7129000

Marking Bits (Prev, Next): (CMBitMap*) 0x000002cfc2c45a40, (CMBitMap*) 0x000002cfc2c45a80
 Prev Bits: [0x000002cfdb910000, 0x000002cfdf7d8000)
 Next Bits: [0x000002cfdf7e0000, 0x000002cfe36a8000)

Polling page: 0x000002cfc0b40000

Metaspace:

Usage:
  Non-class:    518.09 KB used.
      Class:     28.80 KB used.
       Both:    546.90 KB used.

Virtual space:
  Non-class space:       64.00 MB reserved,     576.00 KB ( <1%) committed,  1 nodes.
      Class space:        1.00 GB reserved,     128.00 KB ( <1%) committed,  1 nodes.
             Both:        1.06 GB reserved,     704.00 KB ( <1%) committed. 

Chunk freelists:
   Non-Class:  3.97 MB
       Class:  3.73 MB
        Both:  7.70 MB

MaxMetaspaceSize: unlimited
CompressedClassSpaceSize: 1.00 GB
Initial GC threshold: 21.00 MB
Current GC threshold: 21.00 MB
CDS: on
MetaspaceReclaimPolicy: balanced
 - commit_granule_bytes: 65536.
 - commit_granule_words: 8192.
 - virtual_space_node_default_size: 8388608.
 - enlarge_chunks_in_place: 1.
 - new_chunks_are_fully_committed: 0.
 - uncommit_free_chunks: 1.
 - use_allocation_guard: 0.


Internal statistics:

num_allocs_failed_limit: 0.
num_arena_births: 22.
num_arena_deaths: 0.
num_vsnodes_births: 2.
num_vsnodes_deaths: 0.
num_space_committed: 11.
num_space_uncommitted: 0.
num_chunks_returned_to_freelist: 0.
num_chunks_taken_from_freelist: 27.
num_chunk_merges: 0.
num_chunk_splits: 16.
num_chunks_enlarged: 10.
num_inconsistent_stats: 0.

CodeHeap 'non-profiled nmethods': size=120000Kb used=70Kb max_used=70Kb free=119929Kb
 bounds [0x000002cfd25e0000, 0x000002cfd2850000, 0x000002cfd9b10000]
CodeHeap 'profiled nmethods': size=120000Kb used=220Kb max_used=220Kb free=119779Kb
 bounds [0x000002cfcab10000, 0x000002cfcad80000, 0x000002cfd2040000]
CodeHeap 'non-nmethods': size=5760Kb used=1198Kb max_used=1200Kb free=4561Kb
 bounds [0x000002cfd2040000, 0x000002cfd22b0000, 0x000002cfd25e0000]
 total_blobs=603 nmethods=208 adapters=306
 compilation: enabled
              stopped_count=0, restarted_count=0
 full_count=0

Compilation events (20 events):
Event: 0.121 Thread 0x000002cfea527af0  195       1       java.lang.invoke.MethodType$ConcurrentWeakInternSet$WeakEntry::hashCode (5 bytes)
Event: 0.121 Thread 0x000002cfea527af0 nmethod 195 0x000002cfd25f0c10 code [0x000002cfd25f0da0, 0x000002cfd25f0e58]
Event: 0.122 Thread 0x000002cfea527af0  198       3       jdk.internal.org.objectweb.asm.SymbolTable$Entry::<init> (17 bytes)
Event: 0.122 Thread 0x000002cfea527af0 nmethod 198 0x000002cfcab43310 code [0x000002cfcab434c0, 0x000002cfcab43648]
Event: 0.122 Thread 0x000002cfea527af0  199       3       jdk.internal.org.objectweb.asm.ByteVector::putByte (39 bytes)
Event: 0.122 Thread 0x000002cfea527af0 nmethod 199 0x000002cfcab43710 code [0x000002cfcab438c0, 0x000002cfcab43aa8]
Event: 0.122 Thread 0x000002cfea527af0  200       3       jdk.internal.org.objectweb.asm.ByteVector::putShort (52 bytes)
Event: 0.122 Thread 0x000002cfea527af0 nmethod 200 0x000002cfcab43c10 code [0x000002cfcab43dc0, 0x000002cfcab43fc8]
Event: 0.122 Thread 0x000002cfea527af0  201       3       jdk.internal.org.objectweb.asm.SymbolTable::addConstantUtf8 (98 bytes)
Event: 0.123 Thread 0x000002cfea527af0 nmethod 201 0x000002cfcab44110 code [0x000002cfcab44340, 0x000002cfcab44958]
Event: 0.123 Thread 0x000002cfea527af0  202       3       jdk.internal.org.objectweb.asm.SymbolTable::put (150 bytes)
Event: 0.123 Thread 0x000002cfea527af0 nmethod 202 0x000002cfcab44c90 code [0x000002cfcab44e80, 0x000002cfcab45758]
Event: 0.123 Thread 0x000002cfea527af0  203       1       java.lang.invoke.MethodTypeForm::parameterSlotCount (5 bytes)
Event: 0.123 Thread 0x000002cfea527af0 nmethod 203 0x000002cfd25f1810 code [0x000002cfd25f19a0, 0x000002cfd25f1a58]
Event: 0.132 Thread 0x000002cfea527af0  206       3       java.lang.String::charAt (25 bytes)
Event: 0.133 Thread 0x000002cfea527af0 nmethod 206 0x000002cfcab45a10 code [0x000002cfcab45c00, 0x000002cfcab46158]
Event: 0.133 Thread 0x000002cfea527af0  207       3       java.lang.invoke.MethodType::methodType (69 bytes)
Event: 0.133 Thread 0x000002cfea527af0 nmethod 207 0x000002cfcab46410 code [0x000002cfcab46620, 0x000002cfcab46b18]
Event: 0.133 Thread 0x000002cfea527af0  208       3       java.lang.System::getSecurityManager (12 bytes)
Event: 0.133 Thread 0x000002cfea527af0 nmethod 208 0x000002cfcab46c90 code [0x000002cfcab46e40, 0x000002cfcab46fb8]

GC Heap History (0 events):
No events

Dll operation events (8 events):
Event: 0.017 Loaded shared library C:\Users\osayli\.jdks\openjdk-19.0.1\bin\java.dll
Event: 0.028 Loaded shared library C:\Users\osayli\.jdks\openjdk-19.0.1\bin\jsvml.dll
Event: 0.094 Loaded shared library C:\Users\osayli\.jdks\openjdk-19.0.1\bin\zip.dll
Event: 0.097 Loaded shared library C:\Users\osayli\.jdks\openjdk-19.0.1\bin\instrument.dll
Event: 0.106 Loaded shared library C:\Users\osayli\.jdks\openjdk-19.0.1\bin\net.dll
Event: 0.110 Loaded shared library C:\Users\osayli\.jdks\openjdk-19.0.1\bin\nio.dll
Event: 0.114 Loaded shared library C:\Users\osayli\.jdks\openjdk-19.0.1\bin\zip.dll
Event: 0.128 Loaded shared library C:\Program Files (x86)\JetBrains\IntelliJ IDEA Community Edition 2022.1.1\bin\breakgen64.dll

Deoptimization events (4 events):
Event: 0.131 Thread 0x000002cfc2bc10a0 Uncommon trap: trap_request=0xffffff45 fr.pc=0x000002cfd25f0748 relative=0x00000000000000a8
Event: 0.131 Thread 0x000002cfc2bc10a0 Uncommon trap: reason=unstable_if action=reinterpret pc=0x000002cfd25f0748 method=java.lang.String.isLatin1()Z @ 10 c2
Event: 0.131 Thread 0x000002cfc2bc10a0 DEOPT PACKING pc=0x000002cfd25f0748 sp=0x000000f63ffff300
Event: 0.131 Thread 0x000002cfc2bc10a0 DEOPT UNPACKING pc=0x000002cfd20a6da3 sp=0x000000f63ffff240 mode 2

Classes loaded (20 events):
Event: 0.119 Loading class java/lang/invoke/BoundMethodHandle$Species_LL
Event: 0.119 Loading class java/lang/invoke/BoundMethodHandle$Species_LL done
Event: 0.121 Loading class java/lang/invoke/BoundMethodHandle$Species_LLL
Event: 0.121 Loading class java/lang/invoke/BoundMethodHandle$Species_LLL done
Event: 0.125 Loading class java/lang/reflect/InvocationTargetException
Event: 0.125 Loading class java/lang/reflect/InvocationTargetException done
Event: 0.128 Loading class java/io/Reader
Event: 0.129 Loading class java/io/Reader done
Event: 0.129 Loading class java/io/InputStreamReader
Event: 0.129 Loading class java/io/InputStreamReader done
Event: 0.129 Loading class java/net/Socket
Event: 0.130 Loading class jdk/internal/vm/PostVMInitHook
Event: 0.130 Loading class jdk/internal/vm/PostVMInitHook done
Event: 0.130 Loading class java/net/Socket done
Event: 0.132 Loading class jdk/internal/loader/URLClassPath$FileLoader$1
Event: 0.132 Loading class jdk/internal/loader/URLClassPath$FileLoader$1 done
Event: 0.133 Loading class java/net/InetSocketAddress
Event: 0.133 Loading class java/net/SocketAddress
Event: 0.133 Loading class java/net/SocketAddress done
Event: 0.133 Loading class java/net/InetSocketAddress done

Classes unloaded (0 events):
No events

Classes redefined (0 events):
No events

Internal exceptions (2 events):
Event: 0.116 Thread 0x000002cfc2bc10a0 Exception <a 'java/lang/NoSuchMethodError'{0x00000007146c3e38}: 'void java.lang.invoke.DirectMethodHandle$Holder.invokeStatic(java.lang.Object, java.lang.Object, java.lang.Object)'> (0x00000007146c3e38) 
thrown [s\open\src\hotspot\share\interpreter\linkResolver.cpp, line 774]
Event: 0.123 Thread 0x000002cfc2bc10a0 Exception <a 'java/lang/NoSuchMethodError'{0x00000007146dc430}: 'java.lang.Object java.lang.invoke.Invokers$Holder.invokeExact_MT(java.lang.Object, java.lang.Object, java.lang.Object, java.lang.Object, java.lang.Object)'> (0x00000007146dc430) 
thrown [s\open\src\hotspot\share\interpreter\linkResolver.cpp, line 774]

VM Operations (2 events):
Event: 0.082 Executing VM operation: HandshakeAllThreads
Event: 0.082 Executing VM operation: HandshakeAllThreads done

Events (16 events):
Event: 0.028 Thread 0x000002cfc2bc10a0 Thread added: 0x000002cfc2bc10a0
Event: 0.046 Thread 0x000002cfe6018970 Thread added: 0x000002cfe6018970
Event: 0.046 Thread 0x000002cfe6019760 Thread added: 0x000002cfe6019760
Event: 0.046 Thread 0x000002cfe601ab90 Thread added: 0x000002cfe601ab90
Event: 0.046 Thread 0x000002cfe601d890 Thread added: 0x000002cfe601d890
Event: 0.046 Thread 0x000002cfea501480 Thread added: 0x000002cfea501480
Event: 0.047 Thread 0x000002cfea505dc0 Thread added: 0x000002cfea505dc0
Event: 0.047 Thread 0x000002cfea527040 Thread added: 0x000002cfea527040
Event: 0.047 Thread 0x000002cfea527af0 Thread added: 0x000002cfea527af0
Event: 0.047 Thread 0x000002cfea535980 Thread added: 0x000002cfea535980
Event: 0.068 Thread 0x000002cfea6328d0 Thread added: 0x000002cfea6328d0
Event: 0.129 Thread 0x000002cfea70dea0 Thread added: 0x000002cfea70dea0
Event: 0.130 Thread 0x000002cfea6d7a70 Thread added: 0x000002cfea6d7a70
Event: 0.134 Thread 0x000002cfc2bc10a0 Thread exited: 0x000002cfc2bc10a0
Event: 0.134 Thread 0x000002cfc2bc1070 Thread added: 0x000002cfc2bc1070
Event: 0.134 Thread 0x000002cfc2bc1070 Thread exited: 0x000002cfc2bc1070


Dynamic libraries:
0x00007ff620460000 - 0x00007ff62046e000 	C:\Users\osayli\.jdks\openjdk-19.0.1\bin\java.exe
0x00007ffe8f030000 - 0x00007ffe8f228000 	C:\WINDOWS\SYSTEM32\ntdll.dll
0x00007ffe8ed80000 - 0x00007ffe8ee3f000 	C:\WINDOWS\System32\KERNEL32.DLL
0x00007ffe8eaa0000 - 0x00007ffe8ed72000 	C:\WINDOWS\System32\KERNELBASE.dll
0x0000000038f00000 - 0x0000000038f3b000 	C:\WINDOWS\System32\cyinjct.dll
0x00007ffe8e920000 - 0x00007ffe8e92c000 	C:\WINDOWS\System32\ntnativeapi.dll
0x00007ffe87560000 - 0x00007ffe87577000 	C:\Users\osayli\.jdks\openjdk-19.0.1\bin\jli.dll
0x000002cfc06e0000 - 0x000002cfc0881000 	C:\WINDOWS\System32\USER32.dll
0x00007ffe8cc40000 - 0x00007ffe8cc62000 	C:\WINDOWS\System32\win32u.dll
0x00007ffe8dd70000 - 0x00007ffe8dd9b000 	C:\WINDOWS\System32\GDI32.dll
0x00007ffe8c8f0000 - 0x00007ffe8c9ff000 	C:\WINDOWS\System32\gdi32full.dll
0x00007ffe8c7e0000 - 0x00007ffe8c87d000 	C:\WINDOWS\System32\msvcp_win.dll
0x000002cfc0890000 - 0x000002cfc0990000 	C:\WINDOWS\System32\ucrtbase.dll
0x00007ffe87540000 - 0x00007ffe8755b000 	C:\Users\osayli\.jdks\openjdk-19.0.1\bin\VCRUNTIME140.dll
0x00007ffe8bcb0000 - 0x00007ffe8bf4a000 	C:\WINDOWS\WinSxS\amd64_microsoft.windows.common-controls_6595b64144ccf1df_6.0.19041.1110_none_60b5254171f9507e\COMCTL32.dll
0x00007ffe8dcd0000 - 0x00007ffe8dd6e000 	C:\WINDOWS\System32\msvcrt.dll
0x00007ffe8e900000 - 0x00007ffe8e91e000 	C:\WINDOWS\System32\cyvera.dll
0x00007ffe8e890000 - 0x00007ffe8e8f8000 	C:\WINDOWS\System32\cyvrtrap.dll
0x00007ffe8df40000 - 0x00007ffe8df72000 	C:\WINDOWS\System32\IMM32.DLL
0x00007ffe8a980000 - 0x00007ffe8a98c000 	C:\Users\osayli\.jdks\openjdk-19.0.1\bin\vcruntime140_1.dll
0x00007ffe794f0000 - 0x00007ffe7957e000 	C:\Users\osayli\.jdks\openjdk-19.0.1\bin\msvcp140.dll
0x00007ffe3bac0000 - 0x00007ffe3c780000 	C:\Users\osayli\.jdks\openjdk-19.0.1\bin\server\jvm.dll
0x00007ffe8db00000 - 0x00007ffe8dbae000 	C:\WINDOWS\System32\ADVAPI32.dll
0x00007ffe8dbb0000 - 0x00007ffe8dc4c000 	C:\WINDOWS\System32\sechost.dll
0x00007ffe8e970000 - 0x00007ffe8ea95000 	C:\WINDOWS\System32\RPCRT4.dll
0x00007ffe3da20000 - 0x00007ffe3da29000 	C:\WINDOWS\SYSTEM32\WSOCK32.dll
0x00007ffe8e7e0000 - 0x00007ffe8e84b000 	C:\WINDOWS\System32\WS2_32.dll
0x00007ffe81680000 - 0x00007ffe816a7000 	C:\WINDOWS\SYSTEM32\WINMM.dll
0x00007ffe8a170000 - 0x00007ffe8a17a000 	C:\WINDOWS\SYSTEM32\VERSION.dll
0x00007ffe8a150000 - 0x00007ffe8a162000 	C:\WINDOWS\SYSTEM32\kernel.appcore.dll
0x00007ffe8a720000 - 0x00007ffe8a72a000 	C:\Users\osayli\.jdks\openjdk-19.0.1\bin\jimage.dll
0x00007ffe8c030000 - 0x00007ffe8c214000 	C:\WINDOWS\SYSTEM32\DBGHELP.DLL
0x00007ffe8bf70000 - 0x00007ffe8bfa5000 	C:\WINDOWS\SYSTEM32\dbgcore.DLL
0x00007ffe8cb00000 - 0x00007ffe8cb82000 	C:\WINDOWS\System32\bcryptPrimitives.dll
0x00007ffe874c0000 - 0x00007ffe874ce000 	C:\Users\osayli\.jdks\openjdk-19.0.1\bin\instrument.dll
0x00007ffe874d0000 - 0x00007ffe874f6000 	C:\Users\osayli\.jdks\openjdk-19.0.1\bin\java.dll
0x00007ffe8e850000 - 0x00007ffe8e887000 	C:\Program Files\Palo Alto Networks\Traps\cyjagent.dll
0x00007ffe79410000 - 0x00007ffe794e7000 	C:\Users\osayli\.jdks\openjdk-19.0.1\bin\jsvml.dll
0x00007ffe8d2c0000 - 0x00007ffe8da04000 	C:\WINDOWS\System32\SHELL32.dll
0x00007ffe89660000 - 0x00007ffe89df2000 	C:\WINDOWS\SYSTEM32\windows.storage.dll
0x00007ffe8cd20000 - 0x00007ffe8d075000 	C:\WINDOWS\System32\combase.dll
0x00007ffe8b8e0000 - 0x00007ffe8b910000 	C:\WINDOWS\SYSTEM32\Wldp.dll
0x00007ffe8cc70000 - 0x00007ffe8cd1d000 	C:\WINDOWS\System32\SHCORE.dll
0x00007ffe8e140000 - 0x00007ffe8e195000 	C:\WINDOWS\System32\shlwapi.dll
0x00007ffe8c540000 - 0x00007ffe8c55f000 	C:\WINDOWS\SYSTEM32\profapi.dll
0x00007ffe86e60000 - 0x00007ffe86e78000 	C:\Users\osayli\.jdks\openjdk-19.0.1\bin\zip.dll
0x00007ffe871f0000 - 0x00007ffe87203000 	C:\Users\osayli\.jdks\openjdk-19.0.1\bin\net.dll
0x00007ffe8af80000 - 0x00007ffe8b08c000 	C:\WINDOWS\SYSTEM32\WINHTTP.dll
0x00007ffe8b640000 - 0x00007ffe8b6aa000 	C:\WINDOWS\system32\mswsock.dll
0x00007ffe86e40000 - 0x00007ffe86e56000 	C:\Users\osayli\.jdks\openjdk-19.0.1\bin\nio.dll
0x00007ffe790b0000 - 0x00007ffe790ca000 	C:\Program Files (x86)\JetBrains\IntelliJ IDEA Community Edition 2022.1.1\bin\breakgen64.dll

dbghelp: loaded successfully - version: 4.0.5 - missing functions: none
symbol engine: initialized successfully - sym options: 0x614 - pdb path: .;C:\Users\osayli\.jdks\openjdk-19.0.1\bin;C:\WINDOWS\SYSTEM32;C:\WINDOWS\WinSxS\amd64_microsoft.windows.common-controls_6595b64144ccf1df_6.0.19041.1110_none_60b5254171f9507e;C:\Users\osayli\.jdks\openjdk-19.0.1\bin\server;C:\Program Files\Palo Alto Networks\Traps;C:\Program Files (x86)\JetBrains\IntelliJ IDEA Community Edition 2022.1.1\bin

VM Arguments:
jvm_args: -javaagent:C:\Program Files (x86)\JetBrains\IntelliJ IDEA Community Edition 2022.1.1\lib\idea_rt.jar=58094:C:\Program Files (x86)\JetBrains\IntelliJ IDEA Community Edition 2022.1.1\bin -Dfile.encoding=UTF-8 -agentpath:C:\Program Files\Palo Alto Networks\Traps\cyjagent.dll 
java_command: leetCode.Easy.EQ326PowerOfThree
java_class_path (initial): C:\Users\osayli\IdeaProjects\InterviewCodeChallenges\out\production\InterviewCodeChallenges
Launcher Type: SUN_STANDARD

[Global flags]
     intx CICompilerCount                          = 4                                         {product} {ergonomic}
     uint ConcGCThreads                            = 3                                         {product} {ergonomic}
     uint G1ConcRefinementThreads                  = 10                                        {product} {ergonomic}
   size_t G1HeapRegionSize                         = 2097152                                   {product} {ergonomic}
    uintx GCDrainStackTargetSize                   = 64                                        {product} {ergonomic}
   size_t InitialHeapSize                          = 264241152                                 {product} {ergonomic}
   size_t MarkStackSize                            = 4194304                                   {product} {ergonomic}
   size_t MaxHeapSize                              = 4213178368                                {product} {ergonomic}
   size_t MaxNewSize                               = 2527068160                                {product} {ergonomic}
   size_t MinHeapDeltaBytes                        = 2097152                                   {product} {ergonomic}
   size_t MinHeapSize                              = 8388608                                   {product} {ergonomic}
    uintx NonNMethodCodeHeapSize                   = 5839372                                {pd product} {ergonomic}
    uintx NonProfiledCodeHeapSize                  = 122909434                              {pd product} {ergonomic}
    uintx ProfiledCodeHeapSize                     = 122909434                              {pd product} {ergonomic}
    uintx ReservedCodeCacheSize                    = 251658240                              {pd product} {ergonomic}
     bool SegmentedCodeCache                       = true                                      {product} {ergonomic}
   size_t SoftMaxHeapSize                          = 4213178368                             {manageable} {ergonomic}
     bool UseCompressedClassPointers               = true                           {product lp64_product} {ergonomic}
     bool UseCompressedOops                        = true                           {product lp64_product} {ergonomic}
     bool UseG1GC                                  = true                                      {product} {ergonomic}
     bool UseLargePagesIndividualAllocation        = false                                  {pd product} {ergonomic}

Logging:
Log output configuration:
 #0: stdout all=warning uptime,level,tags foldmultilines=false
 #1: stderr all=off uptime,level,tags foldmultilines=false

Environment Variables:
PATH=C:\WINDOWS\system32;C:\WINDOWS;C:\WINDOWS\System32\Wbem;C:\WINDOWS\System32\WindowsPowerShell\v1.0\;C:\WINDOWS\System32\OpenSSH\;C:\Program Files\dotnet\;C:\Program Files (x86)\Pulse Secure\VC142.CRT\X64\;C:\Program Files (x86)\Pulse Secure\VC142.CRT\X86\;C:\Program Files (x86)\Common Files\Pulse Secure\TNC Client Plugin\;C:\Program Files\Microsoft SQL Server\150\Tools\Binn\;C:\Program Files\Microsoft SQL Server\Client SDK\ODBC\170\Tools\Binn\;C:\Program Files\Git\cmd;C:\Program Files\Microsoft VS Code\bin;C:\Program Files\nodejs\;C:\Users\osayli\AppData\Local\Microsoft\WindowsApps;
USERNAME=osayli
OS=Windows_NT
PROCESSOR_IDENTIFIER=Intel64 Family 6 Model 154 Stepping 4, GenuineIntel
TMP=C:\Users\osayli\AppData\Local\Temp
TEMP=C:\Users\osayli\AppData\Local\Temp



---------------  S Y S T E M  ---------------

OS:
 Windows 10 , 64 bit Build 19041 (10.0.19041.2364)
OS uptime: 0 days 2:55 hours
Hyper-V role detected

CPU: total 12 (initial active 12) (6 cores per cpu, 2 threads per core) family 6 model 154 stepping 4 microcode 0x41b, cx8, cmov, fxsr, ht, mmx, 3dnowpref, sse, sse2, sse3, ssse3, sse4.1, sse4.2, popcnt, lzcnt, tsc, tscinvbit, avx, avx2, aes, erms, clmul, bmi1, bmi2, adx, sha, fma, vzeroupper, clflush, clflushopt, clwb, hv, rdtscp, rdpid, fsrm

Memory: 4k page, system-wide physical 16068M (2165M free)
TotalPageFile size 32452M (AvailPageFile size 11783M)
current process WorkingSet (physical memory assigned to process): 35M, peak: 35M
current process commit charge ("private bytes"): 346M, peak: 347M

vm_info: OpenJDK 64-Bit Server VM (19.0.1+10-21) for windows-amd64 JRE (19.0.1+10-21), built on 2022-09-14T12:45:06Z by "mach5one" with MS VC++ 17.1 (VS2022)

END.
